â¯ Building...
âœ” Building...
Initial chunk files                                    | Names                                               |  Raw size
chunk-X3LD2SZU.js                                      | -                                                   |   1.17 MB | 
chunk-TFHLAOSF.js                                      | -                                                   |   1.17 MB | 
chunk-SYWOOILH.js                                      | -                                                   |   1.13 MB | 
polyfills.js                                           | polyfills                                           |   1.03 MB | 
chunk-TPMZUUKA.js                                      | -                                                   | 598.50 kB | 
chunk-FXJ5D42Q.js                                      | -                                                   | 438.24 kB | 
chunk-ERXRQF36.js                                      | -                                                   | 336.20 kB | 
chunk-GBAXJ34G.js                                      | -                                                   | 252.87 kB | 
chunk-ZMPU4CSV.js                                      | -                                                   | 252.23 kB | 
chunk-R2LZVVOB.js                                      | -                                                   | 242.17 kB | 
chunk-E5G6QVVN.js                                      | -                                                   | 239.86 kB | 
chunk-2TDEM67F.js                                      | -                                                   | 191.36 kB | 
chunk-JXR6JQBJ.js                                      | -                                                   | 147.80 kB | 
chunk-DMTGTGBT.js                                      | -                                                   | 122.14 kB | 
chunk-2FSDLRA7.js                                      | -                                                   |  96.05 kB | 
spec-app-pages-chatbot-chatbot.spec.js                 | spec-app-pages-chatbot-chatbot.spec                 |  83.84 kB | 
jasmine-cleanup-1.js                                   | jasmine-cleanup-1                                   |  67.20 kB | 
chunk-F5RNOLWG.js                                      | -                                                   |  62.69 kB | 
chunk-3GTLZVNL.js                                      | -                                                   |  61.72 kB | 
chunk-SDJVNSSS.js                                      | -                                                   |  52.64 kB | 
chunk-45IPU3IM.js                                      | -                                                   |  49.11 kB | 
chunk-O77ZMW4C.js                                      | -                                                   |  49.00 kB | 
chunk-QH5EHEYQ.js                                      | -                                                   |  47.77 kB | 
chunk-JAMRMYLP.js                                      | -                                                   |  42.98 kB | 
chunk-KAUE4K5B.js                                      | -                                                   |  34.42 kB | 
chunk-Y5I7ZN4F.js                                      | -                                                   |  32.81 kB | 
chunk-U3GMWOTX.js                                      | -                                                   |  31.88 kB | 
chunk-ASMZC33D.js                                      | -                                                   |  30.56 kB | 
chunk-NMEX445T.js                                      | -                                                   |  26.27 kB | 
spec-app-pages-venues-venues.spec.js                   | spec-app-pages-venues-venues.spec                   |  23.16 kB | 
spec-app-pages-admin-admin.spec.js                     | spec-app-pages-admin-admin.spec                     |  21.42 kB | 
chunk-MZVQMWVI.js                                      | -                                                   |  20.48 kB | 
spec-app-pages-vendors-company-vendors-company.spec.js | spec-app-pages-vendors-company-vendors-company.spec |  17.27 kB | 
spec-app-pages-vendor-couples-vendor-couples.spec.js   | spec-app-pages-vendor-couples-vendor-couples.spec   |  14.89 kB | 
spec-app-pages-notifications-notifications.spec.js     | spec-app-pages-notifications-notifications.spec     |  14.08 kB | 
spec-app-pages-invitations-invitations.spec.js         | spec-app-pages-invitations-invitations.spec         |  13.36 kB | 
spec-app-pages-trackorders-trackorders.spec.js         | spec-app-pages-trackorders-trackorders.spec         |  12.94 kB | 
spec-app-pages-manageservices-manageservices.spec.js   | spec-app-pages-manageservices-manageservices.spec   |  12.68 kB | 
chunk-MGRZ55NP.js                                      | -                                                   |  12.26 kB | 
spec-app-core-auth.spec.js                             | spec-app-core-auth.spec                             |  10.12 kB | 
chunk-Y3L573UG.js                                      | -                                                   |  10.04 kB | 
spec-app-pages-homepage-homepage.event-display.spec.js | spec-app-pages-homepage-homepage.event-display.spec |   9.97 kB | 
chunk-RX3CR556.js                                      | -                                                   |   8.56 kB | 
spec-app-pages-homepage-homepage.guests.spec.js        | spec-app-pages-homepage-homepage.guests.spec        |   7.50 kB | 
chunk-MPVC6TPC.js                                      | -                                                   |   7.05 kB | 
spec-app-pages-homepage-homepage.lifecycle.spec.js     | spec-app-pages-homepage-homepage.lifecycle.spec     |   6.74 kB | 
spec-app-pages-login-login.spec.js                     | spec-app-pages-login-login.spec                     |   6.66 kB | 
spec-app-app.routes.spec.js                            | spec-app-app.routes.spec                            |   6.58 kB | 
spec-app-core-data.service.spec.js                     | spec-app-core-data.service.spec                     |   6.53 kB | 
spec-app-pages-homepage-homepage.exports-auth.spec.js  | spec-app-pages-homepage-homepage.exports-auth.spec  |   6.47 kB | 
spec-app-pages-RSVP-rsvp.spec.js                       | spec-app-pages-RSVP-rsvp.spec                       |   6.46 kB | 
spec-app-core-auth.gaurd.spec.js                       | spec-app-core-auth.gaurd.spec                       |   5.38 kB | 
spec-app-pages-homepage-homepage.helpers.spec.js       | spec-app-pages-homepage-homepage.helpers.spec       |   5.32 kB | 
spec-app-app.spec.js                                   | spec-app-app.spec                                   |   5.07 kB | 
spec-app-pages-homepage-homepage.weather.spec.js       | spec-app-pages-homepage-homepage.weather.spec       |   4.75 kB | 
test_main.js                                           | test_main                                           |   4.41 kB | 
chunk-YTRBHJLI.js                                      | -                                                   |   3.71 kB | 
spec-app-pages-landing-landing.spec.js                 | spec-app-pages-landing-landing.spec                 |   3.59 kB | 
chunk-CZD4WSIZ.js                                      | -                                                   |   3.41 kB | 
chunk-T3J3OPZK.js                                      | -                                                   |   3.29 kB | 
chunk-GMEUZ63J.js                                      | -                                                   |   3.14 kB | 
spec-app-pages-support-page-support-page.spec.js       | spec-app-pages-support-page-support-page.spec       |   2.24 kB | 
spec-app-pages-homepage-homepage.spec.js               | spec-app-pages-homepage-homepage.spec               |   1.61 kB | 
spec-app-pages-story-story.spec.js                     | spec-app-pages-story-story.spec                     |   1.28 kB | 
spec-app-pages-guest-list-guest-list.spec.js           | spec-app-pages-guest-list-guest-list.spec           |   1.14 kB | 
spec-app-pages-venues-couples-venues-couples.spec.js   | spec-app-pages-venues-couples-venues-couples.spec   |   1.08 kB | 
chunk-DC6SCNCD.js                                      | -                                                   | 934 bytes | 
jasmine-cleanup-0.js                                   | jasmine-cleanup-0                                   | 519 bytes | 
styles.css                                             | styles                                              |  95 bytes | 

                                                       | Initial total                                       |   8.39 MB

Lazy chunk files                                       | Names                                               |  Raw size
chunk-F57COQ4Y.js                                      | manageservices                                      | 594 bytes | 
chunk-YYTCSH2K.js                                      | homepage                                            | 570 bytes | 
chunk-DOIIR42G.js                                      | vendors-company                                     | 566 bytes | 
chunk-CSDTHFHT.js                                      | vendor-couples                                      | 532 bytes | 
chunk-IOPL5K2S.js                                      | story                                               | 528 bytes | 
chunk-QNI5I3Y5.js                                      | rsvp                                                | 524 bytes | 
chunk-CDSGOPXY.js                                      | invitations                                         | 522 bytes | 
chunk-TAZFUJ7T.js                                      | login                                               | 498 bytes | 
chunk-PT7UHY5R.js                                      | trackorders                                         | 492 bytes | 
chunk-N5HXSFG3.js                                      | landing                                             | 476 bytes | 
chunk-C4LU3O2R.js                                      | venues                                              | 472 bytes | 
chunk-34YZAE25.js                                      | admin                                               | 438 bytes | 
chunk-JI5DA3IB.js                                      | notifications                                       | 410 bytes | 
chunk-TCNZSESU.js                                      | support-page                                        | 374 bytes | 
chunk-HWZCJQPM.js                                      | guest-list                                          | 336 bytes | 
...and 1 more lazy chunks files. Use "--verbose" to show all the files.

Application bundle generation complete. [11.576 seconds] - 2025-10-17T14:30:50.232Z

[32m17 10 2025 16:30:51.281:INFO [karma-server]: [39mKarma v6.4.4 server started at http://localhost:9876/
[32m17 10 2025 16:30:51.283:INFO [launcher]: [39mLaunching browsers ChromeHeadlessCI with concurrency unlimited
[32m17 10 2025 16:30:51.290:INFO [launcher]: [39mStarting browser ChromeHeadless
[32m17 10 2025 16:30:54.108:INFO [Chrome Headless 141.0.0.0 (Mac OS 10.15.7)]: [39mConnected on socket wBBeU8S_qg4RRvYnAAAB with id 78887498
Chrome Headless 141.0.0.0 (Mac OS 10.15.7): Executed 0 of 332[32m SUCCESS[39m (0 secs / 0 secs)
[1A[2KChrome Headless 141.0.0.0 (Mac OS 10.15.7): Executed 1 of 332[32m SUCCESS[39m (0 secs / 0.021 secs)
[1A[2KChrome Headless 141.0.0.0 (Mac OS 10.15.7): Executed 2 of 332[32m SUCCESS[39m (0 secs / 0.025 secs)
[1A[2KChrome Headless 141.0.0.0 (Mac OS 10.15.7): Executed 3 of 332[32m SUCCESS[39m (0 secs / 0.028 secs)
[1A[2KChrome Headless 141.0.0.0 (Mac OS 10.15.7): Executed 4 of 332[32m SUCCESS[39m (0 secs / 0.038 secs)
[1A[2KChrome Headless 141.0.0.0 (Mac OS 10.15.7): Executed 5 of 332[32m SUCCESS[39m (0 secs / 0.042 secs)
[1A[2KChrome Headless 141.0.0.0 (Mac OS 10.15.7): Executed 6 of 332[32m SUCCESS[39m (0 secs / 0.048 secs)
[1A[2KChrome Headless 141.0.0.0 (Mac OS 10.15.7): Executed 7 of 332[32m SUCCESS[39m (0 secs / 0.053 secs)
[1A[2KChrome Headless 141.0.0.0 (Mac OS 10.15.7): Executed 8 of 332[32m SUCCESS[39m (0 secs / 0.059 secs)
[1A[2KChrome Headless 141.0.0.0 (Mac OS 10.15.7): Executed 9 of 332[32m SUCCESS[39m (0 secs / 0.064 secs)
[1A[2KChrome Headless 141.0.0.0 (Mac OS 10.15.7): Executed 10 of 332[32m SUCCESS[39m (0 secs / 0.069 secs)
[1A[2KChrome Headless 141.0.0.0 (Mac OS 10.15.7): Executed 11 of 332[32m SUCCESS[39m (0 secs / 0.076 secs)
[1A[2KChrome Headless 141.0.0.0 (Mac OS 10.15.7): Executed 12 of 332[32m SUCCESS[39m (0 secs / 0.079 secs)
[1A[2KChrome Headless 141.0.0.0 (Mac OS 10.15.7): Executed 13 of 332[32m SUCCESS[39m (0 secs / 0.082 secs)
[1A[2KChrome Headless 141.0.0.0 (Mac OS 10.15.7): Executed 14 of 332[32m SUCCESS[39m (0 secs / 0.085 secs)
[1A[2KChrome Headless 141.0.0.0 (Mac OS 10.15.7): Executed 15 of 332[32m SUCCESS[39m (0 secs / 0.088 secs)
[1A[2KChrome Headless 141.0.0.0 (Mac OS 10.15.7): Executed 16 of 332[32m SUCCESS[39m (0 secs / 0.093 secs)
[1A[2KChrome Headless 141.0.0.0 (Mac OS 10.15.7): Executed 17 of 332[32m SUCCESS[39m (0 secs / 0.097 secs)
[1A[2KChrome Headless 141.0.0.0 (Mac OS 10.15.7): Executed 18 of 332[32m SUCCESS[39m (0 secs / 0.1 secs)
[1A[2KChrome Headless 141.0.0.0 (Mac OS 10.15.7): Executed 19 of 332[32m SUCCESS[39m (0 secs / 0.103 secs)
[1A[2KChrome Headless 141.0.0.0 (Mac OS 10.15.7): Executed 20 of 332[32m SUCCESS[39m (0 secs / 0.107 secs)
[1A[2KChrome Headless 141.0.0.0 (Mac OS 10.15.7): Executed 21 of 332[32m SUCCESS[39m (0 secs / 0.11 secs)
[1A[2KChrome Headless 141.0.0.0 (Mac OS 10.15.7): Executed 22 of 332[32m SUCCESS[39m (0 secs / 0.115 secs)
[1A[2KChrome Headless 141.0.0.0 (Mac OS 10.15.7): Executed 23 of 332[32m SUCCESS[39m (0 secs / 0.118 secs)
[1A[2KWARN: [36m'NG0914: The application is using zoneless change detection, but is still loading Zone.js. Consider removing Zone.js to get the full benefits of zoneless. In applications using the Angular CLI, Zone.js is typically included in the "polyfills" section of the angular.json file.'[39m
Chrome Headless 141.0.0.0 (Mac OS 10.15.7): Executed 23 of 332[32m SUCCESS[39m (0 secs / 0.118 secs)
WARN: 'NG0914: The application is using zoneless change detection, but is still loading Zone.js. Consider removing Zone.js to get the full benefits of zoneless. In applications using the Angular CLI, Zone.js is typically included in the "polyfills" section of the angular.json file.'
[1A[2KChrome Headless 141.0.0.0 (Mac OS 10.15.7): Executed 24 of 332[32m SUCCESS[39m (0 secs / 0.147 secs)
[1A[2KChrome Headless 141.0.0.0 (Mac OS 10.15.7): Executed 25 of 332[32m SUCCESS[39m (0 secs / 0.15 secs)
[1A[2KChrome Headless 141.0.0.0 (Mac OS 10.15.7): Executed 26 of 332[32m SUCCESS[39m (0 secs / 0.154 secs)
[1A[2KChrome Headless 141.0.0.0 (Mac OS 10.15.7): Executed 27 of 332[32m SUCCESS[39m (0 secs / 0.52 secs)
[1A[2K[31mChrome Headless 141.0.0.0 (Mac OS 10.15.7) Story should create FAILED[39m
	ÉµNotFound: NG0201: No provider found for `_HttpClient`. Source: Standalone[Story2]. Path: DataService2 -> _HttpClient. Find more at https://v20.angular.dev/errors/NG0201
	error properties: Object({ code: -201, ngErrorCode: -201, ngErrorMessage: 'No provider found for `_HttpClient`.', ngTokenPath: [ 'DataService2', '_HttpClient' ] })
	    at <Jasmine>
	    at createRuntimeError (http://localhost:9876/k8-fastbuild-ST-199a4f3c4e20/bin/packages/core/src/render3/errors_di.ts:130:17)
	    at NullInjector.get (http://localhost:9876/k8-fastbuild-ST-199a4f3c4e20/bin/packages/core/src/di/null_injector.ts:20:21)
	    at R3Injector.get (http://localhost:9876/k8-fastbuild-ST-199a4f3c4e20/bin/packages/core/src/di/r3_injector.ts:381:27)
	    at R3Injector.get (http://localhost:9876/k8-fastbuild-ST-199a4f3c4e20/bin/packages/core/src/di/r3_injector.ts:381:27)
	    at R3Injector.retrieve (http://localhost:9876/k8-fastbuild-ST-199a4f3c4e20/bin/packages/core/src/di/r3_injector.ts:248:52)
	    at injectInjectorOnly (http://localhost:9876/k8-fastbuild-ST-199a4f3c4e20/bin/packages/core/src/di/injector_compatibility.ts:110:35)
	    at ÉµÉµinject (http://localhost:9876/k8-fastbuild-ST-199a4f3c4e20/bin/packages/core/src/di/injector_compatibility.ts:144:40)
	    at Object.DataService2_Factory [as factory] (ng:///DataService2/Éµfac.js:4:56)
	    at http://localhost:9876/k8-fastbuild-ST-199a4f3c4e20/bin/packages/core/src/di/r3_injector.ts:529:35
	    at runInInjectorProfilerContext (http://localhost:9876/k8-fastbuild-ST-199a4f3c4e20/bin/packages/core/src/render3/debug/injector_profiler.ts:362:5)
Chrome Headless 141.0.0.0 (Mac OS 10.15.7): Executed 28 of 332[31m (1 FAILED)[39m (0 secs / 1.297 secs)
[1A[2KChrome Headless 141.0.0.0 (Mac OS 10.15.7): Executed 29 of 332[31m (1 FAILED)[39m (0 secs / 1.369 secs)
[1A[2KChrome Headless 141.0.0.0 (Mac OS 10.15.7): Executed 30 of 332[31m (1 FAILED)[39m (0 secs / 1.378 secs)
[1A[2KChrome Headless 141.0.0.0 (Mac OS 10.15.7): Executed 31 of 332[31m (1 FAILED)[39m (0 secs / 1.386 secs)
[1A[2KChrome Headless 141.0.0.0 (Mac OS 10.15.7): Executed 32 of 332[31m (1 FAILED)[39m (0 secs / 1.399 secs)
[1A[2KChrome Headless 141.0.0.0 (Mac OS 10.15.7): Executed 33 of 332[31m (1 FAILED)[39m (0 secs / 1.409 secs)
[1A[2KChrome Headless 141.0.0.0 (Mac OS 10.15.7): Executed 34 of 332[31m (1 FAILED)[39m (0 secs / 1.429 secs)
[1A[2KChrome Headless 141.0.0.0 (Mac OS 10.15.7): Executed 35 of 332[31m (1 FAILED)[39m (0 secs / 1.435 secs)
[1A[2KChrome Headless 141.0.0.0 (Mac OS 10.15.7): Executed 36 of 332[31m (1 FAILED)[39m (0 secs / 1.441 secs)
[1A[2KChrome Headless 141.0.0.0 (Mac OS 10.15.7): Executed 37 of 332[31m (1 FAILED)[39m (0 secs / 1.445 secs)
[1A[2KChrome Headless 141.0.0.0 (Mac OS 10.15.7): Executed 38 of 332[31m (1 FAILED)[39m (0 secs / 1.493 secs)
[1A[2KChrome Headless 141.0.0.0 (Mac OS 10.15.7): Executed 39 of 332[31m (1 FAILED)[39m (0 secs / 1.498 secs)
[1A[2K[31mChrome Headless 141.0.0.0 (Mac OS 10.15.7) Venues should get recommendations successfully FAILED[39m
	Expected 0 to be 1.
	    at <Jasmine>
	    at UserContext.<anonymous> (src/app/pages/venues/venues.spec.ts:601:48)
	    at UserContext.fakeAsyncFn (node_modules/zone.js/fesm2015/zone-testing.js:1715:26)
	    at _ZoneDelegate.invoke (node_modules/zone.js/fesm2015/zone.js:398:28)
	    at _ProxyZoneSpec.onInvoke (node_modules/zone.js/fesm2015/zone-testing.js:2132:39)
	TypeError: Cannot read properties of undefined (reading 'price')
	    at UserContext.<anonymous> (src/app/pages/venues/venues.spec.ts:602:43)
	    at UserContext.fakeAsyncFn (node_modules/zone.js/fesm2015/zone-testing.js:1715:26)
	    at _ZoneDelegate.invoke (node_modules/zone.js/fesm2015/zone.js:398:28)
	    at _ProxyZoneSpec.onInvoke (node_modules/zone.js/fesm2015/zone-testing.js:2132:39)
	    at _ZoneDelegate.invoke (node_modules/zone.js/fesm2015/zone.js:397:34)
	    at ZoneImpl.run (node_modules/zone.js/fesm2015/zone.js:113:43)
	    at runInTestZone (node_modules/zone.js/fesm2015/zone-testing.js:216:38)
	    at UserContext.<anonymous> (node_modules/zone.js/fesm2015/zone-testing.js:234:32)
	    at <Jasmine>
Chrome Headless 141.0.0.0 (Mac OS 10.15.7): Executed 40 of 332[31m (2 FAILED)[39m (0 secs / 1.504 secs)
[1A[2KLOG: [36m'u2'[39m
Chrome Headless 141.0.0.0 (Mac OS 10.15.7): Executed 40 of 332[31m (2 FAILED)[39m (0 secs / 1.504 secs)
LOG: 'u2'
[1A[2KERROR: [36m'Error fetching events:', TypeError: Cannot read properties of undefined (reading 'id')
TypeError: Cannot read properties of undefined (reading 'id')
    at http://localhost:9876/base/src/app/pages/venues/venues.ts:136:56
    at _ZoneDelegate.invoke (http://localhost:9876/base/node_modules/zone.js/fesm2015/zone.js:398:28)
    at _FakeAsyncTestZoneSpec.onInvoke (http://localhost:9876/base/node_modules/zone.js/fesm2015/zone-testing.js:1620:29)
    at _ProxyZoneSpec.onInvoke (http://localhost:9876/base/node_modules/zone.js/fesm2015/zone-testing.js:2129:39)
    at _ZoneDelegate.invoke (http://localhost:9876/base/node_modules/zone.js/fesm2015/zone.js:397:34)
    at ZoneImpl.run (http://localhost:9876/base/node_modules/zone.js/fesm2015/zone.js:113:43)
    at http://localhost:9876/base/node_modules/zone.js/fesm2015/zone.js:2537:40
    at _ZoneDelegate.invokeTask (http://localhost:9876/base/node_modules/zone.js/fesm2015/zone.js:431:33)
    at _ProxyZoneSpec.onInvokeTask (http://localhost:9876/base/node_modules/zone.js/fesm2015/zone-testing.js:2163:39)
    at _ZoneDelegate.invokeTask (http://localhost:9876/base/node_modules/zone.js/fesm2015/zone.js:430:38)[39m
Chrome Headless 141.0.0.0 (Mac OS 10.15.7): Executed 40 of 332[31m (2 FAILED)[39m (0 secs / 1.504 secs)
ERROR: 'Error fetching events:', TypeError: Cannot read properties of undefined (reading 'id')
TypeError: Cannot read properties of undefined (reading 'id')
    at http://localhost:9876/base/src/app/pages/venues/venues.ts:136:56
    at _ZoneDelegate.invoke (http://localhost:9876/base/node_modules/zone.js/fesm2015/zone.js:398:28)
    at _FakeAsyncTestZoneSpec.onInvoke (http://localhost:9876/base/node_modules/zone.js/fesm2015/zone-testing.js:1620:29)
    at _ProxyZoneSpec.onInvoke (http://localhost:9876/base/node_modules/zone.js/fesm2015/zone-testing.js:2129:39)
    at _ZoneDelegate.invoke (http://localhost:9876/base/node_modules/zone.js/fesm2015/zone.js:397:34)
    at ZoneImpl.run (http://localhost:9876/base/node_modules/zone.js/fesm2015/zone.js:113:43)
    at http://localhost:9876/base/node_modules/zone.js/fesm2015/zone.js:2537:40
    at _ZoneDelegate.invokeTask (http://localhost:9876/base/node_modules/zone.js/fesm2015/zone.js:431:33)
    at _ProxyZoneSpec.onInvokeTask (http://localhost:9876/base/node_modules/zone.js/fesm2015/zone-testing.js:2163:39)
    at _ZoneDelegate.invokeTask (http://localhost:9876/base/node_modules/zone.js/fesm2015/zone.js:430:38)
[1A[2K[31mChrome Headless 141.0.0.0 (Mac OS 10.15.7) Venues should select venue successfully FAILED[39m
	Expected spy getDocs to have been called.
	    at <Jasmine>
	    at UserContext.<anonymous> (src/app/pages/venues/venues.spec.ts:239:40)
	    at UserContext.fakeAsyncFn (node_modules/zone.js/fesm2015/zone-testing.js:1715:26)
	    at _ZoneDelegate.invoke (node_modules/zone.js/fesm2015/zone.js:398:28)
	    at _ProxyZoneSpec.onInvoke (node_modules/zone.js/fesm2015/zone-testing.js:2132:39)
	Expected spy updateDoc to have been called.
	    at <Jasmine>
	    at UserContext.<anonymous> (src/app/pages/venues/venues.spec.ts:240:42)
	    at UserContext.fakeAsyncFn (node_modules/zone.js/fesm2015/zone-testing.js:1715:26)
	    at _ZoneDelegate.invoke (node_modules/zone.js/fesm2015/zone.js:398:28)
	    at _ProxyZoneSpec.onInvoke (node_modules/zone.js/fesm2015/zone-testing.js:2132:39)
	Expected null to be 'Test Venue'.
	    at <Jasmine>
	    at UserContext.<anonymous> (src/app/pages/venues/venues.spec.ts:241:39)
	    at UserContext.fakeAsyncFn (node_modules/zone.js/fesm2015/zone-testing.js:1715:26)
	    at _ZoneDelegate.invoke (node_modules/zone.js/fesm2015/zone.js:398:28)
	    at _ProxyZoneSpec.onInvoke (node_modules/zone.js/fesm2015/zone-testing.js:2132:39)
	Expected null to be 'venue-1'.
	    at <Jasmine>
	    at UserContext.<anonymous> (src/app/pages/venues/venues.spec.ts:242:37)
	    at UserContext.fakeAsyncFn (node_modules/zone.js/fesm2015/zone-testing.js:1715:26)
	    at _ZoneDelegate.invoke (node_modules/zone.js/fesm2015/zone.js:398:28)
	    at _ProxyZoneSpec.onInvoke (node_modules/zone.js/fesm2015/zone-testing.js:2132:39)
	Expected null to be 'company-1'.
	    at <Jasmine>
	    at UserContext.<anonymous> (src/app/pages/venues/venues.spec.ts:243:44)
	    at UserContext.fakeAsyncFn (node_modules/zone.js/fesm2015/zone-testing.js:1715:26)
	    at _ZoneDelegate.invoke (node_modules/zone.js/fesm2015/zone.js:398:28)
	    at _ProxyZoneSpec.onInvoke (node_modules/zone.js/fesm2015/zone-testing.js:2132:39)
Chrome Headless 141.0.0.0 (Mac OS 10.15.7): Executed 41 of 332[31m (3 FAILED)[39m (0 secs / 1.54 secs)
[1A[2KERROR: [36mTypeError: Cannot read properties of undefined (reading 'data')
TypeError: Cannot read properties of undefined (reading 'data')
    at http://localhost:9876/base/src/app/pages/venues/venues.ts:240:39
    at _ZoneDelegate.invoke (http://localhost:9876/base/node_modules/zone.js/fesm2015/zone.js:398:28)
    at _FakeAsyncTestZoneSpec.onInvoke (http://localhost:9876/base/node_modules/zone.js/fesm2015/zone-testing.js:1620:29)
    at _ProxyZoneSpec.onInvoke (http://localhost:9876/base/node_modules/zone.js/fesm2015/zone-testing.js:2129:39)
    at _ZoneDelegate.invoke (http://localhost:9876/base/node_modules/zone.js/fesm2015/zone.js:397:34)
    at ZoneImpl.run (http://localhost:9876/base/node_modules/zone.js/fesm2015/zone.js:113:43)
    at http://localhost:9876/base/node_modules/zone.js/fesm2015/zone.js:2537:40
    at _ZoneDelegate.invokeTask (http://localhost:9876/base/node_modules/zone.js/fesm2015/zone.js:431:33)
    at _ProxyZoneSpec.onInvokeTask (http://localhost:9876/base/node_modules/zone.js/fesm2015/zone-testing.js:2163:39)
    at _ZoneDelegate.invokeTask (http://localhost:9876/base/node_modules/zone.js/fesm2015/zone.js:430:38)[39m
Chrome Headless 141.0.0.0 (Mac OS 10.15.7): Executed 41 of 332[31m (3 FAILED)[39m (0 secs / 1.54 secs)
ERROR: TypeError: Cannot read properties of undefined (reading 'data')
TypeError: Cannot read properties of undefined (reading 'data')
    at http://localhost:9876/base/src/app/pages/venues/venues.ts:240:39
    at _ZoneDelegate.invoke (http://localhost:9876/base/node_modules/zone.js/fesm2015/zone.js:398:28)
    at _FakeAsyncTestZoneSpec.onInvoke (http://localhost:9876/base/node_modules/zone.js/fesm2015/zone-testing.js:1620:29)
    at _ProxyZoneSpec.onInvoke (http://localhost:9876/base/node_modules/zone.js/fesm2015/zone-testing.js:2129:39)
    at _ZoneDelegate.invoke (http://localhost:9876/base/node_modules/zone.js/fesm2015/zone.js:397:34)
    at ZoneImpl.run (http://localhost:9876/base/node_modules/zone.js/fesm2015/zone.js:113:43)
    at http://localhost:9876/base/node_modules/zone.js/fesm2015/zone.js:2537:40
    at _ZoneDelegate.invokeTask (http://localhost:9876/base/node_modules/zone.js/fesm2015/zone.js:431:33)
    at _ProxyZoneSpec.onInvokeTask (http://localhost:9876/base/node_modules/zone.js/fesm2015/zone-testing.js:2163:39)
    at _ZoneDelegate.invokeTask (http://localhost:9876/base/node_modules/zone.js/fesm2015/zone.js:430:38)
[1A[2K[31mChrome Headless 141.0.0.0 (Mac OS 10.15.7) Venues should confirm venue successfully FAILED[39m
	Expected spy post to have been called with:
	  [ 'https://site--vowsandveils--5dl8fyl4jyqm.code.run/venues/confirm-order', <jasmine.objectContaining(Object({ customerID: 'test-user-123', venueID: 'venue-1', companyID: 'company-1' }))> ]
	but it was never called.
	    at <Jasmine>
	    at UserContext.<anonymous> (src/app/pages/venues/venues.spec.ts:430:33)
	    at UserContext.fakeAsyncFn (node_modules/zone.js/fesm2015/zone-testing.js:1715:26)
	    at _ZoneDelegate.invoke (node_modules/zone.js/fesm2015/zone.js:398:28)
	    at _ProxyZoneSpec.onInvoke (node_modules/zone.js/fesm2015/zone-testing.js:2132:39)
Chrome Headless 141.0.0.0 (Mac OS 10.15.7): Executed 42 of 332[31m (4 FAILED)[39m (0 secs / 1.546 secs)
[1A[2KChrome Headless 141.0.0.0 (Mac OS 10.15.7): Executed 43 of 332[31m (4 FAILED)[39m (0 secs / 1.55 secs)
[1A[2KLOG: [36m'u2'[39m
Chrome Headless 141.0.0.0 (Mac OS 10.15.7): Executed 43 of 332[31m (4 FAILED)[39m (0 secs / 1.55 secs)
LOG: 'u2'
[1A[2KERROR: [36m'Error fetching events:', TypeError: Cannot read properties of undefined (reading 'id')
TypeError: Cannot read properties of undefined (reading 'id')
    at http://localhost:9876/base/src/app/pages/venues/venues.ts:136:56
    at _ZoneDelegate.invoke (http://localhost:9876/base/node_modules/zone.js/fesm2015/zone.js:398:28)
    at _FakeAsyncTestZoneSpec.onInvoke (http://localhost:9876/base/node_modules/zone.js/fesm2015/zone-testing.js:1620:29)
    at _ProxyZoneSpec.onInvoke (http://localhost:9876/base/node_modules/zone.js/fesm2015/zone-testing.js:2129:39)
    at _ZoneDelegate.invoke (http://localhost:9876/base/node_modules/zone.js/fesm2015/zone.js:397:34)
    at ZoneImpl.run (http://localhost:9876/base/node_modules/zone.js/fesm2015/zone.js:113:43)
    at http://localhost:9876/base/node_modules/zone.js/fesm2015/zone.js:2537:40
    at _ZoneDelegate.invokeTask (http://localhost:9876/base/node_modules/zone.js/fesm2015/zone.js:431:33)
    at _ProxyZoneSpec.onInvokeTask (http://localhost:9876/base/node_modules/zone.js/fesm2015/zone-testing.js:2163:39)
    at _ZoneDelegate.invokeTask (http://localhost:9876/base/node_modules/zone.js/fesm2015/zone.js:430:38)[39m
Chrome Headless 141.0.0.0 (Mac OS 10.15.7): Executed 43 of 332[31m (4 FAILED)[39m (0 secs / 1.55 secs)
ERROR: 'Error fetching events:', TypeError: Cannot read properties of undefined (reading 'id')
TypeError: Cannot read properties of undefined (reading 'id')
    at http://localhost:9876/base/src/app/pages/venues/venues.ts:136:56
    at _ZoneDelegate.invoke (http://localhost:9876/base/node_modules/zone.js/fesm2015/zone.js:398:28)
    at _FakeAsyncTestZoneSpec.onInvoke (http://localhost:9876/base/node_modules/zone.js/fesm2015/zone-testing.js:1620:29)
    at _ProxyZoneSpec.onInvoke (http://localhost:9876/base/node_modules/zone.js/fesm2015/zone-testing.js:2129:39)
    at _ZoneDelegate.invoke (http://localhost:9876/base/node_modules/zone.js/fesm2015/zone.js:397:34)
    at ZoneImpl.run (http://localhost:9876/base/node_modules/zone.js/fesm2015/zone.js:113:43)
    at http://localhost:9876/base/node_modules/zone.js/fesm2015/zone.js:2537:40
    at _ZoneDelegate.invokeTask (http://localhost:9876/base/node_modules/zone.js/fesm2015/zone.js:431:33)
    at _ProxyZoneSpec.onInvokeTask (http://localhost:9876/base/node_modules/zone.js/fesm2015/zone-testing.js:2163:39)
    at _ZoneDelegate.invokeTask (http://localhost:9876/base/node_modules/zone.js/fesm2015/zone.js:430:38)
[1A[2KChrome Headless 141.0.0.0 (Mac OS 10.15.7): Executed 44 of 332[31m (4 FAILED)[39m (0 secs / 1.554 secs)
[1A[2K[31mChrome Headless 141.0.0.0 (Mac OS 10.15.7) Venues should handle get recommendations API error FAILED[39m
	Expected null to contain 'Failed to load recommended venues'.
	    at <Jasmine>
	    at UserContext.<anonymous> (src/app/pages/venues/venues.spec.ts:659:29)
	    at UserContext.fakeAsyncFn (node_modules/zone.js/fesm2015/zone-testing.js:1715:26)
	    at _ZoneDelegate.invoke (node_modules/zone.js/fesm2015/zone.js:398:28)
	    at _ProxyZoneSpec.onInvoke (node_modules/zone.js/fesm2015/zone-testing.js:2132:39)
Chrome Headless 141.0.0.0 (Mac OS 10.15.7): Executed 45 of 332[31m (5 FAILED)[39m (0 secs / 1.558 secs)
[1A[2KLOG: [36m'User is logged in (immediate):', 'u2'[39m
Chrome Headless 141.0.0.0 (Mac OS 10.15.7): Executed 45 of 332[31m (5 FAILED)[39m (0 secs / 1.558 secs)
LOG: 'User is logged in (immediate):', 'u2'
[1A[2KChrome Headless 141.0.0.0 (Mac OS 10.15.7): Executed 46 of 332[31m (5 FAILED)[39m (0 secs / 1.561 secs)
[1A[2K[31mChrome Headless 141.0.0.0 (Mac OS 10.15.7) Venues should handle Firestore errors in getChosenVenue FAILED[39m
	Error: Uncaught (in promise): Error: Firestore error
	Error: Firestore error
	    at UserContext.<anonymous> (src/app/pages/venues/venues.spec.ts:375:63)
	    at UserContext.fakeAsyncFn (node_modules/zone.js/fesm2015/zone-testing.js:1715:26)
	    at _ZoneDelegate.invoke (node_modules/zone.js/fesm2015/zone.js:398:28)
	    at _ProxyZoneSpec.onInvoke (node_modules/zone.js/fesm2015/zone-testing.js:2132:39)
	    at _ZoneDelegate.invoke (node_modules/zone.js/fesm2015/zone.js:397:34)
	    at ZoneImpl.run (node_modules/zone.js/fesm2015/zone.js:113:43)
	    at runInTestZone (node_modules/zone.js/fesm2015/zone-testing.js:216:38)
	    at UserContext.<anonymous> (node_modules/zone.js/fesm2015/zone-testing.js:234:32)
	    at ZoneQueueRunner.attempt (/Users/siphojrmntambo/Downloads/VnV%20(temp%203)/Vows-n-Veils/frontend/node_modules/karma-jasmine/node_modules/jasmine-core/lib/jasmine-core/jasmine.js:7632:40)
	    at ZoneQueueRunner.QueueRunner.run (/Users/siphojrmntambo/Downloads/VnV%20(temp%203)/Vows-n-Veils/frontend/node_modules/karma-jasmine/node_modules/jasmine-core/lib/jasmine-core/jasmine.js:7670:27)
	error properties: Object({ throwOriginal: true, rejection: Error: Firestore error, promise: [object Promise], zone: ZoneImpl({ _parent: ZoneImpl({ _parent: null, _name: '<root>', _properties: Object({  }), _zoneDelegate: _ZoneDelegate({ _zone: <circular reference: Object>, _taskCounts: Object({ microTask: 0, macroTask: 0, eventTask: 0 }), _parentDelegate: null, _forkDlgt: null, _forkZS: null, _forkCurrZone: null, _interceptDlgt: null, _interceptZS: null, _interceptCurrZone: null, _invokeDlgt: null, _invokeZS: null, _invokeCurrZone: null, _handleErrorDlgt: null, _handleErrorZS: null, _handleErrorCurrZone: null, _scheduleTaskDlgt: null, _scheduleTaskZS: null, _scheduleTaskCurrZone: null, _invokeTaskDlgt: null, _invokeTaskZS: null, _invokeTaskCurrZone: null, _cancelTaskDlgt: null, _cancelTaskZS: null, _cancelTaskCurrZone: null, _hasTaskDlgt: null, _hasTaskDlgtOwner: null, _hasTaskZS: null, _hasTaskCurrZone: null }) }), _name: 'ProxyZone', _properties: Object({ ProxyZoneSpec: _ProxyZoneSpec({ defaultSpe ...
	    at resolvePromise (node_modules/zone.js/fesm2015/zone.js:2470:35)
	    at ZoneAwarePromise.reject (node_modules/zone.js/fesm2015/zone.js:2562:24)
	    at UserContext.<anonymous> (src/app/pages/venues/venues.spec.ts:375:56)
	    at UserContext.fakeAsyncFn (node_modules/zone.js/fesm2015/zone-testing.js:1715:26)
	    at _ZoneDelegate.invoke (node_modules/zone.js/fesm2015/zone.js:398:28)
	    at _ProxyZoneSpec.onInvoke (node_modules/zone.js/fesm2015/zone-testing.js:2132:39)
	    at _ZoneDelegate.invoke (node_modules/zone.js/fesm2015/zone.js:397:34)
	    at ZoneImpl.run (node_modules/zone.js/fesm2015/zone.js:113:43)
	    at runInTestZone (node_modules/zone.js/fesm2015/zone-testing.js:216:38)
	    at UserContext.<anonymous> (node_modules/zone.js/fesm2015/zone-testing.js:234:32)
Chrome Headless 141.0.0.0 (Mac OS 10.15.7): Executed 47 of 332[31m (6 FAILED)[39m (0 secs / 1.567 secs)
[1A[2K[31mChrome Headless 141.0.0.0 (Mac OS 10.15.7) Venues should set hasExistingOrder to false when no orders exist FAILED[39m
	Expected true to be false.
	    at <Jasmine>
	    at UserContext.<anonymous> (src/app/pages/venues/venues.spec.ts:561:40)
	    at UserContext.fakeAsyncFn (node_modules/zone.js/fesm2015/zone-testing.js:1715:26)
	    at _ZoneDelegate.invoke (node_modules/zone.js/fesm2015/zone.js:398:28)
	    at _ProxyZoneSpec.onInvoke (node_modules/zone.js/fesm2015/zone-testing.js:2132:39)
Chrome Headless 141.0.0.0 (Mac OS 10.15.7): Executed 48 of 332[31m (7 FAILED)[39m (0 secs / 1.571 secs)
[1A[2K[31mChrome Headless 141.0.0.0 (Mac OS 10.15.7) Venues should filter venues by capacity in recommendations FAILED[39m
	Expected 0 to be 1.
	    at <Jasmine>
	    at UserContext.<anonymous> (src/app/pages/venues/venues.spec.ts:690:48)
	    at UserContext.fakeAsyncFn (node_modules/zone.js/fesm2015/zone-testing.js:1715:26)
	    at _ZoneDelegate.invoke (node_modules/zone.js/fesm2015/zone.js:398:28)
	    at _ProxyZoneSpec.onInvoke (node_modules/zone.js/fesm2015/zone-testing.js:2132:39)
	TypeError: Cannot read properties of undefined (reading 'capacity')
	    at UserContext.<anonymous> (src/app/pages/venues/venues.spec.ts:691:43)
	    at UserContext.fakeAsyncFn (node_modules/zone.js/fesm2015/zone-testing.js:1715:26)
	    at _ZoneDelegate.invoke (node_modules/zone.js/fesm2015/zone.js:398:28)
	    at _ProxyZoneSpec.onInvoke (node_modules/zone.js/fesm2015/zone-testing.js:2132:39)
	    at _ZoneDelegate.invoke (node_modules/zone.js/fesm2015/zone.js:397:34)
	    at ZoneImpl.run (node_modules/zone.js/fesm2015/zone.js:113:43)
	    at runInTestZone (node_modules/zone.js/fesm2015/zone-testing.js:216:38)
	    at UserContext.<anonymous> (node_modules/zone.js/fesm2015/zone-testing.js:234:32)
	    at <Jasmine>
Chrome Headless 141.0.0.0 (Mac OS 10.15.7): Executed 49 of 332[31m (8 FAILED)[39m (0 secs / 1.576 secs)
[1A[2KChrome Headless 141.0.0.0 (Mac OS 10.15.7): Executed 50 of 332[31m (8 FAILED)[39m (0 secs / 1.58 secs)
[1A[2KChrome Headless 141.0.0.0 (Mac OS 10.15.7): Executed 51 of 332[31m (8 FAILED)[39m (0 secs / 1.584 secs)
[1A[2KLOG: [36m'u2'[39m
Chrome Headless 141.0.0.0 (Mac OS 10.15.7): Executed 51 of 332[31m (8 FAILED)[39m (0 secs / 1.584 secs)
LOG: 'u2'
[1A[2K[31mChrome Headless 141.0.0.0 (Mac OS 10.15.7) Venues should handle updateDoc error in selectVenue FAILED[39m
	Error: Uncaught (in promise): Error: Update error
	Error: Update error
	    at UserContext.<anonymous> (src/app/pages/venues/venues.spec.ts:283:65)
	    at UserContext.fakeAsyncFn (node_modules/zone.js/fesm2015/zone-testing.js:1715:26)
	    at _ZoneDelegate.invoke (node_modules/zone.js/fesm2015/zone.js:398:28)
	    at _ProxyZoneSpec.onInvoke (node_modules/zone.js/fesm2015/zone-testing.js:2132:39)
	    at _ZoneDelegate.invoke (node_modules/zone.js/fesm2015/zone.js:397:34)
	    at ZoneImpl.run (node_modules/zone.js/fesm2015/zone.js:113:43)
	    at runInTestZone (node_modules/zone.js/fesm2015/zone-testing.js:216:38)
	    at UserContext.<anonymous> (node_modules/zone.js/fesm2015/zone-testing.js:234:32)
	    at ZoneQueueRunner.attempt (/Users/siphojrmntambo/Downloads/VnV%20(temp%203)/Vows-n-Veils/frontend/node_modules/karma-jasmine/node_modules/jasmine-core/lib/jasmine-core/jasmine.js:7632:40)
	    at ZoneQueueRunner.QueueRunner.run (/Users/siphojrmntambo/Downloads/VnV%20(temp%203)/Vows-n-Veils/frontend/node_modules/karma-jasmine/node_modules/jasmine-core/lib/jasmine-core/jasmine.js:7670:27)
	error properties: Object({ throwOriginal: true, rejection: Error: Update error, promise: [object Promise], zone: ZoneImpl({ _parent: ZoneImpl({ _parent: null, _name: '<root>', _properties: Object({  }), _zoneDelegate: _ZoneDelegate({ _zone: <circular reference: Object>, _taskCounts: Object({ microTask: 0, macroTask: 0, eventTask: 0 }), _parentDelegate: null, _forkDlgt: null, _forkZS: null, _forkCurrZone: null, _interceptDlgt: null, _interceptZS: null, _interceptCurrZone: null, _invokeDlgt: null, _invokeZS: null, _invokeCurrZone: null, _handleErrorDlgt: null, _handleErrorZS: null, _handleErrorCurrZone: null, _scheduleTaskDlgt: null, _scheduleTaskZS: null, _scheduleTaskCurrZone: null, _invokeTaskDlgt: null, _invokeTaskZS: null, _invokeTaskCurrZone: null, _cancelTaskDlgt: null, _cancelTaskZS: null, _cancelTaskCurrZone: null, _hasTaskDlgt: null, _hasTaskDlgtOwner: null, _hasTaskZS: null, _hasTaskCurrZone: null }) }), _name: 'ProxyZone', _properties: Object({ ProxyZoneSpec: _ProxyZoneSpec({ defaultSpecDe ...
	    at resolvePromise (node_modules/zone.js/fesm2015/zone.js:2470:35)
	    at ZoneAwarePromise.reject (node_modules/zone.js/fesm2015/zone.js:2562:24)
	    at UserContext.<anonymous> (src/app/pages/venues/venues.spec.ts:283:58)
	    at UserContext.fakeAsyncFn (node_modules/zone.js/fesm2015/zone-testing.js:1715:26)
	    at _ZoneDelegate.invoke (node_modules/zone.js/fesm2015/zone.js:398:28)
	    at _ProxyZoneSpec.onInvoke (node_modules/zone.js/fesm2015/zone-testing.js:2132:39)
	    at _ZoneDelegate.invoke (node_modules/zone.js/fesm2015/zone.js:397:34)
	    at ZoneImpl.run (node_modules/zone.js/fesm2015/zone.js:113:43)
	    at runInTestZone (node_modules/zone.js/fesm2015/zone-testing.js:216:38)
	    at UserContext.<anonymous> (node_modules/zone.js/fesm2015/zone-testing.js:234:32)
Chrome Headless 141.0.0.0 (Mac OS 10.15.7): Executed 52 of 332[31m (9 FAILED)[39m (0 secs / 1.59 secs)
[1A[2K[31mChrome Headless 141.0.0.0 (Mac OS 10.15.7) Venues should handle check venue order with no user FAILED[39m
	Expected true to be false.
	    at <Jasmine>
	    at UserContext.<anonymous> (src/app/pages/venues/venues.spec.ts:526:40)
	    at UserContext.fakeAsyncFn (node_modules/zone.js/fesm2015/zone-testing.js:1715:26)
	    at _ZoneDelegate.invoke (node_modules/zone.js/fesm2015/zone.js:398:28)
	    at _ProxyZoneSpec.onInvoke (node_modules/zone.js/fesm2015/zone-testing.js:2132:39)
Chrome Headless 141.0.0.0 (Mac OS 10.15.7): Executed 53 of 332[31m (10 FAILED)[39m (0 secs / 1.594 secs)
[1A[2KChrome Headless 141.0.0.0 (Mac OS 10.15.7): Executed 54 of 332[31m (10 FAILED)[39m (0 secs / 1.6 secs)
[1A[2KLOG: [36m'u2'[39m
Chrome Headless 141.0.0.0 (Mac OS 10.15.7): Executed 54 of 332[31m (10 FAILED)[39m (0 secs / 1.6 secs)
LOG: 'u2'
[1A[2K[31mChrome Headless 141.0.0.0 (Mac OS 10.15.7) Venues should handle select venue Firestore error FAILED[39m
	Error: Uncaught (in promise): Error: Firestore error
	Error: Firestore error
	    at UserContext.<anonymous> (src/app/pages/venues/venues.spec.ts:260:63)
	    at UserContext.fakeAsyncFn (node_modules/zone.js/fesm2015/zone-testing.js:1715:26)
	    at _ZoneDelegate.invoke (node_modules/zone.js/fesm2015/zone.js:398:28)
	    at _ProxyZoneSpec.onInvoke (node_modules/zone.js/fesm2015/zone-testing.js:2132:39)
	    at _ZoneDelegate.invoke (node_modules/zone.js/fesm2015/zone.js:397:34)
	    at ZoneImpl.run (node_modules/zone.js/fesm2015/zone.js:113:43)
	    at runInTestZone (node_modules/zone.js/fesm2015/zone-testing.js:216:38)
	    at UserContext.<anonymous> (node_modules/zone.js/fesm2015/zone-testing.js:234:32)
	    at ZoneQueueRunner.attempt (/Users/siphojrmntambo/Downloads/VnV%20(temp%203)/Vows-n-Veils/frontend/node_modules/karma-jasmine/node_modules/jasmine-core/lib/jasmine-core/jasmine.js:7632:40)
	    at ZoneQueueRunner.QueueRunner.run (/Users/siphojrmntambo/Downloads/VnV%20(temp%203)/Vows-n-Veils/frontend/node_modules/karma-jasmine/node_modules/jasmine-core/lib/jasmine-core/jasmine.js:7670:27)
	error properties: Object({ throwOriginal: true, rejection: Error: Firestore error, promise: [object Promise], zone: ZoneImpl({ _parent: ZoneImpl({ _parent: null, _name: '<root>', _properties: Object({  }), _zoneDelegate: _ZoneDelegate({ _zone: <circular reference: Object>, _taskCounts: Object({ microTask: 0, macroTask: 0, eventTask: 0 }), _parentDelegate: null, _forkDlgt: null, _forkZS: null, _forkCurrZone: null, _interceptDlgt: null, _interceptZS: null, _interceptCurrZone: null, _invokeDlgt: null, _invokeZS: null, _invokeCurrZone: null, _handleErrorDlgt: null, _handleErrorZS: null, _handleErrorCurrZone: null, _scheduleTaskDlgt: null, _scheduleTaskZS: null, _scheduleTaskCurrZone: null, _invokeTaskDlgt: null, _invokeTaskZS: null, _invokeTaskCurrZone: null, _cancelTaskDlgt: null, _cancelTaskZS: null, _cancelTaskCurrZone: null, _hasTaskDlgt: null, _hasTaskDlgtOwner: null, _hasTaskZS: null, _hasTaskCurrZone: null }) }), _name: 'ProxyZone', _properties: Object({ ProxyZoneSpec: _ProxyZoneSpec({ defaultSpe ...
	    at resolvePromise (node_modules/zone.js/fesm2015/zone.js:2470:35)
	    at ZoneAwarePromise.reject (node_modules/zone.js/fesm2015/zone.js:2562:24)
	    at UserContext.<anonymous> (src/app/pages/venues/venues.spec.ts:260:56)
	    at UserContext.fakeAsyncFn (node_modules/zone.js/fesm2015/zone-testing.js:1715:26)
	    at _ZoneDelegate.invoke (node_modules/zone.js/fesm2015/zone.js:398:28)
	    at _ProxyZoneSpec.onInvoke (node_modules/zone.js/fesm2015/zone-testing.js:2132:39)
	    at _ZoneDelegate.invoke (node_modules/zone.js/fesm2015/zone.js:397:34)
	    at ZoneImpl.run (node_modules/zone.js/fesm2015/zone.js:113:43)
	    at runInTestZone (node_modules/zone.js/fesm2015/zone-testing.js:216:38)
	    at UserContext.<anonymous> (node_modules/zone.js/fesm2015/zone-testing.js:234:32)
Chrome Headless 141.0.0.0 (Mac OS 10.15.7): Executed 55 of 332[31m (11 FAILED)[39m (0 secs / 1.606 secs)
[1A[2KERROR: [36mTypeError: Cannot read properties of undefined (reading 'data')
TypeError: Cannot read properties of undefined (reading 'data')
    at http://localhost:9876/base/src/app/pages/venues/venues.ts:240:39
    at _ZoneDelegate.invoke (http://localhost:9876/base/node_modules/zone.js/fesm2015/zone.js:398:28)
    at _FakeAsyncTestZoneSpec.onInvoke (http://localhost:9876/base/node_modules/zone.js/fesm2015/zone-testing.js:1620:29)
    at _ProxyZoneSpec.onInvoke (http://localhost:9876/base/node_modules/zone.js/fesm2015/zone-testing.js:2129:39)
    at _ZoneDelegate.invoke (http://localhost:9876/base/node_modules/zone.js/fesm2015/zone.js:397:34)
    at ZoneImpl.run (http://localhost:9876/base/node_modules/zone.js/fesm2015/zone.js:113:43)
    at http://localhost:9876/base/node_modules/zone.js/fesm2015/zone.js:2537:40
    at _ZoneDelegate.invokeTask (http://localhost:9876/base/node_modules/zone.js/fesm2015/zone.js:431:33)
    at _ProxyZoneSpec.onInvokeTask (http://localhost:9876/base/node_modules/zone.js/fesm2015/zone-testing.js:2163:39)
    at _ZoneDelegate.invokeTask (http://localhost:9876/base/node_modules/zone.js/fesm2015/zone.js:430:38)[39m
Chrome Headless 141.0.0.0 (Mac OS 10.15.7): Executed 55 of 332[31m (11 FAILED)[39m (0 secs / 1.606 secs)
ERROR: TypeError: Cannot read properties of undefined (reading 'data')
TypeError: Cannot read properties of undefined (reading 'data')
    at http://localhost:9876/base/src/app/pages/venues/venues.ts:240:39
    at _ZoneDelegate.invoke (http://localhost:9876/base/node_modules/zone.js/fesm2015/zone.js:398:28)
    at _FakeAsyncTestZoneSpec.onInvoke (http://localhost:9876/base/node_modules/zone.js/fesm2015/zone-testing.js:1620:29)
    at _ProxyZoneSpec.onInvoke (http://localhost:9876/base/node_modules/zone.js/fesm2015/zone-testing.js:2129:39)
    at _ZoneDelegate.invoke (http://localhost:9876/base/node_modules/zone.js/fesm2015/zone.js:397:34)
    at ZoneImpl.run (http://localhost:9876/base/node_modules/zone.js/fesm2015/zone.js:113:43)
    at http://localhost:9876/base/node_modules/zone.js/fesm2015/zone.js:2537:40
    at _ZoneDelegate.invokeTask (http://localhost:9876/base/node_modules/zone.js/fesm2015/zone.js:431:33)
    at _ProxyZoneSpec.onInvokeTask (http://localhost:9876/base/node_modules/zone.js/fesm2015/zone-testing.js:2163:39)
    at _ZoneDelegate.invokeTask (http://localhost:9876/base/node_modules/zone.js/fesm2015/zone.js:430:38)
[1A[2KChrome Headless 141.0.0.0 (Mac OS 10.15.7): Executed 56 of 332[31m (11 FAILED)[39m (0 secs / 1.61 secs)
[1A[2KChrome Headless 141.0.0.0 (Mac OS 10.15.7): Executed 57 of 332[31m (11 FAILED)[39m (0 secs / 1.614 secs)
[1A[2KERROR: [36mTypeError: Cannot read properties of undefined (reading 'data')
TypeError: Cannot read properties of undefined (reading 'data')
    at http://localhost:9876/base/src/app/pages/venues/venues.ts:240:39
    at _ZoneDelegate.invoke (http://localhost:9876/base/node_modules/zone.js/fesm2015/zone.js:398:28)
    at _FakeAsyncTestZoneSpec.onInvoke (http://localhost:9876/base/node_modules/zone.js/fesm2015/zone-testing.js:1620:29)
    at _ProxyZoneSpec.onInvoke (http://localhost:9876/base/node_modules/zone.js/fesm2015/zone-testing.js:2129:39)
    at _ZoneDelegate.invoke (http://localhost:9876/base/node_modules/zone.js/fesm2015/zone.js:397:34)
    at ZoneImpl.run (http://localhost:9876/base/node_modules/zone.js/fesm2015/zone.js:113:43)
    at http://localhost:9876/base/node_modules/zone.js/fesm2015/zone.js:2537:40
    at _ZoneDelegate.invokeTask (http://localhost:9876/base/node_modules/zone.js/fesm2015/zone.js:431:33)
    at _ProxyZoneSpec.onInvokeTask (http://localhost:9876/base/node_modules/zone.js/fesm2015/zone-testing.js:2163:39)
    at _ZoneDelegate.invokeTask (http://localhost:9876/base/node_modules/zone.js/fesm2015/zone.js:430:38)[39m
Chrome Headless 141.0.0.0 (Mac OS 10.15.7): Executed 57 of 332[31m (11 FAILED)[39m (0 secs / 1.614 secs)
ERROR: TypeError: Cannot read properties of undefined (reading 'data')
TypeError: Cannot read properties of undefined (reading 'data')
    at http://localhost:9876/base/src/app/pages/venues/venues.ts:240:39
    at _ZoneDelegate.invoke (http://localhost:9876/base/node_modules/zone.js/fesm2015/zone.js:398:28)
    at _FakeAsyncTestZoneSpec.onInvoke (http://localhost:9876/base/node_modules/zone.js/fesm2015/zone-testing.js:1620:29)
    at _ProxyZoneSpec.onInvoke (http://localhost:9876/base/node_modules/zone.js/fesm2015/zone-testing.js:2129:39)
    at _ZoneDelegate.invoke (http://localhost:9876/base/node_modules/zone.js/fesm2015/zone.js:397:34)
    at ZoneImpl.run (http://localhost:9876/base/node_modules/zone.js/fesm2015/zone.js:113:43)
    at http://localhost:9876/base/node_modules/zone.js/fesm2015/zone.js:2537:40
    at _ZoneDelegate.invokeTask (http://localhost:9876/base/node_modules/zone.js/fesm2015/zone.js:431:33)
    at _ProxyZoneSpec.onInvokeTask (http://localhost:9876/base/node_modules/zone.js/fesm2015/zone-testing.js:2163:39)
    at _ZoneDelegate.invokeTask (http://localhost:9876/base/node_modules/zone.js/fesm2015/zone.js:430:38)
[1A[2K[31mChrome Headless 141.0.0.0 (Mac OS 10.15.7) Venues should handle confirm venue with no wedding date FAILED[39m
	Expected spy alert to have been called with:
	  [ 'Event does not have a wedding date set.' ]
	but it was never called.
	    at <Jasmine>
	    at UserContext.<anonymous> (src/app/pages/venues/venues.spec.ts:489:26)
	    at UserContext.fakeAsyncFn (node_modules/zone.js/fesm2015/zone-testing.js:1715:26)
	    at _ZoneDelegate.invoke (node_modules/zone.js/fesm2015/zone.js:398:28)
	    at _ProxyZoneSpec.onInvoke (node_modules/zone.js/fesm2015/zone-testing.js:2132:39)
Chrome Headless 141.0.0.0 (Mac OS 10.15.7): Executed 58 of 332[31m (12 FAILED)[39m (0 secs / 1.62 secs)
[1A[2KChrome Headless 141.0.0.0 (Mac OS 10.15.7): Executed 59 of 332[31m (12 FAILED)[39m (0 secs / 1.624 secs)
[1A[2K[31mChrome Headless 141.0.0.0 (Mac OS 10.15.7) Venues should view venue details successfully FAILED[39m
	Expected false to be true.
	    at <Jasmine>
	    at UserContext.<anonymous> (src/app/pages/venues/venues.spec.ts:167:31)
	    at UserContext.fakeAsyncFn (node_modules/zone.js/fesm2015/zone-testing.js:1715:26)
	    at _ZoneDelegate.invoke (node_modules/zone.js/fesm2015/zone.js:398:28)
	    at _ProxyZoneSpec.onInvoke (node_modules/zone.js/fesm2015/zone-testing.js:2132:39)
Chrome Headless 141.0.0.0 (Mac OS 10.15.7): Executed 60 of 332[31m (13 FAILED)[39m (0 secs / 1.628 secs)
[1A[2KChrome Headless 141.0.0.0 (Mac OS 10.15.7): Executed 61 of 332[31m (13 FAILED)[39m (0 secs / 1.631 secs)
[1A[2K[31mChrome Headless 141.0.0.0 (Mac OS 10.15.7) Venues should get chosen venue successfully FAILED[39m
	Expected null to be 'Test Venue'.
	    at <Jasmine>
	    at UserContext.<anonymous> (src/app/pages/venues/venues.spec.ts:323:39)
	    at UserContext.fakeAsyncFn (node_modules/zone.js/fesm2015/zone-testing.js:1715:26)
	    at _ZoneDelegate.invoke (node_modules/zone.js/fesm2015/zone.js:398:28)
	    at _ProxyZoneSpec.onInvoke (node_modules/zone.js/fesm2015/zone-testing.js:2132:39)
	Expected null to be 'venue-1'.
	    at <Jasmine>
	    at UserContext.<anonymous> (src/app/pages/venues/venues.spec.ts:324:37)
	    at UserContext.fakeAsyncFn (node_modules/zone.js/fesm2015/zone-testing.js:1715:26)
	    at _ZoneDelegate.invoke (node_modules/zone.js/fesm2015/zone.js:398:28)
	    at _ProxyZoneSpec.onInvoke (node_modules/zone.js/fesm2015/zone-testing.js:2132:39)
	Expected null to be 'company-1'.
	    at <Jasmine>
	    at UserContext.<anonymous> (src/app/pages/venues/venues.spec.ts:325:44)
	    at UserContext.fakeAsyncFn (node_modules/zone.js/fesm2015/zone-testing.js:1715:26)
	    at _ZoneDelegate.invoke (node_modules/zone.js/fesm2015/zone.js:398:28)
	    at _ProxyZoneSpec.onInvoke (node_modules/zone.js/fesm2015/zone-testing.js:2132:39)
Chrome Headless 141.0.0.0 (Mac OS 10.15.7): Executed 62 of 332[31m (14 FAILED)[39m (0 secs / 1.637 secs)
[1A[2KERROR: [36mTypeError: Cannot read properties of undefined (reading 'data')
TypeError: Cannot read properties of undefined (reading 'data')
    at http://localhost:9876/base/src/app/pages/venues/venues.ts:240:39
    at _ZoneDelegate.invoke (http://localhost:9876/base/node_modules/zone.js/fesm2015/zone.js:398:28)
    at _FakeAsyncTestZoneSpec.onInvoke (http://localhost:9876/base/node_modules/zone.js/fesm2015/zone-testing.js:1620:29)
    at _ProxyZoneSpec.onInvoke (http://localhost:9876/base/node_modules/zone.js/fesm2015/zone-testing.js:2129:39)
    at _ZoneDelegate.invoke (http://localhost:9876/base/node_modules/zone.js/fesm2015/zone.js:397:34)
    at ZoneImpl.run (http://localhost:9876/base/node_modules/zone.js/fesm2015/zone.js:113:43)
    at http://localhost:9876/base/node_modules/zone.js/fesm2015/zone.js:2537:40
    at _ZoneDelegate.invokeTask (http://localhost:9876/base/node_modules/zone.js/fesm2015/zone.js:431:33)
    at _ProxyZoneSpec.onInvokeTask (http://localhost:9876/base/node_modules/zone.js/fesm2015/zone-testing.js:2163:39)
    at _ZoneDelegate.invokeTask (http://localhost:9876/base/node_modules/zone.js/fesm2015/zone.js:430:38)[39m
Chrome Headless 141.0.0.0 (Mac OS 10.15.7): Executed 62 of 332[31m (14 FAILED)[39m (0 secs / 1.637 secs)
ERROR: TypeError: Cannot read properties of undefined (reading 'data')
TypeError: Cannot read properties of undefined (reading 'data')
    at http://localhost:9876/base/src/app/pages/venues/venues.ts:240:39
    at _ZoneDelegate.invoke (http://localhost:9876/base/node_modules/zone.js/fesm2015/zone.js:398:28)
    at _FakeAsyncTestZoneSpec.onInvoke (http://localhost:9876/base/node_modules/zone.js/fesm2015/zone-testing.js:1620:29)
    at _ProxyZoneSpec.onInvoke (http://localhost:9876/base/node_modules/zone.js/fesm2015/zone-testing.js:2129:39)
    at _ZoneDelegate.invoke (http://localhost:9876/base/node_modules/zone.js/fesm2015/zone.js:397:34)
    at ZoneImpl.run (http://localhost:9876/base/node_modules/zone.js/fesm2015/zone.js:113:43)
    at http://localhost:9876/base/node_modules/zone.js/fesm2015/zone.js:2537:40
    at _ZoneDelegate.invokeTask (http://localhost:9876/base/node_modules/zone.js/fesm2015/zone.js:431:33)
    at _ProxyZoneSpec.onInvokeTask (http://localhost:9876/base/node_modules/zone.js/fesm2015/zone-testing.js:2163:39)
    at _ZoneDelegate.invokeTask (http://localhost:9876/base/node_modules/zone.js/fesm2015/zone.js:430:38)
[1A[2KChrome Headless 141.0.0.0 (Mac OS 10.15.7): Executed 63 of 332[31m (14 FAILED)[39m (0 secs / 1.642 secs)
[1A[2KChrome Headless 141.0.0.0 (Mac OS 10.15.7): Executed 64 of 332[31m (14 FAILED)[39m (0 secs / 1.646 secs)
[1A[2KChrome Headless 141.0.0.0 (Mac OS 10.15.7): Executed 65 of 332[31m (14 FAILED)[39m (0 secs / 1.65 secs)
[1A[2K[31mChrome Headless 141.0.0.0 (Mac OS 10.15.7) Venues should get venues successfully FAILED[39m
	Expected false to be true.
	    at <Jasmine>
	    at UserContext.<anonymous> (src/app/pages/venues/venues.spec.ts:133:31)
	    at UserContext.fakeAsyncFn (node_modules/zone.js/fesm2015/zone-testing.js:1715:26)
	    at _ZoneDelegate.invoke (node_modules/zone.js/fesm2015/zone.js:398:28)
	    at _ProxyZoneSpec.onInvoke (node_modules/zone.js/fesm2015/zone-testing.js:2132:39)
Chrome Headless 141.0.0.0 (Mac OS 10.15.7): Executed 66 of 332[31m (15 FAILED)[39m (0 secs / 1.656 secs)
[1A[2KLOG: [36m'u2'[39m
Chrome Headless 141.0.0.0 (Mac OS 10.15.7): Executed 66 of 332[31m (15 FAILED)[39m (0 secs / 1.656 secs)
LOG: 'u2'
[1A[2KERROR: [36m'Error fetching events:', TypeError: Cannot read properties of undefined (reading 'id')
TypeError: Cannot read properties of undefined (reading 'id')
    at http://localhost:9876/base/src/app/pages/venues/venues.ts:136:56
    at _ZoneDelegate.invoke (http://localhost:9876/base/node_modules/zone.js/fesm2015/zone.js:398:28)
    at _FakeAsyncTestZoneSpec.onInvoke (http://localhost:9876/base/node_modules/zone.js/fesm2015/zone-testing.js:1620:29)
    at _ProxyZoneSpec.onInvoke (http://localhost:9876/base/node_modules/zone.js/fesm2015/zone-testing.js:2129:39)
    at _ZoneDelegate.invoke (http://localhost:9876/base/node_modules/zone.js/fesm2015/zone.js:397:34)
    at ZoneImpl.run (http://localhost:9876/base/node_modules/zone.js/fesm2015/zone.js:113:43)
    at http://localhost:9876/base/node_modules/zone.js/fesm2015/zone.js:2537:40
    at _ZoneDelegate.invokeTask (http://localhost:9876/base/node_modules/zone.js/fesm2015/zone.js:431:33)
    at _ProxyZoneSpec.onInvokeTask (http://localhost:9876/base/node_modules/zone.js/fesm2015/zone-testing.js:2163:39)
    at _ZoneDelegate.invokeTask (http://localhost:9876/base/node_modules/zone.js/fesm2015/zone.js:430:38)[39m
Chrome Headless 141.0.0.0 (Mac OS 10.15.7): Executed 66 of 332[31m (15 FAILED)[39m (0 secs / 1.656 secs)
ERROR: 'Error fetching events:', TypeError: Cannot read properties of undefined (reading 'id')
TypeError: Cannot read properties of undefined (reading 'id')
    at http://localhost:9876/base/src/app/pages/venues/venues.ts:136:56
    at _ZoneDelegate.invoke (http://localhost:9876/base/node_modules/zone.js/fesm2015/zone.js:398:28)
    at _FakeAsyncTestZoneSpec.onInvoke (http://localhost:9876/base/node_modules/zone.js/fesm2015/zone-testing.js:1620:29)
    at _ProxyZoneSpec.onInvoke (http://localhost:9876/base/node_modules/zone.js/fesm2015/zone-testing.js:2129:39)
    at _ZoneDelegate.invoke (http://localhost:9876/base/node_modules/zone.js/fesm2015/zone.js:397:34)
    at ZoneImpl.run (http://localhost:9876/base/node_modules/zone.js/fesm2015/zone.js:113:43)
    at http://localhost:9876/base/node_modules/zone.js/fesm2015/zone.js:2537:40
    at _ZoneDelegate.invokeTask (http://localhost:9876/base/node_modules/zone.js/fesm2015/zone.js:431:33)
    at _ProxyZoneSpec.onInvokeTask (http://localhost:9876/base/node_modules/zone.js/fesm2015/zone-testing.js:2163:39)
    at _ZoneDelegate.invokeTask (http://localhost:9876/base/node_modules/zone.js/fesm2015/zone.js:430:38)
[1A[2KChrome Headless 141.0.0.0 (Mac OS 10.15.7): Executed 67 of 332[31m (15 FAILED)[39m (0 secs / 1.663 secs)
[1A[2KChrome Headless 141.0.0.0 (Mac OS 10.15.7): Executed 68 of 332[31m (15 FAILED)[39m (0 secs / 1.668 secs)
[1A[2KChrome Headless 141.0.0.0 (Mac OS 10.15.7): Executed 69 of 332[31m (15 FAILED)[39m (0 secs / 1.673 secs)
[1A[2KChrome Headless 141.0.0.0 (Mac OS 10.15.7): Executed 70 of 332[31m (15 FAILED)[39m (0 secs / 1.679 secs)
[1A[2KChrome Headless 141.0.0.0 (Mac OS 10.15.7): Executed 71 of 332[31m (15 FAILED)[39m (0 secs / 1.683 secs)
[1A[2KChrome Headless 141.0.0.0 (Mac OS 10.15.7): Executed 72 of 332[31m (15 FAILED)[39m (0 secs / 1.686 secs)
[1A[2KChrome Headless 141.0.0.0 (Mac OS 10.15.7): Executed 73 of 332[31m (15 FAILED)[39m (0 secs / 1.73 secs)
[1A[2KChrome Headless 141.0.0.0 (Mac OS 10.15.7): Executed 74 of 332[31m (15 FAILED)[39m (0 secs / 1.731 secs)
[1A[2KChrome Headless 141.0.0.0 (Mac OS 10.15.7): Executed 75 of 332[31m (15 FAILED)[39m (0 secs / 1.734 secs)
[1A[2KChrome Headless 141.0.0.0 (Mac OS 10.15.7): Executed 76 of 332[31m (15 FAILED)[39m (0 secs / 1.809 secs)
[1A[2KChrome Headless 141.0.0.0 (Mac OS 10.15.7): Executed 77 of 332[31m (15 FAILED)[39m (0 secs / 1.82 secs)
[1A[2KChrome Headless 141.0.0.0 (Mac OS 10.15.7): Executed 78 of 332[31m (15 FAILED)[39m (0 secs / 1.828 secs)
[1A[2K[31mChrome Headless 141.0.0.0 (Mac OS 10.15.7) VendorCouples â€“ core & branches toggleOrders() flips repeatedly without hanging FAILED[39m
	Error: Timeout - Async function did not complete within 20000ms (set by jasmine.DEFAULT_TIMEOUT_INTERVAL)
	    at /Users/siphojrmntambo/Downloads/VnV%20(temp%203)/Vows-n-Veils/frontend/node_modules/karma-jasmine/node_modules/jasmine-core/lib/jasmine-core/jasmine.js:7612:23
Chrome Headless 141.0.0.0 (Mac OS 10.15.7): Executed 79 of 332[31m (16 FAILED)[39m (0 secs / 21.837 secs)
[1A[2KChrome Headless 141.0.0.0 (Mac OS 10.15.7): Executed 80 of 332[31m (16 FAILED)[39m (0 secs / 21.843 secs)
[1A[2KChrome Headless 141.0.0.0 (Mac OS 10.15.7): Executed 81 of 332[31m (16 FAILED)[39m (0 secs / 21.848 secs)
[1A[2KChrome Headless 141.0.0.0 (Mac OS 10.15.7): Executed 82 of 332[31m (16 FAILED)[39m (0 secs / 21.853 secs)
[1A[2KChrome Headless 141.0.0.0 (Mac OS 10.15.7): Executed 83 of 332[31m (16 FAILED)[39m (0 secs / 21.857 secs)
[1A[2KChrome Headless 141.0.0.0 (Mac OS 10.15.7): Executed 84 of 332[31m (16 FAILED)[39m (0 secs / 21.862 secs)
[1A[2KChrome Headless 141.0.0.0 (Mac OS 10.15.7): Executed 85 of 332[31m (16 FAILED)[39m (0 secs / 21.866 secs)
[1A[2KChrome Headless 141.0.0.0 (Mac OS 10.15.7): Executed 86 of 332[31m (16 FAILED)[39m (0 secs / 21.871 secs)
[1A[2KChrome Headless 141.0.0.0 (Mac OS 10.15.7): Executed 87 of 332[31m (16 FAILED)[39m (0 secs / 21.876 secs)
[1A[2KChrome Headless 141.0.0.0 (Mac OS 10.15.7): Executed 88 of 332[31m (16 FAILED)[39m (0 secs / 21.883 secs)
[1A[2KChrome Headless 141.0.0.0 (Mac OS 10.15.7): Executed 89 of 332[31m (16 FAILED)[39m (0 secs / 21.888 secs)
[1A[2KChrome Headless 141.0.0.0 (Mac OS 10.15.7): Executed 90 of 332[31m (16 FAILED)[39m (0 secs / 21.893 secs)
[1A[2KChrome Headless 141.0.0.0 (Mac OS 10.15.7): Executed 91 of 332[31m (16 FAILED)[39m (0 secs / 21.897 secs)
[1A[2KChrome Headless 141.0.0.0 (Mac OS 10.15.7): Executed 92 of 332[31m (16 FAILED)[39m (0 secs / 21.903 secs)
[1A[2KChrome Headless 141.0.0.0 (Mac OS 10.15.7): Executed 93 of 332[31m (16 FAILED)[39m (0 secs / 21.908 secs)
[1A[2KChrome Headless 141.0.0.0 (Mac OS 10.15.7): Executed 94 of 332[31m (16 FAILED)[39m (0 secs / 21.912 secs)
[1A[2KChrome Headless 141.0.0.0 (Mac OS 10.15.7): Executed 95 of 332[31m (16 FAILED)[39m (0 secs / 21.916 secs)
[1A[2KChrome Headless 141.0.0.0 (Mac OS 10.15.7): Executed 96 of 332[31m (16 FAILED)[39m (0 secs / 26.923 secs)
[1A[2KChrome Headless 141.0.0.0 (Mac OS 10.15.7): Executed 97 of 332[31m (16 FAILED)[39m (0 secs / 26.943 secs)
[1A[2KChrome Headless 141.0.0.0 (Mac OS 10.15.7): Executed 98 of 332[31m (16 FAILED)[39m (0 secs / 26.949 secs)
[1A[2KChrome Headless 141.0.0.0 (Mac OS 10.15.7): Executed 99 of 332[31m (16 FAILED)[39m (0 secs / 26.955 secs)
[1A[2KChrome Headless 141.0.0.0 (Mac OS 10.15.7): Executed 100 of 332[31m (16 FAILED)[39m (0 secs / 26.961 secs)
[1A[2KChrome Headless 141.0.0.0 (Mac OS 10.15.7): Executed 101 of 332[31m (16 FAILED)[39m (0 secs / 26.966 secs)
[1A[2KChrome Headless 141.0.0.0 (Mac OS 10.15.7): Executed 102 of 332[31m (16 FAILED)[39m (0 secs / 27.001 secs)
[33m17 10 2025 16:31:23.132:WARN [web-server]: [39m404: /url
[1A[2KChrome Headless 141.0.0.0 (Mac OS 10.15.7): Executed 103 of 332[31m (16 FAILED)[39m (0 secs / 27.01 secs)
[1A[2KChrome Headless 141.0.0.0 (Mac OS 10.15.7): Executed 104 of 332[31m (16 FAILED)[39m (0 secs / 27.02 secs)
[1A[2KChrome Headless 141.0.0.0 (Mac OS 10.15.7): Executed 105 of 332[31m (16 FAILED)[39m (0 secs / 27.035 secs)
[1A[2KChrome Headless 141.0.0.0 (Mac OS 10.15.7): Executed 106 of 332[31m (16 FAILED)[39m (0 secs / 27.04 secs)
[1A[2KChrome Headless 141.0.0.0 (Mac OS 10.15.7): Executed 107 of 332[31m (16 FAILED)[39m (0 secs / 27.046 secs)
[1A[2KChrome Headless 141.0.0.0 (Mac OS 10.15.7): Executed 108 of 332[31m (16 FAILED)[39m (0 secs / 27.052 secs)
[1A[2KChrome Headless 141.0.0.0 (Mac OS 10.15.7): Executed 109 of 332[31m (16 FAILED)[39m (0 secs / 27.06 secs)
[1A[2KChrome Headless 141.0.0.0 (Mac OS 10.15.7): Executed 110 of 332[31m (16 FAILED)[39m (0 secs / 27.065 secs)
[1A[2KChrome Headless 141.0.0.0 (Mac OS 10.15.7): Executed 111 of 332[31m (16 FAILED)[39m (0 secs / 27.07 secs)
[1A[2KChrome Headless 141.0.0.0 (Mac OS 10.15.7): Executed 112 of 332[31m (16 FAILED)[39m (0 secs / 27.075 secs)
[1A[2KChrome Headless 141.0.0.0 (Mac OS 10.15.7): Executed 113 of 332[31m (16 FAILED)[39m (0 secs / 27.081 secs)
[1A[2KChrome Headless 141.0.0.0 (Mac OS 10.15.7): Executed 114 of 332[31m (16 FAILED)[39m (0 secs / 27.087 secs)
[1A[2KChrome Headless 141.0.0.0 (Mac OS 10.15.7): Executed 115 of 332[31m (16 FAILED)[39m (0 secs / 27.098 secs)
[1A[2KChrome Headless 141.0.0.0 (Mac OS 10.15.7): Executed 116 of 332[31m (16 FAILED)[39m (0 secs / 27.104 secs)
[1A[2KChrome Headless 141.0.0.0 (Mac OS 10.15.7): Executed 117 of 332[31m (16 FAILED)[39m (0 secs / 27.11 secs)
[1A[2KChrome Headless 141.0.0.0 (Mac OS 10.15.7): Executed 118 of 332[31m (16 FAILED)[39m (0 secs / 27.115 secs)
[1A[2KLOG: [36m'Event Data:', Object{}[39m
Chrome Headless 141.0.0.0 (Mac OS 10.15.7): Executed 118 of 332[31m (16 FAILED)[39m (0 secs / 27.115 secs)
LOG: 'Event Data:', Object{}
[1A[2KLOG: [36m'No VenueID found in event data'[39m
Chrome Headless 141.0.0.0 (Mac OS 10.15.7): Executed 118 of 332[31m (16 FAILED)[39m (0 secs / 27.115 secs)
LOG: 'No VenueID found in event data'
[1A[2KLOG: [36m'No Budget found in event data, Budget field value:', undefined[39m
Chrome Headless 141.0.0.0 (Mac OS 10.15.7): Executed 118 of 332[31m (16 FAILED)[39m (0 secs / 27.115 secs)
LOG: 'No Budget found in event data, Budget field value:', undefined
[1A[2KLOG: [36m'RSVP Code found:', null[39m
Chrome Headless 141.0.0.0 (Mac OS 10.15.7): Executed 118 of 332[31m (16 FAILED)[39m (0 secs / 27.115 secs)
LOG: 'RSVP Code found:', null
[1A[2KLOG: [36m'Looking for guests with EventID:', 'U1'[39m
Chrome Headless 141.0.0.0 (Mac OS 10.15.7): Executed 118 of 332[31m (16 FAILED)[39m (0 secs / 27.115 secs)
LOG: 'Looking for guests with EventID:', 'U1'
[1A[2KLOG: [36m'Guests query result - number of docs:', undefined[39m
Chrome Headless 141.0.0.0 (Mac OS 10.15.7): Executed 118 of 332[31m (16 FAILED)[39m (0 secs / 27.115 secs)
LOG: 'Guests query result - number of docs:', undefined
[1A[2KLOG: [36m'Final counts - Total:', 0, 'Confirmed:', 0[39m
Chrome Headless 141.0.0.0 (Mac OS 10.15.7): Executed 118 of 332[31m (16 FAILED)[39m (0 secs / 27.115 secs)
LOG: 'Final counts - Total:', 0, 'Confirmed:', 0
[1A[2KLOG: [36m'Looking for orders with eventID:', 'U1'[39m
Chrome Headless 141.0.0.0 (Mac OS 10.15.7): Executed 118 of 332[31m (16 FAILED)[39m (0 secs / 27.115 secs)
LOG: 'Looking for orders with eventID:', 'U1'
[1A[2KLOG: [36m'Orders query result - number of docs:', undefined[39m
Chrome Headless 141.0.0.0 (Mac OS 10.15.7): Executed 118 of 332[31m (16 FAILED)[39m (0 secs / 27.115 secs)
LOG: 'Orders query result - number of docs:', undefined
[1A[2KLOG: [36m'Found company IDs:', [][39m
Chrome Headless 141.0.0.0 (Mac OS 10.15.7): Executed 118 of 332[31m (16 FAILED)[39m (0 secs / 27.115 secs)
LOG: 'Found company IDs:', []
[1A[2KLOG: [36m'Final selected vendors:', [][39m
Chrome Headless 141.0.0.0 (Mac OS 10.15.7): Executed 118 of 332[31m (16 FAILED)[39m (0 secs / 27.115 secs)
LOG: 'Final selected vendors:', []
[1A[2KERROR: [36m'Error fetching notifications from API:', Error: NG0205: Injector has already been destroyed.
Error: NG0205: Injector has already been destroyed.
    at assertNotDestroyed (http://localhost:9876/k8-fastbuild-ST-199a4f3c4e20/bin/packages/core/src/di/r3_injector.ts:679:11)
    at R3Injector.get (http://localhost:9876/k8-fastbuild-ST-199a4f3c4e20/bin/packages/core/src/di/r3_injector.ts:326:5)
    at _HttpInterceptorHandler.handle (http://localhost:9876/k8-fastbuild-ST-199a4f3c4e20/bin/packages/common/http/src/interceptor.ts:310:28)
    at http://localhost:9876/k8-fastbuild-ST-199a4f3c4e20/bin/packages/common/http/src/client.ts:842:57
    at doInnerSub (http://localhost:9876/base/node_modules/rxjs/src/internal/operators/mergeInternals.ts:71:15)
    at outerNext (http://localhost:9876/base/node_modules/rxjs/src/internal/operators/mergeInternals.ts:53:58)
    at OperatorSubscriber._next (http://localhost:9876/base/node_modules/rxjs/src/internal/operators/OperatorSubscriber.ts:70:13)
    at OperatorSubscriber.next (http://localhost:9876/base/node_modules/rxjs/src/internal/Subscriber.ts:71:12)
    at _Observable._subscribe (http://localhost:9876/base/node_modules/rxjs/src/internal/observable/innerFrom.ts:78:18)
    at _Observable._trySubscribe (http://localhost:9876/base/node_modules/rxjs/src/internal/Observable.ts:235:19)[39m
Chrome Headless 141.0.0.0 (Mac OS 10.15.7): Executed 118 of 332[31m (16 FAILED)[39m (0 secs / 27.115 secs)
ERROR: 'Error fetching notifications from API:', Error: NG0205: Injector has already been destroyed.
Error: NG0205: Injector has already been destroyed.
    at assertNotDestroyed (http://localhost:9876/k8-fastbuild-ST-199a4f3c4e20/bin/packages/core/src/di/r3_injector.ts:679:11)
    at R3Injector.get (http://localhost:9876/k8-fastbuild-ST-199a4f3c4e20/bin/packages/core/src/di/r3_injector.ts:326:5)
    at _HttpInterceptorHandler.handle (http://localhost:9876/k8-fastbuild-ST-199a4f3c4e20/bin/packages/common/http/src/interceptor.ts:310:28)
    at http://localhost:9876/k8-fastbuild-ST-199a4f3c4e20/bin/packages/common/http/src/client.ts:842:57
    at doInnerSub (http://localhost:9876/base/node_modules/rxjs/src/internal/operators/mergeInternals.ts:71:15)
    at outerNext (http://localhost:9876/base/node_modules/rxjs/src/internal/operators/mergeInternals.ts:53:58)
    at OperatorSubscriber._next (http://localhost:9876/base/node_modules/rxjs/src/internal/operators/OperatorSubscriber.ts:70:13)
    at OperatorSubscriber.next (http://localhost:9876/base/node_modules/rxjs/src/internal/Subscriber.ts:71:12)
    at _Observable._subscribe (http://localhost:9876/base/node_modules/rxjs/src/internal/observable/innerFrom.ts:78:18)
    at _Observable._trySubscribe (http://localhost:9876/base/node_modules/rxjs/src/internal/Observable.ts:235:19)
[1A[2KChrome Headless 141.0.0.0 (Mac OS 10.15.7): Executed 119 of 332[31m (16 FAILED)[39m (0 secs / 27.122 secs)
[1A[2KLOG: [36m'Event Data:', Object{}[39m
Chrome Headless 141.0.0.0 (Mac OS 10.15.7): Executed 119 of 332[31m (16 FAILED)[39m (0 secs / 27.122 secs)
LOG: 'Event Data:', Object{}
[1A[2KLOG: [36m'No VenueID found in event data'[39m
Chrome Headless 141.0.0.0 (Mac OS 10.15.7): Executed 119 of 332[31m (16 FAILED)[39m (0 secs / 27.122 secs)
LOG: 'No VenueID found in event data'
[1A[2KLOG: [36m'No Budget found in event data, Budget field value:', undefined[39m
Chrome Headless 141.0.0.0 (Mac OS 10.15.7): Executed 119 of 332[31m (16 FAILED)[39m (0 secs / 27.122 secs)
LOG: 'No Budget found in event data, Budget field value:', undefined
[1A[2KLOG: [36m'RSVP Code found:', null[39m
Chrome Headless 141.0.0.0 (Mac OS 10.15.7): Executed 119 of 332[31m (16 FAILED)[39m (0 secs / 27.122 secs)
LOG: 'RSVP Code found:', null
[1A[2KLOG: [36m'Looking for guests with EventID:', 'U1'[39m
Chrome Headless 141.0.0.0 (Mac OS 10.15.7): Executed 119 of 332[31m (16 FAILED)[39m (0 secs / 27.122 secs)
LOG: 'Looking for guests with EventID:', 'U1'
[1A[2KLOG: [36m'Guests query result - number of docs:', undefined[39m
Chrome Headless 141.0.0.0 (Mac OS 10.15.7): Executed 119 of 332[31m (16 FAILED)[39m (0 secs / 27.122 secs)
LOG: 'Guests query result - number of docs:', undefined
[1A[2KLOG: [36m'Final counts - Total:', 0, 'Confirmed:', 0[39m
Chrome Headless 141.0.0.0 (Mac OS 10.15.7): Executed 119 of 332[31m (16 FAILED)[39m (0 secs / 27.122 secs)
LOG: 'Final counts - Total:', 0, 'Confirmed:', 0
[1A[2KLOG: [36m'Looking for orders with eventID:', 'U1'[39m
Chrome Headless 141.0.0.0 (Mac OS 10.15.7): Executed 119 of 332[31m (16 FAILED)[39m (0 secs / 27.122 secs)
LOG: 'Looking for orders with eventID:', 'U1'
[1A[2KLOG: [36m'Orders query result - number of docs:', undefined[39m
Chrome Headless 141.0.0.0 (Mac OS 10.15.7): Executed 119 of 332[31m (16 FAILED)[39m (0 secs / 27.122 secs)
LOG: 'Orders query result - number of docs:', undefined
[1A[2KLOG: [36m'Found company IDs:', [][39m
Chrome Headless 141.0.0.0 (Mac OS 10.15.7): Executed 119 of 332[31m (16 FAILED)[39m (0 secs / 27.122 secs)
LOG: 'Found company IDs:', []
[1A[2KLOG: [36m'Final selected vendors:', [][39m
Chrome Headless 141.0.0.0 (Mac OS 10.15.7): Executed 119 of 332[31m (16 FAILED)[39m (0 secs / 27.122 secs)
LOG: 'Final selected vendors:', []
[1A[2KERROR: [36m'Error fetching notifications from API:', Error: NG0205: Injector has already been destroyed.
Error: NG0205: Injector has already been destroyed.
    at assertNotDestroyed (http://localhost:9876/k8-fastbuild-ST-199a4f3c4e20/bin/packages/core/src/di/r3_injector.ts:679:11)
    at R3Injector.get (http://localhost:9876/k8-fastbuild-ST-199a4f3c4e20/bin/packages/core/src/di/r3_injector.ts:326:5)
    at _HttpInterceptorHandler.handle (http://localhost:9876/k8-fastbuild-ST-199a4f3c4e20/bin/packages/common/http/src/interceptor.ts:310:28)
    at http://localhost:9876/k8-fastbuild-ST-199a4f3c4e20/bin/packages/common/http/src/client.ts:842:57
    at doInnerSub (http://localhost:9876/base/node_modules/rxjs/src/internal/operators/mergeInternals.ts:71:15)
    at outerNext (http://localhost:9876/base/node_modules/rxjs/src/internal/operators/mergeInternals.ts:53:58)
    at OperatorSubscriber._next (http://localhost:9876/base/node_modules/rxjs/src/internal/operators/OperatorSubscriber.ts:70:13)
    at OperatorSubscriber.next (http://localhost:9876/base/node_modules/rxjs/src/internal/Subscriber.ts:71:12)
    at _Observable._subscribe (http://localhost:9876/base/node_modules/rxjs/src/internal/observable/innerFrom.ts:78:18)
    at _Observable._trySubscribe (http://localhost:9876/base/node_modules/rxjs/src/internal/Observable.ts:235:19)[39m
Chrome Headless 141.0.0.0 (Mac OS 10.15.7): Executed 119 of 332[31m (16 FAILED)[39m (0 secs / 27.122 secs)
ERROR: 'Error fetching notifications from API:', Error: NG0205: Injector has already been destroyed.
Error: NG0205: Injector has already been destroyed.
    at assertNotDestroyed (http://localhost:9876/k8-fastbuild-ST-199a4f3c4e20/bin/packages/core/src/di/r3_injector.ts:679:11)
    at R3Injector.get (http://localhost:9876/k8-fastbuild-ST-199a4f3c4e20/bin/packages/core/src/di/r3_injector.ts:326:5)
    at _HttpInterceptorHandler.handle (http://localhost:9876/k8-fastbuild-ST-199a4f3c4e20/bin/packages/common/http/src/interceptor.ts:310:28)
    at http://localhost:9876/k8-fastbuild-ST-199a4f3c4e20/bin/packages/common/http/src/client.ts:842:57
    at doInnerSub (http://localhost:9876/base/node_modules/rxjs/src/internal/operators/mergeInternals.ts:71:15)
    at outerNext (http://localhost:9876/base/node_modules/rxjs/src/internal/operators/mergeInternals.ts:53:58)
    at OperatorSubscriber._next (http://localhost:9876/base/node_modules/rxjs/src/internal/operators/OperatorSubscriber.ts:70:13)
    at OperatorSubscriber.next (http://localhost:9876/base/node_modules/rxjs/src/internal/Subscriber.ts:71:12)
    at _Observable._subscribe (http://localhost:9876/base/node_modules/rxjs/src/internal/observable/innerFrom.ts:78:18)
    at _Observable._trySubscribe (http://localhost:9876/base/node_modules/rxjs/src/internal/Observable.ts:235:19)
[1A[2KChrome Headless 141.0.0.0 (Mac OS 10.15.7): Executed 120 of 332[31m (16 FAILED)[39m (0 secs / 27.127 secs)
[1A[2KLOG: [36m'Event Data:', Object{}[39m
Chrome Headless 141.0.0.0 (Mac OS 10.15.7): Executed 120 of 332[31m (16 FAILED)[39m (0 secs / 27.127 secs)
LOG: 'Event Data:', Object{}
[1A[2KLOG: [36m'No VenueID found in event data'[39m
Chrome Headless 141.0.0.0 (Mac OS 10.15.7): Executed 120 of 332[31m (16 FAILED)[39m (0 secs / 27.127 secs)
LOG: 'No VenueID found in event data'
[1A[2KLOG: [36m'No Budget found in event data, Budget field value:', undefined[39m
Chrome Headless 141.0.0.0 (Mac OS 10.15.7): Executed 120 of 332[31m (16 FAILED)[39m (0 secs / 27.127 secs)
LOG: 'No Budget found in event data, Budget field value:', undefined
[1A[2KLOG: [36m'RSVP Code found:', null[39m
Chrome Headless 141.0.0.0 (Mac OS 10.15.7): Executed 120 of 332[31m (16 FAILED)[39m (0 secs / 27.127 secs)
LOG: 'RSVP Code found:', null
[1A[2KLOG: [36m'Looking for guests with EventID:', 'U1'[39m
Chrome Headless 141.0.0.0 (Mac OS 10.15.7): Executed 120 of 332[31m (16 FAILED)[39m (0 secs / 27.127 secs)
LOG: 'Looking for guests with EventID:', 'U1'
[1A[2KLOG: [36m'Guests query result - number of docs:', undefined[39m
Chrome Headless 141.0.0.0 (Mac OS 10.15.7): Executed 120 of 332[31m (16 FAILED)[39m (0 secs / 27.127 secs)
LOG: 'Guests query result - number of docs:', undefined
[1A[2KLOG: [36m'Final counts - Total:', 0, 'Confirmed:', 0[39m
Chrome Headless 141.0.0.0 (Mac OS 10.15.7): Executed 120 of 332[31m (16 FAILED)[39m (0 secs / 27.127 secs)
LOG: 'Final counts - Total:', 0, 'Confirmed:', 0
[1A[2KLOG: [36m'Looking for orders with eventID:', 'U1'[39m
Chrome Headless 141.0.0.0 (Mac OS 10.15.7): Executed 120 of 332[31m (16 FAILED)[39m (0 secs / 27.127 secs)
LOG: 'Looking for orders with eventID:', 'U1'
[1A[2KLOG: [36m'Orders query result - number of docs:', undefined[39m
Chrome Headless 141.0.0.0 (Mac OS 10.15.7): Executed 120 of 332[31m (16 FAILED)[39m (0 secs / 27.127 secs)
LOG: 'Orders query result - number of docs:', undefined
[1A[2KLOG: [36m'Found company IDs:', [][39m
Chrome Headless 141.0.0.0 (Mac OS 10.15.7): Executed 120 of 332[31m (16 FAILED)[39m (0 secs / 27.127 secs)
LOG: 'Found company IDs:', []
[1A[2KLOG: [36m'Final selected vendors:', [][39m
Chrome Headless 141.0.0.0 (Mac OS 10.15.7): Executed 120 of 332[31m (16 FAILED)[39m (0 secs / 27.127 secs)
LOG: 'Final selected vendors:', []
[1A[2KERROR: [36m'Error fetching notifications from API:', Error: NG0205: Injector has already been destroyed.
Error: NG0205: Injector has already been destroyed.
    at assertNotDestroyed (http://localhost:9876/k8-fastbuild-ST-199a4f3c4e20/bin/packages/core/src/di/r3_injector.ts:679:11)
    at R3Injector.get (http://localhost:9876/k8-fastbuild-ST-199a4f3c4e20/bin/packages/core/src/di/r3_injector.ts:326:5)
    at _HttpInterceptorHandler.handle (http://localhost:9876/k8-fastbuild-ST-199a4f3c4e20/bin/packages/common/http/src/interceptor.ts:310:28)
    at http://localhost:9876/k8-fastbuild-ST-199a4f3c4e20/bin/packages/common/http/src/client.ts:842:57
    at doInnerSub (http://localhost:9876/base/node_modules/rxjs/src/internal/operators/mergeInternals.ts:71:15)
    at outerNext (http://localhost:9876/base/node_modules/rxjs/src/internal/operators/mergeInternals.ts:53:58)
    at OperatorSubscriber._next (http://localhost:9876/base/node_modules/rxjs/src/internal/operators/OperatorSubscriber.ts:70:13)
    at OperatorSubscriber.next (http://localhost:9876/base/node_modules/rxjs/src/internal/Subscriber.ts:71:12)
    at _Observable._subscribe (http://localhost:9876/base/node_modules/rxjs/src/internal/observable/innerFrom.ts:78:18)
    at _Observable._trySubscribe (http://localhost:9876/base/node_modules/rxjs/src/internal/Observable.ts:235:19)[39m
Chrome Headless 141.0.0.0 (Mac OS 10.15.7): Executed 120 of 332[31m (16 FAILED)[39m (0 secs / 27.127 secs)
ERROR: 'Error fetching notifications from API:', Error: NG0205: Injector has already been destroyed.
Error: NG0205: Injector has already been destroyed.
    at assertNotDestroyed (http://localhost:9876/k8-fastbuild-ST-199a4f3c4e20/bin/packages/core/src/di/r3_injector.ts:679:11)
    at R3Injector.get (http://localhost:9876/k8-fastbuild-ST-199a4f3c4e20/bin/packages/core/src/di/r3_injector.ts:326:5)
    at _HttpInterceptorHandler.handle (http://localhost:9876/k8-fastbuild-ST-199a4f3c4e20/bin/packages/common/http/src/interceptor.ts:310:28)
    at http://localhost:9876/k8-fastbuild-ST-199a4f3c4e20/bin/packages/common/http/src/client.ts:842:57
    at doInnerSub (http://localhost:9876/base/node_modules/rxjs/src/internal/operators/mergeInternals.ts:71:15)
    at outerNext (http://localhost:9876/base/node_modules/rxjs/src/internal/operators/mergeInternals.ts:53:58)
    at OperatorSubscriber._next (http://localhost:9876/base/node_modules/rxjs/src/internal/operators/OperatorSubscriber.ts:70:13)
    at OperatorSubscriber.next (http://localhost:9876/base/node_modules/rxjs/src/internal/Subscriber.ts:71:12)
    at _Observable._subscribe (http://localhost:9876/base/node_modules/rxjs/src/internal/observable/innerFrom.ts:78:18)
    at _Observable._trySubscribe (http://localhost:9876/base/node_modules/rxjs/src/internal/Observable.ts:235:19)
[1A[2KChrome Headless 141.0.0.0 (Mac OS 10.15.7): Executed 121 of 332[31m (16 FAILED)[39m (0 secs / 27.132 secs)
[1A[2KLOG: [36m'Event Data:', Object{}[39m
Chrome Headless 141.0.0.0 (Mac OS 10.15.7): Executed 121 of 332[31m (16 FAILED)[39m (0 secs / 27.132 secs)
LOG: 'Event Data:', Object{}
[1A[2KLOG: [36m'No VenueID found in event data'[39m
Chrome Headless 141.0.0.0 (Mac OS 10.15.7): Executed 121 of 332[31m (16 FAILED)[39m (0 secs / 27.132 secs)
LOG: 'No VenueID found in event data'
[1A[2KLOG: [36m'No Budget found in event data, Budget field value:', undefined[39m
Chrome Headless 141.0.0.0 (Mac OS 10.15.7): Executed 121 of 332[31m (16 FAILED)[39m (0 secs / 27.132 secs)
LOG: 'No Budget found in event data, Budget field value:', undefined
[1A[2KLOG: [36m'RSVP Code found:', null[39m
Chrome Headless 141.0.0.0 (Mac OS 10.15.7): Executed 121 of 332[31m (16 FAILED)[39m (0 secs / 27.132 secs)
LOG: 'RSVP Code found:', null
[1A[2KLOG: [36m'Looking for guests with EventID:', 'U1'[39m
Chrome Headless 141.0.0.0 (Mac OS 10.15.7): Executed 121 of 332[31m (16 FAILED)[39m (0 secs / 27.132 secs)
LOG: 'Looking for guests with EventID:', 'U1'
[1A[2KLOG: [36m'Guests query result - number of docs:', undefined[39m
Chrome Headless 141.0.0.0 (Mac OS 10.15.7): Executed 121 of 332[31m (16 FAILED)[39m (0 secs / 27.132 secs)
LOG: 'Guests query result - number of docs:', undefined
[1A[2KLOG: [36m'Final counts - Total:', 0, 'Confirmed:', 0[39m
Chrome Headless 141.0.0.0 (Mac OS 10.15.7): Executed 121 of 332[31m (16 FAILED)[39m (0 secs / 27.132 secs)
LOG: 'Final counts - Total:', 0, 'Confirmed:', 0
[1A[2KLOG: [36m'Looking for orders with eventID:', 'U1'[39m
Chrome Headless 141.0.0.0 (Mac OS 10.15.7): Executed 121 of 332[31m (16 FAILED)[39m (0 secs / 27.132 secs)
LOG: 'Looking for orders with eventID:', 'U1'
[1A[2KLOG: [36m'Orders query result - number of docs:', undefined[39m
Chrome Headless 141.0.0.0 (Mac OS 10.15.7): Executed 121 of 332[31m (16 FAILED)[39m (0 secs / 27.132 secs)
LOG: 'Orders query result - number of docs:', undefined
[1A[2KLOG: [36m'Found company IDs:', [][39m
Chrome Headless 141.0.0.0 (Mac OS 10.15.7): Executed 121 of 332[31m (16 FAILED)[39m (0 secs / 27.132 secs)
LOG: 'Found company IDs:', []
[1A[2KLOG: [36m'Final selected vendors:', [][39m
Chrome Headless 141.0.0.0 (Mac OS 10.15.7): Executed 121 of 332[31m (16 FAILED)[39m (0 secs / 27.132 secs)
LOG: 'Final selected vendors:', []
[1A[2KERROR: [36m'Error fetching notifications from API:', Error: NG0205: Injector has already been destroyed.
Error: NG0205: Injector has already been destroyed.
    at assertNotDestroyed (http://localhost:9876/k8-fastbuild-ST-199a4f3c4e20/bin/packages/core/src/di/r3_injector.ts:679:11)
    at R3Injector.get (http://localhost:9876/k8-fastbuild-ST-199a4f3c4e20/bin/packages/core/src/di/r3_injector.ts:326:5)
    at _HttpInterceptorHandler.handle (http://localhost:9876/k8-fastbuild-ST-199a4f3c4e20/bin/packages/common/http/src/interceptor.ts:310:28)
    at http://localhost:9876/k8-fastbuild-ST-199a4f3c4e20/bin/packages/common/http/src/client.ts:842:57
    at doInnerSub (http://localhost:9876/base/node_modules/rxjs/src/internal/operators/mergeInternals.ts:71:15)
    at outerNext (http://localhost:9876/base/node_modules/rxjs/src/internal/operators/mergeInternals.ts:53:58)
    at OperatorSubscriber._next (http://localhost:9876/base/node_modules/rxjs/src/internal/operators/OperatorSubscriber.ts:70:13)
    at OperatorSubscriber.next (http://localhost:9876/base/node_modules/rxjs/src/internal/Subscriber.ts:71:12)
    at _Observable._subscribe (http://localhost:9876/base/node_modules/rxjs/src/internal/observable/innerFrom.ts:78:18)
    at _Observable._trySubscribe (http://localhost:9876/base/node_modules/rxjs/src/internal/Observable.ts:235:19)[39m
Chrome Headless 141.0.0.0 (Mac OS 10.15.7): Executed 121 of 332[31m (16 FAILED)[39m (0 secs / 27.132 secs)
ERROR: 'Error fetching notifications from API:', Error: NG0205: Injector has already been destroyed.
Error: NG0205: Injector has already been destroyed.
    at assertNotDestroyed (http://localhost:9876/k8-fastbuild-ST-199a4f3c4e20/bin/packages/core/src/di/r3_injector.ts:679:11)
    at R3Injector.get (http://localhost:9876/k8-fastbuild-ST-199a4f3c4e20/bin/packages/core/src/di/r3_injector.ts:326:5)
    at _HttpInterceptorHandler.handle (http://localhost:9876/k8-fastbuild-ST-199a4f3c4e20/bin/packages/common/http/src/interceptor.ts:310:28)
    at http://localhost:9876/k8-fastbuild-ST-199a4f3c4e20/bin/packages/common/http/src/client.ts:842:57
    at doInnerSub (http://localhost:9876/base/node_modules/rxjs/src/internal/operators/mergeInternals.ts:71:15)
    at outerNext (http://localhost:9876/base/node_modules/rxjs/src/internal/operators/mergeInternals.ts:53:58)
    at OperatorSubscriber._next (http://localhost:9876/base/node_modules/rxjs/src/internal/operators/OperatorSubscriber.ts:70:13)
    at OperatorSubscriber.next (http://localhost:9876/base/node_modules/rxjs/src/internal/Subscriber.ts:71:12)
    at _Observable._subscribe (http://localhost:9876/base/node_modules/rxjs/src/internal/observable/innerFrom.ts:78:18)
    at _Observable._trySubscribe (http://localhost:9876/base/node_modules/rxjs/src/internal/Observable.ts:235:19)
[1A[2KChrome Headless 141.0.0.0 (Mac OS 10.15.7): Executed 122 of 332[31m (16 FAILED)[39m (0 secs / 27.137 secs)
[1A[2KLOG: [36m'Event Data:', Object{}[39m
Chrome Headless 141.0.0.0 (Mac OS 10.15.7): Executed 122 of 332[31m (16 FAILED)[39m (0 secs / 27.137 secs)
LOG: 'Event Data:', Object{}
[1A[2KLOG: [36m'No VenueID found in event data'[39m
Chrome Headless 141.0.0.0 (Mac OS 10.15.7): Executed 122 of 332[31m (16 FAILED)[39m (0 secs / 27.137 secs)
LOG: 'No VenueID found in event data'
[1A[2KLOG: [36m'No Budget found in event data, Budget field value:', undefined[39m
Chrome Headless 141.0.0.0 (Mac OS 10.15.7): Executed 122 of 332[31m (16 FAILED)[39m (0 secs / 27.137 secs)
LOG: 'No Budget found in event data, Budget field value:', undefined
[1A[2KLOG: [36m'RSVP Code found:', null[39m
Chrome Headless 141.0.0.0 (Mac OS 10.15.7): Executed 122 of 332[31m (16 FAILED)[39m (0 secs / 27.137 secs)
LOG: 'RSVP Code found:', null
[1A[2KLOG: [36m'Looking for guests with EventID:', 'U1'[39m
Chrome Headless 141.0.0.0 (Mac OS 10.15.7): Executed 122 of 332[31m (16 FAILED)[39m (0 secs / 27.137 secs)
LOG: 'Looking for guests with EventID:', 'U1'
[1A[2KLOG: [36m'Guests query result - number of docs:', undefined[39m
Chrome Headless 141.0.0.0 (Mac OS 10.15.7): Executed 122 of 332[31m (16 FAILED)[39m (0 secs / 27.137 secs)
LOG: 'Guests query result - number of docs:', undefined
[1A[2KLOG: [36m'Final counts - Total:', 0, 'Confirmed:', 0[39m
Chrome Headless 141.0.0.0 (Mac OS 10.15.7): Executed 122 of 332[31m (16 FAILED)[39m (0 secs / 27.137 secs)
LOG: 'Final counts - Total:', 0, 'Confirmed:', 0
[1A[2KLOG: [36m'Looking for orders with eventID:', 'U1'[39m
Chrome Headless 141.0.0.0 (Mac OS 10.15.7): Executed 122 of 332[31m (16 FAILED)[39m (0 secs / 27.137 secs)
LOG: 'Looking for orders with eventID:', 'U1'
[1A[2KLOG: [36m'Orders query result - number of docs:', undefined[39m
Chrome Headless 141.0.0.0 (Mac OS 10.15.7): Executed 122 of 332[31m (16 FAILED)[39m (0 secs / 27.137 secs)
LOG: 'Orders query result - number of docs:', undefined
[1A[2KLOG: [36m'Found company IDs:', [][39m
Chrome Headless 141.0.0.0 (Mac OS 10.15.7): Executed 122 of 332[31m (16 FAILED)[39m (0 secs / 27.137 secs)
LOG: 'Found company IDs:', []
[1A[2KLOG: [36m'Final selected vendors:', [][39m
Chrome Headless 141.0.0.0 (Mac OS 10.15.7): Executed 122 of 332[31m (16 FAILED)[39m (0 secs / 27.137 secs)
LOG: 'Final selected vendors:', []
[1A[2KERROR: [36m'Error fetching notifications from API:', Error: NG0205: Injector has already been destroyed.
Error: NG0205: Injector has already been destroyed.
    at assertNotDestroyed (http://localhost:9876/k8-fastbuild-ST-199a4f3c4e20/bin/packages/core/src/di/r3_injector.ts:679:11)
    at R3Injector.get (http://localhost:9876/k8-fastbuild-ST-199a4f3c4e20/bin/packages/core/src/di/r3_injector.ts:326:5)
    at _HttpInterceptorHandler.handle (http://localhost:9876/k8-fastbuild-ST-199a4f3c4e20/bin/packages/common/http/src/interceptor.ts:310:28)
    at http://localhost:9876/k8-fastbuild-ST-199a4f3c4e20/bin/packages/common/http/src/client.ts:842:57
    at doInnerSub (http://localhost:9876/base/node_modules/rxjs/src/internal/operators/mergeInternals.ts:71:15)
    at outerNext (http://localhost:9876/base/node_modules/rxjs/src/internal/operators/mergeInternals.ts:53:58)
    at OperatorSubscriber._next (http://localhost:9876/base/node_modules/rxjs/src/internal/operators/OperatorSubscriber.ts:70:13)
    at OperatorSubscriber.next (http://localhost:9876/base/node_modules/rxjs/src/internal/Subscriber.ts:71:12)
    at _Observable._subscribe (http://localhost:9876/base/node_modules/rxjs/src/internal/observable/innerFrom.ts:78:18)
    at _Observable._trySubscribe (http://localhost:9876/base/node_modules/rxjs/src/internal/Observable.ts:235:19)[39m
Chrome Headless 141.0.0.0 (Mac OS 10.15.7): Executed 122 of 332[31m (16 FAILED)[39m (0 secs / 27.137 secs)
ERROR: 'Error fetching notifications from API:', Error: NG0205: Injector has already been destroyed.
Error: NG0205: Injector has already been destroyed.
    at assertNotDestroyed (http://localhost:9876/k8-fastbuild-ST-199a4f3c4e20/bin/packages/core/src/di/r3_injector.ts:679:11)
    at R3Injector.get (http://localhost:9876/k8-fastbuild-ST-199a4f3c4e20/bin/packages/core/src/di/r3_injector.ts:326:5)
    at _HttpInterceptorHandler.handle (http://localhost:9876/k8-fastbuild-ST-199a4f3c4e20/bin/packages/common/http/src/interceptor.ts:310:28)
    at http://localhost:9876/k8-fastbuild-ST-199a4f3c4e20/bin/packages/common/http/src/client.ts:842:57
    at doInnerSub (http://localhost:9876/base/node_modules/rxjs/src/internal/operators/mergeInternals.ts:71:15)
    at outerNext (http://localhost:9876/base/node_modules/rxjs/src/internal/operators/mergeInternals.ts:53:58)
    at OperatorSubscriber._next (http://localhost:9876/base/node_modules/rxjs/src/internal/operators/OperatorSubscriber.ts:70:13)
    at OperatorSubscriber.next (http://localhost:9876/base/node_modules/rxjs/src/internal/Subscriber.ts:71:12)
    at _Observable._subscribe (http://localhost:9876/base/node_modules/rxjs/src/internal/observable/innerFrom.ts:78:18)
    at _Observable._trySubscribe (http://localhost:9876/base/node_modules/rxjs/src/internal/Observable.ts:235:19)
[1A[2KChrome Headless 141.0.0.0 (Mac OS 10.15.7): Executed 123 of 332[31m (16 FAILED)[39m (0 secs / 27.142 secs)
[1A[2KLOG: [36m'Event Data:', Object{}[39m
Chrome Headless 141.0.0.0 (Mac OS 10.15.7): Executed 123 of 332[31m (16 FAILED)[39m (0 secs / 27.142 secs)
LOG: 'Event Data:', Object{}
[1A[2KLOG: [36m'No VenueID found in event data'[39m
Chrome Headless 141.0.0.0 (Mac OS 10.15.7): Executed 123 of 332[31m (16 FAILED)[39m (0 secs / 27.142 secs)
LOG: 'No VenueID found in event data'
[1A[2KLOG: [36m'No Budget found in event data, Budget field value:', undefined[39m
Chrome Headless 141.0.0.0 (Mac OS 10.15.7): Executed 123 of 332[31m (16 FAILED)[39m (0 secs / 27.142 secs)
LOG: 'No Budget found in event data, Budget field value:', undefined
[1A[2KLOG: [36m'RSVP Code found:', null[39m
Chrome Headless 141.0.0.0 (Mac OS 10.15.7): Executed 123 of 332[31m (16 FAILED)[39m (0 secs / 27.142 secs)
LOG: 'RSVP Code found:', null
[1A[2KLOG: [36m'Looking for guests with EventID:', 'U1'[39m
Chrome Headless 141.0.0.0 (Mac OS 10.15.7): Executed 123 of 332[31m (16 FAILED)[39m (0 secs / 27.142 secs)
LOG: 'Looking for guests with EventID:', 'U1'
[1A[2KLOG: [36m'Guests query result - number of docs:', undefined[39m
Chrome Headless 141.0.0.0 (Mac OS 10.15.7): Executed 123 of 332[31m (16 FAILED)[39m (0 secs / 27.142 secs)
LOG: 'Guests query result - number of docs:', undefined
[1A[2KLOG: [36m'Final counts - Total:', 0, 'Confirmed:', 0[39m
Chrome Headless 141.0.0.0 (Mac OS 10.15.7): Executed 123 of 332[31m (16 FAILED)[39m (0 secs / 27.142 secs)
LOG: 'Final counts - Total:', 0, 'Confirmed:', 0
[1A[2KLOG: [36m'Looking for orders with eventID:', 'U1'[39m
Chrome Headless 141.0.0.0 (Mac OS 10.15.7): Executed 123 of 332[31m (16 FAILED)[39m (0 secs / 27.142 secs)
LOG: 'Looking for orders with eventID:', 'U1'
[1A[2KLOG: [36m'Orders query result - number of docs:', undefined[39m
Chrome Headless 141.0.0.0 (Mac OS 10.15.7): Executed 123 of 332[31m (16 FAILED)[39m (0 secs / 27.142 secs)
LOG: 'Orders query result - number of docs:', undefined
[1A[2KLOG: [36m'Found company IDs:', [][39m
Chrome Headless 141.0.0.0 (Mac OS 10.15.7): Executed 123 of 332[31m (16 FAILED)[39m (0 secs / 27.142 secs)
LOG: 'Found company IDs:', []
[1A[2KLOG: [36m'Final selected vendors:', [][39m
Chrome Headless 141.0.0.0 (Mac OS 10.15.7): Executed 123 of 332[31m (16 FAILED)[39m (0 secs / 27.142 secs)
LOG: 'Final selected vendors:', []
[1A[2KERROR: [36m'Error fetching notifications from API:', Error: NG0205: Injector has already been destroyed.
Error: NG0205: Injector has already been destroyed.
    at assertNotDestroyed (http://localhost:9876/k8-fastbuild-ST-199a4f3c4e20/bin/packages/core/src/di/r3_injector.ts:679:11)
    at R3Injector.get (http://localhost:9876/k8-fastbuild-ST-199a4f3c4e20/bin/packages/core/src/di/r3_injector.ts:326:5)
    at _HttpInterceptorHandler.handle (http://localhost:9876/k8-fastbuild-ST-199a4f3c4e20/bin/packages/common/http/src/interceptor.ts:310:28)
    at http://localhost:9876/k8-fastbuild-ST-199a4f3c4e20/bin/packages/common/http/src/client.ts:842:57
    at doInnerSub (http://localhost:9876/base/node_modules/rxjs/src/internal/operators/mergeInternals.ts:71:15)
    at outerNext (http://localhost:9876/base/node_modules/rxjs/src/internal/operators/mergeInternals.ts:53:58)
    at OperatorSubscriber._next (http://localhost:9876/base/node_modules/rxjs/src/internal/operators/OperatorSubscriber.ts:70:13)
    at OperatorSubscriber.next (http://localhost:9876/base/node_modules/rxjs/src/internal/Subscriber.ts:71:12)
    at _Observable._subscribe (http://localhost:9876/base/node_modules/rxjs/src/internal/observable/innerFrom.ts:78:18)
    at _Observable._trySubscribe (http://localhost:9876/base/node_modules/rxjs/src/internal/Observable.ts:235:19)[39m
Chrome Headless 141.0.0.0 (Mac OS 10.15.7): Executed 123 of 332[31m (16 FAILED)[39m (0 secs / 27.142 secs)
ERROR: 'Error fetching notifications from API:', Error: NG0205: Injector has already been destroyed.
Error: NG0205: Injector has already been destroyed.
    at assertNotDestroyed (http://localhost:9876/k8-fastbuild-ST-199a4f3c4e20/bin/packages/core/src/di/r3_injector.ts:679:11)
    at R3Injector.get (http://localhost:9876/k8-fastbuild-ST-199a4f3c4e20/bin/packages/core/src/di/r3_injector.ts:326:5)
    at _HttpInterceptorHandler.handle (http://localhost:9876/k8-fastbuild-ST-199a4f3c4e20/bin/packages/common/http/src/interceptor.ts:310:28)
    at http://localhost:9876/k8-fastbuild-ST-199a4f3c4e20/bin/packages/common/http/src/client.ts:842:57
    at doInnerSub (http://localhost:9876/base/node_modules/rxjs/src/internal/operators/mergeInternals.ts:71:15)
    at outerNext (http://localhost:9876/base/node_modules/rxjs/src/internal/operators/mergeInternals.ts:53:58)
    at OperatorSubscriber._next (http://localhost:9876/base/node_modules/rxjs/src/internal/operators/OperatorSubscriber.ts:70:13)
    at OperatorSubscriber.next (http://localhost:9876/base/node_modules/rxjs/src/internal/Subscriber.ts:71:12)
    at _Observable._subscribe (http://localhost:9876/base/node_modules/rxjs/src/internal/observable/innerFrom.ts:78:18)
    at _Observable._trySubscribe (http://localhost:9876/base/node_modules/rxjs/src/internal/Observable.ts:235:19)
[1A[2KChrome Headless 141.0.0.0 (Mac OS 10.15.7): Executed 124 of 332[31m (16 FAILED)[39m (0 secs / 27.214 secs)
[1A[2KChrome Headless 141.0.0.0 (Mac OS 10.15.7): Executed 125 of 332[31m (16 FAILED)[39m (0 secs / 27.223 secs)
[1A[2KChrome Headless 141.0.0.0 (Mac OS 10.15.7): Executed 126 of 332[31m (16 FAILED)[39m (0 secs / 27.231 secs)
[1A[2KChrome Headless 141.0.0.0 (Mac OS 10.15.7): Executed 127 of 332[31m (16 FAILED)[39m (0 secs / 27.241 secs)
[1A[2KChrome Headless 141.0.0.0 (Mac OS 10.15.7): Executed 128 of 332[31m (16 FAILED)[39m (0 secs / 27.248 secs)
[1A[2KChrome Headless 141.0.0.0 (Mac OS 10.15.7): Executed 129 of 332[31m (16 FAILED)[39m (0 secs / 27.253 secs)
[1A[2KChrome Headless 141.0.0.0 (Mac OS 10.15.7): Executed 130 of 332[31m (16 FAILED)[39m (0 secs / 27.26 secs)
[1A[2KChrome Headless 141.0.0.0 (Mac OS 10.15.7): Executed 131 of 332[31m (16 FAILED)[39m (0 secs / 27.266 secs)
[1A[2KChrome Headless 141.0.0.0 (Mac OS 10.15.7): Executed 132 of 332[31m (16 FAILED)[39m (0 secs / 27.274 secs)
[1A[2KChrome Headless 141.0.0.0 (Mac OS 10.15.7): Executed 133 of 332[31m (16 FAILED)[39m (0 secs / 27.279 secs)
[1A[2KChrome Headless 141.0.0.0 (Mac OS 10.15.7): Executed 134 of 332[31m (16 FAILED)[39m (0 secs / 27.283 secs)
[1A[2KChrome Headless 141.0.0.0 (Mac OS 10.15.7): Executed 135 of 332[31m (16 FAILED)[39m (0 secs / 27.288 secs)
[1A[2KChrome Headless 141.0.0.0 (Mac OS 10.15.7): Executed 136 of 332[31m (16 FAILED)[39m (0 secs / 27.293 secs)
[1A[2KChrome Headless 141.0.0.0 (Mac OS 10.15.7): Executed 137 of 332[31m (16 FAILED)[39m (0 secs / 27.298 secs)
[1A[2KChrome Headless 141.0.0.0 (Mac OS 10.15.7): Executed 138 of 332[31m (16 FAILED)[39m (0 secs / 27.303 secs)
[1A[2KChrome Headless 141.0.0.0 (Mac OS 10.15.7): Executed 139 of 332[31m (16 FAILED)[39m (0 secs / 27.309 secs)
[1A[2KChrome Headless 141.0.0.0 (Mac OS 10.15.7): Executed 140 of 332[31m (16 FAILED)[39m (0 secs / 27.314 secs)
[1A[2KChrome Headless 141.0.0.0 (Mac OS 10.15.7): Executed 141 of 332[31m (16 FAILED)[39m (0 secs / 27.326 secs)
[1A[2KChrome Headless 141.0.0.0 (Mac OS 10.15.7): Executed 142 of 332[31m (16 FAILED)[39m (0 secs / 27.33 secs)
[1A[2KChrome Headless 141.0.0.0 (Mac OS 10.15.7): Executed 143 of 332[31m (16 FAILED)[39m (0 secs / 27.337 secs)
[1A[2KChrome Headless 141.0.0.0 (Mac OS 10.15.7): Executed 144 of 332[31m (16 FAILED)[39m (0 secs / 27.343 secs)
[1A[2KERROR: [36m'Map search error:', Object{status: 404}[39m
Chrome Headless 141.0.0.0 (Mac OS 10.15.7): Executed 144 of 332[31m (16 FAILED)[39m (0 secs / 27.343 secs)
ERROR: 'Map search error:', Object{status: 404}
[1A[2KChrome Headless 141.0.0.0 (Mac OS 10.15.7): Executed 145 of 332[31m (16 FAILED)[39m (0 secs / 27.35 secs)
[1A[2KChrome Headless 141.0.0.0 (Mac OS 10.15.7): Executed 146 of 332[31m (16 FAILED)[39m (0 secs / 27.356 secs)
[1A[2KChrome Headless 141.0.0.0 (Mac OS 10.15.7): Executed 147 of 332[31m (16 FAILED)[39m (0 secs / 27.362 secs)
[1A[2KLOG: [36m'User signed out successfully'[39m
Chrome Headless 141.0.0.0 (Mac OS 10.15.7): Executed 147 of 332[31m (16 FAILED)[39m (0 secs / 27.362 secs)
LOG: 'User signed out successfully'
[1A[2KChrome Headless 141.0.0.0 (Mac OS 10.15.7): Executed 148 of 332[31m (16 FAILED)[39m (0 secs / 27.367 secs)
[1A[2KChrome Headless 141.0.0.0 (Mac OS 10.15.7): Executed 149 of 332[31m (16 FAILED)[39m (0 secs / 27.373 secs)
[1A[2KChrome Headless 141.0.0.0 (Mac OS 10.15.7): Executed 150 of 332[31m (16 FAILED)[39m (0 secs / 27.379 secs)
[1A[2KChrome Headless 141.0.0.0 (Mac OS 10.15.7): Executed 151 of 332[31m (16 FAILED)[39m (0 secs / 27.385 secs)
[1A[2KChrome Headless 141.0.0.0 (Mac OS 10.15.7): Executed 152 of 332[31m (16 FAILED)[39m (0 secs / 27.39 secs)
[1A[2KChrome Headless 141.0.0.0 (Mac OS 10.15.7): Executed 153 of 332[31m (16 FAILED)[39m (0 secs / 27.395 secs)
[1A[2KChrome Headless 141.0.0.0 (Mac OS 10.15.7): Executed 154 of 332[31m (16 FAILED)[39m (0 secs / 27.402 secs)
[1A[2KChrome Headless 141.0.0.0 (Mac OS 10.15.7): Executed 155 of 332[31m (16 FAILED)[39m (0 secs / 27.407 secs)
[1A[2KChrome Headless 141.0.0.0 (Mac OS 10.15.7): Executed 156 of 332[31m (16 FAILED)[39m (0 secs / 27.412 secs)
[1A[2KLOG: [36m'User signed out successfully'[39m
Chrome Headless 141.0.0.0 (Mac OS 10.15.7): Executed 156 of 332[31m (16 FAILED)[39m (0 secs / 27.412 secs)
LOG: 'User signed out successfully'
[1A[2KChrome Headless 141.0.0.0 (Mac OS 10.15.7): Executed 157 of 332[31m (16 FAILED)[39m (0 secs / 27.417 secs)
[1A[2KChrome Headless 141.0.0.0 (Mac OS 10.15.7): Executed 158 of 332[31m (16 FAILED)[39m (0 secs / 27.423 secs)
[1A[2KChrome Headless 141.0.0.0 (Mac OS 10.15.7): Executed 159 of 332[31m (16 FAILED)[39m (0 secs / 27.428 secs)
[1A[2KLOG: [36m'Map container not ready, attempt 1/5'[39m
Chrome Headless 141.0.0.0 (Mac OS 10.15.7): Executed 159 of 332[31m (16 FAILED)[39m (0 secs / 27.428 secs)
LOG: 'Map container not ready, attempt 1/5'
[1A[2KChrome Headless 141.0.0.0 (Mac OS 10.15.7): Executed 160 of 332[31m (16 FAILED)[39m (0 secs / 27.434 secs)
[1A[2KChrome Headless 141.0.0.0 (Mac OS 10.15.7): Executed 161 of 332[31m (16 FAILED)[39m (0 secs / 27.44 secs)
[1A[2KChrome Headless 141.0.0.0 (Mac OS 10.15.7): Executed 162 of 332[31m (16 FAILED)[39m (0 secs / 27.445 secs)
[1A[2KERROR: [36m'Error fetching notifications from API:', Error: Cannot make XHRs from within a fake async test. Request URL: https://site--vowsandveils--5dl8fyl4jyqm.code.run/venues/notifications/U1
Error: Cannot make XHRs from within a fake async test. Request URL: https://site--vowsandveils--5dl8fyl4jyqm.code.run/venues/notifications/U1
    at _FakeAsyncTestZoneSpec.onScheduleTask (http://localhost:9876/base/node_modules/zone.js/fesm2015/zone-testing.js:1558:31)
    at _ProxyZoneSpec.onScheduleTask (http://localhost:9876/base/node_modules/zone.js/fesm2015/zone-testing.js:2148:39)
    at _ZoneDelegate.scheduleTask (http://localhost:9876/base/node_modules/zone.js/fesm2015/zone.js:411:51)
    at ZoneImpl.scheduleTask (http://localhost:9876/base/node_modules/zone.js/fesm2015/zone.js:207:43)
    at ZoneImpl.scheduleMacroTask (http://localhost:9876/base/node_modules/zone.js/fesm2015/zone.js:230:25)
    at scheduleMacroTaskWithCurrentZone (http://localhost:9876/base/node_modules/zone.js/fesm2015/zone.js:723:25)
    at http://localhost:9876/base/node_modules/zone.js/fesm2015/zone.js:2221:34
    at XMLHttpRequest.proto.<computed> [as send] (http://localhost:9876/base/node_modules/zone.js/fesm2015/zone.js:1038:24)
    at _Observable._subscribe (http://localhost:9876/k8-fastbuild-ST-199a4f3c4e20/bin/packages/common/http/src/xhr.ts:424:15)
    at _Observable._trySubscribe (http://localhost:9876/base/node_modules/rxjs/src/internal/Observable.ts:235:19)[39m
Chrome Headless 141.0.0.0 (Mac OS 10.15.7): Executed 162 of 332[31m (16 FAILED)[39m (0 secs / 27.445 secs)
ERROR: 'Error fetching notifications from API:', Error: Cannot make XHRs from within a fake async test. Request URL: https://site--vowsandveils--5dl8fyl4jyqm.code.run/venues/notifications/U1
Error: Cannot make XHRs from within a fake async test. Request URL: https://site--vowsandveils--5dl8fyl4jyqm.code.run/venues/notifications/U1
    at _FakeAsyncTestZoneSpec.onScheduleTask (http://localhost:9876/base/node_modules/zone.js/fesm2015/zone-testing.js:1558:31)
    at _ProxyZoneSpec.onScheduleTask (http://localhost:9876/base/node_modules/zone.js/fesm2015/zone-testing.js:2148:39)
    at _ZoneDelegate.scheduleTask (http://localhost:9876/base/node_modules/zone.js/fesm2015/zone.js:411:51)
    at ZoneImpl.scheduleTask (http://localhost:9876/base/node_modules/zone.js/fesm2015/zone.js:207:43)
    at ZoneImpl.scheduleMacroTask (http://localhost:9876/base/node_modules/zone.js/fesm2015/zone.js:230:25)
    at scheduleMacroTaskWithCurrentZone (http://localhost:9876/base/node_modules/zone.js/fesm2015/zone.js:723:25)
    at http://localhost:9876/base/node_modules/zone.js/fesm2015/zone.js:2221:34
    at XMLHttpRequest.proto.<computed> [as send] (http://localhost:9876/base/node_modules/zone.js/fesm2015/zone.js:1038:24)
    at _Observable._subscribe (http://localhost:9876/k8-fastbuild-ST-199a4f3c4e20/bin/packages/common/http/src/xhr.ts:424:15)
    at _Observable._trySubscribe (http://localhost:9876/base/node_modules/rxjs/src/internal/Observable.ts:235:19)
[1A[2K[31mChrome Headless 141.0.0.0 (Mac OS 10.15.7) Homepage â€“ lifecycle & countdown ngOnInit (has event): sets hasEvent, eventData, calls getEventDataForDisplay and sets interval FAILED[39m
	Error: Uncaught (in promise): Error: Cannot make XHRs from within a fake async test. Request URL: https://site--vowsandveils--5dl8fyl4jyqm.code.run/venues/notifications/U1
	Error: Cannot make XHRs from within a fake async test. Request URL: https://site--vowsandveils--5dl8fyl4jyqm.code.run/venues/notifications/U1
	    at _FakeAsyncTestZoneSpec.onScheduleTask (node_modules/zone.js/fesm2015/zone-testing.js:1558:31)
	    at _ProxyZoneSpec.onScheduleTask (node_modules/zone.js/fesm2015/zone-testing.js:2148:39)
	    at _ZoneDelegate.scheduleTask (node_modules/zone.js/fesm2015/zone.js:411:51)
	    at ZoneImpl.scheduleTask (node_modules/zone.js/fesm2015/zone.js:207:43)
	    at ZoneImpl.scheduleMacroTask (node_modules/zone.js/fesm2015/zone.js:230:25)
	    at scheduleMacroTaskWithCurrentZone (node_modules/zone.js/fesm2015/zone.js:723:25)
	    at node_modules/zone.js/fesm2015/zone.js:2221:34
	    at XMLHttpRequest.proto.<computed> [as send] (node_modules/zone.js/fesm2015/zone.js:1038:24)
	    at _Observable._subscribe (http://localhost:9876/k8-fastbuild-ST-199a4f3c4e20/bin/packages/common/http/src/xhr.ts:424:15)
	    at _Observable._trySubscribe (node_modules/rxjs/src/internal/Observable.ts:235:19)
	error properties: Object({ throwOriginal: true, rejection: Error: Cannot make XHRs from within a fake async test. Request URL: https://site--vowsandveils--5dl8fyl4jyqm.code.run/venues/notifications/U1, promise: [object Promise], zone: ZoneImpl({ _parent: ZoneImpl({ _parent: null, _name: '<root>', _properties: Object({  }), _zoneDelegate: _ZoneDelegate({ _zone: <circular reference: Object>, _taskCounts: Object({ microTask: 0, macroTask: 0, eventTask: 0 }), _parentDelegate: null, _forkDlgt: null, _forkZS: null, _forkCurrZone: null, _interceptDlgt: null, _interceptZS: null, _interceptCurrZone: null, _invokeDlgt: null, _invokeZS: null, _invokeCurrZone: null, _handleErrorDlgt: null, _handleErrorZS: null, _handleErrorCurrZone: null, _scheduleTaskDlgt: null, _scheduleTaskZS: null, _scheduleTaskCurrZone: null, _invokeTaskDlgt: null, _invokeTaskZS: null, _invokeTaskCurrZone: null, _cancelTaskDlgt: null, _cancelTaskZS: null, _cancelTaskCurrZone: null, _hasTaskDlgt: null, _hasTaskDlgtOwner: null, _hasTaskZS: null ...
	    at resolvePromise (node_modules/zone.js/fesm2015/zone.js:2470:35)
	    at new ZoneAwarePromise (node_modules/zone.js/fesm2015/zone.js:2704:21)
	    at __async (chunk-GMEUZ63J.js:53:10)
	    at UserContext.<anonymous> (src/app/pages/homepage/homepage.lifecycle.spec.ts:53:125)
	    at UserContext.fakeAsyncFn (node_modules/zone.js/fesm2015/zone-testing.js:1715:26)
	    at _ZoneDelegate.invoke (node_modules/zone.js/fesm2015/zone.js:398:28)
	    at _ProxyZoneSpec.onInvoke (node_modules/zone.js/fesm2015/zone-testing.js:2132:39)
	    at _ZoneDelegate.invoke (node_modules/zone.js/fesm2015/zone.js:397:34)
	    at ZoneImpl.run (node_modules/zone.js/fesm2015/zone.js:113:43)
	    at runInTestZone (node_modules/zone.js/fesm2015/zone-testing.js:216:38)
Chrome Headless 141.0.0.0 (Mac OS 10.15.7): Executed 163 of 332[31m (17 FAILED)[39m (0 secs / 27.456 secs)
[1A[2KChrome Headless 141.0.0.0 (Mac OS 10.15.7): Executed 164 of 332[31m (17 FAILED)[39m (0 secs / 27.522 secs)
[1A[2KLOG: [36m'Map container not ready, attempt 2/5'[39m
Chrome Headless 141.0.0.0 (Mac OS 10.15.7): Executed 164 of 332[31m (17 FAILED)[39m (0 secs / 27.522 secs)
LOG: 'Map container not ready, attempt 2/5'
[1A[2KChrome Headless 141.0.0.0 (Mac OS 10.15.7): Executed 165 of 332[31m (17 FAILED)[39m (0 secs / 27.638 secs)
[1A[2KLOG: [36m'Notifications component initialized'[39m
Chrome Headless 141.0.0.0 (Mac OS 10.15.7): Executed 165 of 332[31m (17 FAILED)[39m (0 secs / 27.638 secs)
LOG: 'Notifications component initialized'
[1A[2KLOG: [36m'Logged in user:', 'test-user-123'[39m
Chrome Headless 141.0.0.0 (Mac OS 10.15.7): Executed 165 of 332[31m (17 FAILED)[39m (0 secs / 27.638 secs)
LOG: 'Logged in user:', 'test-user-123'
[1A[2KLOG: [36m'Fetched 0 notifications'[39m
Chrome Headless 141.0.0.0 (Mac OS 10.15.7): Executed 165 of 332[31m (17 FAILED)[39m (0 secs / 27.638 secs)
LOG: 'Fetched 0 notifications'
[1A[2KLOG: [36m'Notifications fetched and updated:', [][39m
Chrome Headless 141.0.0.0 (Mac OS 10.15.7): Executed 165 of 332[31m (17 FAILED)[39m (0 secs / 27.638 secs)
LOG: 'Notifications fetched and updated:', []
[1A[2KChrome Headless 141.0.0.0 (Mac OS 10.15.7): Executed 166 of 332[31m (17 FAILED)[39m (0 secs / 27.657 secs)
[1A[2KLOG: [36m'Notifications component initialized'[39m
Chrome Headless 141.0.0.0 (Mac OS 10.15.7): Executed 166 of 332[31m (17 FAILED)[39m (0 secs / 27.657 secs)
LOG: 'Notifications component initialized'
[1A[2KLOG: [36m'Logged in user:', 'test-user-123'[39m
Chrome Headless 141.0.0.0 (Mac OS 10.15.7): Executed 166 of 332[31m (17 FAILED)[39m (0 secs / 27.657 secs)
LOG: 'Logged in user:', 'test-user-123'
[1A[2KLOG: [36m'Fetched 1 notifications'[39m
Chrome Headless 141.0.0.0 (Mac OS 10.15.7): Executed 166 of 332[31m (17 FAILED)[39m (0 secs / 27.657 secs)
LOG: 'Fetched 1 notifications'
[1A[2KChrome Headless 141.0.0.0 (Mac OS 10.15.7): Executed 167 of 332[31m (17 FAILED)[39m (0 secs / 27.677 secs)
[1A[2KLOG: [36m'Notifications component initialized'[39m
Chrome Headless 141.0.0.0 (Mac OS 10.15.7): Executed 167 of 332[31m (17 FAILED)[39m (0 secs / 27.677 secs)
LOG: 'Notifications component initialized'
[1A[2KLOG: [36m'Logged in user:', 'test-user-123'[39m
Chrome Headless 141.0.0.0 (Mac OS 10.15.7): Executed 167 of 332[31m (17 FAILED)[39m (0 secs / 27.677 secs)
LOG: 'Logged in user:', 'test-user-123'
[1A[2KLOG: [36m'Fetched 1 notifications'[39m
Chrome Headless 141.0.0.0 (Mac OS 10.15.7): Executed 167 of 332[31m (17 FAILED)[39m (0 secs / 27.677 secs)
LOG: 'Fetched 1 notifications'
[1A[2KLOG: [36m'Notifications fetched and updated:', [Object{id: 'notification-1', from: 'Test User', message: 'Test notification message', date: Mon Jan 01 2024 02:00:00 GMT+0200 (South Africa Standard Time), read: false}][39m
Chrome Headless 141.0.0.0 (Mac OS 10.15.7): Executed 167 of 332[31m (17 FAILED)[39m (0 secs / 27.677 secs)
LOG: 'Notifications fetched and updated:', [Object{id: 'notification-1', from: 'Test User', message: 'Test notification message', date: Mon Jan 01 2024 02:00:00 GMT+0200 (South Africa Standard Time), read: false}]
[1A[2KChrome Headless 141.0.0.0 (Mac OS 10.15.7): Executed 168 of 332[31m (17 FAILED)[39m (0 secs / 27.685 secs)
[1A[2KChrome Headless 141.0.0.0 (Mac OS 10.15.7): Executed 169 of 332[31m (17 FAILED)[39m (0 secs / 27.69 secs)
[1A[2KLOG: [36m'Notifications component initialized'[39m
Chrome Headless 141.0.0.0 (Mac OS 10.15.7): Executed 169 of 332[31m (17 FAILED)[39m (0 secs / 27.69 secs)
LOG: 'Notifications component initialized'
[1A[2KLOG: [36m'Logged in user:', 'test-user-123'[39m
Chrome Headless 141.0.0.0 (Mac OS 10.15.7): Executed 169 of 332[31m (17 FAILED)[39m (0 secs / 27.69 secs)
LOG: 'Logged in user:', 'test-user-123'
[1A[2KLOG: [36m'Fetched 2 notifications'[39m
Chrome Headless 141.0.0.0 (Mac OS 10.15.7): Executed 169 of 332[31m (17 FAILED)[39m (0 secs / 27.69 secs)
LOG: 'Fetched 2 notifications'
[1A[2KLOG: [36m'Notifications fetched and updated:', [Object{id: 'notification-1', from: 'Test User', message: 'Test notification message', date: Mon Jan 01 2024 02:00:00 GMT+0200 (South Africa Standard Time), read: false}, Object{id: 'notification-2', from: 'Test User 2', message: 'Read notification message', date: Tue Jan 02 2024 02:00:00 GMT+0200 (South Africa Standard Time), read: true}][39m
Chrome Headless 141.0.0.0 (Mac OS 10.15.7): Executed 169 of 332[31m (17 FAILED)[39m (0 secs / 27.69 secs)
LOG: 'Notifications fetched and updated:', [Object{id: 'notification-1', from: 'Test User', message: 'Test notification message', date: Mon Jan 01 2024 02:00:00 GMT+0200 (South Africa Standard Time), read: false}, Object{id: 'notification-2', from: 'Test User 2', message: 'Read notification message', date: Tue Jan 02 2024 02:00:00 GMT+0200 (South Africa Standard Time), read: true}]
[1A[2KChrome Headless 141.0.0.0 (Mac OS 10.15.7): Executed 170 of 332[31m (17 FAILED)[39m (0 secs / 27.695 secs)
[1A[2KLOG: [36m'Notifications component initialized'[39m
Chrome Headless 141.0.0.0 (Mac OS 10.15.7): Executed 170 of 332[31m (17 FAILED)[39m (0 secs / 27.695 secs)
LOG: 'Notifications component initialized'
[1A[2KLOG: [36m'Logged in user:', 'test-user-123'[39m
Chrome Headless 141.0.0.0 (Mac OS 10.15.7): Executed 170 of 332[31m (17 FAILED)[39m (0 secs / 27.695 secs)
LOG: 'Logged in user:', 'test-user-123'
[1A[2KLOG: [36m'Fetched 1 notifications'[39m
Chrome Headless 141.0.0.0 (Mac OS 10.15.7): Executed 170 of 332[31m (17 FAILED)[39m (0 secs / 27.695 secs)
LOG: 'Fetched 1 notifications'
[1A[2KLOG: [36m'Notifications fetched and updated:', [Object{id: 'notification-1', from: 'Test User', message: 'Test notification message', date: Mon Jan 01 2024 02:00:00 GMT+0200 (South Africa Standard Time), read: false}][39m
Chrome Headless 141.0.0.0 (Mac OS 10.15.7): Executed 170 of 332[31m (17 FAILED)[39m (0 secs / 27.695 secs)
LOG: 'Notifications fetched and updated:', [Object{id: 'notification-1', from: 'Test User', message: 'Test notification message', date: Mon Jan 01 2024 02:00:00 GMT+0200 (South Africa Standard Time), read: false}]
[1A[2KChrome Headless 141.0.0.0 (Mac OS 10.15.7): Executed 171 of 332[31m (17 FAILED)[39m (0 secs / 27.7 secs)
[1A[2KLOG: [36m'Notifications component initialized'[39m
Chrome Headless 141.0.0.0 (Mac OS 10.15.7): Executed 171 of 332[31m (17 FAILED)[39m (0 secs / 27.7 secs)
LOG: 'Notifications component initialized'
[1A[2KLOG: [36m'Logged in user:', 'test-user-123'[39m
Chrome Headless 141.0.0.0 (Mac OS 10.15.7): Executed 171 of 332[31m (17 FAILED)[39m (0 secs / 27.7 secs)
LOG: 'Logged in user:', 'test-user-123'
[1A[2KLOG: [36m'Fetched 0 notifications'[39m
Chrome Headless 141.0.0.0 (Mac OS 10.15.7): Executed 171 of 332[31m (17 FAILED)[39m (0 secs / 27.7 secs)
LOG: 'Fetched 0 notifications'
[1A[2KLOG: [36m'Notifications fetched and updated:', [][39m
Chrome Headless 141.0.0.0 (Mac OS 10.15.7): Executed 171 of 332[31m (17 FAILED)[39m (0 secs / 27.7 secs)
LOG: 'Notifications fetched and updated:', []
[1A[2KChrome Headless 141.0.0.0 (Mac OS 10.15.7): Executed 172 of 332[31m (17 FAILED)[39m (0 secs / 27.705 secs)
[1A[2KLOG: [36m'Notifications component initialized'[39m
Chrome Headless 141.0.0.0 (Mac OS 10.15.7): Executed 172 of 332[31m (17 FAILED)[39m (0 secs / 27.705 secs)
LOG: 'Notifications component initialized'
[1A[2KLOG: [36m'Logged in user:', 'test-user-123'[39m
Chrome Headless 141.0.0.0 (Mac OS 10.15.7): Executed 172 of 332[31m (17 FAILED)[39m (0 secs / 27.705 secs)
LOG: 'Logged in user:', 'test-user-123'
[1A[2KLOG: [36m'Fetched 2 notifications'[39m
Chrome Headless 141.0.0.0 (Mac OS 10.15.7): Executed 172 of 332[31m (17 FAILED)[39m (0 secs / 27.705 secs)
LOG: 'Fetched 2 notifications'
[1A[2KLOG: [36m'Notifications fetched and updated:', [Object{id: 'notification-1', from: 'Test User', message: 'Test notification message', date: Mon Jan 01 2024 02:00:00 GMT+0200 (South Africa Standard Time), read: false}, Object{id: 'notification-2', from: 'Test User 2', message: 'Read notification message', date: Tue Jan 02 2024 02:00:00 GMT+0200 (South Africa Standard Time), read: true}][39m
Chrome Headless 141.0.0.0 (Mac OS 10.15.7): Executed 172 of 332[31m (17 FAILED)[39m (0 secs / 27.705 secs)
LOG: 'Notifications fetched and updated:', [Object{id: 'notification-1', from: 'Test User', message: 'Test notification message', date: Mon Jan 01 2024 02:00:00 GMT+0200 (South Africa Standard Time), read: false}, Object{id: 'notification-2', from: 'Test User 2', message: 'Read notification message', date: Tue Jan 02 2024 02:00:00 GMT+0200 (South Africa Standard Time), read: true}]
[1A[2KChrome Headless 141.0.0.0 (Mac OS 10.15.7): Executed 173 of 332[31m (17 FAILED)[39m (0 secs / 27.709 secs)
[1A[2KLOG: [36m'Notifications component initialized'[39m
Chrome Headless 141.0.0.0 (Mac OS 10.15.7): Executed 173 of 332[31m (17 FAILED)[39m (0 secs / 27.709 secs)
LOG: 'Notifications component initialized'
[1A[2KLOG: [36m'Logged in user:', 'test-user-123'[39m
Chrome Headless 141.0.0.0 (Mac OS 10.15.7): Executed 173 of 332[31m (17 FAILED)[39m (0 secs / 27.709 secs)
LOG: 'Logged in user:', 'test-user-123'
[1A[2KLOG: [36m'Fetched 1 notifications'[39m
Chrome Headless 141.0.0.0 (Mac OS 10.15.7): Executed 173 of 332[31m (17 FAILED)[39m (0 secs / 27.709 secs)
LOG: 'Fetched 1 notifications'
[1A[2KLOG: [36m'Notifications fetched and updated:', [Object{id: 'notification-2', from: 'Test User 2', message: 'Read notification message', date: Tue Jan 02 2024 02:00:00 GMT+0200 (South Africa Standard Time), read: true}][39m
Chrome Headless 141.0.0.0 (Mac OS 10.15.7): Executed 173 of 332[31m (17 FAILED)[39m (0 secs / 27.709 secs)
LOG: 'Notifications fetched and updated:', [Object{id: 'notification-2', from: 'Test User 2', message: 'Read notification message', date: Tue Jan 02 2024 02:00:00 GMT+0200 (South Africa Standard Time), read: true}]
[1A[2KChrome Headless 141.0.0.0 (Mac OS 10.15.7): Executed 174 of 332[31m (17 FAILED)[39m (0 secs / 27.715 secs)
[1A[2KChrome Headless 141.0.0.0 (Mac OS 10.15.7): Executed 175 of 332[31m (17 FAILED)[39m (0 secs / 27.718 secs)
[1A[2KLOG: [36m'Notifications component initialized'[39m
Chrome Headless 141.0.0.0 (Mac OS 10.15.7): Executed 175 of 332[31m (17 FAILED)[39m (0 secs / 27.718 secs)
LOG: 'Notifications component initialized'
[1A[2KLOG: [36m'Logged in user:', 'test-user-123'[39m
Chrome Headless 141.0.0.0 (Mac OS 10.15.7): Executed 175 of 332[31m (17 FAILED)[39m (0 secs / 27.718 secs)
LOG: 'Logged in user:', 'test-user-123'
[1A[2KChrome Headless 141.0.0.0 (Mac OS 10.15.7): Executed 176 of 332[31m (17 FAILED)[39m (0 secs / 27.722 secs)
[1A[2KLOG: [36m'Notifications component initialized'[39m
Chrome Headless 141.0.0.0 (Mac OS 10.15.7): Executed 176 of 332[31m (17 FAILED)[39m (0 secs / 27.722 secs)
LOG: 'Notifications component initialized'
[1A[2KLOG: [36m'Logged in user:', 'test-user-123'[39m
Chrome Headless 141.0.0.0 (Mac OS 10.15.7): Executed 176 of 332[31m (17 FAILED)[39m (0 secs / 27.722 secs)
LOG: 'Logged in user:', 'test-user-123'
[1A[2KLOG: [36m'Fetched 4 notifications'[39m
Chrome Headless 141.0.0.0 (Mac OS 10.15.7): Executed 176 of 332[31m (17 FAILED)[39m (0 secs / 27.722 secs)
LOG: 'Fetched 4 notifications'
[1A[2KLOG: [36m'Notifications fetched and updated:', [Object{id: '2', from: 'Test User', message: 'Test notification message', date: Mon Jan 01 2024 02:00:00 GMT+0200 (South Africa Standard Time), read: false}, Object{id: '4', from: 'Test User', message: 'Test notification message', date: Mon Jan 01 2024 02:00:00 GMT+0200 (South Africa Standard Time), read: false}, Object{id: '1', from: 'Test User', message: 'Test notification message', date: Mon Jan 01 2024 02:00:00 GMT+0200 (South Africa Standard Time), read: true}, Object{id: '3', from: 'Test User', message: 'Test notification message', date: Mon Jan 01 2024 02:00:00 GMT+0200 (South Africa Standard Time), read: true}][39m
Chrome Headless 141.0.0.0 (Mac OS 10.15.7): Executed 176 of 332[31m (17 FAILED)[39m (0 secs / 27.722 secs)
LOG: 'Notifications fetched and updated:', [Object{id: '2', from: 'Test User', message: 'Test notification message', date: Mon Jan 01 2024 02:00:00 GMT+0200 (South Africa Standard Time), read: false}, Object{id: '4', from: 'Test User', message: 'Test notification message', date: Mon Jan 01 2024 02:00:00 GMT+0200 (South Africa Standard Time), read: false}, Object{id: '1', from: 'Test User', message: 'Test notification message', date: Mon Jan 01 2024 02:00:00 GMT+0200 (South Africa Standard Time), read: true}, Object{id: '3', from: 'Test User', message: 'Test notification message', date: Mon Jan 01 2024 02:00:00 GMT+0200 (South Africa Standard Time), read: true}]
[1A[2KChrome Headless 141.0.0.0 (Mac OS 10.15.7): Executed 177 of 332[31m (17 FAILED)[39m (0 secs / 27.726 secs)
[1A[2KChrome Headless 141.0.0.0 (Mac OS 10.15.7): Executed 178 of 332[31m (17 FAILED)[39m (0 secs / 27.73 secs)
[1A[2KLOG: [36m'Notifications component initialized'[39m
Chrome Headless 141.0.0.0 (Mac OS 10.15.7): Executed 178 of 332[31m (17 FAILED)[39m (0 secs / 27.73 secs)
LOG: 'Notifications component initialized'
[1A[2KLOG: [36m'Logged in user:', 'u2'[39m
Chrome Headless 141.0.0.0 (Mac OS 10.15.7): Executed 178 of 332[31m (17 FAILED)[39m (0 secs / 27.73 secs)
LOG: 'Logged in user:', 'u2'
[1A[2KLOG: [36m'Fetched 0 notifications'[39m
Chrome Headless 141.0.0.0 (Mac OS 10.15.7): Executed 178 of 332[31m (17 FAILED)[39m (0 secs / 27.73 secs)
LOG: 'Fetched 0 notifications'
[1A[2KLOG: [36m'Notifications fetched and updated:', [][39m
Chrome Headless 141.0.0.0 (Mac OS 10.15.7): Executed 178 of 332[31m (17 FAILED)[39m (0 secs / 27.73 secs)
LOG: 'Notifications fetched and updated:', []
[1A[2K[31mChrome Headless 141.0.0.0 (Mac OS 10.15.7) Notifications should handle no user logged in during ngOnInit FAILED[39m
	Expected spy warn to have been called with:
	  [ 'No user logged in, cannot fetch notifications' ]
	but it was never called.
	    at <Jasmine>
	    at UserContext.<anonymous> (src/app/pages/notifications/notifications.spec.ts:94:26)
	    at UserContext.fakeAsyncFn (node_modules/zone.js/fesm2015/zone-testing.js:1715:26)
	    at _ZoneDelegate.invoke (node_modules/zone.js/fesm2015/zone.js:398:28)
	    at _ProxyZoneSpec.onInvoke (node_modules/zone.js/fesm2015/zone-testing.js:2132:39)
Chrome Headless 141.0.0.0 (Mac OS 10.15.7): Executed 179 of 332[31m (18 FAILED)[39m (0 secs / 27.736 secs)
[1A[2KLOG: [36m'Notifications component initialized'[39m
Chrome Headless 141.0.0.0 (Mac OS 10.15.7): Executed 179 of 332[31m (18 FAILED)[39m (0 secs / 27.736 secs)
LOG: 'Notifications component initialized'
[1A[2KLOG: [36m'Logged in user:', 'test-user-123'[39m
Chrome Headless 141.0.0.0 (Mac OS 10.15.7): Executed 179 of 332[31m (18 FAILED)[39m (0 secs / 27.736 secs)
LOG: 'Logged in user:', 'test-user-123'
[1A[2KLOG: [36m'Fetched 1 notifications'[39m
Chrome Headless 141.0.0.0 (Mac OS 10.15.7): Executed 179 of 332[31m (18 FAILED)[39m (0 secs / 27.736 secs)
LOG: 'Fetched 1 notifications'
[1A[2KChrome Headless 141.0.0.0 (Mac OS 10.15.7): Executed 180 of 332[31m (18 FAILED)[39m (0 secs / 27.74 secs)
[1A[2KLOG: [36m'Notifications component initialized'[39m
Chrome Headless 141.0.0.0 (Mac OS 10.15.7): Executed 180 of 332[31m (18 FAILED)[39m (0 secs / 27.74 secs)
LOG: 'Notifications component initialized'
[1A[2KLOG: [36m'Logged in user:', 'test-user-123'[39m
Chrome Headless 141.0.0.0 (Mac OS 10.15.7): Executed 180 of 332[31m (18 FAILED)[39m (0 secs / 27.74 secs)
LOG: 'Logged in user:', 'test-user-123'
[1A[2KLOG: [36m'Fetched 1 notifications'[39m
Chrome Headless 141.0.0.0 (Mac OS 10.15.7): Executed 180 of 332[31m (18 FAILED)[39m (0 secs / 27.74 secs)
LOG: 'Fetched 1 notifications'
[1A[2KLOG: [36m'Notifications fetched and updated:', [Object{id: 'notification-1', from: 'Test User', message: 'Test notification message', date: Invalid Date, read: false}][39m
Chrome Headless 141.0.0.0 (Mac OS 10.15.7): Executed 180 of 332[31m (18 FAILED)[39m (0 secs / 27.74 secs)
LOG: 'Notifications fetched and updated:', [Object{id: 'notification-1', from: 'Test User', message: 'Test notification message', date: Invalid Date, read: false}]
[1A[2KChrome Headless 141.0.0.0 (Mac OS 10.15.7): Executed 181 of 332[31m (18 FAILED)[39m (0 secs / 27.747 secs)
[1A[2KLOG: [36m'Notifications component initialized'[39m
Chrome Headless 141.0.0.0 (Mac OS 10.15.7): Executed 181 of 332[31m (18 FAILED)[39m (0 secs / 27.747 secs)
LOG: 'Notifications component initialized'
[1A[2KLOG: [36m'Logged in user:', 'test-user-123'[39m
Chrome Headless 141.0.0.0 (Mac OS 10.15.7): Executed 181 of 332[31m (18 FAILED)[39m (0 secs / 27.747 secs)
LOG: 'Logged in user:', 'test-user-123'
[1A[2KLOG: [36m'Fetched 1 notifications'[39m
Chrome Headless 141.0.0.0 (Mac OS 10.15.7): Executed 181 of 332[31m (18 FAILED)[39m (0 secs / 27.747 secs)
LOG: 'Fetched 1 notifications'
[1A[2KLOG: [36m'Notifications fetched and updated:', [Object{id: 'notification-1', from: 'Test User', message: 'Test notification message', date: Thu Jan 01 1970 02:00:00 GMT+0200 (South Africa Standard Time), read: false}][39m
Chrome Headless 141.0.0.0 (Mac OS 10.15.7): Executed 181 of 332[31m (18 FAILED)[39m (0 secs / 27.747 secs)
LOG: 'Notifications fetched and updated:', [Object{id: 'notification-1', from: 'Test User', message: 'Test notification message', date: Thu Jan 01 1970 02:00:00 GMT+0200 (South Africa Standard Time), read: false}]
[1A[2KChrome Headless 141.0.0.0 (Mac OS 10.15.7): Executed 182 of 332[31m (18 FAILED)[39m (0 secs / 27.751 secs)
[1A[2KLOG: [36m'Notifications component initialized'[39m
Chrome Headless 141.0.0.0 (Mac OS 10.15.7): Executed 182 of 332[31m (18 FAILED)[39m (0 secs / 27.751 secs)
LOG: 'Notifications component initialized'
[1A[2KLOG: [36m'Logged in user:', 'test-user-123'[39m
Chrome Headless 141.0.0.0 (Mac OS 10.15.7): Executed 182 of 332[31m (18 FAILED)[39m (0 secs / 27.751 secs)
LOG: 'Logged in user:', 'test-user-123'
[1A[2KLOG: [36m'Fetched 3 notifications'[39m
Chrome Headless 141.0.0.0 (Mac OS 10.15.7): Executed 182 of 332[31m (18 FAILED)[39m (0 secs / 27.751 secs)
LOG: 'Fetched 3 notifications'
[1A[2KLOG: [36m'Notifications fetched and updated:', [Object{id: 'notification-1', from: 'Test User', message: 'Test notification message', date: Mon Jan 01 2024 02:00:00 GMT+0200 (South Africa Standard Time), read: false}, Object{id: 'notification-2', from: 'Test User', message: 'Test notification message', date: Mon Jan 01 2024 02:00:00 GMT+0200 (South Africa Standard Time), read: false}, Object{id: 'notification-3', from: 'Test User', message: 'Test notification message', date: Mon Jan 01 2024 02:00:00 GMT+0200 (South Africa Standard Time), read: false}][39m
Chrome Headless 141.0.0.0 (Mac OS 10.15.7): Executed 182 of 332[31m (18 FAILED)[39m (0 secs / 27.751 secs)
LOG: 'Notifications fetched and updated:', [Object{id: 'notification-1', from: 'Test User', message: 'Test notification message', date: Mon Jan 01 2024 02:00:00 GMT+0200 (South Africa Standard Time), read: false}, Object{id: 'notification-2', from: 'Test User', message: 'Test notification message', date: Mon Jan 01 2024 02:00:00 GMT+0200 (South Africa Standard Time), read: false}, Object{id: 'notification-3', from: 'Test User', message: 'Test notification message', date: Mon Jan 01 2024 02:00:00 GMT+0200 (South Africa Standard Time), read: false}]
[1A[2KChrome Headless 141.0.0.0 (Mac OS 10.15.7): Executed 183 of 332[31m (18 FAILED)[39m (0 secs / 27.755 secs)
[1A[2KChrome Headless 141.0.0.0 (Mac OS 10.15.7): Executed 184 of 332[31m (18 FAILED)[39m (0 secs / 27.758 secs)
[1A[2KLOG: [36m'Notifications component initialized'[39m
Chrome Headless 141.0.0.0 (Mac OS 10.15.7): Executed 184 of 332[31m (18 FAILED)[39m (0 secs / 27.758 secs)
LOG: 'Notifications component initialized'
[1A[2KLOG: [36m'Logged in user:', 'test-user-123'[39m
Chrome Headless 141.0.0.0 (Mac OS 10.15.7): Executed 184 of 332[31m (18 FAILED)[39m (0 secs / 27.758 secs)
LOG: 'Logged in user:', 'test-user-123'
[1A[2KLOG: [36m'Fetched 1 notifications'[39m
Chrome Headless 141.0.0.0 (Mac OS 10.15.7): Executed 184 of 332[31m (18 FAILED)[39m (0 secs / 27.758 secs)
LOG: 'Fetched 1 notifications'
[1A[2KLOG: [36m'Notifications fetched and updated:', [Object{id: 'notification-1', read: false, date: Invalid Date}][39m
Chrome Headless 141.0.0.0 (Mac OS 10.15.7): Executed 184 of 332[31m (18 FAILED)[39m (0 secs / 27.758 secs)
LOG: 'Notifications fetched and updated:', [Object{id: 'notification-1', read: false, date: Invalid Date}]
[1A[2KChrome Headless 141.0.0.0 (Mac OS 10.15.7): Executed 185 of 332[31m (18 FAILED)[39m (0 secs / 27.762 secs)
[1A[2KLOG: [36m'Notifications component initialized'[39m
Chrome Headless 141.0.0.0 (Mac OS 10.15.7): Executed 185 of 332[31m (18 FAILED)[39m (0 secs / 27.762 secs)
LOG: 'Notifications component initialized'
[1A[2KLOG: [36m'Logged in user:', 'test-user-123'[39m
Chrome Headless 141.0.0.0 (Mac OS 10.15.7): Executed 185 of 332[31m (18 FAILED)[39m (0 secs / 27.762 secs)
LOG: 'Logged in user:', 'test-user-123'
[1A[2KLOG: [36m'Fetched 1 notifications'[39m
Chrome Headless 141.0.0.0 (Mac OS 10.15.7): Executed 185 of 332[31m (18 FAILED)[39m (0 secs / 27.762 secs)
LOG: 'Fetched 1 notifications'
[1A[2KLOG: [36m'Notifications fetched and updated:', [Object{id: 'notification-1', from: 'Test User', message: 'Test notification message', date: Mon Jan 01 2024 02:00:00 GMT+0200 (South Africa Standard Time), read: false}][39m
Chrome Headless 141.0.0.0 (Mac OS 10.15.7): Executed 185 of 332[31m (18 FAILED)[39m (0 secs / 27.762 secs)
LOG: 'Notifications fetched and updated:', [Object{id: 'notification-1', from: 'Test User', message: 'Test notification message', date: Mon Jan 01 2024 02:00:00 GMT+0200 (South Africa Standard Time), read: false}]
[1A[2KChrome Headless 141.0.0.0 (Mac OS 10.15.7): Executed 186 of 332[31m (18 FAILED)[39m (0 secs / 27.765 secs)
[1A[2KLOG: [36m'Notifications component initialized'[39m
Chrome Headless 141.0.0.0 (Mac OS 10.15.7): Executed 186 of 332[31m (18 FAILED)[39m (0 secs / 27.765 secs)
LOG: 'Notifications component initialized'
[1A[2KLOG: [36m'Logged in user:', 'test-user-123'[39m
Chrome Headless 141.0.0.0 (Mac OS 10.15.7): Executed 186 of 332[31m (18 FAILED)[39m (0 secs / 27.765 secs)
LOG: 'Logged in user:', 'test-user-123'
[1A[2KChrome Headless 141.0.0.0 (Mac OS 10.15.7): Executed 187 of 332[31m (18 FAILED)[39m (0 secs / 27.768 secs)
[1A[2KLOG: [36m'Notifications component initialized'[39m
Chrome Headless 141.0.0.0 (Mac OS 10.15.7): Executed 187 of 332[31m (18 FAILED)[39m (0 secs / 27.768 secs)
LOG: 'Notifications component initialized'
[1A[2KLOG: [36m'Logged in user:', 'test-user-123'[39m
Chrome Headless 141.0.0.0 (Mac OS 10.15.7): Executed 187 of 332[31m (18 FAILED)[39m (0 secs / 27.768 secs)
LOG: 'Logged in user:', 'test-user-123'
[1A[2KLOG: [36m'Fetched 1 notifications'[39m
Chrome Headless 141.0.0.0 (Mac OS 10.15.7): Executed 187 of 332[31m (18 FAILED)[39m (0 secs / 27.768 secs)
LOG: 'Fetched 1 notifications'
[1A[2KLOG: [36m'Notifications fetched and updated:', [Object{id: 'notification-1', from: 'Test User', message: 'Test notification message', date: Mon Jan 01 2024 02:00:00 GMT+0200 (South Africa Standard Time), read: false}][39m
Chrome Headless 141.0.0.0 (Mac OS 10.15.7): Executed 187 of 332[31m (18 FAILED)[39m (0 secs / 27.768 secs)
LOG: 'Notifications fetched and updated:', [Object{id: 'notification-1', from: 'Test User', message: 'Test notification message', date: Mon Jan 01 2024 02:00:00 GMT+0200 (South Africa Standard Time), read: false}]
[1A[2KChrome Headless 141.0.0.0 (Mac OS 10.15.7): Executed 188 of 332[31m (18 FAILED)[39m (0 secs / 27.771 secs)
[1A[2KChrome Headless 141.0.0.0 (Mac OS 10.15.7): Executed 189 of 332[31m (18 FAILED)[39m (0 secs / 27.777 secs)
[1A[2KERROR: [36m'Error in getEventDataForDisplay:', TypeError: this.auth.user is not a function
TypeError: this.auth.user is not a function
    at http://localhost:9876/base/src/app/pages/homepage/homepage.ts:102:30
    at new ZoneAwarePromise (http://localhost:9876/base/node_modules/zone.js/fesm2015/zone.js:2701:25)
    at Homepage2.waitForUser (http://localhost:9876/base/src/app/pages/homepage/homepage.ts:101:12)
    at Homepage2.<anonymous> (http://localhost:9876/base/src/app/pages/homepage/homepage.ts:131:31)
    at Generator.next (<anonymous>)
    at http://localhost:9876/base/chunk-GMEUZ63J.js:69:61
    at new ZoneAwarePromise (http://localhost:9876/base/node_modules/zone.js/fesm2015/zone.js:2701:25)
    at __async (http://localhost:9876/base/chunk-GMEUZ63J.js:53:10)
    at Homepage2.getEventDataForDisplay (http://localhost:9876/base/chunk-FXJ5D42Q.js:15689:16)
    at http://localhost:9876/base/src/app/pages/homepage/homepage.event-display.spec.ts:202:16[39m
Chrome Headless 141.0.0.0 (Mac OS 10.15.7): Executed 189 of 332[31m (18 FAILED)[39m (0 secs / 27.777 secs)
ERROR: 'Error in getEventDataForDisplay:', TypeError: this.auth.user is not a function
TypeError: this.auth.user is not a function
    at http://localhost:9876/base/src/app/pages/homepage/homepage.ts:102:30
    at new ZoneAwarePromise (http://localhost:9876/base/node_modules/zone.js/fesm2015/zone.js:2701:25)
    at Homepage2.waitForUser (http://localhost:9876/base/src/app/pages/homepage/homepage.ts:101:12)
    at Homepage2.<anonymous> (http://localhost:9876/base/src/app/pages/homepage/homepage.ts:131:31)
    at Generator.next (<anonymous>)
    at http://localhost:9876/base/chunk-GMEUZ63J.js:69:61
    at new ZoneAwarePromise (http://localhost:9876/base/node_modules/zone.js/fesm2015/zone.js:2701:25)
    at __async (http://localhost:9876/base/chunk-GMEUZ63J.js:53:10)
    at Homepage2.getEventDataForDisplay (http://localhost:9876/base/chunk-FXJ5D42Q.js:15689:16)
    at http://localhost:9876/base/src/app/pages/homepage/homepage.event-display.spec.ts:202:16
[1A[2K[31mChrome Headless 141.0.0.0 (Mac OS 10.15.7) Homepage â€“ Event display API (Firestore reads) handles permission-denied when fetching vendors (orders) by setting selectedVendors=null FAILED[39m
	Expected null to be 'The wedding of A and B'.
	    at <Jasmine>
	    at src/app/pages/homepage/homepage.event-display.spec.ts:205:48
	    at <Jasmine>
	    at fulfilled (chunk-GMEUZ63J.js:56:24)
	    at _ZoneDelegate.invoke (node_modules/zone.js/fesm2015/zone.js:398:28)
	Expected null to be 'Venue'.
	    at <Jasmine>
	    at src/app/pages/homepage/homepage.event-display.spec.ts:206:45
	    at <Jasmine>
	    at fulfilled (chunk-GMEUZ63J.js:56:24)
	    at _ZoneDelegate.invoke (node_modules/zone.js/fesm2015/zone.js:398:28)
Chrome Headless 141.0.0.0 (Mac OS 10.15.7): Executed 190 of 332[31m (19 FAILED)[39m (0 secs / 27.818 secs)
[1A[2KERROR: [36m'Error in getEventDataForDisplay:', TypeError: this.auth.user is not a function
TypeError: this.auth.user is not a function
    at http://localhost:9876/base/src/app/pages/homepage/homepage.ts:102:30
    at new ZoneAwarePromise (http://localhost:9876/base/node_modules/zone.js/fesm2015/zone.js:2701:25)
    at Homepage2.waitForUser (http://localhost:9876/base/src/app/pages/homepage/homepage.ts:101:12)
    at Homepage2.<anonymous> (http://localhost:9876/base/src/app/pages/homepage/homepage.ts:131:31)
    at Generator.next (<anonymous>)
    at http://localhost:9876/base/chunk-GMEUZ63J.js:69:61
    at new ZoneAwarePromise (http://localhost:9876/base/node_modules/zone.js/fesm2015/zone.js:2701:25)
    at __async (http://localhost:9876/base/chunk-GMEUZ63J.js:53:10)
    at Homepage2.getEventDataForDisplay (http://localhost:9876/base/chunk-FXJ5D42Q.js:15689:16)
    at http://localhost:9876/base/src/app/pages/homepage/homepage.event-display.spec.ts:249:16[39m
Chrome Headless 141.0.0.0 (Mac OS 10.15.7): Executed 190 of 332[31m (19 FAILED)[39m (0 secs / 27.818 secs)
ERROR: 'Error in getEventDataForDisplay:', TypeError: this.auth.user is not a function
TypeError: this.auth.user is not a function
    at http://localhost:9876/base/src/app/pages/homepage/homepage.ts:102:30
    at new ZoneAwarePromise (http://localhost:9876/base/node_modules/zone.js/fesm2015/zone.js:2701:25)
    at Homepage2.waitForUser (http://localhost:9876/base/src/app/pages/homepage/homepage.ts:101:12)
    at Homepage2.<anonymous> (http://localhost:9876/base/src/app/pages/homepage/homepage.ts:131:31)
    at Generator.next (<anonymous>)
    at http://localhost:9876/base/chunk-GMEUZ63J.js:69:61
    at new ZoneAwarePromise (http://localhost:9876/base/node_modules/zone.js/fesm2015/zone.js:2701:25)
    at __async (http://localhost:9876/base/chunk-GMEUZ63J.js:53:10)
    at Homepage2.getEventDataForDisplay (http://localhost:9876/base/chunk-FXJ5D42Q.js:15689:16)
    at http://localhost:9876/base/src/app/pages/homepage/homepage.event-display.spec.ts:249:16
[1A[2K[31mChrome Headless 141.0.0.0 (Mac OS 10.15.7) Homepage â€“ Event display API (Firestore reads) uses fallback "Unknown Service (companyID) (pending)" when vendor query is empty and order is pending FAILED[39m
	Expected null to equal [ <jasmine.objectContaining(Object({ companyID: 'C9', serviceName: 'Unknown Service (C9) (pending)', status: 'pending' }))> ].
	    at <Jasmine>
	    at src/app/pages/homepage/homepage.event-display.spec.ts:251:51
	    at <Jasmine>
	    at fulfilled (chunk-GMEUZ63J.js:56:24)
	    at _ZoneDelegate.invoke (node_modules/zone.js/fesm2015/zone.js:398:28)
Chrome Headless 141.0.0.0 (Mac OS 10.15.7): Executed 191 of 332[31m (20 FAILED)[39m (0 secs / 27.824 secs)
[1A[2KERROR: [36m'Error in getEventDataForDisplay:', TypeError: this.auth.user is not a function
TypeError: this.auth.user is not a function
    at http://localhost:9876/base/src/app/pages/homepage/homepage.ts:102:30
    at new ZoneAwarePromise (http://localhost:9876/base/node_modules/zone.js/fesm2015/zone.js:2701:25)
    at Homepage2.waitForUser (http://localhost:9876/base/src/app/pages/homepage/homepage.ts:101:12)
    at Homepage2.<anonymous> (http://localhost:9876/base/src/app/pages/homepage/homepage.ts:131:31)
    at Generator.next (<anonymous>)
    at http://localhost:9876/base/chunk-GMEUZ63J.js:69:61
    at new ZoneAwarePromise (http://localhost:9876/base/node_modules/zone.js/fesm2015/zone.js:2701:25)
    at __async (http://localhost:9876/base/chunk-GMEUZ63J.js:53:10)
    at Homepage2.getEventDataForDisplay (http://localhost:9876/base/chunk-FXJ5D42Q.js:15689:16)
    at http://localhost:9876/base/src/app/pages/homepage/homepage.event-display.spec.ts:220:16[39m
Chrome Headless 141.0.0.0 (Mac OS 10.15.7): Executed 191 of 332[31m (20 FAILED)[39m (0 secs / 27.824 secs)
ERROR: 'Error in getEventDataForDisplay:', TypeError: this.auth.user is not a function
TypeError: this.auth.user is not a function
    at http://localhost:9876/base/src/app/pages/homepage/homepage.ts:102:30
    at new ZoneAwarePromise (http://localhost:9876/base/node_modules/zone.js/fesm2015/zone.js:2701:25)
    at Homepage2.waitForUser (http://localhost:9876/base/src/app/pages/homepage/homepage.ts:101:12)
    at Homepage2.<anonymous> (http://localhost:9876/base/src/app/pages/homepage/homepage.ts:131:31)
    at Generator.next (<anonymous>)
    at http://localhost:9876/base/chunk-GMEUZ63J.js:69:61
    at new ZoneAwarePromise (http://localhost:9876/base/node_modules/zone.js/fesm2015/zone.js:2701:25)
    at __async (http://localhost:9876/base/chunk-GMEUZ63J.js:53:10)
    at Homepage2.getEventDataForDisplay (http://localhost:9876/base/chunk-FXJ5D42Q.js:15689:16)
    at http://localhost:9876/base/src/app/pages/homepage/homepage.event-display.spec.ts:220:16
[1A[2KChrome Headless 141.0.0.0 (Mac OS 10.15.7): Executed 192 of 332[31m (20 FAILED)[39m (0 secs / 27.829 secs)
[1A[2KERROR: [36m'Error in getEventDataForDisplay:', TypeError: this.auth.user is not a function
TypeError: this.auth.user is not a function
    at http://localhost:9876/base/src/app/pages/homepage/homepage.ts:102:30
    at new ZoneAwarePromise (http://localhost:9876/base/node_modules/zone.js/fesm2015/zone.js:2701:25)
    at Homepage2.waitForUser (http://localhost:9876/base/src/app/pages/homepage/homepage.ts:101:12)
    at Homepage2.<anonymous> (http://localhost:9876/base/src/app/pages/homepage/homepage.ts:131:31)
    at Generator.next (<anonymous>)
    at http://localhost:9876/base/chunk-GMEUZ63J.js:69:61
    at new ZoneAwarePromise (http://localhost:9876/base/node_modules/zone.js/fesm2015/zone.js:2701:25)
    at __async (http://localhost:9876/base/chunk-GMEUZ63J.js:53:10)
    at Homepage2.getEventDataForDisplay (http://localhost:9876/base/chunk-FXJ5D42Q.js:15689:16)
    at http://localhost:9876/base/src/app/pages/homepage/homepage.event-display.spec.ts:176:16[39m
Chrome Headless 141.0.0.0 (Mac OS 10.15.7): Executed 192 of 332[31m (20 FAILED)[39m (0 secs / 27.829 secs)
ERROR: 'Error in getEventDataForDisplay:', TypeError: this.auth.user is not a function
TypeError: this.auth.user is not a function
    at http://localhost:9876/base/src/app/pages/homepage/homepage.ts:102:30
    at new ZoneAwarePromise (http://localhost:9876/base/node_modules/zone.js/fesm2015/zone.js:2701:25)
    at Homepage2.waitForUser (http://localhost:9876/base/src/app/pages/homepage/homepage.ts:101:12)
    at Homepage2.<anonymous> (http://localhost:9876/base/src/app/pages/homepage/homepage.ts:131:31)
    at Generator.next (<anonymous>)
    at http://localhost:9876/base/chunk-GMEUZ63J.js:69:61
    at new ZoneAwarePromise (http://localhost:9876/base/node_modules/zone.js/fesm2015/zone.js:2701:25)
    at __async (http://localhost:9876/base/chunk-GMEUZ63J.js:53:10)
    at Homepage2.getEventDataForDisplay (http://localhost:9876/base/chunk-FXJ5D42Q.js:15689:16)
    at http://localhost:9876/base/src/app/pages/homepage/homepage.event-display.spec.ts:176:16
[1A[2K[31mChrome Headless 141.0.0.0 (Mac OS 10.15.7) Homepage â€“ Event display API (Firestore reads) sets hasEvent=false when event document is missing FAILED[39m
	Expected null to be false.
	    at <Jasmine>
	    at src/app/pages/homepage/homepage.event-display.spec.ts:178:27
	    at <Jasmine>
	    at fulfilled (chunk-GMEUZ63J.js:56:24)
	    at _ZoneDelegate.invoke (node_modules/zone.js/fesm2015/zone.js:398:28)
Chrome Headless 141.0.0.0 (Mac OS 10.15.7): Executed 193 of 332[31m (21 FAILED)[39m (0 secs / 27.834 secs)
[1A[2KERROR: [36m'Error in getEventDataForDisplay:', TypeError: this.auth.user is not a function
TypeError: this.auth.user is not a function
    at http://localhost:9876/base/src/app/pages/homepage/homepage.ts:102:30
    at new ZoneAwarePromise (http://localhost:9876/base/node_modules/zone.js/fesm2015/zone.js:2701:25)
    at Homepage2.waitForUser (http://localhost:9876/base/src/app/pages/homepage/homepage.ts:101:12)
    at Homepage2.<anonymous> (http://localhost:9876/base/src/app/pages/homepage/homepage.ts:131:31)
    at Generator.next (<anonymous>)
    at http://localhost:9876/base/chunk-GMEUZ63J.js:69:61
    at new ZoneAwarePromise (http://localhost:9876/base/node_modules/zone.js/fesm2015/zone.js:2701:25)
    at __async (http://localhost:9876/base/chunk-GMEUZ63J.js:53:10)
    at Homepage2.getEventDataForDisplay (http://localhost:9876/base/chunk-FXJ5D42Q.js:15689:16)
    at http://localhost:9876/base/src/app/pages/homepage/homepage.event-display.spec.ts:133:16[39m
Chrome Headless 141.0.0.0 (Mac OS 10.15.7): Executed 193 of 332[31m (21 FAILED)[39m (0 secs / 27.834 secs)
ERROR: 'Error in getEventDataForDisplay:', TypeError: this.auth.user is not a function
TypeError: this.auth.user is not a function
    at http://localhost:9876/base/src/app/pages/homepage/homepage.ts:102:30
    at new ZoneAwarePromise (http://localhost:9876/base/node_modules/zone.js/fesm2015/zone.js:2701:25)
    at Homepage2.waitForUser (http://localhost:9876/base/src/app/pages/homepage/homepage.ts:101:12)
    at Homepage2.<anonymous> (http://localhost:9876/base/src/app/pages/homepage/homepage.ts:131:31)
    at Generator.next (<anonymous>)
    at http://localhost:9876/base/chunk-GMEUZ63J.js:69:61
    at new ZoneAwarePromise (http://localhost:9876/base/node_modules/zone.js/fesm2015/zone.js:2701:25)
    at __async (http://localhost:9876/base/chunk-GMEUZ63J.js:53:10)
    at Homepage2.getEventDataForDisplay (http://localhost:9876/base/chunk-FXJ5D42Q.js:15689:16)
    at http://localhost:9876/base/src/app/pages/homepage/homepage.event-display.spec.ts:133:16
[1A[2K[31mChrome Headless 141.0.0.0 (Mac OS 10.15.7) Homepage â€“ Event display API (Firestore reads) fills eventDisplayInfo (title, venue, time, budget, guests, vendors) FAILED[39m
	Expected null to be 'The wedding of Alice and Bob'.
	    at <Jasmine>
	    at src/app/pages/homepage/homepage.event-display.spec.ts:136:48
	    at <Jasmine>
	    at fulfilled (chunk-GMEUZ63J.js:56:24)
	    at _ZoneDelegate.invoke (node_modules/zone.js/fesm2015/zone.js:398:28)
	Expected null to be 'The Venue'.
	    at <Jasmine>
	    at src/app/pages/homepage/homepage.event-display.spec.ts:138:45
	    at <Jasmine>
	    at fulfilled (chunk-GMEUZ63J.js:56:24)
	    at _ZoneDelegate.invoke (node_modules/zone.js/fesm2015/zone.js:398:28)
	Expected 'object' to be 'string'.
	    at <Jasmine>
	    at src/app/pages/homepage/homepage.event-display.spec.ts:140:54
	    at <Jasmine>
	    at fulfilled (chunk-GMEUZ63J.js:56:24)
	    at _ZoneDelegate.invoke (node_modules/zone.js/fesm2015/zone.js:398:28)
	TypeError: Cannot read properties of null (reading 'length')
	    at src/app/pages/homepage/homepage.event-display.spec.ts:141:47
	    at <Jasmine>
	    at fulfilled (chunk-GMEUZ63J.js:56:24)
	    at _ZoneDelegate.invoke (node_modules/zone.js/fesm2015/zone.js:398:28)
	    at _ProxyZoneSpec.onInvoke (node_modules/zone.js/fesm2015/zone-testing.js:2132:39)
	    at _ZoneDelegate.invoke (node_modules/zone.js/fesm2015/zone.js:397:34)
	    at ZoneImpl.run (node_modules/zone.js/fesm2015/zone.js:113:43)
	    at node_modules/zone.js/fesm2015/zone.js:2537:40
	    at _ZoneDelegate.invokeTask (node_modules/zone.js/fesm2015/zone.js:431:33)
	    at _ProxyZoneSpec.onInvokeTask (node_modules/zone.js/fesm2015/zone-testing.js:2163:39)
Chrome Headless 141.0.0.0 (Mac OS 10.15.7): Executed 194 of 332[31m (22 FAILED)[39m (0 secs / 27.84 secs)
[1A[2KChrome Headless 141.0.0.0 (Mac OS 10.15.7): Executed 195 of 332[31m (22 FAILED)[39m (0 secs / 27.844 secs)
[1A[2KChrome Headless 141.0.0.0 (Mac OS 10.15.7): Executed 196 of 332[31m (22 FAILED)[39m (0 secs / 27.85 secs)
[1A[2KChrome Headless 141.0.0.0 (Mac OS 10.15.7): Executed 197 of 332[31m (22 FAILED)[39m (0 secs / 27.853 secs)
[1A[2KChrome Headless 141.0.0.0 (Mac OS 10.15.7): Executed 198 of 332[31m (22 FAILED)[39m (0 secs / 27.857 secs)
[1A[2KChrome Headless 141.0.0.0 (Mac OS 10.15.7): Executed 199 of 332[31m (22 FAILED)[39m (0 secs / 27.861 secs)
[1A[2KChrome Headless 141.0.0.0 (Mac OS 10.15.7): Executed 200 of 332[31m (22 FAILED)[39m (0 secs / 27.865 secs)
[1A[2KChrome Headless 141.0.0.0 (Mac OS 10.15.7): Executed 201 of 332[31m (22 FAILED)[39m (0 secs / 27.869 secs)
[1A[2KChrome Headless 141.0.0.0 (Mac OS 10.15.7): Executed 202 of 332[31m (22 FAILED)[39m (0 secs / 27.872 secs)
[1A[2KLOG: [36m'Map container not ready, attempt 3/5'[39m
Chrome Headless 141.0.0.0 (Mac OS 10.15.7): Executed 202 of 332[31m (22 FAILED)[39m (0 secs / 27.872 secs)
LOG: 'Map container not ready, attempt 3/5'
[1A[2KChrome Headless 141.0.0.0 (Mac OS 10.15.7): Executed 203 of 332[31m (22 FAILED)[39m (0 secs / 27.879 secs)
[1A[2KChrome Headless 141.0.0.0 (Mac OS 10.15.7): Executed 204 of 332[31m (22 FAILED)[39m (0 secs / 27.883 secs)
[1A[2KChrome Headless 141.0.0.0 (Mac OS 10.15.7): Executed 205 of 332[31m (22 FAILED)[39m (0 secs / 27.887 secs)
[1A[2K[31mChrome Headless 141.0.0.0 (Mac OS 10.15.7) GuestList should create FAILED[39m
	ÉµNotFound: NG0201: No provider found for `_HttpClient`. Source: DynamicTestModule. Path: DataService2 -> _HttpClient. Find more at https://v20.angular.dev/errors/NG0201
	error properties: Object({ code: -201, ngErrorCode: -201, ngErrorMessage: 'No provider found for `_HttpClient`.', ngTokenPath: [ 'DataService2', '_HttpClient' ] })
	    at <Jasmine>
	    at createRuntimeError (http://localhost:9876/k8-fastbuild-ST-199a4f3c4e20/bin/packages/core/src/render3/errors_di.ts:130:17)
	    at NullInjector.get (http://localhost:9876/k8-fastbuild-ST-199a4f3c4e20/bin/packages/core/src/di/null_injector.ts:20:21)
	    at R3Injector.get (http://localhost:9876/k8-fastbuild-ST-199a4f3c4e20/bin/packages/core/src/di/r3_injector.ts:381:27)
	    at R3Injector.get (http://localhost:9876/k8-fastbuild-ST-199a4f3c4e20/bin/packages/core/src/di/r3_injector.ts:381:27)
	    at R3Injector.retrieve (http://localhost:9876/k8-fastbuild-ST-199a4f3c4e20/bin/packages/core/src/di/r3_injector.ts:248:52)
	    at injectInjectorOnly (http://localhost:9876/k8-fastbuild-ST-199a4f3c4e20/bin/packages/core/src/di/injector_compatibility.ts:110:35)
	    at ÉµÉµinject (http://localhost:9876/k8-fastbuild-ST-199a4f3c4e20/bin/packages/core/src/di/injector_compatibility.ts:144:40)
	    at Object.DataService2_Factory [as factory] (ng:///DataService2/Éµfac.js:4:56)
	    at http://localhost:9876/k8-fastbuild-ST-199a4f3c4e20/bin/packages/core/src/di/r3_injector.ts:529:35
	    at runInInjectorProfilerContext (http://localhost:9876/k8-fastbuild-ST-199a4f3c4e20/bin/packages/core/src/render3/debug/injector_profiler.ts:362:5)
Chrome Headless 141.0.0.0 (Mac OS 10.15.7): Executed 206 of 332[31m (23 FAILED)[39m (0 secs / 27.891 secs)
[1A[2KChrome Headless 141.0.0.0 (Mac OS 10.15.7): Executed 207 of 332[31m (23 FAILED)[39m (0 secs / 27.907 secs)
[1A[2KChrome Headless 141.0.0.0 (Mac OS 10.15.7): Executed 208 of 332[31m (23 FAILED)[39m (0 secs / 27.91 secs)
[1A[2KLOG: [36m'maxscore', 0.8[39m
Chrome Headless 141.0.0.0 (Mac OS 10.15.7): Executed 208 of 332[31m (23 FAILED)[39m (0 secs / 27.91 secs)
LOG: 'maxscore', 0.8
[1A[2KChrome Headless 141.0.0.0 (Mac OS 10.15.7): Executed 209 of 332[31m (23 FAILED)[39m (0 secs / 27.914 secs)
[1A[2KLOG: [36m'maxscore', 0.2[39m
Chrome Headless 141.0.0.0 (Mac OS 10.15.7): Executed 209 of 332[31m (23 FAILED)[39m (0 secs / 27.914 secs)
LOG: 'maxscore', 0.2
[1A[2KChrome Headless 141.0.0.0 (Mac OS 10.15.7): Executed 210 of 332[31m (23 FAILED)[39m (0 secs / 27.918 secs)
[1A[2KLOG: [36m'maxscore', 0.3[39m
Chrome Headless 141.0.0.0 (Mac OS 10.15.7): Executed 210 of 332[31m (23 FAILED)[39m (0 secs / 27.918 secs)
LOG: 'maxscore', 0.3
[1A[2KChrome Headless 141.0.0.0 (Mac OS 10.15.7): Executed 211 of 332[31m (23 FAILED)[39m (0 secs / 27.921 secs)
[1A[2KLOG: [36m'maxscore', 0.5[39m
Chrome Headless 141.0.0.0 (Mac OS 10.15.7): Executed 211 of 332[31m (23 FAILED)[39m (0 secs / 27.921 secs)
LOG: 'maxscore', 0.5
[1A[2KChrome Headless 141.0.0.0 (Mac OS 10.15.7): Executed 212 of 332[31m (23 FAILED)[39m (0 secs / 27.924 secs)
[1A[2KChrome Headless 141.0.0.0 (Mac OS 10.15.7): Executed 213 of 332[31m (23 FAILED)[39m (0 secs / 27.927 secs)
[1A[2KChrome Headless 141.0.0.0 (Mac OS 10.15.7): Executed 214 of 332[31m (23 FAILED)[39m (0 secs / 27.93 secs)
[1A[2KChrome Headless 141.0.0.0 (Mac OS 10.15.7): Executed 215 of 332[31m (23 FAILED)[39m (0 secs / 27.933 secs)
[1A[2KChrome Headless 141.0.0.0 (Mac OS 10.15.7): Executed 216 of 332[31m (23 FAILED)[39m (0 secs / 27.935 secs)
[1A[2KChrome Headless 141.0.0.0 (Mac OS 10.15.7): Executed 217 of 332[31m (23 FAILED)[39m (0 secs / 27.939 secs)
[1A[2KChrome Headless 141.0.0.0 (Mac OS 10.15.7): Executed 218 of 332[31m (23 FAILED)[39m (0 secs / 27.942 secs)
[1A[2KChrome Headless 141.0.0.0 (Mac OS 10.15.7): Executed 219 of 332[31m (23 FAILED)[39m (0 secs / 27.945 secs)
[1A[2KChrome Headless 141.0.0.0 (Mac OS 10.15.7): Executed 220 of 332[31m (23 FAILED)[39m (0 secs / 27.961 secs)
[1A[2KChrome Headless 141.0.0.0 (Mac OS 10.15.7): Executed 221 of 332[31m (23 FAILED)[39m (0 secs / 27.963 secs)
[1A[2KChrome Headless 141.0.0.0 (Mac OS 10.15.7): Executed 222 of 332[31m (23 FAILED)[39m (0 secs / 27.966 secs)
[1A[2KChrome Headless 141.0.0.0 (Mac OS 10.15.7): Executed 223 of 332[31m (23 FAILED)[39m (0 secs / 27.969 secs)
[1A[2KChrome Headless 141.0.0.0 (Mac OS 10.15.7): Executed 224 of 332[31m (23 FAILED)[39m (0 secs / 27.973 secs)
[1A[2KChrome Headless 141.0.0.0 (Mac OS 10.15.7): Executed 225 of 332[31m (23 FAILED)[39m (0 secs / 27.976 secs)
[1A[2KChrome Headless 141.0.0.0 (Mac OS 10.15.7): Executed 226 of 332[31m (23 FAILED)[39m (0 secs / 27.979 secs)
[1A[2K[31mChrome Headless 141.0.0.0 (Mac OS 10.15.7) Chatbot loadFAQs should load FAQs successfully FAILED[39m
	TypeError: this.http.get is not a function
	    at Chatbot2.loadFAQs (src/app/pages/chatbot/chatbot.ts:59:15)
	    at UserContext.<anonymous> (src/app/pages/chatbot/chatbot.spec.ts:81:17)
	    at _ZoneDelegate.invoke (node_modules/zone.js/fesm2015/zone.js:398:28)
	    at _ProxyZoneSpec.onInvoke (node_modules/zone.js/fesm2015/zone-testing.js:2132:39)
	    at _ZoneDelegate.invoke (node_modules/zone.js/fesm2015/zone.js:397:34)
	    at ZoneImpl.run (node_modules/zone.js/fesm2015/zone.js:113:43)
	    at runInTestZone (node_modules/zone.js/fesm2015/zone-testing.js:216:38)
	    at UserContext.<anonymous> (node_modules/zone.js/fesm2015/zone-testing.js:234:32)
	    at <Jasmine>
Chrome Headless 141.0.0.0 (Mac OS 10.15.7): Executed 227 of 332[31m (24 FAILED)[39m (0 secs / 27.985 secs)
[1A[2K[31mChrome Headless 141.0.0.0 (Mac OS 10.15.7) Chatbot loadFAQs should handle error when loading FAQs FAILED[39m
	TypeError: this.http.get is not a function
	    at Chatbot2.loadFAQs (src/app/pages/chatbot/chatbot.ts:59:15)
	    at UserContext.<anonymous> (src/app/pages/chatbot/chatbot.spec.ts:95:17)
	    at _ZoneDelegate.invoke (node_modules/zone.js/fesm2015/zone.js:398:28)
	    at _ProxyZoneSpec.onInvoke (node_modules/zone.js/fesm2015/zone-testing.js:2132:39)
	    at _ZoneDelegate.invoke (node_modules/zone.js/fesm2015/zone.js:397:34)
	    at ZoneImpl.run (node_modules/zone.js/fesm2015/zone.js:113:43)
	    at runInTestZone (node_modules/zone.js/fesm2015/zone-testing.js:216:38)
	    at UserContext.<anonymous> (node_modules/zone.js/fesm2015/zone-testing.js:234:32)
	    at <Jasmine>
Chrome Headless 141.0.0.0 (Mac OS 10.15.7): Executed 228 of 332[31m (25 FAILED)[39m (0 secs / 27.988 secs)
[1A[2KChrome Headless 141.0.0.0 (Mac OS 10.15.7): Executed 229 of 332[31m (25 FAILED)[39m (0 secs / 27.992 secs)
[1A[2KChrome Headless 141.0.0.0 (Mac OS 10.15.7): Executed 230 of 332[31m (25 FAILED)[39m (0 secs / 27.995 secs)
[1A[2KChrome Headless 141.0.0.0 (Mac OS 10.15.7): Executed 231 of 332[31m (25 FAILED)[39m (0 secs / 28 secs)
[1A[2KChrome Headless 141.0.0.0 (Mac OS 10.15.7): Executed 232 of 332[31m (25 FAILED)[39m (0 secs / 28.003 secs)
[1A[2KLOG: [36m'Chatbot loaded'[39m
Chrome Headless 141.0.0.0 (Mac OS 10.15.7): Executed 232 of 332[31m (25 FAILED)[39m (0 secs / 28.003 secs)
LOG: 'Chatbot loaded'
[1A[2KChrome Headless 141.0.0.0 (Mac OS 10.15.7): Executed 233 of 332[31m (25 FAILED)[39m (0 secs / 28.006 secs)
[1A[2K[31mChrome Headless 141.0.0.0 (Mac OS 10.15.7) Chatbot ngOnInit should log to console FAILED[39m
	TypeError: this.http.get is not a function
	    at Chatbot2.loadFAQs (src/app/pages/chatbot/chatbot.ts:59:15)
	    at Chatbot2.ngOnInit (src/app/pages/chatbot/chatbot.ts:41:10)
	    at UserContext.<anonymous> (src/app/pages/chatbot/chatbot.spec.ts:70:17)
	    at _ZoneDelegate.invoke (node_modules/zone.js/fesm2015/zone.js:398:28)
	    at _ProxyZoneSpec.onInvoke (node_modules/zone.js/fesm2015/zone-testing.js:2132:39)
	    at _ZoneDelegate.invoke (node_modules/zone.js/fesm2015/zone.js:397:34)
	    at ZoneImpl.run (node_modules/zone.js/fesm2015/zone.js:113:43)
	    at runInTestZone (node_modules/zone.js/fesm2015/zone-testing.js:216:38)
	    at UserContext.<anonymous> (node_modules/zone.js/fesm2015/zone-testing.js:234:32)
	    at <Jasmine>
Chrome Headless 141.0.0.0 (Mac OS 10.15.7): Executed 234 of 332[31m (26 FAILED)[39m (0 secs / 28.01 secs)
[1A[2KChrome Headless 141.0.0.0 (Mac OS 10.15.7): Executed 235 of 332[31m (26 FAILED)[39m (0 secs / 28.013 secs)
[1A[2KChrome Headless 141.0.0.0 (Mac OS 10.15.7): Executed 236 of 332[31m (26 FAILED)[39m (0 secs / 28.017 secs)
[1A[2KChrome Headless 141.0.0.0 (Mac OS 10.15.7): Executed 237 of 332[31m (26 FAILED)[39m (0 secs / 28.021 secs)
[1A[2KChrome Headless 141.0.0.0 (Mac OS 10.15.7): Executed 238 of 332[31m (26 FAILED)[39m (0 secs / 28.024 secs)
[1A[2KChrome Headless 141.0.0.0 (Mac OS 10.15.7): Executed 239 of 332[31m (26 FAILED)[39m (0 secs / 28.029 secs)
[1A[2KChrome Headless 141.0.0.0 (Mac OS 10.15.7): Executed 240 of 332[31m (26 FAILED)[39m (0 secs / 28.032 secs)
[1A[2KChrome Headless 141.0.0.0 (Mac OS 10.15.7): Executed 241 of 332[31m (26 FAILED)[39m (0 secs / 28.034 secs)
[1A[2KChrome Headless 141.0.0.0 (Mac OS 10.15.7): Executed 242 of 332[31m (26 FAILED)[39m (0 secs / 28.039 secs)
[1A[2KChrome Headless 141.0.0.0 (Mac OS 10.15.7): Executed 243 of 332[31m (26 FAILED)[39m (0 secs / 28.041 secs)
[1A[2KChrome Headless 141.0.0.0 (Mac OS 10.15.7): Executed 244 of 332[31m (26 FAILED)[39m (0 secs / 28.046 secs)
[1A[2K[31mChrome Headless 141.0.0.0 (Mac OS 10.15.7) RsvpComponent should handle Event Code not found FAILED[39m
	ÉµNotFound: NG0201: No provider found for `ActivatedRoute`. Source: Standalone[Rsvp2]. Find more at https://v20.angular.dev/errors/NG0201
	error properties: Object({ code: -201, ngErrorCode: -201, ngErrorMessage: 'No provider found for `ActivatedRoute`.', ngTokenPath: [ 'ActivatedRoute' ] })
	    at <Jasmine>
	    at createRuntimeError (http://localhost:9876/k8-fastbuild-ST-199a4f3c4e20/bin/packages/core/src/render3/errors_di.ts:130:17)
	    at NullInjector.get (http://localhost:9876/k8-fastbuild-ST-199a4f3c4e20/bin/packages/core/src/di/null_injector.ts:20:21)
	    at R3Injector.get (http://localhost:9876/k8-fastbuild-ST-199a4f3c4e20/bin/packages/core/src/di/r3_injector.ts:381:27)
	    at R3Injector.get (http://localhost:9876/k8-fastbuild-ST-199a4f3c4e20/bin/packages/core/src/di/r3_injector.ts:381:27)
	    at R3Injector.get (http://localhost:9876/k8-fastbuild-ST-199a4f3c4e20/bin/packages/core/src/di/r3_injector.ts:381:27)
	    at ChainedInjector.get (http://localhost:9876/k8-fastbuild-ST-199a4f3c4e20/bin/packages/core/src/render3/chained_injector.ts:43:32)
	    at lookupTokenUsingModuleInjector (http://localhost:9876/k8-fastbuild-ST-199a4f3c4e20/bin/packages/core/src/render3/di.ts:426:64)
	    at getOrCreateInjectable (http://localhost:9876/k8-fastbuild-ST-199a4f3c4e20/bin/packages/core/src/render3/di.ts:493:10)
	    at ÉµÉµdirectiveInject (http://localhost:9876/k8-fastbuild-ST-199a4f3c4e20/bin/packages/core/src/render3/instructions/di.ts:58:17)
	    at NodeInjectorFactory._RouterLink_Factory [as factory] (ng:///_RouterLink/Éµfac.js:5:7)
Chrome Headless 141.0.0.0 (Mac OS 10.15.7): Executed 245 of 332[31m (27 FAILED)[39m (0 secs / 28.064 secs)
[1A[2K[31mChrome Headless 141.0.0.0 (Mac OS 10.15.7) RsvpComponent should handle Firestore error during event code lookup FAILED[39m
	ÉµNotFound: NG0201: No provider found for `ActivatedRoute`. Source: Standalone[Rsvp2]. Find more at https://v20.angular.dev/errors/NG0201
	error properties: Object({ code: -201, ngErrorCode: -201, ngErrorMessage: 'No provider found for `ActivatedRoute`.', ngTokenPath: [ 'ActivatedRoute' ] })
	    at <Jasmine>
	    at createRuntimeError (http://localhost:9876/k8-fastbuild-ST-199a4f3c4e20/bin/packages/core/src/render3/errors_di.ts:130:17)
	    at NullInjector.get (http://localhost:9876/k8-fastbuild-ST-199a4f3c4e20/bin/packages/core/src/di/null_injector.ts:20:21)
	    at R3Injector.get (http://localhost:9876/k8-fastbuild-ST-199a4f3c4e20/bin/packages/core/src/di/r3_injector.ts:381:27)
	    at R3Injector.get (http://localhost:9876/k8-fastbuild-ST-199a4f3c4e20/bin/packages/core/src/di/r3_injector.ts:381:27)
	    at R3Injector.get (http://localhost:9876/k8-fastbuild-ST-199a4f3c4e20/bin/packages/core/src/di/r3_injector.ts:381:27)
	    at ChainedInjector.get (http://localhost:9876/k8-fastbuild-ST-199a4f3c4e20/bin/packages/core/src/render3/chained_injector.ts:43:32)
	    at lookupTokenUsingModuleInjector (http://localhost:9876/k8-fastbuild-ST-199a4f3c4e20/bin/packages/core/src/render3/di.ts:426:64)
	    at getOrCreateInjectable (http://localhost:9876/k8-fastbuild-ST-199a4f3c4e20/bin/packages/core/src/render3/di.ts:493:10)
	    at ÉµÉµdirectiveInject (http://localhost:9876/k8-fastbuild-ST-199a4f3c4e20/bin/packages/core/src/render3/instructions/di.ts:58:17)
	    at NodeInjectorFactory._RouterLink_Factory [as factory] (ng:///_RouterLink/Éµfac.js:5:7)
Chrome Headless 141.0.0.0 (Mac OS 10.15.7): Executed 246 of 332[31m (28 FAILED)[39m (0 secs / 28.068 secs)
[1A[2K[31mChrome Headless 141.0.0.0 (Mac OS 10.15.7) RsvpComponent should handle Firestore errors gracefully FAILED[39m
	ÉµNotFound: NG0201: No provider found for `ActivatedRoute`. Source: Standalone[Rsvp2]. Find more at https://v20.angular.dev/errors/NG0201
	error properties: Object({ code: -201, ngErrorCode: -201, ngErrorMessage: 'No provider found for `ActivatedRoute`.', ngTokenPath: [ 'ActivatedRoute' ] })
	    at <Jasmine>
	    at createRuntimeError (http://localhost:9876/k8-fastbuild-ST-199a4f3c4e20/bin/packages/core/src/render3/errors_di.ts:130:17)
	    at NullInjector.get (http://localhost:9876/k8-fastbuild-ST-199a4f3c4e20/bin/packages/core/src/di/null_injector.ts:20:21)
	    at R3Injector.get (http://localhost:9876/k8-fastbuild-ST-199a4f3c4e20/bin/packages/core/src/di/r3_injector.ts:381:27)
	    at R3Injector.get (http://localhost:9876/k8-fastbuild-ST-199a4f3c4e20/bin/packages/core/src/di/r3_injector.ts:381:27)
	    at R3Injector.get (http://localhost:9876/k8-fastbuild-ST-199a4f3c4e20/bin/packages/core/src/di/r3_injector.ts:381:27)
	    at ChainedInjector.get (http://localhost:9876/k8-fastbuild-ST-199a4f3c4e20/bin/packages/core/src/render3/chained_injector.ts:43:32)
	    at lookupTokenUsingModuleInjector (http://localhost:9876/k8-fastbuild-ST-199a4f3c4e20/bin/packages/core/src/render3/di.ts:426:64)
	    at getOrCreateInjectable (http://localhost:9876/k8-fastbuild-ST-199a4f3c4e20/bin/packages/core/src/render3/di.ts:493:10)
	    at ÉµÉµdirectiveInject (http://localhost:9876/k8-fastbuild-ST-199a4f3c4e20/bin/packages/core/src/render3/instructions/di.ts:58:17)
	    at NodeInjectorFactory._RouterLink_Factory [as factory] (ng:///_RouterLink/Éµfac.js:5:7)
Chrome Headless 141.0.0.0 (Mac OS 10.15.7): Executed 247 of 332[31m (29 FAILED)[39m (0 secs / 28.072 secs)
[1A[2K[31mChrome Headless 141.0.0.0 (Mac OS 10.15.7) RsvpComponent should handle Event Code found and story exists FAILED[39m
	ÉµNotFound: NG0201: No provider found for `ActivatedRoute`. Source: Standalone[Rsvp2]. Find more at https://v20.angular.dev/errors/NG0201
	error properties: Object({ code: -201, ngErrorCode: -201, ngErrorMessage: 'No provider found for `ActivatedRoute`.', ngTokenPath: [ 'ActivatedRoute' ] })
	    at <Jasmine>
	    at createRuntimeError (http://localhost:9876/k8-fastbuild-ST-199a4f3c4e20/bin/packages/core/src/render3/errors_di.ts:130:17)
	    at NullInjector.get (http://localhost:9876/k8-fastbuild-ST-199a4f3c4e20/bin/packages/core/src/di/null_injector.ts:20:21)
	    at R3Injector.get (http://localhost:9876/k8-fastbuild-ST-199a4f3c4e20/bin/packages/core/src/di/r3_injector.ts:381:27)
	    at R3Injector.get (http://localhost:9876/k8-fastbuild-ST-199a4f3c4e20/bin/packages/core/src/di/r3_injector.ts:381:27)
	    at R3Injector.get (http://localhost:9876/k8-fastbuild-ST-199a4f3c4e20/bin/packages/core/src/di/r3_injector.ts:381:27)
	    at ChainedInjector.get (http://localhost:9876/k8-fastbuild-ST-199a4f3c4e20/bin/packages/core/src/render3/chained_injector.ts:43:32)
	    at lookupTokenUsingModuleInjector (http://localhost:9876/k8-fastbuild-ST-199a4f3c4e20/bin/packages/core/src/render3/di.ts:426:64)
	    at getOrCreateInjectable (http://localhost:9876/k8-fastbuild-ST-199a4f3c4e20/bin/packages/core/src/render3/di.ts:493:10)
	    at ÉµÉµdirectiveInject (http://localhost:9876/k8-fastbuild-ST-199a4f3c4e20/bin/packages/core/src/render3/instructions/di.ts:58:17)
	    at NodeInjectorFactory._RouterLink_Factory [as factory] (ng:///_RouterLink/Éµfac.js:5:7)
Chrome Headless 141.0.0.0 (Mac OS 10.15.7): Executed 248 of 332[31m (30 FAILED)[39m (0 secs / 28.076 secs)
[1A[2K[31mChrome Headless 141.0.0.0 (Mac OS 10.15.7) RsvpComponent should handle guest not found path correctly FAILED[39m
	ÉµNotFound: NG0201: No provider found for `ActivatedRoute`. Source: Standalone[Rsvp2]. Find more at https://v20.angular.dev/errors/NG0201
	error properties: Object({ code: -201, ngErrorCode: -201, ngErrorMessage: 'No provider found for `ActivatedRoute`.', ngTokenPath: [ 'ActivatedRoute' ] })
	    at <Jasmine>
	    at createRuntimeError (http://localhost:9876/k8-fastbuild-ST-199a4f3c4e20/bin/packages/core/src/render3/errors_di.ts:130:17)
	    at NullInjector.get (http://localhost:9876/k8-fastbuild-ST-199a4f3c4e20/bin/packages/core/src/di/null_injector.ts:20:21)
	    at R3Injector.get (http://localhost:9876/k8-fastbuild-ST-199a4f3c4e20/bin/packages/core/src/di/r3_injector.ts:381:27)
	    at R3Injector.get (http://localhost:9876/k8-fastbuild-ST-199a4f3c4e20/bin/packages/core/src/di/r3_injector.ts:381:27)
	    at R3Injector.get (http://localhost:9876/k8-fastbuild-ST-199a4f3c4e20/bin/packages/core/src/di/r3_injector.ts:381:27)
	    at ChainedInjector.get (http://localhost:9876/k8-fastbuild-ST-199a4f3c4e20/bin/packages/core/src/render3/chained_injector.ts:43:32)
	    at lookupTokenUsingModuleInjector (http://localhost:9876/k8-fastbuild-ST-199a4f3c4e20/bin/packages/core/src/render3/di.ts:426:64)
	    at getOrCreateInjectable (http://localhost:9876/k8-fastbuild-ST-199a4f3c4e20/bin/packages/core/src/render3/di.ts:493:10)
	    at ÉµÉµdirectiveInject (http://localhost:9876/k8-fastbuild-ST-199a4f3c4e20/bin/packages/core/src/render3/instructions/di.ts:58:17)
	    at NodeInjectorFactory._RouterLink_Factory [as factory] (ng:///_RouterLink/Éµfac.js:5:7)
Chrome Headless 141.0.0.0 (Mac OS 10.15.7): Executed 249 of 332[31m (31 FAILED)[39m (0 secs / 28.08 secs)
[1A[2K[31mChrome Headless 141.0.0.0 (Mac OS 10.15.7) RsvpComponent should handle guest found and update Firestore document FAILED[39m
	ÉµNotFound: NG0201: No provider found for `ActivatedRoute`. Source: Standalone[Rsvp2]. Find more at https://v20.angular.dev/errors/NG0201
	error properties: Object({ code: -201, ngErrorCode: -201, ngErrorMessage: 'No provider found for `ActivatedRoute`.', ngTokenPath: [ 'ActivatedRoute' ] })
	    at <Jasmine>
	    at createRuntimeError (http://localhost:9876/k8-fastbuild-ST-199a4f3c4e20/bin/packages/core/src/render3/errors_di.ts:130:17)
	    at NullInjector.get (http://localhost:9876/k8-fastbuild-ST-199a4f3c4e20/bin/packages/core/src/di/null_injector.ts:20:21)
	    at R3Injector.get (http://localhost:9876/k8-fastbuild-ST-199a4f3c4e20/bin/packages/core/src/di/r3_injector.ts:381:27)
	    at R3Injector.get (http://localhost:9876/k8-fastbuild-ST-199a4f3c4e20/bin/packages/core/src/di/r3_injector.ts:381:27)
	    at R3Injector.get (http://localhost:9876/k8-fastbuild-ST-199a4f3c4e20/bin/packages/core/src/di/r3_injector.ts:381:27)
	    at ChainedInjector.get (http://localhost:9876/k8-fastbuild-ST-199a4f3c4e20/bin/packages/core/src/render3/chained_injector.ts:43:32)
	    at lookupTokenUsingModuleInjector (http://localhost:9876/k8-fastbuild-ST-199a4f3c4e20/bin/packages/core/src/render3/di.ts:426:64)
	    at getOrCreateInjectable (http://localhost:9876/k8-fastbuild-ST-199a4f3c4e20/bin/packages/core/src/render3/di.ts:493:10)
	    at ÉµÉµdirectiveInject (http://localhost:9876/k8-fastbuild-ST-199a4f3c4e20/bin/packages/core/src/render3/instructions/di.ts:58:17)
	    at NodeInjectorFactory._RouterLink_Factory [as factory] (ng:///_RouterLink/Éµfac.js:5:7)
Chrome Headless 141.0.0.0 (Mac OS 10.15.7): Executed 250 of 332[31m (32 FAILED)[39m (0 secs / 28.084 secs)
[1A[2KChrome Headless 141.0.0.0 (Mac OS 10.15.7): Executed 251 of 332[31m (32 FAILED)[39m (0 secs / 28.094 secs)
[1A[2KChrome Headless 141.0.0.0 (Mac OS 10.15.7): Executed 252 of 332[31m (32 FAILED)[39m (0 secs / 28.097 secs)
[1A[2KChrome Headless 141.0.0.0 (Mac OS 10.15.7): Executed 253 of 332[31m (32 FAILED)[39m (0 secs / 28.1 secs)
[1A[2KChrome Headless 141.0.0.0 (Mac OS 10.15.7): Executed 254 of 332[31m (32 FAILED)[39m (0 secs / 28.102 secs)
[1A[2KChrome Headless 141.0.0.0 (Mac OS 10.15.7): Executed 255 of 332[31m (32 FAILED)[39m (0 secs / 28.104 secs)
[1A[2KChrome Headless 141.0.0.0 (Mac OS 10.15.7): Executed 256 of 332[31m (32 FAILED)[39m (0 secs / 28.107 secs)
[1A[2KChrome Headless 141.0.0.0 (Mac OS 10.15.7): Executed 257 of 332[31m (32 FAILED)[39m (0 secs / 28.11 secs)
[1A[2KChrome Headless 141.0.0.0 (Mac OS 10.15.7): Executed 258 of 332[31m (32 FAILED)[39m (0 secs / 28.113 secs)
[1A[2KChrome Headless 141.0.0.0 (Mac OS 10.15.7): Executed 259 of 332[31m (32 FAILED)[39m (0 secs / 28.116 secs)
[1A[2KChrome Headless 141.0.0.0 (Mac OS 10.15.7): Executed 260 of 332[31m (32 FAILED)[39m (0 secs / 28.12 secs)
[1A[2KChrome Headless 141.0.0.0 (Mac OS 10.15.7): Executed 261 of 332[31m (32 FAILED)[39m (0 secs / 28.124 secs)
[1A[2KChrome Headless 141.0.0.0 (Mac OS 10.15.7): Executed 262 of 332[31m (32 FAILED)[39m (0 secs / 28.128 secs)
[1A[2KChrome Headless 141.0.0.0 (Mac OS 10.15.7): Executed 263 of 332[31m (32 FAILED)[39m (0 secs / 28.131 secs)
[1A[2KChrome Headless 141.0.0.0 (Mac OS 10.15.7): Executed 264 of 332[31m (32 FAILED)[39m (0 secs / 28.135 secs)
[1A[2KChrome Headless 141.0.0.0 (Mac OS 10.15.7): Executed 265 of 332[31m (32 FAILED)[39m (0 secs / 28.154 secs)
[1A[2KChrome Headless 141.0.0.0 (Mac OS 10.15.7): Executed 266 of 332[31m (32 FAILED)[39m (0 secs / 28.158 secs)
[1A[2KChrome Headless 141.0.0.0 (Mac OS 10.15.7): Executed 267 of 332[31m (32 FAILED)[39m (0 secs / 28.161 secs)
[1A[2KChrome Headless 141.0.0.0 (Mac OS 10.15.7): Executed 268 of 332[31m (32 FAILED)[39m (0 secs / 28.165 secs)
[1A[2KChrome Headless 141.0.0.0 (Mac OS 10.15.7): Executed 269 of 332[31m (32 FAILED)[39m (0 secs / 28.168 secs)
[1A[2KERROR: [36m'Failed to fetch venue info:', TypeError: Cannot read properties of null (reading 'venuename')
TypeError: Cannot read properties of null (reading 'venuename')
    at Trackorders2.<anonymous> (http://localhost:9876/base/src/app/pages/trackorders/trackorders.ts:69:35)
    at Generator.next (<anonymous>)
    at fulfilled (http://localhost:9876/base/chunk-GMEUZ63J.js:56:24)
    at _ZoneDelegate.invoke (http://localhost:9876/base/node_modules/zone.js/fesm2015/zone.js:398:28)
    at _FakeAsyncTestZoneSpec.onInvoke (http://localhost:9876/base/node_modules/zone.js/fesm2015/zone-testing.js:1620:29)
    at _ProxyZoneSpec.onInvoke (http://localhost:9876/base/node_modules/zone.js/fesm2015/zone-testing.js:2129:39)
    at _ZoneDelegate.invoke (http://localhost:9876/base/node_modules/zone.js/fesm2015/zone.js:397:34)
    at ZoneImpl.run (http://localhost:9876/base/node_modules/zone.js/fesm2015/zone.js:113:43)
    at http://localhost:9876/base/node_modules/zone.js/fesm2015/zone.js:2537:40
    at _ZoneDelegate.invokeTask (http://localhost:9876/base/node_modules/zone.js/fesm2015/zone.js:431:33)[39m
Chrome Headless 141.0.0.0 (Mac OS 10.15.7): Executed 269 of 332[31m (32 FAILED)[39m (0 secs / 28.168 secs)
ERROR: 'Failed to fetch venue info:', TypeError: Cannot read properties of null (reading 'venuename')
TypeError: Cannot read properties of null (reading 'venuename')
    at Trackorders2.<anonymous> (http://localhost:9876/base/src/app/pages/trackorders/trackorders.ts:69:35)
    at Generator.next (<anonymous>)
    at fulfilled (http://localhost:9876/base/chunk-GMEUZ63J.js:56:24)
    at _ZoneDelegate.invoke (http://localhost:9876/base/node_modules/zone.js/fesm2015/zone.js:398:28)
    at _FakeAsyncTestZoneSpec.onInvoke (http://localhost:9876/base/node_modules/zone.js/fesm2015/zone-testing.js:1620:29)
    at _ProxyZoneSpec.onInvoke (http://localhost:9876/base/node_modules/zone.js/fesm2015/zone-testing.js:2129:39)
    at _ZoneDelegate.invoke (http://localhost:9876/base/node_modules/zone.js/fesm2015/zone.js:397:34)
    at ZoneImpl.run (http://localhost:9876/base/node_modules/zone.js/fesm2015/zone.js:113:43)
    at http://localhost:9876/base/node_modules/zone.js/fesm2015/zone.js:2537:40
    at _ZoneDelegate.invokeTask (http://localhost:9876/base/node_modules/zone.js/fesm2015/zone.js:431:33)
[1A[2KChrome Headless 141.0.0.0 (Mac OS 10.15.7): Executed 270 of 332[31m (32 FAILED)[39m (0 secs / 28.185 secs)
[1A[2KLOG: [36m'Map container not ready, attempt 4/5'[39m
Chrome Headless 141.0.0.0 (Mac OS 10.15.7): Executed 270 of 332[31m (32 FAILED)[39m (0 secs / 28.185 secs)
LOG: 'Map container not ready, attempt 4/5'
[1A[2KChrome Headless 141.0.0.0 (Mac OS 10.15.7): Executed 271 of 332[31m (32 FAILED)[39m (0 secs / 28.189 secs)
[1A[2KChrome Headless 141.0.0.0 (Mac OS 10.15.7): Executed 272 of 332[31m (32 FAILED)[39m (0 secs / 28.278 secs)
[1A[2KChrome Headless 141.0.0.0 (Mac OS 10.15.7): Executed 273 of 332[31m (32 FAILED)[39m (0 secs / 28.282 secs)
[1A[2KWARN: [36m'Calling Firebase APIs outside of an Injection context may destabilize your application leading to subtle change-detection and hydration bugs. Find more at https://github.com/angular/angularfire/blob/main/docs/zones.md'[39m
Chrome Headless 141.0.0.0 (Mac OS 10.15.7): Executed 273 of 332[31m (32 FAILED)[39m (0 secs / 28.282 secs)
WARN: 'Calling Firebase APIs outside of an Injection context may destabilize your application leading to subtle change-detection and hydration bugs. Find more at https://github.com/angular/angularfire/blob/main/docs/zones.md'
[1A[2KERROR: [36m'Error updating status for Venues with ID venue1: ', FirebaseError: [code=invalid-argument]: Expected first argument to collection() to be a CollectionReference, a DocumentReference or FirebaseFirestore
FirebaseError: Expected first argument to collection() to be a CollectionReference, a DocumentReference or FirebaseFirestore[39m
Chrome Headless 141.0.0.0 (Mac OS 10.15.7): Executed 273 of 332[31m (32 FAILED)[39m (0 secs / 28.282 secs)
ERROR: 'Error updating status for Venues with ID venue1: ', FirebaseError: [code=invalid-argument]: Expected first argument to collection() to be a CollectionReference, a DocumentReference or FirebaseFirestore
FirebaseError: Expected first argument to collection() to be a CollectionReference, a DocumentReference or FirebaseFirestore
[1A[2K[31mChrome Headless 141.0.0.0 (Mac OS 10.15.7) Admin Component should change venue status to rejected FAILED[39m
	Expected 2 to be 1.
	    at <Jasmine>
	    at src/app/pages/admin/admin.spec.ts:230:32
	    at <Jasmine>
	    at fulfilled (chunk-GMEUZ63J.js:56:24)
	    at _ZoneDelegate.invoke (node_modules/zone.js/fesm2015/zone.js:398:28)
	Expected Object({ id: 'venue1', name: 'Venue A', status: 'pending' }) to be undefined.
	    at <Jasmine>
	    at src/app/pages/admin/admin.spec.ts:231:54
	    at <Jasmine>
	    at fulfilled (chunk-GMEUZ63J.js:56:24)
	    at _ZoneDelegate.invoke (node_modules/zone.js/fesm2015/zone.js:398:28)
Chrome Headless 141.0.0.0 (Mac OS 10.15.7): Executed 274 of 332[31m (33 FAILED)[39m (0 secs / 28.288 secs)
[1A[2KERROR: [36m'Error fetching venues: ', FirebaseError: [code=invalid-argument]: Expected first argument to collection() to be a CollectionReference, a DocumentReference or FirebaseFirestore
FirebaseError: Expected first argument to collection() to be a CollectionReference, a DocumentReference or FirebaseFirestore[39m
Chrome Headless 141.0.0.0 (Mac OS 10.15.7): Executed 274 of 332[31m (33 FAILED)[39m (0 secs / 28.288 secs)
ERROR: 'Error fetching venues: ', FirebaseError: [code=invalid-argument]: Expected first argument to collection() to be a CollectionReference, a DocumentReference or FirebaseFirestore
FirebaseError: Expected first argument to collection() to be a CollectionReference, a DocumentReference or FirebaseFirestore
[1A[2KChrome Headless 141.0.0.0 (Mac OS 10.15.7): Executed 275 of 332[31m (33 FAILED)[39m (0 secs / 28.293 secs)
[1A[2KERROR: [36m'Error fetching vendors: ', FirebaseError: [code=invalid-argument]: Expected first argument to collection() to be a CollectionReference, a DocumentReference or FirebaseFirestore
FirebaseError: Expected first argument to collection() to be a CollectionReference, a DocumentReference or FirebaseFirestore[39m
Chrome Headless 141.0.0.0 (Mac OS 10.15.7): Executed 275 of 332[31m (33 FAILED)[39m (0 secs / 28.293 secs)
ERROR: 'Error fetching vendors: ', FirebaseError: [code=invalid-argument]: Expected first argument to collection() to be a CollectionReference, a DocumentReference or FirebaseFirestore
FirebaseError: Expected first argument to collection() to be a CollectionReference, a DocumentReference or FirebaseFirestore
[1A[2KChrome Headless 141.0.0.0 (Mac OS 10.15.7): Executed 276 of 332[31m (33 FAILED)[39m (0 secs / 28.297 secs)
[1A[2KERROR: [36m'Error fetching vendors: ', FirebaseError: [code=invalid-argument]: Expected first argument to collection() to be a CollectionReference, a DocumentReference or FirebaseFirestore
FirebaseError: Expected first argument to collection() to be a CollectionReference, a DocumentReference or FirebaseFirestore[39m
Chrome Headless 141.0.0.0 (Mac OS 10.15.7): Executed 276 of 332[31m (33 FAILED)[39m (0 secs / 28.297 secs)
ERROR: 'Error fetching vendors: ', FirebaseError: [code=invalid-argument]: Expected first argument to collection() to be a CollectionReference, a DocumentReference or FirebaseFirestore
FirebaseError: Expected first argument to collection() to be a CollectionReference, a DocumentReference or FirebaseFirestore
[1A[2KChrome Headless 141.0.0.0 (Mac OS 10.15.7): Executed 277 of 332[31m (33 FAILED)[39m (0 secs / 28.301 secs)
[1A[2KERROR: [36m'Error fetching vendors: ', FirebaseError: [code=invalid-argument]: Expected first argument to collection() to be a CollectionReference, a DocumentReference or FirebaseFirestore
FirebaseError: Expected first argument to collection() to be a CollectionReference, a DocumentReference or FirebaseFirestore[39m
Chrome Headless 141.0.0.0 (Mac OS 10.15.7): Executed 277 of 332[31m (33 FAILED)[39m (0 secs / 28.301 secs)
ERROR: 'Error fetching vendors: ', FirebaseError: [code=invalid-argument]: Expected first argument to collection() to be a CollectionReference, a DocumentReference or FirebaseFirestore
FirebaseError: Expected first argument to collection() to be a CollectionReference, a DocumentReference or FirebaseFirestore
[1A[2KERROR: [36m'Error fetching venues: ', FirebaseError: [code=invalid-argument]: Expected first argument to collection() to be a CollectionReference, a DocumentReference or FirebaseFirestore
FirebaseError: Expected first argument to collection() to be a CollectionReference, a DocumentReference or FirebaseFirestore[39m
Chrome Headless 141.0.0.0 (Mac OS 10.15.7): Executed 277 of 332[31m (33 FAILED)[39m (0 secs / 28.301 secs)
ERROR: 'Error fetching venues: ', FirebaseError: [code=invalid-argument]: Expected first argument to collection() to be a CollectionReference, a DocumentReference or FirebaseFirestore
FirebaseError: Expected first argument to collection() to be a CollectionReference, a DocumentReference or FirebaseFirestore
[1A[2K[31mChrome Headless 141.0.0.0 (Mac OS 10.15.7) Admin Component should navigate to landing when no user FAILED[39m
	Expected spy navigateByUrl to have been called with:
	  [ '/landing' ]
	but it was never called.
	    at <Jasmine>
	    at UserContext.<anonymous> (src/app/pages/admin/admin.spec.ts:136:20)
	    at UserContext.fakeAsyncFn (node_modules/zone.js/fesm2015/zone-testing.js:1715:26)
	    at _ZoneDelegate.invoke (node_modules/zone.js/fesm2015/zone.js:398:28)
	    at _ProxyZoneSpec.onInvoke (node_modules/zone.js/fesm2015/zone-testing.js:2132:39)
Chrome Headless 141.0.0.0 (Mac OS 10.15.7): Executed 278 of 332[31m (34 FAILED)[39m (0 secs / 28.306 secs)
[1A[2KChrome Headless 141.0.0.0 (Mac OS 10.15.7): Executed 279 of 332[31m (34 FAILED)[39m (0 secs / 28.309 secs)
[1A[2KChrome Headless 141.0.0.0 (Mac OS 10.15.7): Executed 280 of 332[31m (34 FAILED)[39m (0 secs / 28.313 secs)
[1A[2KERROR: [36m'Error fetching venues: ', FirebaseError: [code=invalid-argument]: Expected first argument to collection() to be a CollectionReference, a DocumentReference or FirebaseFirestore
FirebaseError: Expected first argument to collection() to be a CollectionReference, a DocumentReference or FirebaseFirestore[39m
Chrome Headless 141.0.0.0 (Mac OS 10.15.7): Executed 280 of 332[31m (34 FAILED)[39m (0 secs / 28.313 secs)
ERROR: 'Error fetching venues: ', FirebaseError: [code=invalid-argument]: Expected first argument to collection() to be a CollectionReference, a DocumentReference or FirebaseFirestore
FirebaseError: Expected first argument to collection() to be a CollectionReference, a DocumentReference or FirebaseFirestore
[1A[2KChrome Headless 141.0.0.0 (Mac OS 10.15.7): Executed 281 of 332[31m (34 FAILED)[39m (0 secs / 28.317 secs)
[1A[2K[31mChrome Headless 141.0.0.0 (Mac OS 10.15.7) Admin Component should set loadingVendors to true during fetch FAILED[39m
	Expected false to be true.
	    at <Jasmine>
	    at src/app/pages/admin/admin.spec.ts:325:33
	    at <Jasmine>
	    at chunk-GMEUZ63J.js:69:61
	    at new ZoneAwarePromise (node_modules/zone.js/fesm2015/zone.js:2701:25)
Chrome Headless 141.0.0.0 (Mac OS 10.15.7): Executed 282 of 332[31m (35 FAILED)[39m (0 secs / 28.321 secs)
[1A[2KChrome Headless 141.0.0.0 (Mac OS 10.15.7): Executed 283 of 332[31m (35 FAILED)[39m (0 secs / 28.325 secs)
[1A[2KChrome Headless 141.0.0.0 (Mac OS 10.15.7): Executed 284 of 332[31m (35 FAILED)[39m (0 secs / 28.415 secs)
[1A[2KChrome Headless 141.0.0.0 (Mac OS 10.15.7): Executed 285 of 332[31m (35 FAILED)[39m (0 secs / 28.419 secs)
[1A[2KChrome Headless 141.0.0.0 (Mac OS 10.15.7): Executed 286 of 332[31m (35 FAILED)[39m (0 secs / 28.45 secs)
[1A[2KChrome Headless 141.0.0.0 (Mac OS 10.15.7): Executed 287 of 332[31m (35 FAILED)[39m (0 secs / 28.457 secs)
[1A[2KChrome Headless 141.0.0.0 (Mac OS 10.15.7): Executed 288 of 332[31m (35 FAILED)[39m (0 secs / 28.461 secs)
[1A[2KChrome Headless 141.0.0.0 (Mac OS 10.15.7): Executed 289 of 332[31m (35 FAILED)[39m (0 secs / 28.484 secs)
[1A[2K[31mChrome Headless 141.0.0.0 (Mac OS 10.15.7) Admin Component should set loadingVenues to true during fetch FAILED[39m
	Expected false to be true.
	    at <Jasmine>
	    at src/app/pages/admin/admin.spec.ts:350:32
	    at <Jasmine>
	    at chunk-GMEUZ63J.js:69:61
	    at new ZoneAwarePromise (node_modules/zone.js/fesm2015/zone.js:2701:25)
Chrome Headless 141.0.0.0 (Mac OS 10.15.7): Executed 290 of 332[31m (36 FAILED)[39m (0 secs / 28.49 secs)
[1A[2KChrome Headless 141.0.0.0 (Mac OS 10.15.7): Executed 291 of 332[31m (36 FAILED)[39m (0 secs / 28.494 secs)
[1A[2KChrome Headless 141.0.0.0 (Mac OS 10.15.7): Executed 292 of 332[31m (36 FAILED)[39m (0 secs / 28.542 secs)
[1A[2KChrome Headless 141.0.0.0 (Mac OS 10.15.7): Executed 293 of 332[31m (36 FAILED)[39m (0 secs / 28.554 secs)
[1A[2KLOG: [36m'Map container not ready, attempt 5/5'[39m
Chrome Headless 141.0.0.0 (Mac OS 10.15.7): Executed 293 of 332[31m (36 FAILED)[39m (0 secs / 28.554 secs)
LOG: 'Map container not ready, attempt 5/5'
[1A[2KLOG: [36m'Google login successful'[39m
Chrome Headless 141.0.0.0 (Mac OS 10.15.7): Executed 293 of 332[31m (36 FAILED)[39m (0 secs / 28.554 secs)
LOG: 'Google login successful'
[1A[2KChrome Headless 141.0.0.0 (Mac OS 10.15.7): Executed 294 of 332[31m (36 FAILED)[39m (0 secs / 28.559 secs)
[1A[2KLOG: [36m'Google login successful'[39m
Chrome Headless 141.0.0.0 (Mac OS 10.15.7): Executed 294 of 332[31m (36 FAILED)[39m (0 secs / 28.559 secs)
LOG: 'Google login successful'
[1A[2KChrome Headless 141.0.0.0 (Mac OS 10.15.7): Executed 295 of 332[31m (36 FAILED)[39m (0 secs / 28.566 secs)
[1A[2KChrome Headless 141.0.0.0 (Mac OS 10.15.7): Executed 296 of 332[31m (36 FAILED)[39m (0 secs / 28.571 secs)
[1A[2KChrome Headless 141.0.0.0 (Mac OS 10.15.7): Executed 297 of 332[31m (36 FAILED)[39m (0 secs / 28.577 secs)
[1A[2KLOG: [36m'Logged-in user email:', 'u1@mail.test'[39m
Chrome Headless 141.0.0.0 (Mac OS 10.15.7): Executed 297 of 332[31m (36 FAILED)[39m (0 secs / 28.577 secs)
LOG: 'Logged-in user email:', 'u1@mail.test'
[1A[2KLOG: [36m'Admin login successful'[39m
Chrome Headless 141.0.0.0 (Mac OS 10.15.7): Executed 297 of 332[31m (36 FAILED)[39m (0 secs / 28.577 secs)
LOG: 'Admin login successful'
[1A[2KChrome Headless 141.0.0.0 (Mac OS 10.15.7): Executed 298 of 332[31m (36 FAILED)[39m (0 secs / 28.583 secs)
[1A[2KChrome Headless 141.0.0.0 (Mac OS 10.15.7): Executed 299 of 332[31m (36 FAILED)[39m (0 secs / 28.605 secs)
[33m17 10 2025 16:31:25.230:WARN [web-server]: [39m404: /assets/venue1.jpeg
[33m17 10 2025 16:31:25.232:WARN [web-server]: [39m404: /assets/invitation1.jpeg
[1A[2KChrome Headless 141.0.0.0 (Mac OS 10.15.7): Executed 300 of 332[31m (36 FAILED)[39m (0 secs / 28.672 secs)
[1A[2KERROR: [36mError: NG04002: Cannot match any routes. URL Segment: 'login'
Error: NG04002: Cannot match any routes. URL Segment: 'login'
    at Recognizer.noMatchError (http://localhost:9876/k8-fastbuild-ST-199a4f3c4e20/bin/packages/router/src/recognize.ts:96:12)
    at http://localhost:9876/k8-fastbuild-ST-199a4f3c4e20/bin/packages/router/src/recognize.ts:160:22
    at http://localhost:9876/base/node_modules/rxjs/src/internal/operators/catchError.ts:115:35
    at OperatorSubscriber._error (http://localhost:9876/base/node_modules/rxjs/src/internal/operators/OperatorSubscriber.ts:79:13)
    at OperatorSubscriber.error (http://localhost:9876/base/node_modules/rxjs/src/internal/Subscriber.ts:86:12)
    at OperatorSubscriber._error (http://localhost:9876/base/node_modules/rxjs/src/internal/Subscriber.ts:118:24)
    at OperatorSubscriber.error (http://localhost:9876/base/node_modules/rxjs/src/internal/Subscriber.ts:86:12)
    at OperatorSubscriber._error (http://localhost:9876/base/node_modules/rxjs/src/internal/Subscriber.ts:118:24)
    at OperatorSubscriber.error (http://localhost:9876/base/node_modules/rxjs/src/internal/Subscriber.ts:86:12)
    at OperatorSubscriber._error (http://localhost:9876/base/node_modules/rxjs/src/internal/Subscriber.ts:118:24)[39m
Chrome Headless 141.0.0.0 (Mac OS 10.15.7): Executed 300 of 332[31m (36 FAILED)[39m (0 secs / 28.672 secs)
ERROR: Error: NG04002: Cannot match any routes. URL Segment: 'login'
Error: NG04002: Cannot match any routes. URL Segment: 'login'
    at Recognizer.noMatchError (http://localhost:9876/k8-fastbuild-ST-199a4f3c4e20/bin/packages/router/src/recognize.ts:96:12)
    at http://localhost:9876/k8-fastbuild-ST-199a4f3c4e20/bin/packages/router/src/recognize.ts:160:22
    at http://localhost:9876/base/node_modules/rxjs/src/internal/operators/catchError.ts:115:35
    at OperatorSubscriber._error (http://localhost:9876/base/node_modules/rxjs/src/internal/operators/OperatorSubscriber.ts:79:13)
    at OperatorSubscriber.error (http://localhost:9876/base/node_modules/rxjs/src/internal/Subscriber.ts:86:12)
    at OperatorSubscriber._error (http://localhost:9876/base/node_modules/rxjs/src/internal/Subscriber.ts:118:24)
    at OperatorSubscriber.error (http://localhost:9876/base/node_modules/rxjs/src/internal/Subscriber.ts:86:12)
    at OperatorSubscriber._error (http://localhost:9876/base/node_modules/rxjs/src/internal/Subscriber.ts:118:24)
    at OperatorSubscriber.error (http://localhost:9876/base/node_modules/rxjs/src/internal/Subscriber.ts:86:12)
    at OperatorSubscriber._error (http://localhost:9876/base/node_modules/rxjs/src/internal/Subscriber.ts:118:24)
[33m17 10 2025 16:31:25.340:WARN [web-server]: [39m404: /assets/venue1.jpeg
[33m17 10 2025 16:31:25.340:WARN [web-server]: [39m404: /assets/invitation1.jpeg
[1A[2KChrome Headless 141.0.0.0 (Mac OS 10.15.7): Executed 301 of 332[31m (36 FAILED)[39m (0 secs / 28.693 secs)
[1A[2KERROR: [36mError: NG04002: Cannot match any routes. URL Segment: 'homepage'
Error: NG04002: Cannot match any routes. URL Segment: 'homepage'
    at Recognizer.noMatchError (http://localhost:9876/k8-fastbuild-ST-199a4f3c4e20/bin/packages/router/src/recognize.ts:96:12)
    at http://localhost:9876/k8-fastbuild-ST-199a4f3c4e20/bin/packages/router/src/recognize.ts:160:22
    at http://localhost:9876/base/node_modules/rxjs/src/internal/operators/catchError.ts:115:35
    at OperatorSubscriber._error (http://localhost:9876/base/node_modules/rxjs/src/internal/operators/OperatorSubscriber.ts:79:13)
    at OperatorSubscriber.error (http://localhost:9876/base/node_modules/rxjs/src/internal/Subscriber.ts:86:12)
    at OperatorSubscriber._error (http://localhost:9876/base/node_modules/rxjs/src/internal/Subscriber.ts:118:24)
    at OperatorSubscriber.error (http://localhost:9876/base/node_modules/rxjs/src/internal/Subscriber.ts:86:12)
    at OperatorSubscriber._error (http://localhost:9876/base/node_modules/rxjs/src/internal/Subscriber.ts:118:24)
    at OperatorSubscriber.error (http://localhost:9876/base/node_modules/rxjs/src/internal/Subscriber.ts:86:12)
    at OperatorSubscriber._error (http://localhost:9876/base/node_modules/rxjs/src/internal/Subscriber.ts:118:24)[39m
Chrome Headless 141.0.0.0 (Mac OS 10.15.7): Executed 301 of 332[31m (36 FAILED)[39m (0 secs / 28.693 secs)
ERROR: Error: NG04002: Cannot match any routes. URL Segment: 'homepage'
Error: NG04002: Cannot match any routes. URL Segment: 'homepage'
    at Recognizer.noMatchError (http://localhost:9876/k8-fastbuild-ST-199a4f3c4e20/bin/packages/router/src/recognize.ts:96:12)
    at http://localhost:9876/k8-fastbuild-ST-199a4f3c4e20/bin/packages/router/src/recognize.ts:160:22
    at http://localhost:9876/base/node_modules/rxjs/src/internal/operators/catchError.ts:115:35
    at OperatorSubscriber._error (http://localhost:9876/base/node_modules/rxjs/src/internal/operators/OperatorSubscriber.ts:79:13)
    at OperatorSubscriber.error (http://localhost:9876/base/node_modules/rxjs/src/internal/Subscriber.ts:86:12)
    at OperatorSubscriber._error (http://localhost:9876/base/node_modules/rxjs/src/internal/Subscriber.ts:118:24)
    at OperatorSubscriber.error (http://localhost:9876/base/node_modules/rxjs/src/internal/Subscriber.ts:86:12)
    at OperatorSubscriber._error (http://localhost:9876/base/node_modules/rxjs/src/internal/Subscriber.ts:118:24)
    at OperatorSubscriber.error (http://localhost:9876/base/node_modules/rxjs/src/internal/Subscriber.ts:86:12)
    at OperatorSubscriber._error (http://localhost:9876/base/node_modules/rxjs/src/internal/Subscriber.ts:118:24)
[33m17 10 2025 16:31:25.369:WARN [web-server]: [39m404: /assets/venue1.jpeg
[33m17 10 2025 16:31:25.369:WARN [web-server]: [39m404: /assets/invitation1.jpeg
[1A[2KChrome Headless 141.0.0.0 (Mac OS 10.15.7): Executed 302 of 332[31m (36 FAILED)[39m (0 secs / 28.7 secs)
[33m17 10 2025 16:31:25.382:WARN [web-server]: [39m404: /assets/venue1.jpeg
[33m17 10 2025 16:31:25.383:WARN [web-server]: [39m404: /assets/invitation1.jpeg
[1A[2KChrome Headless 141.0.0.0 (Mac OS 10.15.7): Executed 303 of 332[31m (36 FAILED)[39m (0 secs / 28.714 secs)
[33m17 10 2025 16:31:25.399:WARN [web-server]: [39m404: /assets/venue1.jpeg
[1A[2KERROR: [36mError: NG04002: Cannot match any routes. URL Segment: 'homepage'
Error: NG04002: Cannot match any routes. URL Segment: 'homepage'
    at Recognizer.noMatchError (http://localhost:9876/k8-fastbuild-ST-199a4f3c4e20/bin/packages/router/src/recognize.ts:96:12)
    at http://localhost:9876/k8-fastbuild-ST-199a4f3c4e20/bin/packages/router/src/recognize.ts:160:22
    at http://localhost:9876/base/node_modules/rxjs/src/internal/operators/catchError.ts:115:35
    at OperatorSubscriber._error (http://localhost:9876/base/node_modules/rxjs/src/internal/operators/OperatorSubscriber.ts:79:13)
    at OperatorSubscriber.error (http://localhost:9876/base/node_modules/rxjs/src/internal/Subscriber.ts:86:12)
    at OperatorSubscriber._error (http://localhost:9876/base/node_modules/rxjs/src/internal/Subscriber.ts:118:24)
    at OperatorSubscriber.error (http://localhost:9876/base/node_modules/rxjs/src/internal/Subscriber.ts:86:12)
    at OperatorSubscriber._error (http://localhost:9876/base/node_modules/rxjs/src/internal/Subscriber.ts:118:24)
    at OperatorSubscriber.error (http://localhost:9876/base/node_modules/rxjs/src/internal/Subscriber.ts:86:12)
    at OperatorSubscriber._error (http://localhost:9876/base/node_modules/rxjs/src/internal/Subscriber.ts:118:24)[39m
Chrome Headless 141.0.0.0 (Mac OS 10.15.7): Executed 303 of 332[31m (36 FAILED)[39m (0 secs / 28.714 secs)
ERROR: Error: NG04002: Cannot match any routes. URL Segment: 'homepage'
Error: NG04002: Cannot match any routes. URL Segment: 'homepage'
    at Recognizer.noMatchError (http://localhost:9876/k8-fastbuild-ST-199a4f3c4e20/bin/packages/router/src/recognize.ts:96:12)
    at http://localhost:9876/k8-fastbuild-ST-199a4f3c4e20/bin/packages/router/src/recognize.ts:160:22
    at http://localhost:9876/base/node_modules/rxjs/src/internal/operators/catchError.ts:115:35
    at OperatorSubscriber._error (http://localhost:9876/base/node_modules/rxjs/src/internal/operators/OperatorSubscriber.ts:79:13)
    at OperatorSubscriber.error (http://localhost:9876/base/node_modules/rxjs/src/internal/Subscriber.ts:86:12)
    at OperatorSubscriber._error (http://localhost:9876/base/node_modules/rxjs/src/internal/Subscriber.ts:118:24)
    at OperatorSubscriber.error (http://localhost:9876/base/node_modules/rxjs/src/internal/Subscriber.ts:86:12)
    at OperatorSubscriber._error (http://localhost:9876/base/node_modules/rxjs/src/internal/Subscriber.ts:118:24)
    at OperatorSubscriber.error (http://localhost:9876/base/node_modules/rxjs/src/internal/Subscriber.ts:86:12)
    at OperatorSubscriber._error (http://localhost:9876/base/node_modules/rxjs/src/internal/Subscriber.ts:118:24)
[33m17 10 2025 16:31:25.411:WARN [web-server]: [39m404: /assets/invitation1.jpeg
[1A[2KChrome Headless 141.0.0.0 (Mac OS 10.15.7): Executed 304 of 332[31m (36 FAILED)[39m (0 secs / 28.725 secs)
[33m17 10 2025 16:31:25.433:WARN [web-server]: [39m404: /assets/venue1.jpeg
[33m17 10 2025 16:31:25.434:WARN [web-server]: [39m404: /assets/invitation1.jpeg
[1A[2KChrome Headless 141.0.0.0 (Mac OS 10.15.7): Executed 305 of 332[31m (36 FAILED)[39m (0 secs / 28.734 secs)
[33m17 10 2025 16:31:25.452:WARN [web-server]: [39m404: /assets/venue1.jpeg
[33m17 10 2025 16:31:25.452:WARN [web-server]: [39m404: /assets/invitation1.jpeg
[1A[2KChrome Headless 141.0.0.0 (Mac OS 10.15.7): Executed 306 of 332[31m (36 FAILED)[39m (0 secs / 28.742 secs)
[33m17 10 2025 16:31:25.469:WARN [web-server]: [39m404: /assets/venue1.jpeg
[33m17 10 2025 16:31:25.469:WARN [web-server]: [39m404: /assets/invitation1.jpeg
[1A[2KLOG: [36m'Google login successful'[39m
Chrome Headless 141.0.0.0 (Mac OS 10.15.7): Executed 306 of 332[31m (36 FAILED)[39m (0 secs / 28.742 secs)
LOG: 'Google login successful'
[33m17 10 2025 16:31:25.495:WARN [web-server]: [39m404: /assets/venue1.jpeg
[1A[2KChrome Headless 141.0.0.0 (Mac OS 10.15.7): Executed 307 of 332[31m (36 FAILED)[39m (0 secs / 28.76 secs)
[1A[2KERROR: [36mError: NG04002: Cannot match any routes. URL Segment: 'homepage'
Error: NG04002: Cannot match any routes. URL Segment: 'homepage'
    at Recognizer.noMatchError (http://localhost:9876/k8-fastbuild-ST-199a4f3c4e20/bin/packages/router/src/recognize.ts:96:12)
    at http://localhost:9876/k8-fastbuild-ST-199a4f3c4e20/bin/packages/router/src/recognize.ts:160:22
    at http://localhost:9876/base/node_modules/rxjs/src/internal/operators/catchError.ts:115:35
    at OperatorSubscriber._error (http://localhost:9876/base/node_modules/rxjs/src/internal/operators/OperatorSubscriber.ts:79:13)
    at OperatorSubscriber.error (http://localhost:9876/base/node_modules/rxjs/src/internal/Subscriber.ts:86:12)
    at OperatorSubscriber._error (http://localhost:9876/base/node_modules/rxjs/src/internal/Subscriber.ts:118:24)
    at OperatorSubscriber.error (http://localhost:9876/base/node_modules/rxjs/src/internal/Subscriber.ts:86:12)
    at OperatorSubscriber._error (http://localhost:9876/base/node_modules/rxjs/src/internal/Subscriber.ts:118:24)
    at OperatorSubscriber.error (http://localhost:9876/base/node_modules/rxjs/src/internal/Subscriber.ts:86:12)
    at OperatorSubscriber._error (http://localhost:9876/base/node_modules/rxjs/src/internal/Subscriber.ts:118:24)[39m
Chrome Headless 141.0.0.0 (Mac OS 10.15.7): Executed 307 of 332[31m (36 FAILED)[39m (0 secs / 28.76 secs)
ERROR: Error: NG04002: Cannot match any routes. URL Segment: 'homepage'
Error: NG04002: Cannot match any routes. URL Segment: 'homepage'
    at Recognizer.noMatchError (http://localhost:9876/k8-fastbuild-ST-199a4f3c4e20/bin/packages/router/src/recognize.ts:96:12)
    at http://localhost:9876/k8-fastbuild-ST-199a4f3c4e20/bin/packages/router/src/recognize.ts:160:22
    at http://localhost:9876/base/node_modules/rxjs/src/internal/operators/catchError.ts:115:35
    at OperatorSubscriber._error (http://localhost:9876/base/node_modules/rxjs/src/internal/operators/OperatorSubscriber.ts:79:13)
    at OperatorSubscriber.error (http://localhost:9876/base/node_modules/rxjs/src/internal/Subscriber.ts:86:12)
    at OperatorSubscriber._error (http://localhost:9876/base/node_modules/rxjs/src/internal/Subscriber.ts:118:24)
    at OperatorSubscriber.error (http://localhost:9876/base/node_modules/rxjs/src/internal/Subscriber.ts:86:12)
    at OperatorSubscriber._error (http://localhost:9876/base/node_modules/rxjs/src/internal/Subscriber.ts:118:24)
    at OperatorSubscriber.error (http://localhost:9876/base/node_modules/rxjs/src/internal/Subscriber.ts:86:12)
    at OperatorSubscriber._error (http://localhost:9876/base/node_modules/rxjs/src/internal/Subscriber.ts:118:24)
[33m17 10 2025 16:31:25.501:WARN [web-server]: [39m404: /assets/invitation1.jpeg
[1A[2KChrome Headless 141.0.0.0 (Mac OS 10.15.7): Executed 308 of 332[31m (36 FAILED)[39m (0 secs / 28.769 secs)
[33m17 10 2025 16:31:25.516:WARN [web-server]: [39m404: /assets/venue1.jpeg
[33m17 10 2025 16:31:25.516:WARN [web-server]: [39m404: /assets/invitation1.jpeg
[1A[2KChrome Headless 141.0.0.0 (Mac OS 10.15.7): Executed 309 of 332[31m (36 FAILED)[39m (0 secs / 28.779 secs)
[1A[2KChrome Headless 141.0.0.0 (Mac OS 10.15.7): Executed 310 of 332[31m (36 FAILED)[39m (0 secs / 28.784 secs)
[1A[2KChrome Headless 141.0.0.0 (Mac OS 10.15.7): Executed 311 of 332[31m (36 FAILED)[39m (0 secs / 28.789 secs)
[1A[2KChrome Headless 141.0.0.0 (Mac OS 10.15.7): Executed 312 of 332[31m (36 FAILED)[39m (0 secs / 28.794 secs)
[1A[2KChrome Headless 141.0.0.0 (Mac OS 10.15.7): Executed 313 of 332[31m (36 FAILED)[39m (0 secs / 28.8 secs)
[1A[2KChrome Headless 141.0.0.0 (Mac OS 10.15.7): Executed 314 of 332[31m (36 FAILED)[39m (0 secs / 28.804 secs)
[1A[2KChrome Headless 141.0.0.0 (Mac OS 10.15.7): Executed 315 of 332[31m (36 FAILED)[39m (0 secs / 28.809 secs)
[1A[2KLOG: [36m'Event Data:', Object{}[39m
Chrome Headless 141.0.0.0 (Mac OS 10.15.7): Executed 315 of 332[31m (36 FAILED)[39m (0 secs / 28.809 secs)
LOG: 'Event Data:', Object{}
[1A[2KLOG: [36m'No VenueID found in event data'[39m
Chrome Headless 141.0.0.0 (Mac OS 10.15.7): Executed 315 of 332[31m (36 FAILED)[39m (0 secs / 28.809 secs)
LOG: 'No VenueID found in event data'
[1A[2KLOG: [36m'No Budget found in event data, Budget field value:', undefined[39m
Chrome Headless 141.0.0.0 (Mac OS 10.15.7): Executed 315 of 332[31m (36 FAILED)[39m (0 secs / 28.809 secs)
LOG: 'No Budget found in event data, Budget field value:', undefined
[1A[2KLOG: [36m'RSVP Code found:', null[39m
Chrome Headless 141.0.0.0 (Mac OS 10.15.7): Executed 315 of 332[31m (36 FAILED)[39m (0 secs / 28.809 secs)
LOG: 'RSVP Code found:', null
[1A[2KLOG: [36m'Looking for guests with EventID:', 'U1'[39m
Chrome Headless 141.0.0.0 (Mac OS 10.15.7): Executed 315 of 332[31m (36 FAILED)[39m (0 secs / 28.809 secs)
LOG: 'Looking for guests with EventID:', 'U1'
[1A[2KLOG: [36m'Guests query result - number of docs:', undefined[39m
Chrome Headless 141.0.0.0 (Mac OS 10.15.7): Executed 315 of 332[31m (36 FAILED)[39m (0 secs / 28.809 secs)
LOG: 'Guests query result - number of docs:', undefined
[1A[2KLOG: [36m'Final counts - Total:', 0, 'Confirmed:', 0[39m
Chrome Headless 141.0.0.0 (Mac OS 10.15.7): Executed 315 of 332[31m (36 FAILED)[39m (0 secs / 28.809 secs)
LOG: 'Final counts - Total:', 0, 'Confirmed:', 0
[1A[2KLOG: [36m'Looking for orders with eventID:', 'U1'[39m
Chrome Headless 141.0.0.0 (Mac OS 10.15.7): Executed 315 of 332[31m (36 FAILED)[39m (0 secs / 28.809 secs)
LOG: 'Looking for orders with eventID:', 'U1'
[1A[2KLOG: [36m'Orders query result - number of docs:', undefined[39m
Chrome Headless 141.0.0.0 (Mac OS 10.15.7): Executed 315 of 332[31m (36 FAILED)[39m (0 secs / 28.809 secs)
LOG: 'Orders query result - number of docs:', undefined
[1A[2KLOG: [36m'Found company IDs:', [][39m
Chrome Headless 141.0.0.0 (Mac OS 10.15.7): Executed 315 of 332[31m (36 FAILED)[39m (0 secs / 28.809 secs)
LOG: 'Found company IDs:', []
[1A[2KLOG: [36m'Final selected vendors:', [][39m
Chrome Headless 141.0.0.0 (Mac OS 10.15.7): Executed 315 of 332[31m (36 FAILED)[39m (0 secs / 28.809 secs)
LOG: 'Final selected vendors:', []
[1A[2KERROR: [36m'Error fetching notifications from API:', Error: NG0205: Injector has already been destroyed.
Error: NG0205: Injector has already been destroyed.
    at assertNotDestroyed (http://localhost:9876/k8-fastbuild-ST-199a4f3c4e20/bin/packages/core/src/di/r3_injector.ts:679:11)
    at R3Injector.get (http://localhost:9876/k8-fastbuild-ST-199a4f3c4e20/bin/packages/core/src/di/r3_injector.ts:326:5)
    at _HttpInterceptorHandler.handle (http://localhost:9876/k8-fastbuild-ST-199a4f3c4e20/bin/packages/common/http/src/interceptor.ts:310:28)
    at http://localhost:9876/k8-fastbuild-ST-199a4f3c4e20/bin/packages/common/http/src/client.ts:842:57
    at doInnerSub (http://localhost:9876/base/node_modules/rxjs/src/internal/operators/mergeInternals.ts:71:15)
    at outerNext (http://localhost:9876/base/node_modules/rxjs/src/internal/operators/mergeInternals.ts:53:58)
    at OperatorSubscriber._next (http://localhost:9876/base/node_modules/rxjs/src/internal/operators/OperatorSubscriber.ts:70:13)
    at OperatorSubscriber.next (http://localhost:9876/base/node_modules/rxjs/src/internal/Subscriber.ts:71:12)
    at _Observable._subscribe (http://localhost:9876/base/node_modules/rxjs/src/internal/observable/innerFrom.ts:78:18)
    at _Observable._trySubscribe (http://localhost:9876/base/node_modules/rxjs/src/internal/Observable.ts:235:19)[39m
Chrome Headless 141.0.0.0 (Mac OS 10.15.7): Executed 315 of 332[31m (36 FAILED)[39m (0 secs / 28.809 secs)
ERROR: 'Error fetching notifications from API:', Error: NG0205: Injector has already been destroyed.
Error: NG0205: Injector has already been destroyed.
    at assertNotDestroyed (http://localhost:9876/k8-fastbuild-ST-199a4f3c4e20/bin/packages/core/src/di/r3_injector.ts:679:11)
    at R3Injector.get (http://localhost:9876/k8-fastbuild-ST-199a4f3c4e20/bin/packages/core/src/di/r3_injector.ts:326:5)
    at _HttpInterceptorHandler.handle (http://localhost:9876/k8-fastbuild-ST-199a4f3c4e20/bin/packages/common/http/src/interceptor.ts:310:28)
    at http://localhost:9876/k8-fastbuild-ST-199a4f3c4e20/bin/packages/common/http/src/client.ts:842:57
    at doInnerSub (http://localhost:9876/base/node_modules/rxjs/src/internal/operators/mergeInternals.ts:71:15)
    at outerNext (http://localhost:9876/base/node_modules/rxjs/src/internal/operators/mergeInternals.ts:53:58)
    at OperatorSubscriber._next (http://localhost:9876/base/node_modules/rxjs/src/internal/operators/OperatorSubscriber.ts:70:13)
    at OperatorSubscriber.next (http://localhost:9876/base/node_modules/rxjs/src/internal/Subscriber.ts:71:12)
    at _Observable._subscribe (http://localhost:9876/base/node_modules/rxjs/src/internal/observable/innerFrom.ts:78:18)
    at _Observable._trySubscribe (http://localhost:9876/base/node_modules/rxjs/src/internal/Observable.ts:235:19)
[1A[2KERROR: [36m'Failed to delete guest', Error: boom
Error: boom
    at http://localhost:9876/base/src/app/pages/homepage/homepage.guests.spec.ts:178:53
    at _Observable.init [as _subscribe] (http://localhost:9876/base/node_modules/rxjs/src/internal/observable/throwError.ts:123:68)
    at _Observable._trySubscribe (http://localhost:9876/base/node_modules/rxjs/src/internal/Observable.ts:235:19)
    at http://localhost:9876/base/node_modules/rxjs/src/internal/Observable.ts:225:18
    at errorContext (http://localhost:9876/base/node_modules/rxjs/src/internal/util/errorContext.ts:29:5)
    at _Observable.subscribe (http://localhost:9876/base/node_modules/rxjs/src/internal/Observable.ts:211:5)
    at Homepage2.<anonymous> (http://localhost:9876/base/src/app/pages/homepage/homepage.ts:693:51)
    at Generator.next (<anonymous>)
    at fulfilled (http://localhost:9876/base/chunk-GMEUZ63J.js:56:24)
    at _ZoneDelegate.invoke (http://localhost:9876/base/node_modules/zone.js/fesm2015/zone.js:398:28)[39m
Chrome Headless 141.0.0.0 (Mac OS 10.15.7): Executed 315 of 332[31m (36 FAILED)[39m (0 secs / 28.809 secs)
ERROR: 'Failed to delete guest', Error: boom
Error: boom
    at http://localhost:9876/base/src/app/pages/homepage/homepage.guests.spec.ts:178:53
    at _Observable.init [as _subscribe] (http://localhost:9876/base/node_modules/rxjs/src/internal/observable/throwError.ts:123:68)
    at _Observable._trySubscribe (http://localhost:9876/base/node_modules/rxjs/src/internal/Observable.ts:235:19)
    at http://localhost:9876/base/node_modules/rxjs/src/internal/Observable.ts:225:18
    at errorContext (http://localhost:9876/base/node_modules/rxjs/src/internal/util/errorContext.ts:29:5)
    at _Observable.subscribe (http://localhost:9876/base/node_modules/rxjs/src/internal/Observable.ts:211:5)
    at Homepage2.<anonymous> (http://localhost:9876/base/src/app/pages/homepage/homepage.ts:693:51)
    at Generator.next (<anonymous>)
    at fulfilled (http://localhost:9876/base/chunk-GMEUZ63J.js:56:24)
    at _ZoneDelegate.invoke (http://localhost:9876/base/node_modules/zone.js/fesm2015/zone.js:398:28)
[1A[2KLOG: [36m'Event Data:', Object{}[39m
Chrome Headless 141.0.0.0 (Mac OS 10.15.7): Executed 315 of 332[31m (36 FAILED)[39m (0 secs / 28.809 secs)
LOG: 'Event Data:', Object{}
[1A[2KLOG: [36m'No VenueID found in event data'[39m
Chrome Headless 141.0.0.0 (Mac OS 10.15.7): Executed 315 of 332[31m (36 FAILED)[39m (0 secs / 28.809 secs)
LOG: 'No VenueID found in event data'
[1A[2KLOG: [36m'No Budget found in event data, Budget field value:', undefined[39m
Chrome Headless 141.0.0.0 (Mac OS 10.15.7): Executed 315 of 332[31m (36 FAILED)[39m (0 secs / 28.809 secs)
LOG: 'No Budget found in event data, Budget field value:', undefined
[1A[2KChrome Headless 141.0.0.0 (Mac OS 10.15.7): Executed 316 of 332[31m (36 FAILED)[39m (0 secs / 28.815 secs)
[1A[2KLOG: [36m'RSVP Code found:', null[39m
Chrome Headless 141.0.0.0 (Mac OS 10.15.7): Executed 316 of 332[31m (36 FAILED)[39m (0 secs / 28.815 secs)
LOG: 'RSVP Code found:', null
[1A[2KLOG: [36m'Looking for guests with EventID:', 'U1'[39m
Chrome Headless 141.0.0.0 (Mac OS 10.15.7): Executed 316 of 332[31m (36 FAILED)[39m (0 secs / 28.815 secs)
LOG: 'Looking for guests with EventID:', 'U1'
[1A[2KLOG: [36m'Guests query result - number of docs:', undefined[39m
Chrome Headless 141.0.0.0 (Mac OS 10.15.7): Executed 316 of 332[31m (36 FAILED)[39m (0 secs / 28.815 secs)
LOG: 'Guests query result - number of docs:', undefined
[1A[2KLOG: [36m'Final counts - Total:', 0, 'Confirmed:', 0[39m
Chrome Headless 141.0.0.0 (Mac OS 10.15.7): Executed 316 of 332[31m (36 FAILED)[39m (0 secs / 28.815 secs)
LOG: 'Final counts - Total:', 0, 'Confirmed:', 0
[1A[2KLOG: [36m'Looking for orders with eventID:', 'U1'[39m
Chrome Headless 141.0.0.0 (Mac OS 10.15.7): Executed 316 of 332[31m (36 FAILED)[39m (0 secs / 28.815 secs)
LOG: 'Looking for orders with eventID:', 'U1'
[1A[2KLOG: [36m'Orders query result - number of docs:', undefined[39m
Chrome Headless 141.0.0.0 (Mac OS 10.15.7): Executed 316 of 332[31m (36 FAILED)[39m (0 secs / 28.815 secs)
LOG: 'Orders query result - number of docs:', undefined
[1A[2KLOG: [36m'Found company IDs:', [][39m
Chrome Headless 141.0.0.0 (Mac OS 10.15.7): Executed 316 of 332[31m (36 FAILED)[39m (0 secs / 28.815 secs)
LOG: 'Found company IDs:', []
[1A[2KLOG: [36m'Final selected vendors:', [][39m
Chrome Headless 141.0.0.0 (Mac OS 10.15.7): Executed 316 of 332[31m (36 FAILED)[39m (0 secs / 28.815 secs)
LOG: 'Final selected vendors:', []
[1A[2KERROR: [36m'Error fetching notifications from API:', Error: NG0205: Injector has already been destroyed.
Error: NG0205: Injector has already been destroyed.
    at assertNotDestroyed (http://localhost:9876/k8-fastbuild-ST-199a4f3c4e20/bin/packages/core/src/di/r3_injector.ts:679:11)
    at R3Injector.get (http://localhost:9876/k8-fastbuild-ST-199a4f3c4e20/bin/packages/core/src/di/r3_injector.ts:326:5)
    at _HttpInterceptorHandler.handle (http://localhost:9876/k8-fastbuild-ST-199a4f3c4e20/bin/packages/common/http/src/interceptor.ts:310:28)
    at http://localhost:9876/k8-fastbuild-ST-199a4f3c4e20/bin/packages/common/http/src/client.ts:842:57
    at doInnerSub (http://localhost:9876/base/node_modules/rxjs/src/internal/operators/mergeInternals.ts:71:15)
    at outerNext (http://localhost:9876/base/node_modules/rxjs/src/internal/operators/mergeInternals.ts:53:58)
    at OperatorSubscriber._next (http://localhost:9876/base/node_modules/rxjs/src/internal/operators/OperatorSubscriber.ts:70:13)
    at OperatorSubscriber.next (http://localhost:9876/base/node_modules/rxjs/src/internal/Subscriber.ts:71:12)
    at _Observable._subscribe (http://localhost:9876/base/node_modules/rxjs/src/internal/observable/innerFrom.ts:78:18)
    at _Observable._trySubscribe (http://localhost:9876/base/node_modules/rxjs/src/internal/Observable.ts:235:19)[39m
Chrome Headless 141.0.0.0 (Mac OS 10.15.7): Executed 316 of 332[31m (36 FAILED)[39m (0 secs / 28.815 secs)
ERROR: 'Error fetching notifications from API:', Error: NG0205: Injector has already been destroyed.
Error: NG0205: Injector has already been destroyed.
    at assertNotDestroyed (http://localhost:9876/k8-fastbuild-ST-199a4f3c4e20/bin/packages/core/src/di/r3_injector.ts:679:11)
    at R3Injector.get (http://localhost:9876/k8-fastbuild-ST-199a4f3c4e20/bin/packages/core/src/di/r3_injector.ts:326:5)
    at _HttpInterceptorHandler.handle (http://localhost:9876/k8-fastbuild-ST-199a4f3c4e20/bin/packages/common/http/src/interceptor.ts:310:28)
    at http://localhost:9876/k8-fastbuild-ST-199a4f3c4e20/bin/packages/common/http/src/client.ts:842:57
    at doInnerSub (http://localhost:9876/base/node_modules/rxjs/src/internal/operators/mergeInternals.ts:71:15)
    at outerNext (http://localhost:9876/base/node_modules/rxjs/src/internal/operators/mergeInternals.ts:53:58)
    at OperatorSubscriber._next (http://localhost:9876/base/node_modules/rxjs/src/internal/operators/OperatorSubscriber.ts:70:13)
    at OperatorSubscriber.next (http://localhost:9876/base/node_modules/rxjs/src/internal/Subscriber.ts:71:12)
    at _Observable._subscribe (http://localhost:9876/base/node_modules/rxjs/src/internal/observable/innerFrom.ts:78:18)
    at _Observable._trySubscribe (http://localhost:9876/base/node_modules/rxjs/src/internal/Observable.ts:235:19)
[1A[2KLOG: [36m'Event Data:', Object{}[39m
Chrome Headless 141.0.0.0 (Mac OS 10.15.7): Executed 316 of 332[31m (36 FAILED)[39m (0 secs / 28.815 secs)
LOG: 'Event Data:', Object{}
[1A[2KLOG: [36m'No VenueID found in event data'[39m
Chrome Headless 141.0.0.0 (Mac OS 10.15.7): Executed 316 of 332[31m (36 FAILED)[39m (0 secs / 28.815 secs)
LOG: 'No VenueID found in event data'
[1A[2KLOG: [36m'No Budget found in event data, Budget field value:', undefined[39m
Chrome Headless 141.0.0.0 (Mac OS 10.15.7): Executed 316 of 332[31m (36 FAILED)[39m (0 secs / 28.815 secs)
LOG: 'No Budget found in event data, Budget field value:', undefined
[1A[2K[31mChrome Headless 141.0.0.0 (Mac OS 10.15.7) Homepage (Guests tab) onDeleteGuest: confirm path -> deletes, refreshes, and alerts success FAILED[39m
	Expected spy alert to have been called with:
	  [ 'Guest deleted successfully.' ]
	but it was never called.
	    at <Jasmine>
	    at src/app/pages/homepage/homepage.guests.spec.ts:170:26
	    at <Jasmine>
	    at fulfilled (chunk-GMEUZ63J.js:56:24)
	    at _ZoneDelegate.invoke (node_modules/zone.js/fesm2015/zone.js:398:28)
Chrome Headless 141.0.0.0 (Mac OS 10.15.7): Executed 317 of 332[31m (37 FAILED)[39m (0 secs / 28.822 secs)
[1A[2KLOG: [36m'RSVP Code found:', null[39m
Chrome Headless 141.0.0.0 (Mac OS 10.15.7): Executed 317 of 332[31m (37 FAILED)[39m (0 secs / 28.822 secs)
LOG: 'RSVP Code found:', null
[1A[2KLOG: [36m'Looking for guests with EventID:', 'U1'[39m
Chrome Headless 141.0.0.0 (Mac OS 10.15.7): Executed 317 of 332[31m (37 FAILED)[39m (0 secs / 28.822 secs)
LOG: 'Looking for guests with EventID:', 'U1'
[1A[2KLOG: [36m'Guests query result - number of docs:', undefined[39m
Chrome Headless 141.0.0.0 (Mac OS 10.15.7): Executed 317 of 332[31m (37 FAILED)[39m (0 secs / 28.822 secs)
LOG: 'Guests query result - number of docs:', undefined
[1A[2KLOG: [36m'Final counts - Total:', 0, 'Confirmed:', 0[39m
Chrome Headless 141.0.0.0 (Mac OS 10.15.7): Executed 317 of 332[31m (37 FAILED)[39m (0 secs / 28.822 secs)
LOG: 'Final counts - Total:', 0, 'Confirmed:', 0
[1A[2KLOG: [36m'Looking for orders with eventID:', 'U1'[39m
Chrome Headless 141.0.0.0 (Mac OS 10.15.7): Executed 317 of 332[31m (37 FAILED)[39m (0 secs / 28.822 secs)
LOG: 'Looking for orders with eventID:', 'U1'
[1A[2KALERT: [36m'Guest deleted successfully.'[39m
Chrome Headless 141.0.0.0 (Mac OS 10.15.7): Executed 317 of 332[31m (37 FAILED)[39m (0 secs / 28.822 secs)
ALERT: 'Guest deleted successfully.'
[1A[2KLOG: [36m'Orders query result - number of docs:', undefined[39m
Chrome Headless 141.0.0.0 (Mac OS 10.15.7): Executed 317 of 332[31m (37 FAILED)[39m (0 secs / 28.822 secs)
LOG: 'Orders query result - number of docs:', undefined
[1A[2KLOG: [36m'Found company IDs:', [][39m
Chrome Headless 141.0.0.0 (Mac OS 10.15.7): Executed 317 of 332[31m (37 FAILED)[39m (0 secs / 28.822 secs)
LOG: 'Found company IDs:', []
[1A[2KLOG: [36m'Final selected vendors:', [][39m
Chrome Headless 141.0.0.0 (Mac OS 10.15.7): Executed 317 of 332[31m (37 FAILED)[39m (0 secs / 28.822 secs)
LOG: 'Final selected vendors:', []
[1A[2KERROR: [36m'Error fetching notifications from API:', Error: NG0205: Injector has already been destroyed.
Error: NG0205: Injector has already been destroyed.
    at assertNotDestroyed (http://localhost:9876/k8-fastbuild-ST-199a4f3c4e20/bin/packages/core/src/di/r3_injector.ts:679:11)
    at R3Injector.get (http://localhost:9876/k8-fastbuild-ST-199a4f3c4e20/bin/packages/core/src/di/r3_injector.ts:326:5)
    at _HttpInterceptorHandler.handle (http://localhost:9876/k8-fastbuild-ST-199a4f3c4e20/bin/packages/common/http/src/interceptor.ts:310:28)
    at http://localhost:9876/k8-fastbuild-ST-199a4f3c4e20/bin/packages/common/http/src/client.ts:842:57
    at doInnerSub (http://localhost:9876/base/node_modules/rxjs/src/internal/operators/mergeInternals.ts:71:15)
    at outerNext (http://localhost:9876/base/node_modules/rxjs/src/internal/operators/mergeInternals.ts:53:58)
    at OperatorSubscriber._next (http://localhost:9876/base/node_modules/rxjs/src/internal/operators/OperatorSubscriber.ts:70:13)
    at OperatorSubscriber.next (http://localhost:9876/base/node_modules/rxjs/src/internal/Subscriber.ts:71:12)
    at _Observable._subscribe (http://localhost:9876/base/node_modules/rxjs/src/internal/observable/innerFrom.ts:78:18)
    at _Observable._trySubscribe (http://localhost:9876/base/node_modules/rxjs/src/internal/Observable.ts:235:19)[39m
Chrome Headless 141.0.0.0 (Mac OS 10.15.7): Executed 317 of 332[31m (37 FAILED)[39m (0 secs / 28.822 secs)
ERROR: 'Error fetching notifications from API:', Error: NG0205: Injector has already been destroyed.
Error: NG0205: Injector has already been destroyed.
    at assertNotDestroyed (http://localhost:9876/k8-fastbuild-ST-199a4f3c4e20/bin/packages/core/src/di/r3_injector.ts:679:11)
    at R3Injector.get (http://localhost:9876/k8-fastbuild-ST-199a4f3c4e20/bin/packages/core/src/di/r3_injector.ts:326:5)
    at _HttpInterceptorHandler.handle (http://localhost:9876/k8-fastbuild-ST-199a4f3c4e20/bin/packages/common/http/src/interceptor.ts:310:28)
    at http://localhost:9876/k8-fastbuild-ST-199a4f3c4e20/bin/packages/common/http/src/client.ts:842:57
    at doInnerSub (http://localhost:9876/base/node_modules/rxjs/src/internal/operators/mergeInternals.ts:71:15)
    at outerNext (http://localhost:9876/base/node_modules/rxjs/src/internal/operators/mergeInternals.ts:53:58)
    at OperatorSubscriber._next (http://localhost:9876/base/node_modules/rxjs/src/internal/operators/OperatorSubscriber.ts:70:13)
    at OperatorSubscriber.next (http://localhost:9876/base/node_modules/rxjs/src/internal/Subscriber.ts:71:12)
    at _Observable._subscribe (http://localhost:9876/base/node_modules/rxjs/src/internal/observable/innerFrom.ts:78:18)
    at _Observable._trySubscribe (http://localhost:9876/base/node_modules/rxjs/src/internal/Observable.ts:235:19)
[1A[2KChrome Headless 141.0.0.0 (Mac OS 10.15.7): Executed 318 of 332[31m (37 FAILED)[39m (0 secs / 28.826 secs)
[1A[2KLOG: [36m'Event Data:', Object{}[39m
Chrome Headless 141.0.0.0 (Mac OS 10.15.7): Executed 318 of 332[31m (37 FAILED)[39m (0 secs / 28.826 secs)
LOG: 'Event Data:', Object{}
[1A[2KLOG: [36m'No VenueID found in event data'[39m
Chrome Headless 141.0.0.0 (Mac OS 10.15.7): Executed 318 of 332[31m (37 FAILED)[39m (0 secs / 28.826 secs)
LOG: 'No VenueID found in event data'
[1A[2KLOG: [36m'No Budget found in event data, Budget field value:', undefined[39m
Chrome Headless 141.0.0.0 (Mac OS 10.15.7): Executed 318 of 332[31m (37 FAILED)[39m (0 secs / 28.826 secs)
LOG: 'No Budget found in event data, Budget field value:', undefined
[1A[2KLOG: [36m'RSVP Code found:', null[39m
Chrome Headless 141.0.0.0 (Mac OS 10.15.7): Executed 318 of 332[31m (37 FAILED)[39m (0 secs / 28.826 secs)
LOG: 'RSVP Code found:', null
[1A[2KLOG: [36m'Looking for guests with EventID:', 'U1'[39m
Chrome Headless 141.0.0.0 (Mac OS 10.15.7): Executed 318 of 332[31m (37 FAILED)[39m (0 secs / 28.826 secs)
LOG: 'Looking for guests with EventID:', 'U1'
[1A[2KLOG: [36m'Guests query result - number of docs:', undefined[39m
Chrome Headless 141.0.0.0 (Mac OS 10.15.7): Executed 318 of 332[31m (37 FAILED)[39m (0 secs / 28.826 secs)
LOG: 'Guests query result - number of docs:', undefined
[1A[2KLOG: [36m'Final counts - Total:', 0, 'Confirmed:', 0[39m
Chrome Headless 141.0.0.0 (Mac OS 10.15.7): Executed 318 of 332[31m (37 FAILED)[39m (0 secs / 28.826 secs)
LOG: 'Final counts - Total:', 0, 'Confirmed:', 0
[1A[2KLOG: [36m'Looking for orders with eventID:', 'U1'[39m
Chrome Headless 141.0.0.0 (Mac OS 10.15.7): Executed 318 of 332[31m (37 FAILED)[39m (0 secs / 28.826 secs)
LOG: 'Looking for orders with eventID:', 'U1'
[1A[2KLOG: [36m'Orders query result - number of docs:', undefined[39m
Chrome Headless 141.0.0.0 (Mac OS 10.15.7): Executed 318 of 332[31m (37 FAILED)[39m (0 secs / 28.826 secs)
LOG: 'Orders query result - number of docs:', undefined
[1A[2KLOG: [36m'Found company IDs:', [][39m
Chrome Headless 141.0.0.0 (Mac OS 10.15.7): Executed 318 of 332[31m (37 FAILED)[39m (0 secs / 28.826 secs)
LOG: 'Found company IDs:', []
[1A[2KLOG: [36m'Final selected vendors:', [][39m
Chrome Headless 141.0.0.0 (Mac OS 10.15.7): Executed 318 of 332[31m (37 FAILED)[39m (0 secs / 28.826 secs)
LOG: 'Final selected vendors:', []
[1A[2KERROR: [36m'Error fetching notifications from API:', Error: NG0205: Injector has already been destroyed.
Error: NG0205: Injector has already been destroyed.
    at assertNotDestroyed (http://localhost:9876/k8-fastbuild-ST-199a4f3c4e20/bin/packages/core/src/di/r3_injector.ts:679:11)
    at R3Injector.get (http://localhost:9876/k8-fastbuild-ST-199a4f3c4e20/bin/packages/core/src/di/r3_injector.ts:326:5)
    at _HttpInterceptorHandler.handle (http://localhost:9876/k8-fastbuild-ST-199a4f3c4e20/bin/packages/common/http/src/interceptor.ts:310:28)
    at http://localhost:9876/k8-fastbuild-ST-199a4f3c4e20/bin/packages/common/http/src/client.ts:842:57
    at doInnerSub (http://localhost:9876/base/node_modules/rxjs/src/internal/operators/mergeInternals.ts:71:15)
    at outerNext (http://localhost:9876/base/node_modules/rxjs/src/internal/operators/mergeInternals.ts:53:58)
    at OperatorSubscriber._next (http://localhost:9876/base/node_modules/rxjs/src/internal/operators/OperatorSubscriber.ts:70:13)
    at OperatorSubscriber.next (http://localhost:9876/base/node_modules/rxjs/src/internal/Subscriber.ts:71:12)
    at _Observable._subscribe (http://localhost:9876/base/node_modules/rxjs/src/internal/observable/innerFrom.ts:78:18)
    at _Observable._trySubscribe (http://localhost:9876/base/node_modules/rxjs/src/internal/Observable.ts:235:19)[39m
Chrome Headless 141.0.0.0 (Mac OS 10.15.7): Executed 318 of 332[31m (37 FAILED)[39m (0 secs / 28.826 secs)
ERROR: 'Error fetching notifications from API:', Error: NG0205: Injector has already been destroyed.
Error: NG0205: Injector has already been destroyed.
    at assertNotDestroyed (http://localhost:9876/k8-fastbuild-ST-199a4f3c4e20/bin/packages/core/src/di/r3_injector.ts:679:11)
    at R3Injector.get (http://localhost:9876/k8-fastbuild-ST-199a4f3c4e20/bin/packages/core/src/di/r3_injector.ts:326:5)
    at _HttpInterceptorHandler.handle (http://localhost:9876/k8-fastbuild-ST-199a4f3c4e20/bin/packages/common/http/src/interceptor.ts:310:28)
    at http://localhost:9876/k8-fastbuild-ST-199a4f3c4e20/bin/packages/common/http/src/client.ts:842:57
    at doInnerSub (http://localhost:9876/base/node_modules/rxjs/src/internal/operators/mergeInternals.ts:71:15)
    at outerNext (http://localhost:9876/base/node_modules/rxjs/src/internal/operators/mergeInternals.ts:53:58)
    at OperatorSubscriber._next (http://localhost:9876/base/node_modules/rxjs/src/internal/operators/OperatorSubscriber.ts:70:13)
    at OperatorSubscriber.next (http://localhost:9876/base/node_modules/rxjs/src/internal/Subscriber.ts:71:12)
    at _Observable._subscribe (http://localhost:9876/base/node_modules/rxjs/src/internal/observable/innerFrom.ts:78:18)
    at _Observable._trySubscribe (http://localhost:9876/base/node_modules/rxjs/src/internal/Observable.ts:235:19)
[1A[2KLOG: [36m'Event Data:', Object{}[39m
Chrome Headless 141.0.0.0 (Mac OS 10.15.7): Executed 318 of 332[31m (37 FAILED)[39m (0 secs / 28.826 secs)
LOG: 'Event Data:', Object{}
[1A[2KLOG: [36m'No VenueID found in event data'[39m
Chrome Headless 141.0.0.0 (Mac OS 10.15.7): Executed 318 of 332[31m (37 FAILED)[39m (0 secs / 28.826 secs)
LOG: 'No VenueID found in event data'
[1A[2KLOG: [36m'No Budget found in event data, Budget field value:', undefined[39m
Chrome Headless 141.0.0.0 (Mac OS 10.15.7): Executed 318 of 332[31m (37 FAILED)[39m (0 secs / 28.826 secs)
LOG: 'No Budget found in event data, Budget field value:', undefined
[1A[2KLOG: [36m'RSVP Code found:', null[39m
Chrome Headless 141.0.0.0 (Mac OS 10.15.7): Executed 318 of 332[31m (37 FAILED)[39m (0 secs / 28.826 secs)
LOG: 'RSVP Code found:', null
[1A[2KLOG: [36m'Looking for guests with EventID:', 'U1'[39m
Chrome Headless 141.0.0.0 (Mac OS 10.15.7): Executed 318 of 332[31m (37 FAILED)[39m (0 secs / 28.826 secs)
LOG: 'Looking for guests with EventID:', 'U1'
[1A[2KLOG: [36m'Guests query result - number of docs:', undefined[39m
Chrome Headless 141.0.0.0 (Mac OS 10.15.7): Executed 318 of 332[31m (37 FAILED)[39m (0 secs / 28.826 secs)
LOG: 'Guests query result - number of docs:', undefined
[1A[2KLOG: [36m'Final counts - Total:', 0, 'Confirmed:', 0[39m
Chrome Headless 141.0.0.0 (Mac OS 10.15.7): Executed 318 of 332[31m (37 FAILED)[39m (0 secs / 28.826 secs)
LOG: 'Final counts - Total:', 0, 'Confirmed:', 0
[1A[2KLOG: [36m'Looking for orders with eventID:', 'U1'[39m
Chrome Headless 141.0.0.0 (Mac OS 10.15.7): Executed 318 of 332[31m (37 FAILED)[39m (0 secs / 28.826 secs)
LOG: 'Looking for orders with eventID:', 'U1'
[1A[2KLOG: [36m'Orders query result - number of docs:', undefined[39m
Chrome Headless 141.0.0.0 (Mac OS 10.15.7): Executed 318 of 332[31m (37 FAILED)[39m (0 secs / 28.826 secs)
LOG: 'Orders query result - number of docs:', undefined
[1A[2KLOG: [36m'Found company IDs:', [][39m
Chrome Headless 141.0.0.0 (Mac OS 10.15.7): Executed 318 of 332[31m (37 FAILED)[39m (0 secs / 28.826 secs)
LOG: 'Found company IDs:', []
[1A[2KLOG: [36m'Final selected vendors:', [][39m
Chrome Headless 141.0.0.0 (Mac OS 10.15.7): Executed 318 of 332[31m (37 FAILED)[39m (0 secs / 28.826 secs)
LOG: 'Final selected vendors:', []
[1A[2KChrome Headless 141.0.0.0 (Mac OS 10.15.7): Executed 319 of 332[31m (37 FAILED)[39m (0 secs / 28.833 secs)
[1A[2KERROR: [36m'Error fetching notifications from API:', Error: NG0205: Injector has already been destroyed.
Error: NG0205: Injector has already been destroyed.
    at assertNotDestroyed (http://localhost:9876/k8-fastbuild-ST-199a4f3c4e20/bin/packages/core/src/di/r3_injector.ts:679:11)
    at R3Injector.get (http://localhost:9876/k8-fastbuild-ST-199a4f3c4e20/bin/packages/core/src/di/r3_injector.ts:326:5)
    at _HttpInterceptorHandler.handle (http://localhost:9876/k8-fastbuild-ST-199a4f3c4e20/bin/packages/common/http/src/interceptor.ts:310:28)
    at http://localhost:9876/k8-fastbuild-ST-199a4f3c4e20/bin/packages/common/http/src/client.ts:842:57
    at doInnerSub (http://localhost:9876/base/node_modules/rxjs/src/internal/operators/mergeInternals.ts:71:15)
    at outerNext (http://localhost:9876/base/node_modules/rxjs/src/internal/operators/mergeInternals.ts:53:58)
    at OperatorSubscriber._next (http://localhost:9876/base/node_modules/rxjs/src/internal/operators/OperatorSubscriber.ts:70:13)
    at OperatorSubscriber.next (http://localhost:9876/base/node_modules/rxjs/src/internal/Subscriber.ts:71:12)
    at _Observable._subscribe (http://localhost:9876/base/node_modules/rxjs/src/internal/observable/innerFrom.ts:78:18)
    at _Observable._trySubscribe (http://localhost:9876/base/node_modules/rxjs/src/internal/Observable.ts:235:19)[39m
Chrome Headless 141.0.0.0 (Mac OS 10.15.7): Executed 319 of 332[31m (37 FAILED)[39m (0 secs / 28.833 secs)
ERROR: 'Error fetching notifications from API:', Error: NG0205: Injector has already been destroyed.
Error: NG0205: Injector has already been destroyed.
    at assertNotDestroyed (http://localhost:9876/k8-fastbuild-ST-199a4f3c4e20/bin/packages/core/src/di/r3_injector.ts:679:11)
    at R3Injector.get (http://localhost:9876/k8-fastbuild-ST-199a4f3c4e20/bin/packages/core/src/di/r3_injector.ts:326:5)
    at _HttpInterceptorHandler.handle (http://localhost:9876/k8-fastbuild-ST-199a4f3c4e20/bin/packages/common/http/src/interceptor.ts:310:28)
    at http://localhost:9876/k8-fastbuild-ST-199a4f3c4e20/bin/packages/common/http/src/client.ts:842:57
    at doInnerSub (http://localhost:9876/base/node_modules/rxjs/src/internal/operators/mergeInternals.ts:71:15)
    at outerNext (http://localhost:9876/base/node_modules/rxjs/src/internal/operators/mergeInternals.ts:53:58)
    at OperatorSubscriber._next (http://localhost:9876/base/node_modules/rxjs/src/internal/operators/OperatorSubscriber.ts:70:13)
    at OperatorSubscriber.next (http://localhost:9876/base/node_modules/rxjs/src/internal/Subscriber.ts:71:12)
    at _Observable._subscribe (http://localhost:9876/base/node_modules/rxjs/src/internal/observable/innerFrom.ts:78:18)
    at _Observable._trySubscribe (http://localhost:9876/base/node_modules/rxjs/src/internal/Observable.ts:235:19)
[1A[2KChrome Headless 141.0.0.0 (Mac OS 10.15.7): Executed 320 of 332[31m (37 FAILED)[39m (0 secs / 28.837 secs)
[1A[2KLOG: [36m'Event Data:', Object{}[39m
Chrome Headless 141.0.0.0 (Mac OS 10.15.7): Executed 320 of 332[31m (37 FAILED)[39m (0 secs / 28.837 secs)
LOG: 'Event Data:', Object{}
[1A[2KLOG: [36m'No VenueID found in event data'[39m
Chrome Headless 141.0.0.0 (Mac OS 10.15.7): Executed 320 of 332[31m (37 FAILED)[39m (0 secs / 28.837 secs)
LOG: 'No VenueID found in event data'
[1A[2KLOG: [36m'No Budget found in event data, Budget field value:', undefined[39m
Chrome Headless 141.0.0.0 (Mac OS 10.15.7): Executed 320 of 332[31m (37 FAILED)[39m (0 secs / 28.837 secs)
LOG: 'No Budget found in event data, Budget field value:', undefined
[1A[2KLOG: [36m'RSVP Code found:', null[39m
Chrome Headless 141.0.0.0 (Mac OS 10.15.7): Executed 320 of 332[31m (37 FAILED)[39m (0 secs / 28.837 secs)
LOG: 'RSVP Code found:', null
[1A[2KLOG: [36m'Looking for guests with EventID:', 'U1'[39m
Chrome Headless 141.0.0.0 (Mac OS 10.15.7): Executed 320 of 332[31m (37 FAILED)[39m (0 secs / 28.837 secs)
LOG: 'Looking for guests with EventID:', 'U1'
[1A[2KLOG: [36m'Guests query result - number of docs:', undefined[39m
Chrome Headless 141.0.0.0 (Mac OS 10.15.7): Executed 320 of 332[31m (37 FAILED)[39m (0 secs / 28.837 secs)
LOG: 'Guests query result - number of docs:', undefined
[1A[2KLOG: [36m'Final counts - Total:', 0, 'Confirmed:', 0[39m
Chrome Headless 141.0.0.0 (Mac OS 10.15.7): Executed 320 of 332[31m (37 FAILED)[39m (0 secs / 28.837 secs)
LOG: 'Final counts - Total:', 0, 'Confirmed:', 0
[1A[2KLOG: [36m'Looking for orders with eventID:', 'U1'[39m
Chrome Headless 141.0.0.0 (Mac OS 10.15.7): Executed 320 of 332[31m (37 FAILED)[39m (0 secs / 28.837 secs)
LOG: 'Looking for orders with eventID:', 'U1'
[1A[2KLOG: [36m'Orders query result - number of docs:', undefined[39m
Chrome Headless 141.0.0.0 (Mac OS 10.15.7): Executed 320 of 332[31m (37 FAILED)[39m (0 secs / 28.837 secs)
LOG: 'Orders query result - number of docs:', undefined
[1A[2KLOG: [36m'Found company IDs:', [][39m
Chrome Headless 141.0.0.0 (Mac OS 10.15.7): Executed 320 of 332[31m (37 FAILED)[39m (0 secs / 28.837 secs)
LOG: 'Found company IDs:', []
[1A[2KLOG: [36m'Final selected vendors:', [][39m
Chrome Headless 141.0.0.0 (Mac OS 10.15.7): Executed 320 of 332[31m (37 FAILED)[39m (0 secs / 28.837 secs)
LOG: 'Final selected vendors:', []
[1A[2KERROR: [36m'Error fetching notifications from API:', Error: NG0205: Injector has already been destroyed.
Error: NG0205: Injector has already been destroyed.
    at assertNotDestroyed (http://localhost:9876/k8-fastbuild-ST-199a4f3c4e20/bin/packages/core/src/di/r3_injector.ts:679:11)
    at R3Injector.get (http://localhost:9876/k8-fastbuild-ST-199a4f3c4e20/bin/packages/core/src/di/r3_injector.ts:326:5)
    at _HttpInterceptorHandler.handle (http://localhost:9876/k8-fastbuild-ST-199a4f3c4e20/bin/packages/common/http/src/interceptor.ts:310:28)
    at http://localhost:9876/k8-fastbuild-ST-199a4f3c4e20/bin/packages/common/http/src/client.ts:842:57
    at doInnerSub (http://localhost:9876/base/node_modules/rxjs/src/internal/operators/mergeInternals.ts:71:15)
    at outerNext (http://localhost:9876/base/node_modules/rxjs/src/internal/operators/mergeInternals.ts:53:58)
    at OperatorSubscriber._next (http://localhost:9876/base/node_modules/rxjs/src/internal/operators/OperatorSubscriber.ts:70:13)
    at OperatorSubscriber.next (http://localhost:9876/base/node_modules/rxjs/src/internal/Subscriber.ts:71:12)
    at _Observable._subscribe (http://localhost:9876/base/node_modules/rxjs/src/internal/observable/innerFrom.ts:78:18)
    at _Observable._trySubscribe (http://localhost:9876/base/node_modules/rxjs/src/internal/Observable.ts:235:19)[39m
Chrome Headless 141.0.0.0 (Mac OS 10.15.7): Executed 320 of 332[31m (37 FAILED)[39m (0 secs / 28.837 secs)
ERROR: 'Error fetching notifications from API:', Error: NG0205: Injector has already been destroyed.
Error: NG0205: Injector has already been destroyed.
    at assertNotDestroyed (http://localhost:9876/k8-fastbuild-ST-199a4f3c4e20/bin/packages/core/src/di/r3_injector.ts:679:11)
    at R3Injector.get (http://localhost:9876/k8-fastbuild-ST-199a4f3c4e20/bin/packages/core/src/di/r3_injector.ts:326:5)
    at _HttpInterceptorHandler.handle (http://localhost:9876/k8-fastbuild-ST-199a4f3c4e20/bin/packages/common/http/src/interceptor.ts:310:28)
    at http://localhost:9876/k8-fastbuild-ST-199a4f3c4e20/bin/packages/common/http/src/client.ts:842:57
    at doInnerSub (http://localhost:9876/base/node_modules/rxjs/src/internal/operators/mergeInternals.ts:71:15)
    at outerNext (http://localhost:9876/base/node_modules/rxjs/src/internal/operators/mergeInternals.ts:53:58)
    at OperatorSubscriber._next (http://localhost:9876/base/node_modules/rxjs/src/internal/operators/OperatorSubscriber.ts:70:13)
    at OperatorSubscriber.next (http://localhost:9876/base/node_modules/rxjs/src/internal/Subscriber.ts:71:12)
    at _Observable._subscribe (http://localhost:9876/base/node_modules/rxjs/src/internal/observable/innerFrom.ts:78:18)
    at _Observable._trySubscribe (http://localhost:9876/base/node_modules/rxjs/src/internal/Observable.ts:235:19)
[1A[2KLOG: [36m'Event Data:', Object{}[39m
Chrome Headless 141.0.0.0 (Mac OS 10.15.7): Executed 320 of 332[31m (37 FAILED)[39m (0 secs / 28.837 secs)
LOG: 'Event Data:', Object{}
[1A[2KLOG: [36m'No VenueID found in event data'[39m
Chrome Headless 141.0.0.0 (Mac OS 10.15.7): Executed 320 of 332[31m (37 FAILED)[39m (0 secs / 28.837 secs)
LOG: 'No VenueID found in event data'
[1A[2KLOG: [36m'No Budget found in event data, Budget field value:', undefined[39m
Chrome Headless 141.0.0.0 (Mac OS 10.15.7): Executed 320 of 332[31m (37 FAILED)[39m (0 secs / 28.837 secs)
LOG: 'No Budget found in event data, Budget field value:', undefined
[1A[2K[31mChrome Headless 141.0.0.0 (Mac OS 10.15.7) Homepage (Guests tab) submitAddGuest: happy path posts, refreshes, and closes form FAILED[39m
	Expected true to be false.
	    at <Jasmine>
	    at src/app/pages/homepage/homepage.guests.spec.ts:141:31
	    at <Jasmine>
	    at fulfilled (chunk-GMEUZ63J.js:56:24)
	    at _ZoneDelegate.invoke (node_modules/zone.js/fesm2015/zone.js:398:28)
Chrome Headless 141.0.0.0 (Mac OS 10.15.7): Executed 321 of 332[31m (38 FAILED)[39m (0 secs / 28.843 secs)
[1A[2KLOG: [36m'RSVP Code found:', null[39m
Chrome Headless 141.0.0.0 (Mac OS 10.15.7): Executed 321 of 332[31m (38 FAILED)[39m (0 secs / 28.843 secs)
LOG: 'RSVP Code found:', null
[1A[2KLOG: [36m'Looking for guests with EventID:', 'U1'[39m
Chrome Headless 141.0.0.0 (Mac OS 10.15.7): Executed 321 of 332[31m (38 FAILED)[39m (0 secs / 28.843 secs)
LOG: 'Looking for guests with EventID:', 'U1'
[1A[2KLOG: [36m'Guests query result - number of docs:', undefined[39m
Chrome Headless 141.0.0.0 (Mac OS 10.15.7): Executed 321 of 332[31m (38 FAILED)[39m (0 secs / 28.843 secs)
LOG: 'Guests query result - number of docs:', undefined
[1A[2KLOG: [36m'Final counts - Total:', 0, 'Confirmed:', 0[39m
Chrome Headless 141.0.0.0 (Mac OS 10.15.7): Executed 321 of 332[31m (38 FAILED)[39m (0 secs / 28.843 secs)
LOG: 'Final counts - Total:', 0, 'Confirmed:', 0
[1A[2KLOG: [36m'Looking for orders with eventID:', 'U1'[39m
Chrome Headless 141.0.0.0 (Mac OS 10.15.7): Executed 321 of 332[31m (38 FAILED)[39m (0 secs / 28.843 secs)
LOG: 'Looking for orders with eventID:', 'U1'
[1A[2KLOG: [36m'Orders query result - number of docs:', undefined[39m
Chrome Headless 141.0.0.0 (Mac OS 10.15.7): Executed 321 of 332[31m (38 FAILED)[39m (0 secs / 28.843 secs)
LOG: 'Orders query result - number of docs:', undefined
[1A[2KLOG: [36m'Found company IDs:', [][39m
Chrome Headless 141.0.0.0 (Mac OS 10.15.7): Executed 321 of 332[31m (38 FAILED)[39m (0 secs / 28.843 secs)
LOG: 'Found company IDs:', []
[1A[2KLOG: [36m'Final selected vendors:', [][39m
Chrome Headless 141.0.0.0 (Mac OS 10.15.7): Executed 321 of 332[31m (38 FAILED)[39m (0 secs / 28.843 secs)
LOG: 'Final selected vendors:', []
[1A[2KERROR: [36m'Error fetching notifications from API:', Error: NG0205: Injector has already been destroyed.
Error: NG0205: Injector has already been destroyed.
    at assertNotDestroyed (http://localhost:9876/k8-fastbuild-ST-199a4f3c4e20/bin/packages/core/src/di/r3_injector.ts:679:11)
    at R3Injector.get (http://localhost:9876/k8-fastbuild-ST-199a4f3c4e20/bin/packages/core/src/di/r3_injector.ts:326:5)
    at _HttpInterceptorHandler.handle (http://localhost:9876/k8-fastbuild-ST-199a4f3c4e20/bin/packages/common/http/src/interceptor.ts:310:28)
    at http://localhost:9876/k8-fastbuild-ST-199a4f3c4e20/bin/packages/common/http/src/client.ts:842:57
    at doInnerSub (http://localhost:9876/base/node_modules/rxjs/src/internal/operators/mergeInternals.ts:71:15)
    at outerNext (http://localhost:9876/base/node_modules/rxjs/src/internal/operators/mergeInternals.ts:53:58)
    at OperatorSubscriber._next (http://localhost:9876/base/node_modules/rxjs/src/internal/operators/OperatorSubscriber.ts:70:13)
    at OperatorSubscriber.next (http://localhost:9876/base/node_modules/rxjs/src/internal/Subscriber.ts:71:12)
    at _Observable._subscribe (http://localhost:9876/base/node_modules/rxjs/src/internal/observable/innerFrom.ts:78:18)
    at _Observable._trySubscribe (http://localhost:9876/base/node_modules/rxjs/src/internal/Observable.ts:235:19)[39m
Chrome Headless 141.0.0.0 (Mac OS 10.15.7): Executed 321 of 332[31m (38 FAILED)[39m (0 secs / 28.843 secs)
ERROR: 'Error fetching notifications from API:', Error: NG0205: Injector has already been destroyed.
Error: NG0205: Injector has already been destroyed.
    at assertNotDestroyed (http://localhost:9876/k8-fastbuild-ST-199a4f3c4e20/bin/packages/core/src/di/r3_injector.ts:679:11)
    at R3Injector.get (http://localhost:9876/k8-fastbuild-ST-199a4f3c4e20/bin/packages/core/src/di/r3_injector.ts:326:5)
    at _HttpInterceptorHandler.handle (http://localhost:9876/k8-fastbuild-ST-199a4f3c4e20/bin/packages/common/http/src/interceptor.ts:310:28)
    at http://localhost:9876/k8-fastbuild-ST-199a4f3c4e20/bin/packages/common/http/src/client.ts:842:57
    at doInnerSub (http://localhost:9876/base/node_modules/rxjs/src/internal/operators/mergeInternals.ts:71:15)
    at outerNext (http://localhost:9876/base/node_modules/rxjs/src/internal/operators/mergeInternals.ts:53:58)
    at OperatorSubscriber._next (http://localhost:9876/base/node_modules/rxjs/src/internal/operators/OperatorSubscriber.ts:70:13)
    at OperatorSubscriber.next (http://localhost:9876/base/node_modules/rxjs/src/internal/Subscriber.ts:71:12)
    at _Observable._subscribe (http://localhost:9876/base/node_modules/rxjs/src/internal/observable/innerFrom.ts:78:18)
    at _Observable._trySubscribe (http://localhost:9876/base/node_modules/rxjs/src/internal/Observable.ts:235:19)
[1A[2KLOG: [36m'Event Data:', Object{}[39m
Chrome Headless 141.0.0.0 (Mac OS 10.15.7): Executed 321 of 332[31m (38 FAILED)[39m (0 secs / 28.843 secs)
LOG: 'Event Data:', Object{}
[1A[2KLOG: [36m'No VenueID found in event data'[39m
Chrome Headless 141.0.0.0 (Mac OS 10.15.7): Executed 321 of 332[31m (38 FAILED)[39m (0 secs / 28.843 secs)
LOG: 'No VenueID found in event data'
[1A[2KLOG: [36m'No Budget found in event data, Budget field value:', undefined[39m
Chrome Headless 141.0.0.0 (Mac OS 10.15.7): Executed 321 of 332[31m (38 FAILED)[39m (0 secs / 28.843 secs)
LOG: 'No Budget found in event data, Budget field value:', undefined
[1A[2KLOG: [36m'RSVP Code found:', null[39m
Chrome Headless 141.0.0.0 (Mac OS 10.15.7): Executed 321 of 332[31m (38 FAILED)[39m (0 secs / 28.843 secs)
LOG: 'RSVP Code found:', null
[1A[2KLOG: [36m'Looking for guests with EventID:', 'U1'[39m
Chrome Headless 141.0.0.0 (Mac OS 10.15.7): Executed 321 of 332[31m (38 FAILED)[39m (0 secs / 28.843 secs)
LOG: 'Looking for guests with EventID:', 'U1'
[1A[2KLOG: [36m'Guests query result - number of docs:', undefined[39m
Chrome Headless 141.0.0.0 (Mac OS 10.15.7): Executed 321 of 332[31m (38 FAILED)[39m (0 secs / 28.843 secs)
LOG: 'Guests query result - number of docs:', undefined
[1A[2KLOG: [36m'Final counts - Total:', 0, 'Confirmed:', 0[39m
Chrome Headless 141.0.0.0 (Mac OS 10.15.7): Executed 321 of 332[31m (38 FAILED)[39m (0 secs / 28.843 secs)
LOG: 'Final counts - Total:', 0, 'Confirmed:', 0
[1A[2KLOG: [36m'Looking for orders with eventID:', 'U1'[39m
Chrome Headless 141.0.0.0 (Mac OS 10.15.7): Executed 321 of 332[31m (38 FAILED)[39m (0 secs / 28.843 secs)
LOG: 'Looking for orders with eventID:', 'U1'
[1A[2KLOG: [36m'Orders query result - number of docs:', undefined[39m
Chrome Headless 141.0.0.0 (Mac OS 10.15.7): Executed 321 of 332[31m (38 FAILED)[39m (0 secs / 28.843 secs)
LOG: 'Orders query result - number of docs:', undefined
[1A[2KLOG: [36m'Found company IDs:', [][39m
Chrome Headless 141.0.0.0 (Mac OS 10.15.7): Executed 321 of 332[31m (38 FAILED)[39m (0 secs / 28.843 secs)
LOG: 'Found company IDs:', []
[1A[2KLOG: [36m'Final selected vendors:', [][39m
Chrome Headless 141.0.0.0 (Mac OS 10.15.7): Executed 321 of 332[31m (38 FAILED)[39m (0 secs / 28.843 secs)
LOG: 'Final selected vendors:', []
[1A[2KChrome Headless 141.0.0.0 (Mac OS 10.15.7): Executed 322 of 332[31m (38 FAILED)[39m (0 secs / 28.849 secs)
[1A[2KERROR: [36m'Error fetching notifications from API:', Error: NG0205: Injector has already been destroyed.
Error: NG0205: Injector has already been destroyed.
    at assertNotDestroyed (http://localhost:9876/k8-fastbuild-ST-199a4f3c4e20/bin/packages/core/src/di/r3_injector.ts:679:11)
    at R3Injector.get (http://localhost:9876/k8-fastbuild-ST-199a4f3c4e20/bin/packages/core/src/di/r3_injector.ts:326:5)
    at _HttpInterceptorHandler.handle (http://localhost:9876/k8-fastbuild-ST-199a4f3c4e20/bin/packages/common/http/src/interceptor.ts:310:28)
    at http://localhost:9876/k8-fastbuild-ST-199a4f3c4e20/bin/packages/common/http/src/client.ts:842:57
    at doInnerSub (http://localhost:9876/base/node_modules/rxjs/src/internal/operators/mergeInternals.ts:71:15)
    at outerNext (http://localhost:9876/base/node_modules/rxjs/src/internal/operators/mergeInternals.ts:53:58)
    at OperatorSubscriber._next (http://localhost:9876/base/node_modules/rxjs/src/internal/operators/OperatorSubscriber.ts:70:13)
    at OperatorSubscriber.next (http://localhost:9876/base/node_modules/rxjs/src/internal/Subscriber.ts:71:12)
    at _Observable._subscribe (http://localhost:9876/base/node_modules/rxjs/src/internal/observable/innerFrom.ts:78:18)
    at _Observable._trySubscribe (http://localhost:9876/base/node_modules/rxjs/src/internal/Observable.ts:235:19)[39m
Chrome Headless 141.0.0.0 (Mac OS 10.15.7): Executed 322 of 332[31m (38 FAILED)[39m (0 secs / 28.849 secs)
ERROR: 'Error fetching notifications from API:', Error: NG0205: Injector has already been destroyed.
Error: NG0205: Injector has already been destroyed.
    at assertNotDestroyed (http://localhost:9876/k8-fastbuild-ST-199a4f3c4e20/bin/packages/core/src/di/r3_injector.ts:679:11)
    at R3Injector.get (http://localhost:9876/k8-fastbuild-ST-199a4f3c4e20/bin/packages/core/src/di/r3_injector.ts:326:5)
    at _HttpInterceptorHandler.handle (http://localhost:9876/k8-fastbuild-ST-199a4f3c4e20/bin/packages/common/http/src/interceptor.ts:310:28)
    at http://localhost:9876/k8-fastbuild-ST-199a4f3c4e20/bin/packages/common/http/src/client.ts:842:57
    at doInnerSub (http://localhost:9876/base/node_modules/rxjs/src/internal/operators/mergeInternals.ts:71:15)
    at outerNext (http://localhost:9876/base/node_modules/rxjs/src/internal/operators/mergeInternals.ts:53:58)
    at OperatorSubscriber._next (http://localhost:9876/base/node_modules/rxjs/src/internal/operators/OperatorSubscriber.ts:70:13)
    at OperatorSubscriber.next (http://localhost:9876/base/node_modules/rxjs/src/internal/Subscriber.ts:71:12)
    at _Observable._subscribe (http://localhost:9876/base/node_modules/rxjs/src/internal/observable/innerFrom.ts:78:18)
    at _Observable._trySubscribe (http://localhost:9876/base/node_modules/rxjs/src/internal/Observable.ts:235:19)
[1A[2KChrome Headless 141.0.0.0 (Mac OS 10.15.7): Executed 323 of 332[31m (38 FAILED)[39m (0 secs / 28.853 secs)
[1A[2KChrome Headless 141.0.0.0 (Mac OS 10.15.7): Executed 324 of 332[31m (38 FAILED)[39m (0 secs / 28.857 secs)
[1A[2KChrome Headless 141.0.0.0 (Mac OS 10.15.7): Executed 325 of 332[31m (38 FAILED)[39m (0 secs / 28.862 secs)
[1A[2KChrome Headless 141.0.0.0 (Mac OS 10.15.7): Executed 326 of 332[31m (38 FAILED)[39m (0 secs / 28.867 secs)
[1A[2KChrome Headless 141.0.0.0 (Mac OS 10.15.7): Executed 327 of 332[31m (38 FAILED)[39m (0 secs / 28.871 secs)
[1A[2KChrome Headless 141.0.0.0 (Mac OS 10.15.7): Executed 328 of 332[31m (38 FAILED)[39m (0 secs / 28.875 secs)
[1A[2KChrome Headless 141.0.0.0 (Mac OS 10.15.7): Executed 329 of 332[31m (38 FAILED)[39m (0 secs / 28.879 secs)
[1A[2KChrome Headless 141.0.0.0 (Mac OS 10.15.7): Executed 330 of 332[31m (38 FAILED)[39m (0 secs / 28.883 secs)
[1A[2KChrome Headless 141.0.0.0 (Mac OS 10.15.7): Executed 331 of 332[31m (38 FAILED)[39m (0 secs / 28.888 secs)
[1A[2KChrome Headless 141.0.0.0 (Mac OS 10.15.7): Executed 332 of 332[31m (38 FAILED)[39m (0 secs / 28.893 secs)
[1A[2KChrome Headless 141.0.0.0 (Mac OS 10.15.7): Executed 332 of 332[31m (38 FAILED)[39m (29.875 secs / 28.893 secs)
[31mTOTAL: 38 FAILED, 294 SUCCESS[39m

=============================== Coverage summary ===============================
Statements   : 57.68% ( 1494/2590 )
Branches     : 33.51% ( 302/901 )
Functions    : 65.05% ( 350/538 )
Lines        : 57.36% ( 1320/2301 )
================================================================================
[33m17 10 2025 16:31:27.816:WARN [launcher]: [39mChromeHeadless was not killed in 2000 ms, sending SIGKILL.


==== uncovered-lines.txt ====

