{"total": {"lines":{"total":669,"covered":581,"skipped":0,"pct":86.84},"statements":{"total":712,"covered":611,"skipped":0,"pct":85.81},"functions":{"total":86,"covered":74,"skipped":0,"pct":86.04},"branches":{"total":331,"covered":234,"skipped":0,"pct":70.69},"branchesTrue":{"total":0,"covered":0,"skipped":0,"pct":100}}
,"/Users/siphojrmntambo/Downloads/VnV (temp 3)/Vows-n-Veils/backend/app.js": {"lines":{"total":36,"covered":34,"skipped":0,"pct":94.44},"functions":{"total":3,"covered":2,"skipped":0,"pct":66.66},"statements":{"total":37,"covered":35,"skipped":0,"pct":94.59},"branches":{"total":4,"covered":4,"skipped":0,"pct":100}}
,"/Users/siphojrmntambo/Downloads/VnV (temp 3)/Vows-n-Veils/backend/controllers/example.controller.js": {"lines":{"total":2,"covered":2,"skipped":0,"pct":100},"functions":{"total":1,"covered":1,"skipped":0,"pct":100},"statements":{"total":2,"covered":2,"skipped":0,"pct":100},"branches":{"total":0,"covered":0,"skipped":0,"pct":100}}
,"/Users/siphojrmntambo/Downloads/VnV (temp 3)/Vows-n-Veils/backend/controllers/guests.controller.js": {"lines":{"total":155,"covered":142,"skipped":0,"pct":91.61},"functions":{"total":27,"covered":24,"skipped":0,"pct":88.88},"statements":{"total":178,"covered":160,"skipped":0,"pct":89.88},"branches":{"total":85,"covered":58,"skipped":0,"pct":68.23}}
,"/Users/siphojrmntambo/Downloads/VnV (temp 3)/Vows-n-Veils/backend/controllers/map.controller.js": {"lines":{"total":47,"covered":43,"skipped":0,"pct":91.48},"functions":{"total":4,"covered":4,"skipped":0,"pct":100},"statements":{"total":47,"covered":43,"skipped":0,"pct":91.48},"branches":{"total":54,"covered":49,"skipped":0,"pct":90.74}}
,"/Users/siphojrmntambo/Downloads/VnV (temp 3)/Vows-n-Veils/backend/controllers/story.controller.js": {"lines":{"total":57,"covered":55,"skipped":0,"pct":96.49},"functions":{"total":2,"covered":2,"skipped":0,"pct":100},"statements":{"total":57,"covered":55,"skipped":0,"pct":96.49},"branches":{"total":19,"covered":15,"skipped":0,"pct":78.94}}
,"/Users/siphojrmntambo/Downloads/VnV (temp 3)/Vows-n-Veils/backend/controllers/weather-crossing.controller.js": {"lines":{"total":32,"covered":32,"skipped":0,"pct":100},"functions":{"total":8,"covered":8,"skipped":0,"pct":100},"statements":{"total":36,"covered":36,"skipped":0,"pct":100},"branches":{"total":10,"covered":9,"skipped":0,"pct":90}}
,"/Users/siphojrmntambo/Downloads/VnV (temp 3)/Vows-n-Veils/backend/routes/chatbot.routes.js": {"lines":{"total":20,"covered":18,"skipped":0,"pct":90},"functions":{"total":1,"covered":1,"skipped":0,"pct":100},"statements":{"total":20,"covered":18,"skipped":0,"pct":90},"branches":{"total":9,"covered":9,"skipped":0,"pct":100}}
,"/Users/siphojrmntambo/Downloads/VnV (temp 3)/Vows-n-Veils/backend/routes/events.routes.js": {"lines":{"total":10,"covered":10,"skipped":0,"pct":100},"functions":{"total":0,"covered":0,"skipped":0,"pct":100},"statements":{"total":10,"covered":10,"skipped":0,"pct":100},"branches":{"total":0,"covered":0,"skipped":0,"pct":100}}
,"/Users/siphojrmntambo/Downloads/VnV (temp 3)/Vows-n-Veils/backend/routes/map.routes.js": {"lines":{"total":6,"covered":6,"skipped":0,"pct":100},"functions":{"total":0,"covered":0,"skipped":0,"pct":100},"statements":{"total":6,"covered":6,"skipped":0,"pct":100},"branches":{"total":0,"covered":0,"skipped":0,"pct":100}}
,"/Users/siphojrmntambo/Downloads/VnV (temp 3)/Vows-n-Veils/backend/routes/story.routes.js": {"lines":{"total":5,"covered":5,"skipped":0,"pct":100},"functions":{"total":0,"covered":0,"skipped":0,"pct":100},"statements":{"total":5,"covered":5,"skipped":0,"pct":100},"branches":{"total":0,"covered":0,"skipped":0,"pct":100}}
,"/Users/siphojrmntambo/Downloads/VnV (temp 3)/Vows-n-Veils/backend/routes/vendors.routes.js": {"lines":{"total":108,"covered":96,"skipped":0,"pct":88.88},"functions":{"total":15,"covered":15,"skipped":0,"pct":100},"statements":{"total":117,"covered":100,"skipped":0,"pct":85.47},"branches":{"total":75,"covered":55,"skipped":0,"pct":73.33}}
,"/Users/siphojrmntambo/Downloads/VnV (temp 3)/Vows-n-Veils/backend/routes/venues.routes.js": {"lines":{"total":182,"covered":129,"skipped":0,"pct":70.87},"functions":{"total":25,"covered":17,"skipped":0,"pct":68},"statements":{"total":188,"covered":132,"skipped":0,"pct":70.21},"branches":{"total":75,"covered":35,"skipped":0,"pct":46.66}}
,"/Users/siphojrmntambo/Downloads/VnV (temp 3)/Vows-n-Veils/backend/routes/weather-crossing.routes.js": {"lines":{"total":9,"covered":9,"skipped":0,"pct":100},"functions":{"total":0,"covered":0,"skipped":0,"pct":100},"statements":{"total":9,"covered":9,"skipped":0,"pct":100},"branches":{"total":0,"covered":0,"skipped":0,"pct":100}}
}
