{"/Users/siphojrmntambo/Downloads/VnV (temp 3)/Vows-n-Veils/backend/app.js": {"path":"/Users/siphojrmntambo/Downloads/VnV (temp 3)/Vows-n-Veils/backend/app.js","statementMap":{"0":{"start":{"line":1,"column":16},"end":{"line":1,"column":34}},"1":{"start":{"line":2,"column":13},"end":{"line":2,"column":28}},"2":{"start":{"line":3,"column":18},"end":{"line":3,"column":47}},"3":{"start":{"line":4,"column":18},"end":{"line":4,"column":45}},"4":{"start":{"line":5,"column":12},"end":{"line":5,"column":21}},"5":{"start":{"line":7,"column":23},"end":{"line":11,"column":1}},"6":{"start":{"line":14,"column":22},"end":{"line":14,"column":56}},"7":{"start":{"line":15,"column":20},"end":{"line":15,"column":52}},"8":{"start":{"line":18,"column":0},"end":{"line":32,"column":4}},"9":{"start":{"line":21,"column":4},"end":{"line":21,"column":45}},"10":{"start":{"line":21,"column":17},"end":{"line":21,"column":45}},"11":{"start":{"line":22,"column":4},"end":{"line":25,"column":5}},"12":{"start":{"line":23,"column":6},"end":{"line":23,"column":54}},"13":{"start":{"line":24,"column":6},"end":{"line":24,"column":34}},"14":{"start":{"line":26,"column":4},"end":{"line":26,"column":52}},"15":{"start":{"line":27,"column":4},"end":{"line":27,"column":54}},"16":{"start":{"line":33,"column":0},"end":{"line":33,"column":24}},"17":{"start":{"line":35,"column":0},"end":{"line":35,"column":35}},"18":{"start":{"line":36,"column":0},"end":{"line":36,"column":31}},"19":{"start":{"line":39,"column":0},"end":{"line":53,"column":4}},"20":{"start":{"line":49,"column":6},"end":{"line":49,"column":53}},"21":{"start":{"line":50,"column":6},"end":{"line":50,"column":21}},"22":{"start":{"line":56,"column":20},"end":{"line":56,"column":53}},"23":{"start":{"line":57,"column":0},"end":{"line":57,"column":32}},"24":{"start":{"line":59,"column":0},"end":{"line":59,"column":35}},"25":{"start":{"line":60,"column":0},"end":{"line":60,"column":69}},"26":{"start":{"line":61,"column":21},"end":{"line":61,"column":54}},"27":{"start":{"line":62,"column":0},"end":{"line":62,"column":33}},"28":{"start":{"line":65,"column":30},"end":{"line":65,"column":73}},"29":{"start":{"line":66,"column":0},"end":{"line":66,"column":52}},"30":{"start":{"line":69,"column":18},"end":{"line":69,"column":48}},"31":{"start":{"line":70,"column":0},"end":{"line":70,"column":27}},"32":{"start":{"line":75,"column":0},"end":{"line":77,"column":3}},"33":{"start":{"line":76,"column":2},"end":{"line":76,"column":29}},"34":{"start":{"line":79,"column":22},"end":{"line":79,"column":56}},"35":{"start":{"line":80,"column":0},"end":{"line":80,"column":35}},"36":{"start":{"line":82,"column":0},"end":{"line":82,"column":21}}},"fnMap":{"0":{"name":"(anonymous_0)","decl":{"start":{"line":19,"column":10},"end":{"line":19,"column":11}},"loc":{"start":{"line":19,"column":38},"end":{"line":28,"column":3}},"line":19},"1":{"name":"(anonymous_1)","decl":{"start":{"line":47,"column":24},"end":{"line":47,"column":25}},"loc":{"start":{"line":47,"column":37},"end":{"line":51,"column":5}},"line":47},"2":{"name":"(anonymous_2)","decl":{"start":{"line":75,"column":13},"end":{"line":75,"column":14}},"loc":{"start":{"line":75,"column":27},"end":{"line":77,"column":1}},"line":75}},"branchMap":{"0":{"loc":{"start":{"line":21,"column":4},"end":{"line":21,"column":45}},"type":"if","locations":[{"start":{"line":21,"column":4},"end":{"line":21,"column":45}},{"start":{},"end":{}}],"line":21},"1":{"loc":{"start":{"line":22,"column":4},"end":{"line":25,"column":5}},"type":"if","locations":[{"start":{"line":22,"column":4},"end":{"line":25,"column":5}},{"start":{},"end":{}}],"line":22}},"s":{"0":5,"1":5,"2":5,"3":5,"4":5,"5":5,"6":5,"7":5,"8":5,"9":47,"10":45,"11":2,"12":1,"13":1,"14":1,"15":1,"16":5,"17":5,"18":5,"19":5,"20":0,"21":0,"22":5,"23":5,"24":5,"25":5,"26":5,"27":5,"28":5,"29":5,"30":5,"31":5,"32":5,"33":2,"34":5,"35":5,"36":5},"f":{"0":47,"1":0,"2":2},"b":{"0":[45,2],"1":[1,1]},"_coverageSchema":"1a1c01bbd47fc00a2c39e90264f33305004495a9","hash":"77168c822b1369e1630d6db1a52e15de9c8a4d0b"}
,"/Users/siphojrmntambo/Downloads/VnV (temp 3)/Vows-n-Veils/backend/controllers/example.controller.js": {"path":"/Users/siphojrmntambo/Downloads/VnV (temp 3)/Vows-n-Veils/backend/controllers/example.controller.js","statementMap":{"0":{"start":{"line":1,"column":0},"end":{"line":3,"column":2}},"1":{"start":{"line":2,"column":2},"end":{"line":2,"column":51}}},"fnMap":{"0":{"name":"(anonymous_0)","decl":{"start":{"line":1,"column":21},"end":{"line":1,"column":22}},"loc":{"start":{"line":1,"column":35},"end":{"line":3,"column":1}},"line":1}},"branchMap":{},"s":{"0":1,"1":1},"f":{"0":1},"b":{},"_coverageSchema":"1a1c01bbd47fc00a2c39e90264f33305004495a9","hash":"f07b43fbab572ce6a8891ee221edabbc4ecfe53a"}
,"/Users/siphojrmntambo/Downloads/VnV (temp 3)/Vows-n-Veils/backend/controllers/guests.controller.js": {"path":"/Users/siphojrmntambo/Downloads/VnV (temp 3)/Vows-n-Veils/backend/controllers/guests.controller.js","statementMap":{"0":{"start":{"line":2,"column":15},"end":{"line":2,"column":37}},"1":{"start":{"line":3,"column":20},"end":{"line":3,"column":37}},"2":{"start":{"line":5,"column":0},"end":{"line":30,"column":2}},"3":{"start":{"line":6,"column":2},"end":{"line":29,"column":3}},"4":{"start":{"line":7,"column":24},"end":{"line":7,"column":34}},"5":{"start":{"line":8,"column":39},"end":{"line":8,"column":48}},"6":{"start":{"line":11,"column":15},"end":{"line":11,"column":82}},"7":{"start":{"line":12,"column":17},"end":{"line":12,"column":64}},"8":{"start":{"line":12,"column":37},"end":{"line":12,"column":62}},"9":{"start":{"line":15,"column":4},"end":{"line":17,"column":5}},"10":{"start":{"line":16,"column":6},"end":{"line":16,"column":107}},"11":{"start":{"line":16,"column":34},"end":{"line":16,"column":105}},"12":{"start":{"line":18,"column":4},"end":{"line":20,"column":5}},"13":{"start":{"line":19,"column":6},"end":{"line":19,"column":109}},"14":{"start":{"line":19,"column":34},"end":{"line":19,"column":107}},"15":{"start":{"line":21,"column":4},"end":{"line":24,"column":5}},"16":{"start":{"line":22,"column":21},"end":{"line":22,"column":58}},"17":{"start":{"line":23,"column":6},"end":{"line":23,"column":59}},"18":{"start":{"line":23,"column":34},"end":{"line":23,"column":57}},"19":{"start":{"line":25,"column":4},"end":{"line":25,"column":28}},"20":{"start":{"line":27,"column":4},"end":{"line":27,"column":49}},"21":{"start":{"line":28,"column":4},"end":{"line":28,"column":91}},"22":{"start":{"line":33,"column":0},"end":{"line":55,"column":2}},"23":{"start":{"line":34,"column":2},"end":{"line":54,"column":3}},"24":{"start":{"line":35,"column":24},"end":{"line":35,"column":34}},"25":{"start":{"line":37,"column":17},"end":{"line":37,"column":84}},"26":{"start":{"line":38,"column":23},"end":{"line":38,"column":32}},"27":{"start":{"line":39,"column":25},"end":{"line":39,"column":34}},"28":{"start":{"line":41,"column":4},"end":{"line":45,"column":7}},"29":{"start":{"line":42,"column":16},"end":{"line":42,"column":26}},"30":{"start":{"line":43,"column":6},"end":{"line":43,"column":91}},"31":{"start":{"line":43,"column":50},"end":{"line":43,"column":91}},"32":{"start":{"line":44,"column":6},"end":{"line":44,"column":99}},"33":{"start":{"line":44,"column":54},"end":{"line":44,"column":99}},"34":{"start":{"line":47,"column":4},"end":{"line":50,"column":7}},"35":{"start":{"line":48,"column":53},"end":{"line":48,"column":71}},"36":{"start":{"line":49,"column":57},"end":{"line":49,"column":75}},"37":{"start":{"line":52,"column":4},"end":{"line":52,"column":57}},"38":{"start":{"line":53,"column":4},"end":{"line":53,"column":79}},"39":{"start":{"line":58,"column":0},"end":{"line":91,"column":2}},"40":{"start":{"line":59,"column":2},"end":{"line":90,"column":3}},"41":{"start":{"line":60,"column":24},"end":{"line":60,"column":34}},"42":{"start":{"line":61,"column":66},"end":{"line":61,"column":80}},"43":{"start":{"line":63,"column":4},"end":{"line":65,"column":5}},"44":{"start":{"line":64,"column":6},"end":{"line":64,"column":79}},"45":{"start":{"line":69,"column":6},"end":{"line":71,"column":53}},"46":{"start":{"line":73,"column":20},"end":{"line":81,"column":5}},"47":{"start":{"line":83,"column":16},"end":{"line":83,"column":58}},"48":{"start":{"line":85,"column":18},"end":{"line":85,"column":33}},"49":{"start":{"line":86,"column":4},"end":{"line":86,"column":65}},"50":{"start":{"line":88,"column":4},"end":{"line":88,"column":48}},"51":{"start":{"line":89,"column":4},"end":{"line":89,"column":71}},"52":{"start":{"line":94,"column":0},"end":{"line":117,"column":2}},"53":{"start":{"line":95,"column":2},"end":{"line":116,"column":3}},"54":{"start":{"line":96,"column":33},"end":{"line":96,"column":43}},"55":{"start":{"line":98,"column":16},"end":{"line":98,"column":52}},"56":{"start":{"line":99,"column":17},"end":{"line":99,"column":32}},"57":{"start":{"line":101,"column":4},"end":{"line":103,"column":5}},"58":{"start":{"line":102,"column":6},"end":{"line":102,"column":66}},"59":{"start":{"line":105,"column":17},"end":{"line":105,"column":28}},"60":{"start":{"line":107,"column":4},"end":{"line":109,"column":5}},"61":{"start":{"line":108,"column":6},"end":{"line":108,"column":86}},"62":{"start":{"line":111,"column":4},"end":{"line":111,"column":23}},"63":{"start":{"line":112,"column":4},"end":{"line":112,"column":75}},"64":{"start":{"line":114,"column":4},"end":{"line":114,"column":48}},"65":{"start":{"line":115,"column":4},"end":{"line":115,"column":71}},"66":{"start":{"line":121,"column":13},"end":{"line":121,"column":80}},"67":{"start":{"line":122,"column":15},"end":{"line":122,"column":62}},"68":{"start":{"line":122,"column":35},"end":{"line":122,"column":60}},"69":{"start":{"line":124,"column":2},"end":{"line":126,"column":3}},"70":{"start":{"line":125,"column":4},"end":{"line":125,"column":105}},"71":{"start":{"line":125,"column":32},"end":{"line":125,"column":103}},"72":{"start":{"line":127,"column":2},"end":{"line":129,"column":3}},"73":{"start":{"line":128,"column":4},"end":{"line":128,"column":107}},"74":{"start":{"line":128,"column":32},"end":{"line":128,"column":105}},"75":{"start":{"line":130,"column":2},"end":{"line":133,"column":3}},"76":{"start":{"line":131,"column":19},"end":{"line":131,"column":56}},"77":{"start":{"line":132,"column":4},"end":{"line":132,"column":57}},"78":{"start":{"line":132,"column":32},"end":{"line":132,"column":55}},"79":{"start":{"line":134,"column":2},"end":{"line":134,"column":16}},"80":{"start":{"line":138,"column":16},"end":{"line":138,"column":22}},"81":{"start":{"line":139,"column":2},"end":{"line":139,"column":45}},"82":{"start":{"line":139,"column":15},"end":{"line":139,"column":45}},"83":{"start":{"line":140,"column":2},"end":{"line":140,"column":48}},"84":{"start":{"line":140,"column":15},"end":{"line":140,"column":48}},"85":{"start":{"line":141,"column":2},"end":{"line":141,"column":84}},"86":{"start":{"line":141,"column":35},"end":{"line":141,"column":84}},"87":{"start":{"line":142,"column":2},"end":{"line":142,"column":37}},"88":{"start":{"line":146,"column":0},"end":{"line":175,"column":2}},"89":{"start":{"line":147,"column":2},"end":{"line":174,"column":3}},"90":{"start":{"line":148,"column":24},"end":{"line":148,"column":34}},"91":{"start":{"line":149,"column":39},"end":{"line":149,"column":48}},"92":{"start":{"line":151,"column":19},"end":{"line":151,"column":81}},"93":{"start":{"line":152,"column":21},"end":{"line":152,"column":82}},"94":{"start":{"line":155,"column":20},"end":{"line":155,"column":83}},"95":{"start":{"line":156,"column":19},"end":{"line":156,"column":67}},"96":{"start":{"line":156,"column":31},"end":{"line":156,"column":67}},"97":{"start":{"line":157,"column":17},"end":{"line":164,"column":16}},"98":{"start":{"line":157,"column":33},"end":{"line":164,"column":15}},"99":{"start":{"line":166,"column":16},"end":{"line":166,"column":57}},"100":{"start":{"line":168,"column":4},"end":{"line":168,"column":61}},"101":{"start":{"line":169,"column":4},"end":{"line":169,"column":79}},"102":{"start":{"line":170,"column":4},"end":{"line":170,"column":37}},"103":{"start":{"line":172,"column":4},"end":{"line":172,"column":45}},"104":{"start":{"line":173,"column":4},"end":{"line":173,"column":69}},"105":{"start":{"line":178,"column":0},"end":{"line":330,"column":2}},"106":{"start":{"line":179,"column":2},"end":{"line":329,"column":3}},"107":{"start":{"line":180,"column":24},"end":{"line":180,"column":34}},"108":{"start":{"line":181,"column":39},"end":{"line":181,"column":48}},"109":{"start":{"line":183,"column":19},"end":{"line":183,"column":81}},"110":{"start":{"line":186,"column":22},"end":{"line":186,"column":36}},"111":{"start":{"line":187,"column":4},"end":{"line":187,"column":51}},"112":{"start":{"line":187,"column":17},"end":{"line":187,"column":51}},"113":{"start":{"line":188,"column":4},"end":{"line":188,"column":54}},"114":{"start":{"line":188,"column":17},"end":{"line":188,"column":54}},"115":{"start":{"line":189,"column":4},"end":{"line":189,"column":90}},"116":{"start":{"line":189,"column":37},"end":{"line":189,"column":90}},"117":{"start":{"line":190,"column":21},"end":{"line":190,"column":49}},"118":{"start":{"line":192,"column":4},"end":{"line":192,"column":53}},"119":{"start":{"line":193,"column":4},"end":{"line":193,"column":79}},"120":{"start":{"line":195,"column":16},"end":{"line":195,"column":80}},"121":{"start":{"line":196,"column":4},"end":{"line":196,"column":18}},"122":{"start":{"line":199,"column":20},"end":{"line":206,"column":5}},"123":{"start":{"line":208,"column":20},"end":{"line":208,"column":83}},"124":{"start":{"line":209,"column":17},"end":{"line":209,"column":63}},"125":{"start":{"line":209,"column":34},"end":{"line":209,"column":62}},"126":{"start":{"line":210,"column":18},"end":{"line":210,"column":20}},"127":{"start":{"line":211,"column":20},"end":{"line":211,"column":22}},"128":{"start":{"line":212,"column":20},"end":{"line":212,"column":21}},"129":{"start":{"line":213,"column":28},"end":{"line":213,"column":30}},"130":{"start":{"line":214,"column":19},"end":{"line":214,"column":34}},"131":{"start":{"line":217,"column":4},"end":{"line":217,"column":82}},"132":{"start":{"line":218,"column":23},"end":{"line":222,"column":37}},"133":{"start":{"line":223,"column":4},"end":{"line":227,"column":5}},"134":{"start":{"line":224,"column":6},"end":{"line":226,"column":28}},"135":{"start":{"line":231,"column":6},"end":{"line":231,"column":17}},"136":{"start":{"line":232,"column":6},"end":{"line":232,"column":46}},"137":{"start":{"line":233,"column":14},"end":{"line":233,"column":35}},"138":{"start":{"line":234,"column":14},"end":{"line":234,"column":22}},"139":{"start":{"line":235,"column":6},"end":{"line":241,"column":9}},"140":{"start":{"line":236,"column":8},"end":{"line":239,"column":11}},"141":{"start":{"line":240,"column":8},"end":{"line":240,"column":21}},"142":{"start":{"line":243,"column":6},"end":{"line":249,"column":23}},"143":{"start":{"line":250,"column":6},"end":{"line":250,"column":20}},"144":{"start":{"line":255,"column":22},"end":{"line":255,"column":63}},"145":{"start":{"line":256,"column":6},"end":{"line":261,"column":7}},"146":{"start":{"line":257,"column":8},"end":{"line":257,"column":22}},"147":{"start":{"line":258,"column":8},"end":{"line":258,"column":22}},"148":{"start":{"line":259,"column":8},"end":{"line":259,"column":21}},"149":{"start":{"line":260,"column":8},"end":{"line":260,"column":32}},"150":{"start":{"line":265,"column":4},"end":{"line":265,"column":17}},"151":{"start":{"line":266,"column":4},"end":{"line":266,"column":28}},"152":{"start":{"line":270,"column":6},"end":{"line":270,"column":41}},"153":{"start":{"line":273,"column":21},"end":{"line":280,"column":7}},"154":{"start":{"line":283,"column":20},"end":{"line":283,"column":22}},"155":{"start":{"line":284,"column":6},"end":{"line":288,"column":7}},"156":{"start":{"line":284,"column":19},"end":{"line":284,"column":20}},"157":{"start":{"line":284,"column":26},"end":{"line":284,"column":47}},"158":{"start":{"line":285,"column":22},"end":{"line":285,"column":33}},"159":{"start":{"line":286,"column":18},"end":{"line":286,"column":98}},"160":{"start":{"line":287,"column":8},"end":{"line":287,"column":24}},"161":{"start":{"line":289,"column":19},"end":{"line":289,"column":53}},"162":{"start":{"line":292,"column":6},"end":{"line":292,"column":24}},"163":{"start":{"line":295,"column":6},"end":{"line":298,"column":7}},"164":{"start":{"line":296,"column":8},"end":{"line":296,"column":19}},"165":{"start":{"line":297,"column":8},"end":{"line":297,"column":91}},"166":{"start":{"line":301,"column":14},"end":{"line":301,"column":35}},"167":{"start":{"line":302,"column":6},"end":{"line":308,"column":7}},"168":{"start":{"line":302,"column":19},"end":{"line":302,"column":20}},"169":{"start":{"line":303,"column":8},"end":{"line":306,"column":11}},"170":{"start":{"line":307,"column":8},"end":{"line":307,"column":21}},"171":{"start":{"line":311,"column":6},"end":{"line":317,"column":23}},"172":{"start":{"line":319,"column":6},"end":{"line":319,"column":23}},"173":{"start":{"line":323,"column":4},"end":{"line":323,"column":58}},"174":{"start":{"line":323,"column":31},"end":{"line":323,"column":56}},"175":{"start":{"line":325,"column":4},"end":{"line":325,"column":14}},"176":{"start":{"line":327,"column":4},"end":{"line":327,"column":45}},"177":{"start":{"line":328,"column":4},"end":{"line":328,"column":62}}},"fnMap":{"0":{"name":"(anonymous_0)","decl":{"start":{"line":5,"column":28},"end":{"line":5,"column":29}},"loc":{"start":{"line":5,"column":48},"end":{"line":30,"column":1}},"line":5},"1":{"name":"(anonymous_1)","decl":{"start":{"line":12,"column":31},"end":{"line":12,"column":32}},"loc":{"start":{"line":12,"column":37},"end":{"line":12,"column":62}},"line":12},"2":{"name":"(anonymous_2)","decl":{"start":{"line":16,"column":29},"end":{"line":16,"column":30}},"loc":{"start":{"line":16,"column":34},"end":{"line":16,"column":105}},"line":16},"3":{"name":"(anonymous_3)","decl":{"start":{"line":19,"column":29},"end":{"line":19,"column":30}},"loc":{"start":{"line":19,"column":34},"end":{"line":19,"column":107}},"line":19},"4":{"name":"(anonymous_4)","decl":{"start":{"line":23,"column":29},"end":{"line":23,"column":30}},"loc":{"start":{"line":23,"column":34},"end":{"line":23,"column":57}},"line":23},"5":{"name":"(anonymous_5)","decl":{"start":{"line":33,"column":32},"end":{"line":33,"column":33}},"loc":{"start":{"line":33,"column":52},"end":{"line":55,"column":1}},"line":33},"6":{"name":"(anonymous_6)","decl":{"start":{"line":41,"column":17},"end":{"line":41,"column":18}},"loc":{"start":{"line":41,"column":24},"end":{"line":45,"column":5}},"line":41},"7":{"name":"(anonymous_7)","decl":{"start":{"line":48,"column":43},"end":{"line":48,"column":44}},"loc":{"start":{"line":48,"column":53},"end":{"line":48,"column":71}},"line":48},"8":{"name":"(anonymous_8)","decl":{"start":{"line":49,"column":47},"end":{"line":49,"column":48}},"loc":{"start":{"line":49,"column":57},"end":{"line":49,"column":75}},"line":49},"9":{"name":"(anonymous_9)","decl":{"start":{"line":58,"column":30},"end":{"line":58,"column":31}},"loc":{"start":{"line":58,"column":50},"end":{"line":91,"column":1}},"line":58},"10":{"name":"(anonymous_10)","decl":{"start":{"line":94,"column":30},"end":{"line":94,"column":31}},"loc":{"start":{"line":94,"column":50},"end":{"line":117,"column":1}},"line":94},"11":{"name":"fetchGuestsForEvent","decl":{"start":{"line":120,"column":15},"end":{"line":120,"column":34}},"loc":{"start":{"line":120,"column":72},"end":{"line":135,"column":1}},"line":120},"12":{"name":"(anonymous_12)","decl":{"start":{"line":122,"column":29},"end":{"line":122,"column":30}},"loc":{"start":{"line":122,"column":35},"end":{"line":122,"column":60}},"line":122},"13":{"name":"(anonymous_13)","decl":{"start":{"line":125,"column":27},"end":{"line":125,"column":28}},"loc":{"start":{"line":125,"column":32},"end":{"line":125,"column":103}},"line":125},"14":{"name":"(anonymous_14)","decl":{"start":{"line":128,"column":27},"end":{"line":128,"column":28}},"loc":{"start":{"line":128,"column":32},"end":{"line":128,"column":105}},"line":128},"15":{"name":"(anonymous_15)","decl":{"start":{"line":132,"column":27},"end":{"line":132,"column":28}},"loc":{"start":{"line":132,"column":32},"end":{"line":132,"column":55}},"line":132},"16":{"name":"makeFilename","decl":{"start":{"line":137,"column":9},"end":{"line":137,"column":21}},"loc":{"start":{"line":137,"column":61},"end":{"line":143,"column":1}},"line":137},"17":{"name":"(anonymous_17)","decl":{"start":{"line":146,"column":26},"end":{"line":146,"column":27}},"loc":{"start":{"line":146,"column":46},"end":{"line":175,"column":1}},"line":146},"18":{"name":"(anonymous_18)","decl":{"start":{"line":156,"column":19},"end":{"line":156,"column":20}},"loc":{"start":{"line":156,"column":31},"end":{"line":156,"column":67}},"line":156},"19":{"name":"(anonymous_19)","decl":{"start":{"line":157,"column":28},"end":{"line":157,"column":29}},"loc":{"start":{"line":157,"column":33},"end":{"line":164,"column":15}},"line":157},"20":{"name":"(anonymous_20)","decl":{"start":{"line":178,"column":26},"end":{"line":178,"column":27}},"loc":{"start":{"line":178,"column":46},"end":{"line":330,"column":1}},"line":178},"21":{"name":"(anonymous_21)","decl":{"start":{"line":209,"column":29},"end":{"line":209,"column":30}},"loc":{"start":{"line":209,"column":34},"end":{"line":209,"column":62}},"line":209},"22":{"name":"drawHeader","decl":{"start":{"line":230,"column":13},"end":{"line":230,"column":23}},"loc":{"start":{"line":230,"column":26},"end":{"line":251,"column":5}},"line":230},"23":{"name":"(anonymous_23)","decl":{"start":{"line":235,"column":22},"end":{"line":235,"column":23}},"loc":{"start":{"line":235,"column":32},"end":{"line":241,"column":7}},"line":235},"24":{"name":"ensureSpace","decl":{"start":{"line":254,"column":13},"end":{"line":254,"column":24}},"loc":{"start":{"line":254,"column":42},"end":{"line":262,"column":5}},"line":254},"25":{"name":"drawRow","decl":{"start":{"line":269,"column":13},"end":{"line":269,"column":20}},"loc":{"start":{"line":269,"column":36},"end":{"line":320,"column":5}},"line":269},"26":{"name":"(anonymous_26)","decl":{"start":{"line":323,"column":19},"end":{"line":323,"column":20}},"loc":{"start":{"line":323,"column":31},"end":{"line":323,"column":56}},"line":323}},"branchMap":{"0":{"loc":{"start":{"line":15,"column":4},"end":{"line":17,"column":5}},"type":"if","locations":[{"start":{"line":15,"column":4},"end":{"line":17,"column":5}},{"start":{},"end":{}}],"line":15},"1":{"loc":{"start":{"line":16,"column":35},"end":{"line":16,"column":50}},"type":"binary-expr","locations":[{"start":{"line":16,"column":35},"end":{"line":16,"column":44}},{"start":{"line":16,"column":48},"end":{"line":16,"column":50}}],"line":16},"2":{"loc":{"start":{"line":18,"column":4},"end":{"line":20,"column":5}},"type":"if","locations":[{"start":{"line":18,"column":4},"end":{"line":20,"column":5}},{"start":{},"end":{}}],"line":18},"3":{"loc":{"start":{"line":19,"column":35},"end":{"line":19,"column":52}},"type":"binary-expr","locations":[{"start":{"line":19,"column":35},"end":{"line":19,"column":46}},{"start":{"line":19,"column":50},"end":{"line":19,"column":52}}],"line":19},"4":{"loc":{"start":{"line":21,"column":4},"end":{"line":24,"column":5}},"type":"if","locations":[{"start":{"line":21,"column":4},"end":{"line":24,"column":5}},{"start":{},"end":{}}],"line":21},"5":{"loc":{"start":{"line":43,"column":6},"end":{"line":43,"column":91}},"type":"if","locations":[{"start":{"line":43,"column":6},"end":{"line":43,"column":91}},{"start":{},"end":{}}],"line":43},"6":{"loc":{"start":{"line":43,"column":10},"end":{"line":43,"column":48}},"type":"binary-expr","locations":[{"start":{"line":43,"column":10},"end":{"line":43,"column":20}},{"start":{"line":43,"column":24},"end":{"line":43,"column":48}}],"line":43},"7":{"loc":{"start":{"line":44,"column":6},"end":{"line":44,"column":99}},"type":"if","locations":[{"start":{"line":44,"column":6},"end":{"line":44,"column":99}},{"start":{},"end":{}}],"line":44},"8":{"loc":{"start":{"line":44,"column":10},"end":{"line":44,"column":52}},"type":"binary-expr","locations":[{"start":{"line":44,"column":10},"end":{"line":44,"column":22}},{"start":{"line":44,"column":26},"end":{"line":44,"column":52}}],"line":44},"9":{"loc":{"start":{"line":61,"column":66},"end":{"line":61,"column":80}},"type":"binary-expr","locations":[{"start":{"line":61,"column":66},"end":{"line":61,"column":74}},{"start":{"line":61,"column":78},"end":{"line":61,"column":80}}],"line":61},"10":{"loc":{"start":{"line":63,"column":4},"end":{"line":65,"column":5}},"type":"if","locations":[{"start":{"line":63,"column":4},"end":{"line":65,"column":5}},{"start":{},"end":{}}],"line":63},"11":{"loc":{"start":{"line":63,"column":8},"end":{"line":63,"column":23}},"type":"binary-expr","locations":[{"start":{"line":63,"column":8},"end":{"line":63,"column":13}},{"start":{"line":63,"column":17},"end":{"line":63,"column":23}}],"line":63},"12":{"loc":{"start":{"line":69,"column":6},"end":{"line":71,"column":53}},"type":"cond-expr","locations":[{"start":{"line":70,"column":10},"end":{"line":70,"column":20}},{"start":{"line":71,"column":10},"end":{"line":71,"column":53}}],"line":69},"13":{"loc":{"start":{"line":76,"column":15},"end":{"line":76,"column":52}},"type":"cond-expr","locations":[{"start":{"line":76,"column":25},"end":{"line":76,"column":47}},{"start":{"line":76,"column":50},"end":{"line":76,"column":52}}],"line":76},"14":{"loc":{"start":{"line":77,"column":17},"end":{"line":77,"column":58}},"type":"cond-expr","locations":[{"start":{"line":77,"column":29},"end":{"line":77,"column":53}},{"start":{"line":77,"column":56},"end":{"line":77,"column":58}}],"line":77},"15":{"loc":{"start":{"line":79,"column":12},"end":{"line":79,"column":43}},"type":"cond-expr","locations":[{"start":{"line":79,"column":19},"end":{"line":79,"column":38}},{"start":{"line":79,"column":41},"end":{"line":79,"column":43}}],"line":79},"16":{"loc":{"start":{"line":101,"column":4},"end":{"line":103,"column":5}},"type":"if","locations":[{"start":{"line":101,"column":4},"end":{"line":103,"column":5}},{"start":{},"end":{}}],"line":101},"17":{"loc":{"start":{"line":107,"column":4},"end":{"line":109,"column":5}},"type":"if","locations":[{"start":{"line":107,"column":4},"end":{"line":109,"column":5}},{"start":{},"end":{}}],"line":107},"18":{"loc":{"start":{"line":124,"column":2},"end":{"line":126,"column":3}},"type":"if","locations":[{"start":{"line":124,"column":2},"end":{"line":126,"column":3}},{"start":{},"end":{}}],"line":124},"19":{"loc":{"start":{"line":125,"column":33},"end":{"line":125,"column":48}},"type":"binary-expr","locations":[{"start":{"line":125,"column":33},"end":{"line":125,"column":42}},{"start":{"line":125,"column":46},"end":{"line":125,"column":48}}],"line":125},"20":{"loc":{"start":{"line":127,"column":2},"end":{"line":129,"column":3}},"type":"if","locations":[{"start":{"line":127,"column":2},"end":{"line":129,"column":3}},{"start":{},"end":{}}],"line":127},"21":{"loc":{"start":{"line":128,"column":33},"end":{"line":128,"column":50}},"type":"binary-expr","locations":[{"start":{"line":128,"column":33},"end":{"line":128,"column":44}},{"start":{"line":128,"column":48},"end":{"line":128,"column":50}}],"line":128},"22":{"loc":{"start":{"line":130,"column":2},"end":{"line":133,"column":3}},"type":"if","locations":[{"start":{"line":130,"column":2},"end":{"line":133,"column":3}},{"start":{},"end":{}}],"line":130},"23":{"loc":{"start":{"line":139,"column":2},"end":{"line":139,"column":45}},"type":"if","locations":[{"start":{"line":139,"column":2},"end":{"line":139,"column":45}},{"start":{},"end":{}}],"line":139},"24":{"loc":{"start":{"line":140,"column":2},"end":{"line":140,"column":48}},"type":"if","locations":[{"start":{"line":140,"column":2},"end":{"line":140,"column":48}},{"start":{},"end":{}}],"line":140},"25":{"loc":{"start":{"line":141,"column":2},"end":{"line":141,"column":84}},"type":"if","locations":[{"start":{"line":141,"column":2},"end":{"line":141,"column":84}},{"start":{},"end":{}}],"line":141},"26":{"loc":{"start":{"line":156,"column":20},"end":{"line":156,"column":26}},"type":"default-arg","locations":[{"start":{"line":156,"column":24},"end":{"line":156,"column":26}}],"line":156},"27":{"loc":{"start":{"line":162,"column":13},"end":{"line":162,"column":44}},"type":"cond-expr","locations":[{"start":{"line":162,"column":28},"end":{"line":162,"column":34}},{"start":{"line":162,"column":37},"end":{"line":162,"column":44}}],"line":162},"28":{"loc":{"start":{"line":187,"column":4},"end":{"line":187,"column":51}},"type":"if","locations":[{"start":{"line":187,"column":4},"end":{"line":187,"column":51}},{"start":{},"end":{}}],"line":187},"29":{"loc":{"start":{"line":188,"column":4},"end":{"line":188,"column":54}},"type":"if","locations":[{"start":{"line":188,"column":4},"end":{"line":188,"column":54}},{"start":{},"end":{}}],"line":188},"30":{"loc":{"start":{"line":189,"column":4},"end":{"line":189,"column":90}},"type":"if","locations":[{"start":{"line":189,"column":4},"end":{"line":189,"column":90}},{"start":{},"end":{}}],"line":189},"31":{"loc":{"start":{"line":219,"column":6},"end":{"line":219,"column":38}},"type":"binary-expr","locations":[{"start":{"line":219,"column":6},"end":{"line":219,"column":13}},{"start":{"line":219,"column":17},"end":{"line":219,"column":38}}],"line":219},"32":{"loc":{"start":{"line":220,"column":6},"end":{"line":220,"column":38}},"type":"binary-expr","locations":[{"start":{"line":220,"column":6},"end":{"line":220,"column":13}},{"start":{"line":220,"column":17},"end":{"line":220,"column":38}}],"line":220},"33":{"loc":{"start":{"line":221,"column":6},"end":{"line":221,"column":74}},"type":"binary-expr","locations":[{"start":{"line":221,"column":6},"end":{"line":221,"column":33}},{"start":{"line":221,"column":37},"end":{"line":221,"column":74}}],"line":221},"34":{"loc":{"start":{"line":223,"column":4},"end":{"line":227,"column":5}},"type":"if","locations":[{"start":{"line":223,"column":4},"end":{"line":227,"column":5}},{"start":{},"end":{}}],"line":223},"35":{"loc":{"start":{"line":256,"column":6},"end":{"line":261,"column":7}},"type":"if","locations":[{"start":{"line":256,"column":6},"end":{"line":261,"column":7}},{"start":{},"end":{}}],"line":256},"36":{"loc":{"start":{"line":274,"column":8},"end":{"line":274,"column":25}},"type":"binary-expr","locations":[{"start":{"line":274,"column":8},"end":{"line":274,"column":19}},{"start":{"line":274,"column":23},"end":{"line":274,"column":25}}],"line":274},"37":{"loc":{"start":{"line":275,"column":8},"end":{"line":275,"column":26}},"type":"binary-expr","locations":[{"start":{"line":275,"column":8},"end":{"line":275,"column":20}},{"start":{"line":275,"column":24},"end":{"line":275,"column":26}}],"line":275},"38":{"loc":{"start":{"line":276,"column":8},"end":{"line":276,"column":28}},"type":"binary-expr","locations":[{"start":{"line":276,"column":8},"end":{"line":276,"column":22}},{"start":{"line":276,"column":26},"end":{"line":276,"column":28}}],"line":276},"39":{"loc":{"start":{"line":277,"column":8},"end":{"line":277,"column":30}},"type":"binary-expr","locations":[{"start":{"line":277,"column":8},"end":{"line":277,"column":24}},{"start":{"line":277,"column":28},"end":{"line":277,"column":30}}],"line":277},"40":{"loc":{"start":{"line":278,"column":8},"end":{"line":278,"column":40}},"type":"cond-expr","locations":[{"start":{"line":278,"column":28},"end":{"line":278,"column":33}},{"start":{"line":278,"column":36},"end":{"line":278,"column":40}}],"line":278},"41":{"loc":{"start":{"line":279,"column":8},"end":{"line":279,"column":25}},"type":"binary-expr","locations":[{"start":{"line":279,"column":8},"end":{"line":279,"column":19}},{"start":{"line":279,"column":23},"end":{"line":279,"column":25}}],"line":279},"42":{"loc":{"start":{"line":295,"column":6},"end":{"line":298,"column":7}},"type":"if","locations":[{"start":{"line":295,"column":6},"end":{"line":298,"column":7}},{"start":{},"end":{}}],"line":295}},"s":{"0":5,"1":5,"2":5,"3":1,"4":1,"5":1,"6":1,"7":1,"8":2,"9":1,"10":1,"11":2,"12":1,"13":1,"14":1,"15":1,"16":1,"17":1,"18":1,"19":1,"20":0,"21":0,"22":5,"23":1,"24":1,"25":1,"26":1,"27":1,"28":1,"29":3,"30":3,"31":3,"32":3,"33":2,"34":1,"35":1,"36":0,"37":0,"38":0,"39":5,"40":2,"41":2,"42":2,"43":2,"44":1,"45":1,"46":1,"47":1,"48":1,"49":1,"50":0,"51":0,"52":5,"53":3,"54":3,"55":3,"56":3,"57":3,"58":1,"59":2,"60":2,"61":1,"62":1,"63":1,"64":0,"65":0,"66":4,"67":3,"68":3,"69":3,"70":1,"71":1,"72":3,"73":1,"74":0,"75":3,"76":1,"77":1,"78":0,"79":3,"80":1,"81":1,"82":0,"83":1,"84":0,"85":1,"86":0,"87":1,"88":5,"89":1,"90":1,"91":1,"92":1,"93":1,"94":1,"95":1,"96":6,"97":1,"98":1,"99":1,"100":1,"101":1,"102":1,"103":0,"104":0,"105":5,"106":3,"107":3,"108":3,"109":3,"110":2,"111":2,"112":1,"113":2,"114":1,"115":2,"116":1,"117":2,"118":2,"119":2,"120":2,"121":2,"122":2,"123":2,"124":2,"125":12,"126":2,"127":2,"128":2,"129":2,"130":2,"131":2,"132":2,"133":2,"134":1,"135":3,"136":3,"137":3,"138":3,"139":3,"140":18,"141":18,"142":3,"143":3,"144":1,"145":1,"146":1,"147":1,"148":1,"149":1,"150":2,"151":2,"152":1,"153":1,"154":1,"155":1,"156":1,"157":1,"158":6,"159":6,"160":6,"161":1,"162":1,"163":1,"164":0,"165":0,"166":1,"167":1,"168":1,"169":6,"170":6,"171":1,"172":1,"173":2,"174":1,"175":2,"176":1,"177":1},"f":{"0":1,"1":2,"2":2,"3":1,"4":1,"5":1,"6":3,"7":1,"8":0,"9":2,"10":3,"11":4,"12":3,"13":1,"14":0,"15":0,"16":1,"17":1,"18":6,"19":1,"20":3,"21":12,"22":3,"23":18,"24":1,"25":1,"26":1},"b":{"0":[1,0],"1":[2,0],"2":[1,0],"3":[1,0],"4":[1,0],"5":[3,0],"6":[3,3],"7":[2,1],"8":[3,2],"9":[2,0],"10":[1,1],"11":[2,1],"12":[0,1],"13":[1,0],"14":[0,1],"15":[1,0],"16":[1,2],"17":[1,1],"18":[1,2],"19":[1,0],"20":[1,2],"21":[0,0],"22":[1,2],"23":[0,1],"24":[0,1],"25":[0,1],"26":[0],"27":[1,0],"28":[1,1],"29":[1,1],"30":[1,1],"31":[2,1],"32":[2,1],"33":[2,1],"34":[1,1],"35":[1,0],"36":[1,0],"37":[1,0],"38":[1,0],"39":[1,0],"40":[1,0],"41":[1,0],"42":[0,1]},"_coverageSchema":"1a1c01bbd47fc00a2c39e90264f33305004495a9","hash":"e4a9fc5794d491f3bb30528a7fbf458313066d03"}
,"/Users/siphojrmntambo/Downloads/VnV (temp 3)/Vows-n-Veils/backend/controllers/map.controller.js": {"path":"/Users/siphojrmntambo/Downloads/VnV (temp 3)/Vows-n-Veils/backend/controllers/map.controller.js","statementMap":{"0":{"start":{"line":1,"column":14},"end":{"line":1,"column":30}},"1":{"start":{"line":5,"column":27},"end":{"line":5,"column":64}},"2":{"start":{"line":8,"column":0},"end":{"line":64,"column":2}},"3":{"start":{"line":9,"column":34},"end":{"line":9,"column":43}},"4":{"start":{"line":11,"column":4},"end":{"line":63,"column":5}},"5":{"start":{"line":12,"column":8},"end":{"line":56,"column":9}},"6":{"start":{"line":14,"column":24},"end":{"line":14,"column":124}},"7":{"start":{"line":16,"column":29},"end":{"line":20,"column":14}},"8":{"start":{"line":22,"column":12},"end":{"line":32,"column":13}},"9":{"start":{"line":23,"column":31},"end":{"line":23,"column":47}},"10":{"start":{"line":24,"column":16},"end":{"line":29,"column":19}},"11":{"start":{"line":31,"column":16},"end":{"line":31,"column":71}},"12":{"start":{"line":33,"column":15},"end":{"line":56,"column":9}},"13":{"start":{"line":35,"column":24},"end":{"line":35,"column":106}},"14":{"start":{"line":37,"column":29},"end":{"line":41,"column":14}},"15":{"start":{"line":43,"column":12},"end":{"line":53,"column":13}},"16":{"start":{"line":44,"column":31},"end":{"line":44,"column":44}},"17":{"start":{"line":45,"column":16},"end":{"line":50,"column":19}},"18":{"start":{"line":52,"column":16},"end":{"line":52,"column":75}},"19":{"start":{"line":55,"column":12},"end":{"line":55,"column":99}},"20":{"start":{"line":58,"column":8},"end":{"line":58,"column":55}},"21":{"start":{"line":59,"column":8},"end":{"line":62,"column":11}},"22":{"start":{"line":67,"column":0},"end":{"line":138,"column":2}},"23":{"start":{"line":68,"column":40},"end":{"line":68,"column":49}},"24":{"start":{"line":70,"column":4},"end":{"line":72,"column":5}},"25":{"start":{"line":71,"column":8},"end":{"line":71,"column":88}},"26":{"start":{"line":74,"column":4},"end":{"line":137,"column":5}},"27":{"start":{"line":76,"column":28},"end":{"line":76,"column":69}},"28":{"start":{"line":77,"column":22},"end":{"line":94,"column":9}},"29":{"start":{"line":96,"column":25},"end":{"line":100,"column":10}},"30":{"start":{"line":102,"column":23},"end":{"line":128,"column":50}},"31":{"start":{"line":103,"column":28},"end":{"line":103,"column":35}},"32":{"start":{"line":106,"column":12},"end":{"line":116,"column":13}},"33":{"start":{"line":107,"column":16},"end":{"line":107,"column":36}},"34":{"start":{"line":108,"column":19},"end":{"line":116,"column":13}},"35":{"start":{"line":109,"column":16},"end":{"line":109,"column":42}},"36":{"start":{"line":110,"column":19},"end":{"line":116,"column":13}},"37":{"start":{"line":111,"column":16},"end":{"line":111,"column":40}},"38":{"start":{"line":112,"column":19},"end":{"line":116,"column":13}},"39":{"start":{"line":113,"column":16},"end":{"line":113,"column":38}},"40":{"start":{"line":114,"column":19},"end":{"line":116,"column":13}},"41":{"start":{"line":115,"column":16},"end":{"line":115,"column":40}},"42":{"start":{"line":118,"column":12},"end":{"line":127,"column":14}},"43":{"start":{"line":128,"column":27},"end":{"line":128,"column":49}},"44":{"start":{"line":130,"column":8},"end":{"line":130,"column":25}},"45":{"start":{"line":132,"column":8},"end":{"line":132,"column":65}},"46":{"start":{"line":133,"column":8},"end":{"line":136,"column":11}}},"fnMap":{"0":{"name":"(anonymous_0)","decl":{"start":{"line":8,"column":21},"end":{"line":8,"column":22}},"loc":{"start":{"line":8,"column":41},"end":{"line":64,"column":1}},"line":8},"1":{"name":"(anonymous_1)","decl":{"start":{"line":67,"column":26},"end":{"line":67,"column":27}},"loc":{"start":{"line":67,"column":46},"end":{"line":138,"column":1}},"line":67},"2":{"name":"(anonymous_2)","decl":{"start":{"line":102,"column":50},"end":{"line":102,"column":51}},"loc":{"start":{"line":102,"column":61},"end":{"line":128,"column":9}},"line":102},"3":{"name":"(anonymous_3)","decl":{"start":{"line":128,"column":18},"end":{"line":128,"column":19}},"loc":{"start":{"line":128,"column":27},"end":{"line":128,"column":49}},"line":128}},"branchMap":{"0":{"loc":{"start":{"line":12,"column":8},"end":{"line":56,"column":9}},"type":"if","locations":[{"start":{"line":12,"column":8},"end":{"line":56,"column":9}},{"start":{"line":33,"column":15},"end":{"line":56,"column":9}}],"line":12},"1":{"loc":{"start":{"line":22,"column":12},"end":{"line":32,"column":13}},"type":"if","locations":[{"start":{"line":22,"column":12},"end":{"line":32,"column":13}},{"start":{"line":30,"column":19},"end":{"line":32,"column":13}}],"line":22},"2":{"loc":{"start":{"line":22,"column":16},"end":{"line":22,"column":57}},"type":"binary-expr","locations":[{"start":{"line":22,"column":16},"end":{"line":22,"column":29}},{"start":{"line":22,"column":33},"end":{"line":22,"column":57}}],"line":22},"3":{"loc":{"start":{"line":33,"column":15},"end":{"line":56,"column":9}},"type":"if","locations":[{"start":{"line":33,"column":15},"end":{"line":56,"column":9}},{"start":{"line":54,"column":15},"end":{"line":56,"column":9}}],"line":33},"4":{"loc":{"start":{"line":33,"column":19},"end":{"line":33,"column":29}},"type":"binary-expr","locations":[{"start":{"line":33,"column":19},"end":{"line":33,"column":22}},{"start":{"line":33,"column":26},"end":{"line":33,"column":29}}],"line":33},"5":{"loc":{"start":{"line":43,"column":12},"end":{"line":53,"column":13}},"type":"if","locations":[{"start":{"line":43,"column":12},"end":{"line":53,"column":13}},{"start":{"line":51,"column":19},"end":{"line":53,"column":13}}],"line":43},"6":{"loc":{"start":{"line":68,"column":22},"end":{"line":68,"column":35}},"type":"default-arg","locations":[{"start":{"line":68,"column":31},"end":{"line":68,"column":35}}],"line":68},"7":{"loc":{"start":{"line":70,"column":4},"end":{"line":72,"column":5}},"type":"if","locations":[{"start":{"line":70,"column":4},"end":{"line":72,"column":5}},{"start":{},"end":{}}],"line":70},"8":{"loc":{"start":{"line":70,"column":8},"end":{"line":70,"column":20}},"type":"binary-expr","locations":[{"start":{"line":70,"column":8},"end":{"line":70,"column":12}},{"start":{"line":70,"column":16},"end":{"line":70,"column":20}}],"line":70},"9":{"loc":{"start":{"line":106,"column":12},"end":{"line":116,"column":13}},"type":"if","locations":[{"start":{"line":106,"column":12},"end":{"line":116,"column":13}},{"start":{"line":108,"column":19},"end":{"line":116,"column":13}}],"line":106},"10":{"loc":{"start":{"line":106,"column":16},"end":{"line":106,"column":125}},"type":"binary-expr","locations":[{"start":{"line":106,"column":16},"end":{"line":106,"column":49}},{"start":{"line":106,"column":53},"end":{"line":106,"column":87}},{"start":{"line":106,"column":91},"end":{"line":106,"column":125}}],"line":106},"11":{"loc":{"start":{"line":108,"column":19},"end":{"line":116,"column":13}},"type":"if","locations":[{"start":{"line":108,"column":19},"end":{"line":116,"column":13}},{"start":{"line":110,"column":19},"end":{"line":116,"column":13}}],"line":108},"12":{"loc":{"start":{"line":108,"column":23},"end":{"line":108,"column":112}},"type":"binary-expr","locations":[{"start":{"line":108,"column":23},"end":{"line":108,"column":68}},{"start":{"line":108,"column":72},"end":{"line":108,"column":112}}],"line":108},"13":{"loc":{"start":{"line":110,"column":19},"end":{"line":116,"column":13}},"type":"if","locations":[{"start":{"line":110,"column":19},"end":{"line":116,"column":13}},{"start":{"line":112,"column":19},"end":{"line":116,"column":13}}],"line":110},"14":{"loc":{"start":{"line":110,"column":23},"end":{"line":110,"column":100}},"type":"binary-expr","locations":[{"start":{"line":110,"column":23},"end":{"line":110,"column":58}},{"start":{"line":110,"column":62},"end":{"line":110,"column":100}}],"line":110},"15":{"loc":{"start":{"line":112,"column":19},"end":{"line":116,"column":13}},"type":"if","locations":[{"start":{"line":112,"column":19},"end":{"line":116,"column":13}},{"start":{"line":114,"column":19},"end":{"line":116,"column":13}}],"line":112},"16":{"loc":{"start":{"line":112,"column":23},"end":{"line":112,"column":93}},"type":"binary-expr","locations":[{"start":{"line":112,"column":23},"end":{"line":112,"column":57}},{"start":{"line":112,"column":61},"end":{"line":112,"column":93}}],"line":112},"17":{"loc":{"start":{"line":114,"column":19},"end":{"line":116,"column":13}},"type":"if","locations":[{"start":{"line":114,"column":19},"end":{"line":116,"column":13}},{"start":{},"end":{}}],"line":114},"18":{"loc":{"start":{"line":120,"column":22},"end":{"line":120,"column":59}},"type":"binary-expr","locations":[{"start":{"line":120,"column":22},"end":{"line":120,"column":40}},{"start":{"line":120,"column":44},"end":{"line":120,"column":59}}],"line":120},"19":{"loc":{"start":{"line":122,"column":21},"end":{"line":122,"column":55}},"type":"binary-expr","locations":[{"start":{"line":122,"column":21},"end":{"line":122,"column":32}},{"start":{"line":122,"column":36},"end":{"line":122,"column":55}}],"line":122},"20":{"loc":{"start":{"line":123,"column":21},"end":{"line":123,"column":55}},"type":"binary-expr","locations":[{"start":{"line":123,"column":21},"end":{"line":123,"column":32}},{"start":{"line":123,"column":36},"end":{"line":123,"column":55}}],"line":123},"21":{"loc":{"start":{"line":124,"column":25},"end":{"line":124,"column":147}},"type":"binary-expr","locations":[{"start":{"line":124,"column":25},"end":{"line":124,"column":52}},{"start":{"line":124,"column":56},"end":{"line":124,"column":147}}],"line":124},"22":{"loc":{"start":{"line":124,"column":59},"end":{"line":124,"column":94}},"type":"binary-expr","locations":[{"start":{"line":124,"column":59},"end":{"line":124,"column":88}},{"start":{"line":124,"column":92},"end":{"line":124,"column":94}}],"line":124},"23":{"loc":{"start":{"line":124,"column":98},"end":{"line":124,"column":138}},"type":"binary-expr","locations":[{"start":{"line":124,"column":98},"end":{"line":124,"column":132}},{"start":{"line":124,"column":136},"end":{"line":124,"column":138}}],"line":124},"24":{"loc":{"start":{"line":125,"column":23},"end":{"line":125,"column":50}},"type":"binary-expr","locations":[{"start":{"line":125,"column":23},"end":{"line":125,"column":42}},{"start":{"line":125,"column":46},"end":{"line":125,"column":50}}],"line":125},"25":{"loc":{"start":{"line":126,"column":25},"end":{"line":126,"column":54}},"type":"binary-expr","locations":[{"start":{"line":126,"column":25},"end":{"line":126,"column":46}},{"start":{"line":126,"column":50},"end":{"line":126,"column":54}}],"line":126},"26":{"loc":{"start":{"line":128,"column":27},"end":{"line":128,"column":49}},"type":"binary-expr","locations":[{"start":{"line":128,"column":27},"end":{"line":128,"column":36}},{"start":{"line":128,"column":40},"end":{"line":128,"column":49}}],"line":128}},"s":{"0":6,"1":6,"2":6,"3":5,"4":5,"5":5,"6":3,"7":3,"8":2,"9":1,"10":1,"11":1,"12":2,"13":1,"14":1,"15":1,"16":1,"17":1,"18":0,"19":1,"20":1,"21":1,"22":6,"23":3,"24":3,"25":1,"26":2,"27":2,"28":2,"29":2,"30":1,"31":3,"32":3,"33":1,"34":2,"35":1,"36":1,"37":0,"38":1,"39":0,"40":1,"41":0,"42":3,"43":3,"44":1,"45":1,"46":1},"f":{"0":5,"1":3,"2":3,"3":3},"b":{"0":[3,2],"1":[1,1],"2":[2,2],"3":[1,1],"4":[2,1],"5":[1,0],"6":[2],"7":[1,2],"8":[3,2],"9":[1,2],"10":[3,2,2],"11":[1,1],"12":[2,2],"13":[0,1],"14":[1,1],"15":[0,1],"16":[1,1],"17":[0,1],"18":[3,0],"19":[3,2],"20":[3,2],"21":[3,3],"22":[3,3],"23":[3,3],"24":[3,3],"25":[3,3],"26":[3,2]},"_coverageSchema":"1a1c01bbd47fc00a2c39e90264f33305004495a9","hash":"75369778b004388014a235cea28027f6d9ba21b6"}
,"/Users/siphojrmntambo/Downloads/VnV (temp 3)/Vows-n-Veils/backend/controllers/story.controller.js": {"path":"/Users/siphojrmntambo/Downloads/VnV (temp 3)/Vows-n-Veils/backend/controllers/story.controller.js","statementMap":{"0":{"start":{"line":1,"column":20},"end":{"line":1,"column":37}},"1":{"start":{"line":2,"column":15},"end":{"line":2,"column":37}},"2":{"start":{"line":3,"column":14},"end":{"line":3,"column":30}},"3":{"start":{"line":9,"column":0},"end":{"line":215,"column":2}},"4":{"start":{"line":10,"column":2},"end":{"line":214,"column":3}},"5":{"start":{"line":11,"column":23},"end":{"line":11,"column":33}},"6":{"start":{"line":14,"column":19},"end":{"line":14,"column":53}},"7":{"start":{"line":15,"column":20},"end":{"line":15,"column":38}},"8":{"start":{"line":17,"column":4},"end":{"line":19,"column":5}},"9":{"start":{"line":18,"column":6},"end":{"line":18,"column":53}},"10":{"start":{"line":21,"column":18},"end":{"line":21,"column":32}},"11":{"start":{"line":24,"column":16},"end":{"line":24,"column":47}},"12":{"start":{"line":25,"column":4},"end":{"line":25,"column":53}},"13":{"start":{"line":26,"column":4},"end":{"line":26,"column":75}},"14":{"start":{"line":28,"column":4},"end":{"line":28,"column":18}},"15":{"start":{"line":71,"column":0},"end":{"line":75,"column":42}},"16":{"start":{"line":78,"column":0},"end":{"line":79,"column":17}},"17":{"start":{"line":82,"column":18},"end":{"line":82,"column":32}},"18":{"start":{"line":83,"column":15},"end":{"line":83,"column":33}},"19":{"start":{"line":84,"column":18},"end":{"line":84,"column":40}},"20":{"start":{"line":85,"column":16},"end":{"line":85,"column":22}},"21":{"start":{"line":86,"column":0},"end":{"line":91,"column":12}},"22":{"start":{"line":92,"column":0},"end":{"line":92,"column":16}},"23":{"start":{"line":95,"column":0},"end":{"line":99,"column":44}},"24":{"start":{"line":100,"column":0},"end":{"line":108,"column":5}},"25":{"start":{"line":110,"column":0},"end":{"line":110,"column":18}},"26":{"start":{"line":113,"column":0},"end":{"line":117,"column":46}},"27":{"start":{"line":118,"column":0},"end":{"line":126,"column":5}},"28":{"start":{"line":128,"column":0},"end":{"line":128,"column":16}},"29":{"start":{"line":131,"column":0},"end":{"line":176,"column":1}},"30":{"start":{"line":132,"column":2},"end":{"line":136,"column":50}},"31":{"start":{"line":138,"column":2},"end":{"line":138,"column":20}},"32":{"start":{"line":140,"column":2},"end":{"line":173,"column":5}},"33":{"start":{"line":142,"column":4},"end":{"line":146,"column":90}},"34":{"start":{"line":148,"column":4},"end":{"line":156,"column":9}},"35":{"start":{"line":159,"column":4},"end":{"line":172,"column":5}},"36":{"start":{"line":160,"column":6},"end":{"line":160,"column":24}},"37":{"start":{"line":161,"column":25},"end":{"line":161,"column":46}},"38":{"start":{"line":162,"column":23},"end":{"line":162,"column":62}},"39":{"start":{"line":163,"column":6},"end":{"line":168,"column":18}},"40":{"start":{"line":169,"column":6},"end":{"line":169,"column":24}},"41":{"start":{"line":171,"column":6},"end":{"line":171,"column":22}},"42":{"start":{"line":175,"column":2},"end":{"line":175,"column":18}},"43":{"start":{"line":180,"column":0},"end":{"line":198,"column":1}},"44":{"start":{"line":181,"column":2},"end":{"line":197,"column":3}},"45":{"start":{"line":182,"column":26},"end":{"line":182,"column":90}},"46":{"start":{"line":183,"column":24},"end":{"line":183,"column":65}},"47":{"start":{"line":185,"column":26},"end":{"line":185,"column":48}},"48":{"start":{"line":186,"column":27},"end":{"line":186,"column":30}},"49":{"start":{"line":188,"column":4},"end":{"line":192,"column":7}},"50":{"start":{"line":194,"column":4},"end":{"line":194,"column":20}},"51":{"start":{"line":196,"column":4},"end":{"line":196,"column":48}},"52":{"start":{"line":201,"column":0},"end":{"line":201,"column":16}},"53":{"start":{"line":202,"column":0},"end":{"line":205,"column":45}},"54":{"start":{"line":210,"column":4},"end":{"line":210,"column":14}},"55":{"start":{"line":212,"column":4},"end":{"line":212,"column":50}},"56":{"start":{"line":213,"column":4},"end":{"line":213,"column":49}}},"fnMap":{"0":{"name":"(anonymous_0)","decl":{"start":{"line":9,"column":25},"end":{"line":9,"column":26}},"loc":{"start":{"line":9,"column":45},"end":{"line":215,"column":1}},"line":9},"1":{"name":"(anonymous_1)","decl":{"start":{"line":140,"column":25},"end":{"line":140,"column":26}},"loc":{"start":{"line":140,"column":43},"end":{"line":173,"column":3}},"line":140}},"branchMap":{"0":{"loc":{"start":{"line":17,"column":4},"end":{"line":19,"column":5}},"type":"if","locations":[{"start":{"line":17,"column":4},"end":{"line":19,"column":5}},{"start":{},"end":{}}],"line":17},"1":{"loc":{"start":{"line":105,"column":8},"end":{"line":105,"column":31}},"type":"binary-expr","locations":[{"start":{"line":105,"column":8},"end":{"line":105,"column":22}},{"start":{"line":105,"column":26},"end":{"line":105,"column":31}}],"line":105},"2":{"loc":{"start":{"line":123,"column":8},"end":{"line":123,"column":31}},"type":"binary-expr","locations":[{"start":{"line":123,"column":8},"end":{"line":123,"column":22}},{"start":{"line":123,"column":26},"end":{"line":123,"column":31}}],"line":123},"3":{"loc":{"start":{"line":131,"column":0},"end":{"line":176,"column":1}},"type":"if","locations":[{"start":{"line":131,"column":0},"end":{"line":176,"column":1}},{"start":{},"end":{}}],"line":131},"4":{"loc":{"start":{"line":131,"column":4},"end":{"line":131,"column":80}},"type":"binary-expr","locations":[{"start":{"line":131,"column":4},"end":{"line":131,"column":18}},{"start":{"line":131,"column":22},"end":{"line":131,"column":51}},{"start":{"line":131,"column":55},"end":{"line":131,"column":80}}],"line":131},"5":{"loc":{"start":{"line":146,"column":29},"end":{"line":146,"column":64}},"type":"binary-expr","locations":[{"start":{"line":146,"column":29},"end":{"line":146,"column":40}},{"start":{"line":146,"column":44},"end":{"line":146,"column":64}}],"line":146},"6":{"loc":{"start":{"line":153,"column":12},"end":{"line":153,"column":49}},"type":"binary-expr","locations":[{"start":{"line":153,"column":12},"end":{"line":153,"column":29}},{"start":{"line":153,"column":33},"end":{"line":153,"column":49}}],"line":153},"7":{"loc":{"start":{"line":159,"column":4},"end":{"line":172,"column":5}},"type":"if","locations":[{"start":{"line":159,"column":4},"end":{"line":172,"column":5}},{"start":{"line":170,"column":11},"end":{"line":172,"column":5}}],"line":159},"8":{"loc":{"start":{"line":180,"column":0},"end":{"line":198,"column":1}},"type":"if","locations":[{"start":{"line":180,"column":0},"end":{"line":198,"column":1}},{"start":{},"end":{}}],"line":180}},"s":{"0":6,"1":6,"2":6,"3":6,"4":5,"5":5,"6":5,"7":5,"8":5,"9":1,"10":4,"11":4,"12":4,"13":4,"14":4,"15":4,"16":4,"17":4,"18":4,"19":4,"20":4,"21":4,"22":4,"23":4,"24":4,"25":4,"26":4,"27":4,"28":4,"29":4,"30":1,"31":1,"32":1,"33":2,"34":2,"35":2,"36":1,"37":1,"38":1,"39":1,"40":1,"41":1,"42":1,"43":4,"44":2,"45":2,"46":1,"47":1,"48":1,"49":1,"50":1,"51":1,"52":4,"53":4,"54":4,"55":0,"56":0},"f":{"0":5,"1":2},"b":{"0":[1,4],"1":[4,0],"2":[4,0],"3":[1,3],"4":[4,3,3],"5":[2,0],"6":[2,0],"7":[1,1],"8":[2,2]},"_coverageSchema":"1a1c01bbd47fc00a2c39e90264f33305004495a9","hash":"37103f40aed48c29097efe15f1e6a4194bb97aa9"}
,"/Users/siphojrmntambo/Downloads/VnV (temp 3)/Vows-n-Veils/backend/controllers/weather-crossing.controller.js": {"path":"/Users/siphojrmntambo/Downloads/VnV (temp 3)/Vows-n-Veils/backend/controllers/weather-crossing.controller.js","statementMap":{"0":{"start":{"line":1,"column":14},"end":{"line":1,"column":30}},"1":{"start":{"line":2,"column":32},"end":{"line":2,"column":59}},"2":{"start":{"line":5,"column":0},"end":{"line":19,"column":2}},"3":{"start":{"line":7,"column":52},"end":{"line":7,"column":61}},"4":{"start":{"line":8,"column":4},"end":{"line":18,"column":5}},"5":{"start":{"line":10,"column":18},"end":{"line":10,"column":135}},"6":{"start":{"line":11,"column":8},"end":{"line":11,"column":36}},"7":{"start":{"line":11,"column":18},"end":{"line":11,"column":36}},"8":{"start":{"line":12,"column":8},"end":{"line":12,"column":49}},"9":{"start":{"line":14,"column":25},"end":{"line":14,"column":45}},"10":{"start":{"line":15,"column":8},"end":{"line":15,"column":32}},"11":{"start":{"line":17,"column":8},"end":{"line":17,"column":95}},"12":{"start":{"line":21,"column":0},"end":{"line":28,"column":2}},"13":{"start":{"line":22,"column":21},"end":{"line":22,"column":73}},"14":{"start":{"line":22,"column":49},"end":{"line":22,"column":72}},"15":{"start":{"line":23,"column":4},"end":{"line":27,"column":5}},"16":{"start":{"line":24,"column":8},"end":{"line":24,"column":27}},"17":{"start":{"line":26,"column":8},"end":{"line":26,"column":72}},"18":{"start":{"line":30,"column":0},"end":{"line":34,"column":2}},"19":{"start":{"line":31,"column":24},"end":{"line":31,"column":66}},"20":{"start":{"line":32,"column":4},"end":{"line":32,"column":39}},"21":{"start":{"line":33,"column":4},"end":{"line":33,"column":38}},"22":{"start":{"line":36,"column":0},"end":{"line":44,"column":2}},"23":{"start":{"line":37,"column":18},"end":{"line":37,"column":75}},"24":{"start":{"line":37,"column":51},"end":{"line":37,"column":74}},"25":{"start":{"line":38,"column":4},"end":{"line":43,"column":5}},"26":{"start":{"line":39,"column":8},"end":{"line":39,"column":78}},"27":{"start":{"line":40,"column":8},"end":{"line":40,"column":42}},"28":{"start":{"line":42,"column":8},"end":{"line":42,"column":72}},"29":{"start":{"line":46,"column":0},"end":{"line":54,"column":2}},"30":{"start":{"line":47,"column":18},"end":{"line":47,"column":75}},"31":{"start":{"line":47,"column":51},"end":{"line":47,"column":74}},"32":{"start":{"line":48,"column":4},"end":{"line":53,"column":5}},"33":{"start":{"line":49,"column":24},"end":{"line":49,"column":57}},"34":{"start":{"line":50,"column":8},"end":{"line":50,"column":29}},"35":{"start":{"line":52,"column":8},"end":{"line":52,"column":72}}},"fnMap":{"0":{"name":"(anonymous_0)","decl":{"start":{"line":5,"column":33},"end":{"line":5,"column":34}},"loc":{"start":{"line":5,"column":53},"end":{"line":19,"column":1}},"line":5},"1":{"name":"(anonymous_1)","decl":{"start":{"line":21,"column":33},"end":{"line":21,"column":34}},"loc":{"start":{"line":21,"column":47},"end":{"line":28,"column":1}},"line":21},"2":{"name":"(anonymous_2)","decl":{"start":{"line":22,"column":43},"end":{"line":22,"column":44}},"loc":{"start":{"line":22,"column":49},"end":{"line":22,"column":72}},"line":22},"3":{"name":"(anonymous_3)","decl":{"start":{"line":30,"column":32},"end":{"line":30,"column":33}},"loc":{"start":{"line":30,"column":46},"end":{"line":34,"column":1}},"line":30},"4":{"name":"(anonymous_4)","decl":{"start":{"line":36,"column":32},"end":{"line":36,"column":33}},"loc":{"start":{"line":36,"column":46},"end":{"line":44,"column":1}},"line":36},"5":{"name":"(anonymous_5)","decl":{"start":{"line":37,"column":45},"end":{"line":37,"column":46}},"loc":{"start":{"line":37,"column":51},"end":{"line":37,"column":74}},"line":37},"6":{"name":"(anonymous_6)","decl":{"start":{"line":46,"column":32},"end":{"line":46,"column":33}},"loc":{"start":{"line":46,"column":46},"end":{"line":54,"column":1}},"line":46},"7":{"name":"(anonymous_7)","decl":{"start":{"line":47,"column":45},"end":{"line":47,"column":46}},"loc":{"start":{"line":47,"column":51},"end":{"line":47,"column":74}},"line":47}},"branchMap":{"0":{"loc":{"start":{"line":7,"column":12},"end":{"line":7,"column":36}},"type":"default-arg","locations":[{"start":{"line":7,"column":23},"end":{"line":7,"column":36}}],"line":7},"1":{"loc":{"start":{"line":7,"column":38},"end":{"line":7,"column":47}},"type":"default-arg","locations":[{"start":{"line":7,"column":45},"end":{"line":7,"column":47}}],"line":7},"2":{"loc":{"start":{"line":11,"column":8},"end":{"line":11,"column":36}},"type":"if","locations":[{"start":{"line":11,"column":8},"end":{"line":11,"column":36}},{"start":{},"end":{}}],"line":11},"3":{"loc":{"start":{"line":23,"column":4},"end":{"line":27,"column":5}},"type":"if","locations":[{"start":{"line":23,"column":4},"end":{"line":27,"column":5}},{"start":{"line":25,"column":11},"end":{"line":27,"column":5}}],"line":23},"4":{"loc":{"start":{"line":38,"column":4},"end":{"line":43,"column":5}},"type":"if","locations":[{"start":{"line":38,"column":4},"end":{"line":43,"column":5}},{"start":{"line":41,"column":11},"end":{"line":43,"column":5}}],"line":38},"5":{"loc":{"start":{"line":48,"column":4},"end":{"line":53,"column":5}},"type":"if","locations":[{"start":{"line":48,"column":4},"end":{"line":53,"column":5}},{"start":{"line":51,"column":11},"end":{"line":53,"column":5}}],"line":48}},"s":{"0":6,"1":6,"2":6,"3":2,"4":2,"5":2,"6":2,"7":1,"8":2,"9":2,"10":1,"11":1,"12":6,"13":2,"14":1,"15":2,"16":1,"17":1,"18":6,"19":1,"20":1,"21":1,"22":6,"23":2,"24":1,"25":2,"26":1,"27":1,"28":1,"29":6,"30":2,"31":1,"32":2,"33":1,"34":1,"35":1},"f":{"0":2,"1":2,"2":1,"3":1,"4":2,"5":1,"6":2,"7":1},"b":{"0":[0],"1":[1],"2":[1,1],"3":[1,1],"4":[1,1],"5":[1,1]},"_coverageSchema":"1a1c01bbd47fc00a2c39e90264f33305004495a9","hash":"8337dda34c9f2ff5d8e2da6b0a54b5e8837f6b86"}
,"/Users/siphojrmntambo/Downloads/VnV (temp 3)/Vows-n-Veils/backend/routes/chatbot.routes.js": {"path":"/Users/siphojrmntambo/Downloads/VnV (temp 3)/Vows-n-Veils/backend/routes/chatbot.routes.js","statementMap":{"0":{"start":{"line":1,"column":16},"end":{"line":1,"column":34}},"1":{"start":{"line":2,"column":15},"end":{"line":2,"column":31}},"2":{"start":{"line":33,"column":0},"end":{"line":81,"column":3}},"3":{"start":{"line":34,"column":4},"end":{"line":80,"column":1}},"4":{"start":{"line":35,"column":43},"end":{"line":35,"column":51}},"5":{"start":{"line":37,"column":8},"end":{"line":39,"column":9}},"6":{"start":{"line":38,"column":12},"end":{"line":38,"column":93}},"7":{"start":{"line":41,"column":27},"end":{"line":41,"column":58}},"8":{"start":{"line":42,"column":8},"end":{"line":44,"column":9}},"9":{"start":{"line":43,"column":12},"end":{"line":43,"column":90}},"10":{"start":{"line":47,"column":25},"end":{"line":63,"column":5}},"11":{"start":{"line":65,"column":0},"end":{"line":72,"column":1}},"12":{"start":{"line":66,"column":22},"end":{"line":66,"column":43}},"13":{"start":{"line":67,"column":4},"end":{"line":67,"column":56}},"14":{"start":{"line":68,"column":4},"end":{"line":71,"column":7}},"15":{"start":{"line":74,"column":15},"end":{"line":74,"column":36}},"16":{"start":{"line":75,"column":0},"end":{"line":75,"column":21}},"17":{"start":{"line":78,"column":4},"end":{"line":78,"column":45}},"18":{"start":{"line":79,"column":4},"end":{"line":79,"column":49}},"19":{"start":{"line":83,"column":0},"end":{"line":83,"column":24}}},"fnMap":{"0":{"name":"(anonymous_0)","decl":{"start":{"line":33,"column":23},"end":{"line":33,"column":24}},"loc":{"start":{"line":33,"column":43},"end":{"line":81,"column":1}},"line":33}},"branchMap":{"0":{"loc":{"start":{"line":37,"column":8},"end":{"line":39,"column":9}},"type":"if","locations":[{"start":{"line":37,"column":8},"end":{"line":39,"column":9}},{"start":{},"end":{}}],"line":37},"1":{"loc":{"start":{"line":37,"column":12},"end":{"line":37,"column":70}},"type":"binary-expr","locations":[{"start":{"line":37,"column":12},"end":{"line":37,"column":21}},{"start":{"line":37,"column":25},"end":{"line":37,"column":38}},{"start":{"line":37,"column":42},"end":{"line":37,"column":70}}],"line":37},"2":{"loc":{"start":{"line":42,"column":8},"end":{"line":44,"column":9}},"type":"if","locations":[{"start":{"line":42,"column":8},"end":{"line":44,"column":9}},{"start":{},"end":{}}],"line":42},"3":{"loc":{"start":{"line":65,"column":0},"end":{"line":72,"column":1}},"type":"if","locations":[{"start":{"line":65,"column":0},"end":{"line":72,"column":1}},{"start":{},"end":{}}],"line":65}},"s":{"0":5,"1":5,"2":5,"3":4,"4":4,"5":4,"6":1,"7":3,"8":3,"9":1,"10":2,"11":2,"12":1,"13":1,"14":1,"15":1,"16":1,"17":0,"18":0,"19":5},"f":{"0":4},"b":{"0":[1,3],"1":[4,4,3],"2":[1,2],"3":[1,1]},"_coverageSchema":"1a1c01bbd47fc00a2c39e90264f33305004495a9","hash":"317ebddcc55966eb19da0e568e3391324ab75244"}
,"/Users/siphojrmntambo/Downloads/VnV (temp 3)/Vows-n-Veils/backend/routes/events.routes.js": {"path":"/Users/siphojrmntambo/Downloads/VnV (temp 3)/Vows-n-Veils/backend/routes/events.routes.js","statementMap":{"0":{"start":{"line":1,"column":16},"end":{"line":1,"column":34}},"1":{"start":{"line":2,"column":15},"end":{"line":2,"column":31}},"2":{"start":{"line":10,"column":4},"end":{"line":10,"column":47}},"3":{"start":{"line":69,"column":0},"end":{"line":69,"column":50}},"4":{"start":{"line":102,"column":0},"end":{"line":102,"column":61}},"5":{"start":{"line":160,"column":0},"end":{"line":160,"column":53}},"6":{"start":{"line":199,"column":0},"end":{"line":199,"column":64}},"7":{"start":{"line":242,"column":0},"end":{"line":242,"column":59}},"8":{"start":{"line":285,"column":0},"end":{"line":285,"column":59}},"9":{"start":{"line":287,"column":0},"end":{"line":287,"column":24}}},"fnMap":{},"branchMap":{},"s":{"0":5,"1":5,"2":5,"3":5,"4":5,"5":5,"6":5,"7":5,"8":5,"9":5},"f":{},"b":{},"_coverageSchema":"1a1c01bbd47fc00a2c39e90264f33305004495a9","hash":"b77ccf5e50880c4c05f94b13f231ab46b7c9c23b"}
,"/Users/siphojrmntambo/Downloads/VnV (temp 3)/Vows-n-Veils/backend/routes/map.routes.js": {"path":"/Users/siphojrmntambo/Downloads/VnV (temp 3)/Vows-n-Veils/backend/routes/map.routes.js","statementMap":{"0":{"start":{"line":1,"column":16},"end":{"line":1,"column":34}},"1":{"start":{"line":2,"column":15},"end":{"line":2,"column":31}},"2":{"start":{"line":3,"column":22},"end":{"line":3,"column":62}},"3":{"start":{"line":48,"column":0},"end":{"line":48,"column":42}},"4":{"start":{"line":87,"column":0},"end":{"line":87,"column":53}},"5":{"start":{"line":89,"column":0},"end":{"line":89,"column":24}}},"fnMap":{},"branchMap":{},"s":{"0":5,"1":5,"2":5,"3":5,"4":5,"5":5},"f":{},"b":{},"_coverageSchema":"1a1c01bbd47fc00a2c39e90264f33305004495a9","hash":"ee2fc5fc5e8caa696574923d83275719ac2d46c8"}
,"/Users/siphojrmntambo/Downloads/VnV (temp 3)/Vows-n-Veils/backend/routes/story.routes.js": {"path":"/Users/siphojrmntambo/Downloads/VnV (temp 3)/Vows-n-Veils/backend/routes/story.routes.js","statementMap":{"0":{"start":{"line":1,"column":16},"end":{"line":1,"column":34}},"1":{"start":{"line":2,"column":15},"end":{"line":2,"column":31}},"2":{"start":{"line":3,"column":24},"end":{"line":3,"column":66}},"3":{"start":{"line":7,"column":0},"end":{"line":7,"column":66}},"4":{"start":{"line":11,"column":0},"end":{"line":11,"column":24}}},"fnMap":{},"branchMap":{},"s":{"0":5,"1":5,"2":5,"3":5,"4":5},"f":{},"b":{},"_coverageSchema":"1a1c01bbd47fc00a2c39e90264f33305004495a9","hash":"5b9ffe3edd19536066099657e9ee5ba3094d4587"}
,"/Users/siphojrmntambo/Downloads/VnV (temp 3)/Vows-n-Veils/backend/routes/vendors.routes.js": {"path":"/Users/siphojrmntambo/Downloads/VnV (temp 3)/Vows-n-Veils/backend/routes/vendors.routes.js","statementMap":{"0":{"start":{"line":1,"column":16},"end":{"line":1,"column":34}},"1":{"start":{"line":2,"column":14},"end":{"line":2,"column":39}},"2":{"start":{"line":4,"column":15},"end":{"line":4,"column":31}},"3":{"start":{"line":6,"column":0},"end":{"line":15,"column":1}},"4":{"start":{"line":7,"column":2},"end":{"line":14,"column":5}},"5":{"start":{"line":17,"column":11},"end":{"line":17,"column":28}},"6":{"start":{"line":18,"column":15},"end":{"line":18,"column":39}},"7":{"start":{"line":21,"column":2},"end":{"line":40,"column":3}},"8":{"start":{"line":22,"column":20},"end":{"line":22,"column":53}},"9":{"start":{"line":23,"column":4},"end":{"line":23,"column":43}},"10":{"start":{"line":23,"column":33},"end":{"line":23,"column":43}},"11":{"start":{"line":24,"column":17},"end":{"line":36,"column":5}},"12":{"start":{"line":26,"column":8},"end":{"line":34,"column":9}},"13":{"start":{"line":27,"column":24},"end":{"line":30,"column":12}},"14":{"start":{"line":31,"column":10},"end":{"line":31,"column":21}},"15":{"start":{"line":33,"column":10},"end":{"line":33,"column":22}},"16":{"start":{"line":37,"column":4},"end":{"line":37,"column":32}},"17":{"start":{"line":39,"column":4},"end":{"line":39,"column":14}},"18":{"start":{"line":44,"column":2},"end":{"line":44,"column":72}},"19":{"start":{"line":74,"column":0},"end":{"line":90,"column":3}},"20":{"start":{"line":75,"column":2},"end":{"line":89,"column":3}},"21":{"start":{"line":76,"column":22},"end":{"line":76,"column":42}},"22":{"start":{"line":77,"column":17},"end":{"line":77,"column":89}},"23":{"start":{"line":78,"column":4},"end":{"line":78,"column":40}},"24":{"start":{"line":78,"column":20},"end":{"line":78,"column":40}},"25":{"start":{"line":79,"column":20},"end":{"line":85,"column":5}},"26":{"start":{"line":81,"column":21},"end":{"line":81,"column":58}},"27":{"start":{"line":82,"column":23},"end":{"line":82,"column":71}},"28":{"start":{"line":83,"column":8},"end":{"line":83,"column":35}},"29":{"start":{"line":86,"column":4},"end":{"line":86,"column":22}},"30":{"start":{"line":88,"column":4},"end":{"line":88,"column":49}},"31":{"start":{"line":106,"column":0},"end":{"line":120,"column":3}},"32":{"start":{"line":107,"column":2},"end":{"line":119,"column":3}},"33":{"start":{"line":108,"column":17},"end":{"line":108,"column":53}},"34":{"start":{"line":109,"column":20},"end":{"line":115,"column":5}},"35":{"start":{"line":111,"column":21},"end":{"line":111,"column":58}},"36":{"start":{"line":112,"column":23},"end":{"line":112,"column":71}},"37":{"start":{"line":113,"column":8},"end":{"line":113,"column":35}},"38":{"start":{"line":116,"column":4},"end":{"line":116,"column":22}},"39":{"start":{"line":118,"column":4},"end":{"line":118,"column":49}},"40":{"start":{"line":143,"column":0},"end":{"line":153,"column":3}},"41":{"start":{"line":144,"column":2},"end":{"line":152,"column":3}},"42":{"start":{"line":145,"column":16},"end":{"line":145,"column":59}},"43":{"start":{"line":146,"column":16},"end":{"line":146,"column":31}},"44":{"start":{"line":147,"column":4},"end":{"line":147,"column":73}},"45":{"start":{"line":147,"column":21},"end":{"line":147,"column":73}},"46":{"start":{"line":148,"column":19},"end":{"line":148,"column":70}},"47":{"start":{"line":149,"column":4},"end":{"line":149,"column":52}},"48":{"start":{"line":151,"column":4},"end":{"line":151,"column":49}},"49":{"start":{"line":210,"column":0},"end":{"line":239,"column":3}},"50":{"start":{"line":211,"column":2},"end":{"line":238,"column":3}},"51":{"start":{"line":212,"column":14},"end":{"line":212,"column":22}},"52":{"start":{"line":213,"column":17},"end":{"line":213,"column":40}},"53":{"start":{"line":214,"column":4},"end":{"line":216,"column":5}},"54":{"start":{"line":215,"column":6},"end":{"line":215,"column":116}},"55":{"start":{"line":217,"column":4},"end":{"line":219,"column":5}},"56":{"start":{"line":218,"column":6},"end":{"line":218,"column":76}},"57":{"start":{"line":220,"column":20},"end":{"line":233,"column":5}},"58":{"start":{"line":234,"column":16},"end":{"line":234,"column":59}},"59":{"start":{"line":235,"column":4},"end":{"line":235,"column":41}},"60":{"start":{"line":237,"column":4},"end":{"line":237,"column":49}},"61":{"start":{"line":268,"column":0},"end":{"line":282,"column":3}},"62":{"start":{"line":269,"column":2},"end":{"line":281,"column":3}},"63":{"start":{"line":270,"column":20},"end":{"line":270,"column":35}},"64":{"start":{"line":271,"column":4},"end":{"line":273,"column":5}},"65":{"start":{"line":272,"column":6},"end":{"line":272,"column":76}},"66":{"start":{"line":274,"column":4},"end":{"line":274,"column":81}},"67":{"start":{"line":274,"column":46},"end":{"line":274,"column":81}},"68":{"start":{"line":275,"column":4},"end":{"line":275,"column":81}},"69":{"start":{"line":275,"column":46},"end":{"line":275,"column":81}},"70":{"start":{"line":276,"column":4},"end":{"line":276,"column":69}},"71":{"start":{"line":277,"column":4},"end":{"line":277,"column":70}},"72":{"start":{"line":278,"column":4},"end":{"line":278,"column":27}},"73":{"start":{"line":280,"column":4},"end":{"line":280,"column":49}},"74":{"start":{"line":318,"column":0},"end":{"line":332,"column":3}},"75":{"start":{"line":319,"column":2},"end":{"line":331,"column":3}},"76":{"start":{"line":320,"column":28},"end":{"line":320,"column":42}},"77":{"start":{"line":321,"column":4},"end":{"line":323,"column":5}},"78":{"start":{"line":322,"column":6},"end":{"line":322,"column":76}},"79":{"start":{"line":324,"column":16},"end":{"line":324,"column":59}},"80":{"start":{"line":325,"column":17},"end":{"line":325,"column":32}},"81":{"start":{"line":326,"column":4},"end":{"line":326,"column":81}},"82":{"start":{"line":326,"column":22},"end":{"line":326,"column":81}},"83":{"start":{"line":327,"column":4},"end":{"line":327,"column":116}},"84":{"start":{"line":328,"column":4},"end":{"line":328,"column":27}},"85":{"start":{"line":330,"column":4},"end":{"line":330,"column":49}},"86":{"start":{"line":366,"column":0},"end":{"line":384,"column":3}},"87":{"start":{"line":367,"column":2},"end":{"line":383,"column":3}},"88":{"start":{"line":368,"column":28},"end":{"line":368,"column":42}},"89":{"start":{"line":369,"column":4},"end":{"line":371,"column":5}},"90":{"start":{"line":370,"column":6},"end":{"line":370,"column":76}},"91":{"start":{"line":372,"column":22},"end":{"line":372,"column":42}},"92":{"start":{"line":373,"column":17},"end":{"line":373,"column":89}},"93":{"start":{"line":374,"column":4},"end":{"line":374,"column":62}},"94":{"start":{"line":374,"column":20},"end":{"line":374,"column":62}},"95":{"start":{"line":375,"column":18},"end":{"line":375,"column":28}},"96":{"start":{"line":376,"column":4},"end":{"line":378,"column":7}},"97":{"start":{"line":377,"column":6},"end":{"line":377,"column":121}},"98":{"start":{"line":379,"column":4},"end":{"line":379,"column":25}},"99":{"start":{"line":380,"column":4},"end":{"line":380,"column":47}},"100":{"start":{"line":382,"column":4},"end":{"line":382,"column":49}},"101":{"start":{"line":407,"column":0},"end":{"line":424,"column":3}},"102":{"start":{"line":408,"column":2},"end":{"line":423,"column":3}},"103":{"start":{"line":409,"column":16},"end":{"line":409,"column":59}},"104":{"start":{"line":410,"column":16},"end":{"line":410,"column":31}},"105":{"start":{"line":411,"column":4},"end":{"line":411,"column":80}},"106":{"start":{"line":411,"column":21},"end":{"line":411,"column":80}},"107":{"start":{"line":412,"column":19},"end":{"line":412,"column":70}},"108":{"start":{"line":413,"column":4},"end":{"line":418,"column":5}},"109":{"start":{"line":414,"column":6},"end":{"line":417,"column":16}},"110":{"start":{"line":415,"column":24},"end":{"line":415,"column":86}},"111":{"start":{"line":416,"column":8},"end":{"line":416,"column":60}},"112":{"start":{"line":416,"column":44},"end":{"line":416,"column":57}},"113":{"start":{"line":419,"column":4},"end":{"line":419,"column":23}},"114":{"start":{"line":420,"column":4},"end":{"line":420,"column":27}},"115":{"start":{"line":422,"column":4},"end":{"line":422,"column":49}},"116":{"start":{"line":426,"column":0},"end":{"line":426,"column":24}}},"fnMap":{"0":{"name":"safeGetImageUrls","decl":{"start":{"line":20,"column":15},"end":{"line":20,"column":31}},"loc":{"start":{"line":20,"column":40},"end":{"line":41,"column":1}},"line":20},"1":{"name":"(anonymous_1)","decl":{"start":{"line":25,"column":16},"end":{"line":25,"column":17}},"loc":{"start":{"line":25,"column":32},"end":{"line":35,"column":7}},"line":25},"2":{"name":"isValidPhone","decl":{"start":{"line":43,"column":9},"end":{"line":43,"column":21}},"loc":{"start":{"line":43,"column":25},"end":{"line":45,"column":1}},"line":43},"3":{"name":"(anonymous_3)","decl":{"start":{"line":74,"column":34},"end":{"line":74,"column":35}},"loc":{"start":{"line":74,"column":54},"end":{"line":90,"column":1}},"line":74},"4":{"name":"(anonymous_4)","decl":{"start":{"line":80,"column":20},"end":{"line":80,"column":21}},"loc":{"start":{"line":80,"column":39},"end":{"line":84,"column":7}},"line":80},"5":{"name":"(anonymous_5)","decl":{"start":{"line":106,"column":16},"end":{"line":106,"column":17}},"loc":{"start":{"line":106,"column":37},"end":{"line":120,"column":1}},"line":106},"6":{"name":"(anonymous_6)","decl":{"start":{"line":110,"column":20},"end":{"line":110,"column":21}},"loc":{"start":{"line":110,"column":39},"end":{"line":114,"column":7}},"line":110},"7":{"name":"(anonymous_7)","decl":{"start":{"line":143,"column":19},"end":{"line":143,"column":20}},"loc":{"start":{"line":143,"column":39},"end":{"line":153,"column":1}},"line":143},"8":{"name":"(anonymous_8)","decl":{"start":{"line":210,"column":17},"end":{"line":210,"column":18}},"loc":{"start":{"line":210,"column":37},"end":{"line":239,"column":1}},"line":210},"9":{"name":"(anonymous_9)","decl":{"start":{"line":268,"column":19},"end":{"line":268,"column":20}},"loc":{"start":{"line":268,"column":39},"end":{"line":282,"column":1}},"line":268},"10":{"name":"(anonymous_10)","decl":{"start":{"line":318,"column":27},"end":{"line":318,"column":28}},"loc":{"start":{"line":318,"column":47},"end":{"line":332,"column":1}},"line":318},"11":{"name":"(anonymous_11)","decl":{"start":{"line":366,"column":42},"end":{"line":366,"column":43}},"loc":{"start":{"line":366,"column":62},"end":{"line":384,"column":1}},"line":366},"12":{"name":"(anonymous_12)","decl":{"start":{"line":376,"column":22},"end":{"line":376,"column":23}},"loc":{"start":{"line":376,"column":27},"end":{"line":378,"column":5}},"line":376},"13":{"name":"(anonymous_13)","decl":{"start":{"line":407,"column":22},"end":{"line":407,"column":23}},"loc":{"start":{"line":407,"column":42},"end":{"line":424,"column":1}},"line":407},"14":{"name":"(anonymous_14)","decl":{"start":{"line":416,"column":36},"end":{"line":416,"column":37}},"loc":{"start":{"line":416,"column":44},"end":{"line":416,"column":57}},"line":416}},"branchMap":{"0":{"loc":{"start":{"line":6,"column":0},"end":{"line":15,"column":1}},"type":"if","locations":[{"start":{"line":6,"column":0},"end":{"line":15,"column":1}},{"start":{},"end":{}}],"line":6},"1":{"loc":{"start":{"line":13,"column":19},"end":{"line":13,"column":90}},"type":"binary-expr","locations":[{"start":{"line":13,"column":19},"end":{"line":13,"column":54}},{"start":{"line":13,"column":58},"end":{"line":13,"column":90}}],"line":13},"2":{"loc":{"start":{"line":23,"column":4},"end":{"line":23,"column":43}},"type":"if","locations":[{"start":{"line":23,"column":4},"end":{"line":23,"column":43}},{"start":{},"end":{}}],"line":23},"3":{"loc":{"start":{"line":23,"column":8},"end":{"line":23,"column":31}},"type":"binary-expr","locations":[{"start":{"line":23,"column":8},"end":{"line":23,"column":14}},{"start":{"line":23,"column":18},"end":{"line":23,"column":31}}],"line":23},"4":{"loc":{"start":{"line":44,"column":9},"end":{"line":44,"column":71}},"type":"binary-expr","locations":[{"start":{"line":44,"column":9},"end":{"line":44,"column":30}},{"start":{"line":44,"column":34},"end":{"line":44,"column":71}}],"line":44},"5":{"loc":{"start":{"line":78,"column":4},"end":{"line":78,"column":40}},"type":"if","locations":[{"start":{"line":78,"column":4},"end":{"line":78,"column":40}},{"start":{},"end":{}}],"line":78},"6":{"loc":{"start":{"line":147,"column":4},"end":{"line":147,"column":73}},"type":"if","locations":[{"start":{"line":147,"column":4},"end":{"line":147,"column":73}},{"start":{},"end":{}}],"line":147},"7":{"loc":{"start":{"line":213,"column":17},"end":{"line":213,"column":40}},"type":"binary-expr","locations":[{"start":{"line":213,"column":17},"end":{"line":213,"column":23}},{"start":{"line":213,"column":27},"end":{"line":213,"column":40}}],"line":213},"8":{"loc":{"start":{"line":214,"column":4},"end":{"line":216,"column":5}},"type":"if","locations":[{"start":{"line":214,"column":4},"end":{"line":216,"column":5}},{"start":{},"end":{}}],"line":214},"9":{"loc":{"start":{"line":214,"column":8},"end":{"line":214,"column":70}},"type":"binary-expr","locations":[{"start":{"line":214,"column":8},"end":{"line":214,"column":13}},{"start":{"line":214,"column":17},"end":{"line":214,"column":24}},{"start":{"line":214,"column":28},"end":{"line":214,"column":40}},{"start":{"line":214,"column":44},"end":{"line":214,"column":52}},{"start":{"line":214,"column":56},"end":{"line":214,"column":70}}],"line":214},"10":{"loc":{"start":{"line":217,"column":4},"end":{"line":219,"column":5}},"type":"if","locations":[{"start":{"line":217,"column":4},"end":{"line":219,"column":5}},{"start":{},"end":{}}],"line":217},"11":{"loc":{"start":{"line":222,"column":19},"end":{"line":222,"column":40}},"type":"binary-expr","locations":[{"start":{"line":222,"column":19},"end":{"line":222,"column":32}},{"start":{"line":222,"column":36},"end":{"line":222,"column":40}}],"line":222},"12":{"loc":{"start":{"line":223,"column":19},"end":{"line":223,"column":31}},"type":"binary-expr","locations":[{"start":{"line":223,"column":19},"end":{"line":223,"column":25}},{"start":{"line":223,"column":29},"end":{"line":223,"column":31}}],"line":223},"13":{"loc":{"start":{"line":224,"column":24},"end":{"line":224,"column":41}},"type":"binary-expr","locations":[{"start":{"line":224,"column":24},"end":{"line":224,"column":35}},{"start":{"line":224,"column":39},"end":{"line":224,"column":41}}],"line":224},"14":{"loc":{"start":{"line":225,"column":20},"end":{"line":225,"column":33}},"type":"binary-expr","locations":[{"start":{"line":225,"column":20},"end":{"line":225,"column":27}},{"start":{"line":225,"column":31},"end":{"line":225,"column":33}}],"line":225},"15":{"loc":{"start":{"line":226,"column":26},"end":{"line":226,"column":45}},"type":"binary-expr","locations":[{"start":{"line":226,"column":26},"end":{"line":226,"column":39}},{"start":{"line":226,"column":43},"end":{"line":226,"column":45}}],"line":226},"16":{"loc":{"start":{"line":227,"column":13},"end":{"line":227,"column":84}},"type":"cond-expr","locations":[{"start":{"line":227,"column":43},"end":{"line":227,"column":50}},{"start":{"line":227,"column":54},"end":{"line":227,"co
[...]
":470,"column":22},"end":{"line":470,"column":42}},"125":{"start":{"line":472,"column":17},"end":{"line":472,"column":94}},"126":{"start":{"line":473,"column":4},"end":{"line":473,"column":78}},"127":{"start":{"line":473,"column":20},"end":{"line":473,"column":78}},"128":{"start":{"line":475,"column":19},"end":{"line":475,"column":72}},"129":{"start":{"line":475,"column":41},"end":{"line":475,"column":70}},"130":{"start":{"line":477,"column":4},"end":{"line":480,"column":7}},"131":{"start":{"line":478,"column":26},"end":{"line":478,"column":66}},"132":{"start":{"line":479,"column":6},"end":{"line":479,"column":59}},"133":{"start":{"line":482,"column":4},"end":{"line":482,"column":21}},"134":{"start":{"line":484,"column":4},"end":{"line":484,"column":49}},"135":{"start":{"line":517,"column":0},"end":{"line":560,"column":3}},"136":{"start":{"line":518,"column":2},"end":{"line":559,"column":3}},"137":{"start":{"line":519,"column":24},"end":{"line":519,"column":34}},"138":{"start":{"line":520,"column":23},"end":{"line":520,"column":31}},"139":{"start":{"line":522,"column":4},"end":{"line":524,"column":5}},"140":{"start":{"line":523,"column":6},"end":{"line":523,"column":63}},"141":{"start":{"line":526,"column":18},"end":{"line":526,"column":35}},"142":{"start":{"line":527,"column":21},"end":{"line":527,"column":66}},"143":{"start":{"line":528,"column":21},"end":{"line":528,"column":41}},"144":{"start":{"line":530,"column":4},"end":{"line":532,"column":5}},"145":{"start":{"line":531,"column":6},"end":{"line":531,"column":64}},"146":{"start":{"line":534,"column":22},"end":{"line":534,"column":37}},"147":{"start":{"line":535,"column":23},"end":{"line":535,"column":43}},"148":{"start":{"line":536,"column":19},"end":{"line":536,"column":52}},"149":{"start":{"line":538,"column":19},"end":{"line":538,"column":21}},"150":{"start":{"line":539,"column":4},"end":{"line":545,"column":5}},"151":{"start":{"line":540,"column":6},"end":{"line":540,"column":30}},"152":{"start":{"line":541,"column":6},"end":{"line":541,"column":95}},"153":{"start":{"line":543,"column":6},"end":{"line":543,"column":40}},"154":{"start":{"line":544,"column":6},"end":{"line":544,"column":103}},"155":{"start":{"line":547,"column":4},"end":{"line":553,"column":7}},"156":{"start":{"line":555,"column":4},"end":{"line":555,"column":60}},"157":{"start":{"line":557,"column":4},"end":{"line":557,"column":23}},"158":{"start":{"line":558,"column":4},"end":{"line":558,"column":49}},"159":{"start":{"line":604,"column":0},"end":{"line":637,"column":3}},"160":{"start":{"line":605,"column":2},"end":{"line":636,"column":3}},"161":{"start":{"line":606,"column":19},"end":{"line":606,"column":32}},"162":{"start":{"line":607,"column":29},"end":{"line":607,"column":59}},"163":{"start":{"line":608,"column":26},"end":{"line":608,"column":80}},"164":{"start":{"line":610,"column":4},"end":{"line":612,"column":5}},"165":{"start":{"line":611,"column":6},"end":{"line":611,"column":71}},"166":{"start":{"line":614,"column":26},"end":{"line":630,"column":6}},"167":{"start":{"line":615,"column":19},"end":{"line":615,"column":29}},"168":{"start":{"line":616,"column":22},"end":{"line":616,"column":26}},"169":{"start":{"line":617,"column":6},"end":{"line":623,"column":7}},"170":{"start":{"line":618,"column":8},"end":{"line":622,"column":9}},"171":{"start":{"line":619,"column":10},"end":{"line":619,"column":41}},"172":{"start":{"line":621,"column":10},"end":{"line":621,"column":32}},"173":{"start":{"line":625,"column":6},"end":{"line":629,"column":8}},"174":{"start":{"line":632,"column":4},"end":{"line":632,"column":32}},"175":{"start":{"line":635,"column":4},"end":{"line":635,"column":49}},"176":{"start":{"line":660,"column":0},"end":{"line":676,"column":3}},"177":{"start":{"line":661,"column":2},"end":{"line":675,"column":3}},"178":{"start":{"line":662,"column":20},"end":{"line":662,"column":33}},"179":{"start":{"line":663,"column":21},"end":{"line":663,"column":64}},"180":{"start":{"line":665,"column":21},"end":{"line":665,"column":41}},"181":{"start":{"line":666,"column":4},"end":{"line":668,"column":5}},"182":{"start":{"line":667,"column":6},"end":{"line":667,"column":71}},"183":{"start":{"line":670,"column":4},"end":{"line":670,"column":42}},"184":{"start":{"line":671,"column":4},"end":{"line":671,"column":80}},"185":{"start":{"line":673,"column":4},"end":{"line":673,"column":62}},"186":{"start":{"line":674,"column":4},"end":{"line":674,"column":49}},"187":{"start":{"line":680,"column":0},"end":{"line":680,"column":24}}},"fnMap":{"0":{"name":"(anonymous_0)","decl":{"start":{"line":40,"column":16},"end":{"line":40,"column":17}},"loc":{"start":{"line":40,"column":36},"end":{"line":70,"column":1}},"line":40},"1":{"name":"(anonymous_1)","decl":{"start":{"line":45,"column":20},"end":{"line":45,"column":21}},"loc":{"start":{"line":45,"column":35},"end":{"line":63,"column":7}},"line":45},"2":{"name":"(anonymous_2)","decl":{"start":{"line":51,"column":20},"end":{"line":51,"column":21}},"loc":{"start":{"line":51,"column":36},"end":{"line":57,"column":11}},"line":51},"3":{"name":"(anonymous_3)","decl":{"start":{"line":90,"column":19},"end":{"line":90,"column":20}},"loc":{"start":{"line":90,"column":39},"end":{"line":110,"column":1}},"line":90},"4":{"name":"(anonymous_4)","decl":{"start":{"line":97,"column":16},"end":{"line":97,"column":17}},"loc":{"start":{"line":97,"column":32},"end":{"line":103,"column":7}},"line":97},"5":{"name":"(anonymous_5)","decl":{"start":{"line":161,"column":44},"end":{"line":161,"column":45}},"loc":{"start":{"line":161,"column":64},"end":{"line":187,"column":1}},"line":161},"6":{"name":"(anonymous_6)","decl":{"start":{"line":174,"column":38},"end":{"line":174,"column":39}},"loc":{"start":{"line":174,"column":53},"end":{"line":180,"column":7}},"line":174},"7":{"name":"(anonymous_7)","decl":{"start":{"line":207,"column":22},"end":{"line":207,"column":23}},"loc":{"start":{"line":207,"column":42},"end":{"line":224,"column":1}},"line":207},"8":{"name":"(anonymous_8)","decl":{"start":{"line":215,"column":34},"end":{"line":215,"column":35}},"loc":{"start":{"line":215,"column":42},"end":{"line":215,"column":55}},"line":215},"9":{"name":"(anonymous_9)","decl":{"start":{"line":244,"column":34},"end":{"line":244,"column":35}},"loc":{"start":{"line":244,"column":54},"end":{"line":276,"column":1}},"line":244},"10":{"name":"(anonymous_10)","decl":{"start":{"line":253,"column":20},"end":{"line":253,"column":21}},"loc":{"start":{"line":253,"column":35},"end":{"line":269,"column":7}},"line":253},"11":{"name":"(anonymous_11)","decl":{"start":{"line":258,"column":20},"end":{"line":258,"column":21}},"loc":{"start":{"line":258,"column":36},"end":{"line":264,"column":11}},"line":258},"12":{"name":"(anonymous_12)","decl":{"start":{"line":310,"column":50},"end":{"line":310,"column":51}},"loc":{"start":{"line":310,"column":70},"end":{"line":348,"column":1}},"line":310},"13":{"name":"(anonymous_13)","decl":{"start":{"line":322,"column":41},"end":{"line":322,"column":42}},"loc":{"start":{"line":322,"column":53},"end":{"line":322,"column":83}},"line":322},"14":{"name":"(anonymous_14)","decl":{"start":{"line":327,"column":18},"end":{"line":327,"column":19}},"loc":{"start":{"line":327,"column":26},"end":{"line":330,"column":9}},"line":327},"15":{"name":"(anonymous_15)","decl":{"start":{"line":336,"column":19},"end":{"line":336,"column":20}},"loc":{"start":{"line":336,"column":35},"end":{"line":339,"column":7}},"line":336},"16":{"name":"(anonymous_16)","decl":{"start":{"line":395,"column":30},"end":{"line":395,"column":31}},"loc":{"start":{"line":395,"column":50},"end":{"line":446,"column":1}},"line":395},"17":{"name":"(anonymous_17)","decl":{"start":{"line":411,"column":31},"end":{"line":411,"column":32}},"loc":{"start":{"line":411,"column":38},"end":{"line":423,"column":5}},"line":411},"18":{"name":"(anonymous_18)","decl":{"start":{"line":468,"column":41},"end":{"line":468,"column":42}},"loc":{"start":{"line":468,"column":61},"end":{"line":486,"column":1}},"line":468},"19":{"name":"(anonymous_19)","decl":{"start":{"line":475,"column":33},"end":{"line":475,"column":34}},"loc":{"start":{"line":475,"column":41},"end":{"line":475,"column":70}},"line":475},"20":{"name":"(anonymous_20)","decl":{"start":{"line":477,"column":16},"end":{"line":477,"column":17}},"loc":{"start":{"line":477,"column":26},"end":{"line":480,"column":5}},"line":477},"21":{"name":"(anonymous_21)","decl":{"start":{"line":517,"column":38},"end":{"line":517,"column":39}},"loc":{"start":{"line":517,"column":58},"end":{"line":560,"column":1}},"line":517},"22":{"name":"(anonymous_22)","decl":{"start":{"line":604,"column":33},"end":{"line":604,"column":34}},"loc":{"start":{"line":604,"column":53},"end":{"line":637,"column":1}},"line":604},"23":{"name":"(anonymous_23)","decl":{"start":{"line":614,"column":49},"end":{"line":614,"column":50}},"loc":{"start":{"line":614,"column":56},"end":{"line":630,"column":5}},"line":614},"24":{"name":"(anonymous_24)","decl":{"start":{"line":660,"column":38},"end":{"line":660,"column":39}},"loc":{"start":{"line":660,"column":58},"end":{"line":676,"column":1}},"line":660}},"branchMap":{"0":{"loc":{"start":{"line":7,"column":0},"end":{"line":17,"column":1}},"type":"if","locations":[{"start":{"line":7,"column":0},"end":{"line":17,"column":1}},{"start":{},"end":{}}],"line":7},"1":{"loc":{"start":{"line":14,"column":19},"end":{"line":14,"column":90}},"type":"binary-expr","locations":[{"start":{"line":14,"column":19},"end":{"line":14,"column":54}},{"start":{"line":14,"column":58},"end":{"line":14,"column":90}}],"line":14},"2":{"loc":{"start":{"line":93,"column":4},"end":{"line":93,"column":73}},"type":"if","locations":[{"start":{"line":93,"column":4},"end":{"line":93,"column":73}},{"start":{},"end":{}}],"line":93},"3":{"loc":{"start":{"line":167,"column":4},"end":{"line":171,"column":5}},"type":"if","locations":[{"start":{"line":167,"column":4},"end":{"line":171,"column":5}},{"start":{},"end":{}}],"line":167},"4":{"loc":{"start":{"line":167,"column":8},"end":{"line":169,"column":57}},"type":"binary-expr","locations":[{"start":{"line":167,"column":8},"end":{"line":167,"column":24}},{"start":{"line":167,"column":28},"end":{"line":167,"column":42}},{"start":{"line":167,"column":46},"end":{"line":167,"column":61}},{"start":{"line":168,"column":6},"end":{"line":168,"column":22}},{"start":{"line":168,"column":26},"end":{"line":168,"column":44}},{"start":{"line":168,"column":48},"end":{"line":168,"column":60}},{"start":{"line":169,"column":6},"end":{"line":169,"column":24}},{"start":{"line":169,"column":28},"end":{"line":169,"column":40}},{"start":{"line":169,"column":44},"end":{"line":169,"column":57}}],"line":167},"5":{"loc":{"start":{"line":173,"column":4},"end":{"line":181,"column":5}},"type":"if","locations":[{"start":{"line":173,"column":4},"end":{"line":181,"column":5}},{"start":{},"end":{}}],"line":173},"6":{"loc":{"start":{"line":173,"column":8},"end":{"line":173,"column":41}},"type":"binary-expr","locations":[{"start":{"line":173,"column":8},"end":{"line":173,"column":17}},{"start":{"line":173,"column":21},"end":{"line":173,"column":41}}],"line":173},"7":{"loc":{"start":{"line":211,"column":4},"end":{"line":211,"column":79}},"type":"if","locations":[{"start":{"line":211,"column":4},"end":{"line":211,"column":79}},{"start":{},"end":{}}],"line":211},"8":{"loc":{"start":{"line":214,"column":4},"end":{"line":216,"column":5}},"type":"if","locations":[{"start":{"line":214,"column":4},"end":{"line":216,"column":5}},{"start":{},"end":{}}],"line":214},"9":{"loc":{"start":{"line":249,"column":4},"end":{"line":251,"column":5}},"type":"if","locations":[{"start":{"line":249,"column":4},"end":{"line":251,"column":5}},{"start":{},"end":{}}],"line":249},"10":{"loc":{"start":{"line":316,"column":22},"end":{"line":316,"column":78}},"type":"cond-expr","locations":[{"start":{"line":316,"column":43},"end":{"line":316,"column":73}},{"start":{"line":316,"column":76},"end":{"line":316,"column":78}}],"line":316},"11":{"loc":{"start":{"line":317,"column":25},"end":{"line":317,"column":87}},"type":"cond-expr","locations":[{"start":{"line":317,"column":49},"end":{"line":317,"column":82}},{"start":{"line":317,"column":85},"end":{"line":317,"column":87}}],"line":317},"12":{"loc":{"start":{"line":321,"column":4},"end":{"line":323,"column":5}},"type":"if","locations":[{"start":{"line":321,"column":4},"end":{"line":323,"column":5}},{"start":{},"end":{}}],"line":321},"13":{"loc":{"start":{"line":325,"column":4},"end":{"line":332,"column":5}},"type":"if","locations":[{"start":{"line":325,"column":4},"end":{"line":332,"column":5}},{"start":{},"end":{}}],"line":325},"14":{"loc":{"start":{"line":325,"column":8},"end":{"line":325,"column":33}},"type":"binary-expr","locations":[{"start":{"line":325,"column":8},"end":{"line":325,"column":13}},{"start":{"line":325,"column":17},"end":{"line":325,"column":33}}],"line":325},"15":{"loc":{"start":{"line":399,"column":4},"end":{"line":401,"column":5}},"type":"if","locations":[{"start":{"line":399,"column":4},"end":{"line":401,"column":5}},{"start":{},"end":{}}],"line":399},"16":{"loc":{"start":{"line":399,"column":8},"end":{"line":399,"column":79}},"type":"binary-expr","locations":[{"start":{"line":399,"column":8},"end":{"line":399,"column":19}},{"start":{"line":399,"column":23},"end":{"line":399,"column":31}},{"start":{"line":399,"column":35},"end":{"line":399,"column":45}},{"start":{"line":399,"column":49},"end":{"line":399,"column":57}},{"start":{"line":399,"column":61},"end":{"line":399,"column":67}},{"start":{"line":399,"column":71},"end":{"line":399,"column":79}}],"line":399},"17":{"loc":{"start":{"line":414,"column":28},"end":{"line":414,"column":117}},"type":"cond-expr","locations":[{"start":{"line":414,"column":53},"end":{"line":414,"column":91}},{"start":{"line":414,"column":94},"end":{"line":414,"column":117}}],"line":414},"18":{"loc":{"start":{"line":415,"column":26},"end":{"line":415,"column":109}},"type":"cond-expr","locations":[{"start":{"line":415,"column":49},"end":{"line":415,"column":85}},{"start":{"line":415,"column":88},"end":{"line":415,"column":109}}],"line":415},"19":{"loc":{"start":{"line":417,"column":6},"end":{"line":422,"column":7}},"type":"if","locations":[{"start":{"line":417,"column":6},"end":{"line":422,"column":7}},{"start":{},"end":{}}],"line":417},"20":{"loc":{"start":{"line":418,"column":8},"end":{"line":419,"column":144}},"type":"binary-expr","locations":[{"start":{"line":418,"column":9},"end":{"line":418,"column":77}},{"start":{"line":418,"column":81},"end":{"line":418,"column":147}},{"start":{"line":419,"column":9},"end":{"line":419,"column":75}},{"start":{"line":419,"column":79},"end":{"line":419,"column":143}}],"line":418},"21":{"loc":{"start":{"line":425,"column":4},"end":{"line":427,"column":5}},"type":"if","locations":[{"start":{"line":425,"column":4},"end":{"line":427,"column":5}},{"start":{},"end":{}}],"line":425},"22":{"loc":{"start":{"line":435,"column":12},"end":{"line":435,"column":22}},"type":"binary-expr","locations":[{"start":{"line":435,"column":12},"end":{"line":435,"column":16}},{"start":{"line":435,"column":20},"end":{"line":435,"column":22}}],"line":435},"23":{"loc":{"start":{"line":473,"column":4},"end":{"line":473,"column":78}},"type":"if","locations":[{"start":{"line":473,"column":4},"end":{"line":473,"column":78}},{"start":{},"end":{}}],"line":473},"24":{"loc":{"start":{"line":522,"column":4},"end":{"line":524,"column":5}},"type":"if","locations":[{"start":{"line":522,"column":4},"end":{"line":524,"column":5}},{"start":{},"end":{}}],"line":522},"25":{"loc":{"start":{"line":530,"column":4},"end":{"line":532,"column":5}},"type":"if","locations":[{"start":{"line":530,"column":4},"end":{"line":532,"column":5}},{"start":{},"end":{}}],"line":530},"26":{"loc":{"start":{"line":539,"column":4},"end":{"line":545,"column":5}},"type":"if","locations":[{"start":{"line":539,"column":4},"end":{"line":545,"column":5}},{"start":{"line":542,"column":11},"end":{"line":545,"column":5}}],"line":539},"27":{"loc":{"start":{"line":610,"column":4},"end":{"line":612,"column":5}},"type":"if","locations":[{"start":{"line":610,"column":4},"end":{"line":612,"column":5}},{"start":{},"end":{}}],"line":610},"28":{"loc":{"start":{"line":617,"column":6},"end":{"line":623,"column":7}},"type":"if","locations":[{"start":{"line":617,"column":6},"end":{"line":623,"column":7}},{"start":{},"end":{}}],"line":617},"29":{"loc":{"start":{"line":618,"column":8},"end":{"line":622,"column":9}},"type":"if","locations":[{"start":{"line":618,"column":8},"end":{"line":622,"column":9}},{"start":{"line":620,"column":15},"end":{"line":622,"column":9}}],"line":618},"30":{"loc":{"start":{"line":666,"column":4},"end":{"line":668,"column":5}},"type":"if","locations":[{"start":{"line":666,"column":4},"end":{"line":668,"column":5}},{"start":{},"end":{}}],"line":666}},"s":{"0":5,"1":5,"2":5,"3":5,"4":5,"5":0,"6":5,"7":5,"8":5,"9":1,"10":1,"11":1,"12":1,"13":1,"14":1,"15":1,"16":1,"17":1,"18":1,"19":1,"20":0,"21":5,"22":2,"23":2,"24":2,"25":1,"26":1,"27":1,"28":1,"29":1,"30":1,"31":0,"32":5,"33":5,"34":0,"35":0,"36":0,"37":0,"38":0,"39":0,"40":0,"41":0,"42":0,"43":0,"44":0,"45":0,"46":0,"47":0,"48":0,"49":5,"50":0,"51":0,"52":0,"53":0,"54":0,"55":0,"56":0,"57":0,"58":0,"59":0,"60":0,"61":0,"62":5,"63":2,"64":2,"65":2,"66":2,"67":1,"68":1,"69":1,"70":1,"71":1,"72":1,"73":1,"74":1,"75":1,"76":1,"77":0,"78":5,"79":0,"80":0,"81":0,"82":0,"83":0,"84":0,"85":0,"86":0,"87":0,"88":0,"89":0,"90":0,"91":0,"92":0,"93":0,"94":0,"95":0,"96":0,"97":0,"98":0,"99":0,"100":5,"101":3,"102":3,"103":3,"104":1,"105":2,"106":2,"107":2,"108":2,"109":2,"110":2,"111":1,"112":1,"113":1,"114":1,"115":1,"116":2,"117":1,"118":1,"119":1,"120":0,"121":0,"122":5,"123":2,"124":2,"125":2,"126":2,"127":1,"128":1,"129":3,"130":1,"131":3,"132":3,"133":1,"134":0,"135":5,"136":5,"137":5,"138":5,"139":5,"140":1,"141":4,"142":3,"143":3,"144":3,"145":1,"146":2,"147":2,"148":2,"149":2,"150":2,"151":1,"152":1,"153":1,"154":1,"155":2,"156":2,"157":1,"158":1,"159":5,"160":3,"161":3,"162":3,"163":3,"164":2,"165":1,"166":1,"167":1,"168":1,"169":1,"170":1,"171":1,"172":0,"173":1,"174":1,"175":1,"176":5,"177":3,"178":3,"179":3,"180":2,"181":2,"182":1,"183":1,"184":1,"185":1,"186":1,"187":5},"f":{"0":1,"1":1,"2":1,"3":2,"4":1,"5":0,"6":0,"7":0,"8":0,"9":2,"10":1,"11":1,"12":0,"13":0,"14":0,"15":0,"16":3,"17":1,"18":2,"19":3,"20":3,"21":5,"22":3,"23":1,"24":3},"b":{"0":[0,5],"1":[0,0],"2":[1,1],"3":[0,0],"4":[0,0,0,0,0,0,0,0,0],"5":[0,0],"6":[0,0],"7":[0,0],"8":[0,0],"9":[1,1],"10":[0,0],"11":[0,0],"12":[0,0],"13":[0,0],"14":[0,0],"15":[1,2],"16":[3,3,2,2,2,2],"17":[0,1],"18":[0,1],"19":[1,0],"20":[1,1,0,0],"21":[1,1],"22":[1,0],"23":[1,1],"24":[1,4],"25":[1,2],"26":[1,1],"27":[1,1],"28":[1,0],"29":[1,0],"30":[1,1]},"_coverageSchema":"1a1c01bbd47fc00a2c39e90264f33305004495a9","hash":"68b2be71e6662df9f724d3cd4f01606ed70d8773"}
,"/Users/siphojrmntambo/Downloads/VnV (temp 3)/Vows-n-Veils/backend/routes/weather-crossing.routes.js": {"path":"/Users/siphojrmntambo/Downloads/VnV (temp 3)/Vows-n-Veils/backend/routes/weather-crossing.routes.js","statementMap":{"0":{"start":{"line":1,"column":16},"end":{"line":1,"column":34}},"1":{"start":{"line":2,"column":15},"end":{"line":2,"column":31}},"2":{"start":{"line":3,"column":34},"end":{"line":3,"column":87}},"3":{"start":{"line":36,"column":0},"end":{"line":36,"column":66}},"4":{"start":{"line":57,"column":0},"end":{"line":57,"column":69}},"5":{"start":{"line":78,"column":0},"end":{"line":78,"column":66}},"6":{"start":{"line":108,"column":0},"end":{"line":108,"column":68}},"7":{"start":{"line":129,"column":0},"end":{"line":129,"column":71}},"8":{"start":{"line":131,"column":0},"end":{"line":131,"column":24}}},"fnMap":{},"branchMap":{},"s":{"0":5,"1":5,"2":5,"3":5,"4":5,"5":5,"6":5,"7":5,"8":5},"f":{},"b":{},"_coverageSchema":"1a1c01bbd47fc00a2c39e90264f33305004495a9","hash":"ab3a86b425ff56b4acd81e414b5889a4e965021e"}
}
