TN:
SF:app.js
FN:19,(anonymous_0)
FN:47,(anonymous_1)
FN:75,(anonymous_2)
FNF:3
FNH:2
FNDA:42,(anonymous_0)
FNDA:0,(anonymous_1)
FNDA:1,(anonymous_2)
DA:1,5
DA:2,5
DA:3,5
DA:4,5
DA:5,5
DA:7,5
DA:14,5
DA:15,5
DA:18,5
DA:21,42
DA:22,0
DA:23,0
DA:24,0
DA:26,0
DA:27,0
DA:33,5
DA:35,5
DA:36,5
DA:39,5
DA:49,0
DA:50,0
DA:56,5
DA:57,5
DA:59,5
DA:60,5
DA:61,5
DA:62,5
DA:65,5
DA:66,5
DA:69,5
DA:70,5
DA:75,5
DA:76,1
DA:79,5
DA:80,5
DA:82,5
LF:36
LH:29
BRDA:21,0,0,42
BRDA:21,0,1,0
BRDA:22,1,0,0
BRDA:22,1,1,0
BRF:4
BRH:1
end_of_record
TN:
SF:controllers/example.controller.js
FN:1,(anonymous_0)
FNF:1
FNH:1
FNDA:1,(anonymous_0)
DA:1,1
DA:2,1
LF:2
LH:2
BRF:0
BRH:0
end_of_record
TN:
SF:controllers/guests.controller.js
FN:5,(anonymous_0)
FN:12,(anonymous_1)
FN:16,(anonymous_2)
FN:19,(anonymous_3)
FN:23,(anonymous_4)
FN:33,(anonymous_5)
FN:41,(anonymous_6)
FN:48,(anonymous_7)
FN:49,(anonymous_8)
FN:58,(anonymous_9)
FN:94,(anonymous_10)
FN:120,fetchGuestsForEvent
FN:122,(anonymous_12)
FN:125,(anonymous_13)
FN:128,(anonymous_14)
FN:132,(anonymous_15)
FN:137,makeFilename
FN:146,(anonymous_17)
FN:156,(anonymous_18)
FN:157,(anonymous_19)
FN:178,(anonymous_20)
FN:209,(anonymous_21)
FN:230,drawHeader
FN:235,(anonymous_23)
FN:254,ensureSpace
FN:269,drawRow
FN:323,(anonymous_26)
FNF:27
FNH:21
FNDA:1,(anonymous_0)
FNDA:2,(anonymous_1)
FNDA:2,(anonymous_2)
FNDA:1,(anonymous_3)
FNDA:1,(anonymous_4)
FNDA:1,(anonymous_5)
FNDA:3,(anonymous_6)
FNDA:1,(anonymous_7)
FNDA:0,(anonymous_8)
FNDA:2,(anonymous_9)
FNDA:3,(anonymous_10)
FNDA:2,fetchGuestsForEvent
FNDA:2,(anonymous_12)
FNDA:1,(anonymous_13)
FNDA:0,(anonymous_14)
FNDA:0,(anonymous_15)
FNDA:1,makeFilename
FNDA:1,(anonymous_17)
FNDA:6,(anonymous_18)
FNDA:1,(anonymous_19)
FNDA:1,(anonymous_20)
FNDA:6,(anonymous_21)
FNDA:1,drawHeader
FNDA:6,(anonymous_23)
FNDA:0,ensureSpace
FNDA:0,drawRow
FNDA:0,(anonymous_26)
DA:2,5
DA:3,5
DA:5,5
DA:6,1
DA:7,1
DA:8,1
DA:11,1
DA:12,2
DA:15,1
DA:16,2
DA:18,1
DA:19,1
DA:21,1
DA:22,1
DA:23,1
DA:25,1
DA:27,0
DA:28,0
DA:33,5
DA:34,1
DA:35,1
DA:37,1
DA:38,1
DA:39,1
DA:41,1
DA:42,3
DA:43,3
DA:44,3
DA:47,1
DA:48,1
DA:49,0
DA:52,0
DA:53,0
DA:58,5
DA:59,2
DA:60,2
DA:61,2
DA:63,2
DA:64,1
DA:69,1
DA:73,1
DA:83,1
DA:85,1
DA:86,1
DA:88,0
DA:89,0
DA:94,5
DA:95,3
DA:96,3
DA:98,3
DA:99,3
DA:101,3
DA:102,1
DA:105,2
DA:107,2
DA:108,1
DA:111,1
DA:112,1
DA:114,0
DA:115,0
DA:121,2
DA:122,2
DA:124,2
DA:125,1
DA:127,2
DA:128,1
DA:130,2
DA:131,1
DA:132,1
DA:134,2
DA:138,1
DA:139,1
DA:140,1
DA:141,1
DA:142,1
DA:146,5
DA:147,1
DA:148,1
DA:149,1
DA:151,1
DA:152,1
DA:155,1
DA:156,6
DA:157,1
DA:166,1
DA:168,1
DA:169,1
DA:170,1
DA:172,0
DA:173,0
DA:178,5
DA:179,1
DA:180,1
DA:181,1
DA:183,1
DA:186,1
DA:187,1
DA:188,1
DA:189,1
DA:190,1
DA:192,1
DA:193,1
DA:195,1
DA:196,1
DA:199,1
DA:208,1
DA:209,6
DA:210,1
DA:211,1
DA:212,1
DA:213,1
DA:214,1
DA:217,1
DA:218,1
DA:223,1
DA:224,1
DA:231,1
DA:232,1
DA:233,1
DA:234,1
DA:235,1
DA:236,6
DA:240,6
DA:243,1
DA:250,1
DA:255,0
DA:256,0
DA:257,0
DA:258,0
DA:259,0
DA:260,0
DA:265,1
DA:266,1
DA:270,0
DA:273,0
DA:283,0
DA:284,0
DA:285,0
DA:286,0
DA:287,0
DA:289,0
DA:292,0
DA:295,0
DA:296,0
DA:297,0
DA:301,0
DA:302,0
DA:303,0
DA:307,0
DA:311,0
DA:319,0
DA:323,1
DA:325,1
DA:327,0
DA:328,0
LF:155
LH:118
BRDA:15,0,0,1
BRDA:15,0,1,0
BRDA:16,1,0,2
BRDA:16,1,1,0
BRDA:18,2,0,1
BRDA:18,2,1,0
BRDA:19,3,0,1
BRDA:19,3,1,0
BRDA:21,4,0,1
BRDA:21,4,1,0
BRDA:43,5,0,3
BRDA:43,5,1,0
BRDA:43,6,0,3
BRDA:43,6,1,3
BRDA:44,7,0,2
BRDA:44,7,1,1
BRDA:44,8,0,3
BRDA:44,8,1,2
BRDA:61,9,0,2
BRDA:61,9,1,0
BRDA:63,10,0,1
BRDA:63,10,1,1
BRDA:63,11,0,2
BRDA:63,11,1,1
BRDA:69,12,0,0
BRDA:69,12,1,1
BRDA:76,13,0,1
BRDA:76,13,1,0
BRDA:77,14,0,0
BRDA:77,14,1,1
BRDA:79,15,0,1
BRDA:79,15,1,0
BRDA:101,16,0,1
BRDA:101,16,1,2
BRDA:107,17,0,1
BRDA:107,17,1,1
BRDA:124,18,0,1
BRDA:124,18,1,1
BRDA:125,19,0,1
BRDA:125,19,1,0
BRDA:127,20,0,1
BRDA:127,20,1,1
BRDA:128,21,0,0
BRDA:128,21,1,0
BRDA:130,22,0,1
BRDA:130,22,1,1
BRDA:139,23,0,0
BRDA:139,23,1,1
BRDA:140,24,0,0
BRDA:140,24,1,1
BRDA:141,25,0,0
BRDA:141,25,1,1
BRDA:156,26,0,0
BRDA:162,27,0,1
BRDA:162,27,1,0
BRDA:187,28,0,1
BRDA:187,28,1,0
BRDA:188,29,0,1
BRDA:188,29,1,0
BRDA:189,30,0,1
BRDA:189,30,1,0
BRDA:219,31,0,1
BRDA:219,31,1,1
BRDA:220,32,0,1
BRDA:220,32,1,1
BRDA:221,33,0,1
BRDA:221,33,1,1
BRDA:223,34,0,1
BRDA:223,34,1,0
BRDA:256,35,0,0
BRDA:256,35,1,0
BRDA:274,36,0,0
BRDA:274,36,1,0
BRDA:275,37,0,0
BRDA:275,37,1,0
BRDA:276,38,0,0
BRDA:276,38,1,0
BRDA:277,39,0,0
BRDA:277,39,1,0
BRDA:278,40,0,0
BRDA:278,40,1,0
BRDA:279,41,0,0
BRDA:279,41,1,0
BRDA:295,42,0,0
BRDA:295,42,1,0
BRF:85
BRH:46
end_of_record
TN:
SF:controllers/map.controller.js
FN:8,(anonymous_0)
FN:67,(anonymous_1)
FN:102,(anonymous_2)
FN:128,(anonymous_3)
FNF:4
FNH:4
FNDA:5,(anonymous_0)
FNDA:3,(anonymous_1)
FNDA:3,(anonymous_2)
FNDA:3,(anonymous_3)
DA:1,6
DA:5,6
DA:8,6
DA:9,5
DA:11,5
DA:12,5
DA:14,3
DA:16,3
DA:22,2
DA:23,1
DA:24,1
DA:31,1
DA:33,2
DA:35,1
DA:37,1
DA:43,1
DA:44,1
DA:45,1
DA:52,0
DA:55,1
DA:58,1
DA:59,1
DA:67,6
DA:68,3
DA:70,3
DA:71,1
DA:74,2
DA:76,2
DA:77,2
DA:96,2
DA:102,1
DA:103,3
DA:106,3
DA:107,1
DA:108,2
DA:109,1
DA:110,1
DA:111,0
DA:112,1
DA:113,0
DA:114,1
DA:115,0
DA:118,3
DA:128,3
DA:130,1
DA:132,1
DA:133,1
LF:47
LH:43
BRDA:12,0,0,3
BRDA:12,0,1,2
BRDA:22,1,0,1
BRDA:22,1,1,1
BRDA:22,2,0,2
BRDA:22,2,1,2
BRDA:33,3,0,1
BRDA:33,3,1,1
BRDA:33,4,0,2
BRDA:33,4,1,1
BRDA:43,5,0,1
BRDA:43,5,1,0
BRDA:68,6,0,2
BRDA:70,7,0,1
BRDA:70,7,1,2
BRDA:70,8,0,3
BRDA:70,8,1,2
BRDA:106,9,0,1
BRDA:106,9,1,2
BRDA:106,10,0,3
BRDA:106,10,1,2
BRDA:106,10,2,2
BRDA:108,11,0,1
BRDA:108,11,1,1
BRDA:108,12,0,2
BRDA:108,12,1,2
BRDA:110,13,0,0
BRDA:110,13,1,1
BRDA:110,14,0,1
BRDA:110,14,1,1
BRDA:112,15,0,0
BRDA:112,15,1,1
BRDA:112,16,0,1
BRDA:112,16,1,1
BRDA:114,17,0,0
BRDA:114,17,1,1
BRDA:120,18,0,3
BRDA:120,18,1,0
BRDA:122,19,0,3
BRDA:122,19,1,2
BRDA:123,20,0,3
BRDA:123,20,1,2
BRDA:124,21,0,3
BRDA:124,21,1,3
BRDA:124,22,0,3
BRDA:124,22,1,3
BRDA:124,23,0,3
BRDA:124,23,1,3
BRDA:125,24,0,3
BRDA:125,24,1,3
BRDA:126,25,0,3
BRDA:126,25,1,3
BRDA:128,26,0,3
BRDA:128,26,1,2
BRF:54
BRH:49
end_of_record
TN:
SF:controllers/story.controller.js
FN:9,(anonymous_0)
FN:140,(anonymous_1)
FNF:2
FNH:1
FNDA:3,(anonymous_0)
FNDA:0,(anonymous_1)
DA:1,6
DA:2,6
DA:3,6
DA:9,6
DA:10,3
DA:11,3
DA:14,3
DA:15,3
DA:17,3
DA:18,1
DA:21,2
DA:24,2
DA:25,2
DA:26,2
DA:28,2
DA:71,2
DA:78,2
DA:82,2
DA:83,2
DA:84,2
DA:85,2
DA:86,2
DA:92,2
DA:95,2
DA:100,2
DA:110,2
DA:113,2
DA:118,2
DA:128,2
DA:131,2
DA:132,0
DA:138,0
DA:140,0
DA:142,0
DA:148,0
DA:159,0
DA:160,0
DA:161,0
DA:162,0
DA:163,0
DA:169,0
DA:171,0
DA:175,0
DA:180,2
DA:181,1
DA:182,1
DA:183,1
DA:185,1
DA:186,1
DA:188,1
DA:194,1
DA:196,0
DA:201,2
DA:202,2
DA:210,2
DA:212,0
DA:213,0
LF:57
LH:41
BRDA:17,0,0,1
BRDA:17,0,1,2
BRDA:105,1,0,2
BRDA:105,1,1,0
BRDA:123,2,0,2
BRDA:123,2,1,0
BRDA:131,3,0,0
BRDA:131,3,1,2
BRDA:131,4,0,2
BRDA:131,4,1,1
BRDA:131,4,2,1
BRDA:146,5,0,0
BRDA:146,5,1,0
BRDA:153,6,0,0
BRDA:153,6,1,0
BRDA:159,7,0,0
BRDA:159,7,1,0
BRDA:180,8,0,1
BRDA:180,8,1,1
BRF:19
BRH:10
end_of_record
TN:
SF:controllers/weather-crossing.controller.js
FN:5,(anonymous_0)
FN:21,(anonymous_1)
FN:22,(anonymous_2)
FN:30,(anonymous_3)
FN:36,(anonymous_4)
FN:37,(anonymous_5)
FN:46,(anonymous_6)
FN:47,(anonymous_7)
FNF:8
FNH:5
FNDA:2,(anonymous_0)
FNDA:1,(anonymous_1)
FNDA:0,(anonymous_2)
FNDA:1,(anonymous_3)
FNDA:1,(anonymous_4)
FNDA:0,(anonymous_5)
FNDA:1,(anonymous_6)
FNDA:0,(anonymous_7)
DA:1,6
DA:2,6
DA:5,6
DA:7,2
DA:8,2
DA:10,2
DA:11,2
DA:12,2
DA:14,2
DA:15,1
DA:17,1
DA:21,6
DA:22,1
DA:23,0
DA:24,0
DA:26,0
DA:30,6
DA:31,1
DA:32,1
DA:33,0
DA:36,6
DA:37,1
DA:38,0
DA:39,0
DA:40,0
DA:42,0
DA:46,6
DA:47,1
DA:48,0
DA:49,0
DA:50,0
DA:52,0
LF:32
LH:20
BRDA:7,0,0,0
BRDA:7,1,0,1
BRDA:11,2,0,1
BRDA:11,2,1,1
BRDA:23,3,0,0
BRDA:23,3,1,0
BRDA:38,4,0,0
BRDA:38,4,1,0
BRDA:48,5,0,0
BRDA:48,5,1,0
BRF:10
BRH:3
end_of_record
TN:
SF:routes/chatbot.routes.js
FN:33,(anonymous_0)
FNF:1
FNH:1
FNDA:4,(anonymous_0)
DA:1,5
DA:2,5
DA:33,5
DA:34,4
DA:35,4
DA:37,4
DA:38,1
DA:41,3
DA:42,3
DA:43,1
DA:47,2
DA:65,2
DA:66,1
DA:67,1
DA:68,1
DA:74,1
DA:75,1
DA:78,0
DA:79,0
DA:83,5
LF:20
LH:18
BRDA:37,0,0,1
BRDA:37,0,1,3
BRDA:37,1,0,4
BRDA:37,1,1,4
BRDA:37,1,2,3
BRDA:42,2,0,1
BRDA:42,2,1,2
BRDA:65,3,0,1
BRDA:65,3,1,1
BRF:9
BRH:9
end_of_record
TN:
SF:routes/events.routes.js
FNF:0
FNH:0
DA:1,5
DA:2,5
DA:10,5
DA:69,5
DA:102,5
DA:160,5
DA:199,5
DA:242,5
DA:285,5
DA:287,5
LF:10
LH:10
BRF:0
BRH:0
end_of_record
TN:
SF:routes/map.routes.js
FNF:0
FNH:0
DA:1,5
DA:2,5
DA:3,5
DA:48,5
DA:87,5
DA:89,5
LF:6
LH:6
BRF:0
BRH:0
end_of_record
TN:
SF:routes/story.routes.js
FNF:0
FNH:0
DA:1,5
DA:2,5
DA:3,5
DA:7,5
DA:11,5
LF:5
LH:5
BRF:0
BRH:0
end_of_record
TN:
SF:routes/vendors.routes.js
FN:20,safeGetImageUrls
FN:25,(anonymous_1)
FN:43,isValidPhone
FN:74,(anonymous_3)
FN:80,(anonymous_4)
FN:106,(anonymous_5)
FN:110,(anonymous_6)
FN:143,(anonymous_7)
FN:210,(anonymous_8)
FN:268,(anonymous_9)
FN:318,(anonymous_10)
FN:366,(anonymous_11)
FN:376,(anonymous_12)
FN:407,(anonymous_13)
FN:416,(anonymous_14)
FNF:15
FNH:15
FNDA:4,safeGetImageUrls
FNDA:4,(anonymous_1)
FNDA:6,isValidPhone
FNDA:1,(anonymous_3)
FNDA:1,(anonymous_4)
FNDA:1,(anonymous_5)
FNDA:1,(anonymous_6)
FNDA:2,(anonymous_7)
FNDA:3,(anonymous_8)
FNDA:2,(anonymous_9)
FNDA:1,(anonymous_10)
FNDA:1,(anonymous_11)
FNDA:2,(anonymous_12)
FNDA:2,(anonymous_13)
FNDA:1,(anonymous_14)
DA:1,5
DA:2,5
DA:4,5
DA:6,5
DA:7,5
DA:17,5
DA:18,5
DA:21,4
DA:22,4
DA:23,4
DA:24,4
DA:26,4
DA:27,4
DA:31,4
DA:33,0
DA:37,4
DA:39,0
DA:44,6
DA:74,5
DA:75,1
DA:76,1
DA:77,1
DA:78,1
DA:79,1
DA:81,1
DA:82,1
DA:83,1
DA:86,1
DA:88,0
DA:106,5
DA:107,1
DA:108,1
DA:109,1
DA:111,1
DA:112,1
DA:113,1
DA:116,1
DA:118,0
DA:143,5
DA:144,2
DA:145,2
DA:146,2
DA:147,2
DA:148,1
DA:149,1
DA:151,0
DA:210,5
DA:211,3
DA:212,3
DA:213,3
DA:214,3
DA:215,1
DA:217,2
DA:218,1
DA:220,1
DA:234,1
DA:235,1
DA:237,0
DA:268,5
DA:269,2
DA:270,2
DA:271,2
DA:272,1
DA:274,1
DA:275,1
DA:276,1
DA:277,1
DA:278,1
DA:280,0
DA:318,5
DA:319,1
DA:320,1
DA:321,1
DA:322,0
DA:324,1
DA:325,1
DA:326,1
DA:327,1
DA:328,1
DA:330,0
DA:366,5
DA:367,1
DA:368,1
DA:369,1
DA:370,0
DA:372,1
DA:373,1
DA:374,1
DA:375,1
DA:376,1
DA:377,2
DA:379,1
DA:380,1
DA:382,0
DA:407,5
DA:408,2
DA:409,2
DA:410,2
DA:411,2
DA:412,1
DA:413,1
DA:414,1
DA:415,1
DA:416,1
DA:419,1
DA:420,1
DA:422,0
DA:426,5
LF:108
LH:96
BRDA:6,0,0,5
BRDA:6,0,1,0
BRDA:13,1,0,5
BRDA:13,1,1,0
BRDA:23,2,0,0
BRDA:23,2,1,4
BRDA:23,3,0,4
BRDA:23,3,1,4
BRDA:44,4,0,6
BRDA:44,4,1,6
BRDA:78,5,0,0
BRDA:78,5,1,1
BRDA:147,6,0,1
BRDA:147,6,1,1
BRDA:213,7,0,3
BRDA:213,7,1,1
BRDA:214,8,0,1
BRDA:214,8,1,2
BRDA:214,9,0,3
BRDA:214,9,1,2
BRDA:214,9,2,2
BRDA:214,9,3,2
BRDA:214,9,4,2
BRDA:217,10,0,1
BRDA:217,10,1,1
BRDA:222,11,0,1
BRDA:222,11,1,1
BRDA:223,12,0,1
BRDA:223,12,1,0
BRDA:224,13,0,1
BRDA:224,13,1,0
BRDA:225,14,0,1
BRDA:225,14,1,0
BRDA:226,15,0,1
BRDA:226,15,1,0
BRDA:227,16,0,0
BRDA:227,16,1,1
BRDA:227,17,0,1
BRDA:227,17,1,0
BRDA:228,18,0,0
BRDA:228,18,1,1
BRDA:229,19,0,1
BRDA:229,19,1,1
BRDA:230,20,0,1
BRDA:230,20,1,1
BRDA:231,21,0,1
BRDA:231,21,1,1
BRDA:271,22,0,1
BRDA:271,22,1,1
BRDA:271,23,0,2
BRDA:271,23,1,2
BRDA:274,24,0,1
BRDA:274,24,1,0
BRDA:274,25,0,1
BRDA:274,25,1,1
BRDA:275,26,0,0
BRDA:275,26,1,1
BRDA:275,27,0,1
BRDA:275,27,1,1
BRDA:320,28,0,1
BRDA:320,28,1,0
BRDA:321,29,0,0
BRDA:321,29,1,1
BRDA:326,30,0,0
BRDA:326,30,1,1
BRDA:368,31,0,1
BRDA:368,31,1,0
BRDA:369,32,0,0
BRDA:369,32,1,1
BRDA:374,33,0,0
BRDA:374,33,1,1
BRDA:411,34,0,1
BRDA:411,34,1,1
BRDA:413,35,0,1
BRDA:413,35,1,0
BRF:75
BRH:55
end_of_record
TN:
SF:routes/venues.routes.js
FN:40,(anonymous_0)
FN:45,(anonymous_1)
FN:51,(anonymous_2)
FN:90,(anonymous_3)
FN:97,(anonymous_4)
FN:161,(anonymous_5)
FN:174,(anonymous_6)
FN:207,(anonymous_7)
FN:215,(anonymous_8)
FN:244,(anonymous_9)
FN:253,(anonymous_10)
FN:258,(anonymous_11)
FN:310,(anonymous_12)
FN:322,(anonymous_13)
FN:327,(anonymous_14)
FN:336,(anonymous_15)
FN:395,(anonymous_16)
FN:411,(anonymous_17)
FN:468,(anonymous_18)
FN:475,(anonymous_19)
FN:477,(anonymous_20)
FN:517,(anonymous_21)
FN:604,(anonymous_22)
FN:614,(anonymous_23)
FN:660,(anonymous_24)
FNF:25
FNH:17
FNDA:1,(anonymous_0)
FNDA:1,(anonymous_1)
FNDA:1,(anonymous_2)
FNDA:2,(anonymous_3)
FNDA:1,(anonymous_4)
FNDA:0,(anonymous_5)
FNDA:0,(anonymous_6)
FNDA:0,(anonymous_7)
FNDA:0,(anonymous_8)
FNDA:2,(anonymous_9)
FNDA:1,(anonymous_10)
FNDA:1,(anonymous_11)
FNDA:0,(anonymous_12)
FNDA:0,(anonymous_13)
FNDA:0,(anonymous_14)
FNDA:0,(anonymous_15)
FNDA:3,(anonymous_16)
FNDA:1,(anonymous_17)
FNDA:2,(anonymous_18)
FNDA:3,(anonymous_19)
FNDA:3,(anonymous_20)
FNDA:4,(anonymous_21)
FNDA:2,(anonymous_22)
FNDA:1,(anonymous_23)
FNDA:2,(anonymous_24)
DA:1,5
DA:2,5
DA:3,5
DA:5,5
DA:7,5
DA:8,0
DA:19,5
DA:20,5
DA:40,5
DA:41,1
DA:42,1
DA:44,1
DA:46,1
DA:48,1
DA:50,1
DA:52,1
DA:56,1
DA:60,1
DA:61,1
DA:66,1
DA:68,0
DA:90,5
DA:91,2
DA:92,2
DA:93,2
DA:95,1
DA:96,1
DA:98,1
DA:102,1
DA:106,1
DA:108,0
DA:156,5
DA:161,5
DA:162,0
DA:163,0
DA:164,0
DA:165,0
DA:167,0
DA:170,0
DA:172,0
DA:173,0
DA:174,0
DA:175,0
DA:176,0
DA:177,0
DA:182,0
DA:184,0
DA:185,0
DA:207,5
DA:208,0
DA:209,0
DA:210,0
DA:211,0
DA:213,0
DA:214,0
DA:215,0
DA:218,0
DA:220,0
DA:222,0
DA:244,5
DA:245,2
DA:246,2
DA:248,2
DA:249,2
DA:250,1
DA:252,1
DA:254,1
DA:256,1
DA:257,1
DA:259,1
DA:263,1
DA:267,1
DA:268,1
DA:272,1
DA:274,0
DA:310,5
DA:311,0
DA:312,0
DA:313,0
DA:314,0
DA:316,0
DA:317,0
DA:319,0
DA:321,0
DA:322,0
DA:325,0
DA:326,0
DA:328,0
DA:329,0
DA:334,0
DA:335,0
DA:337,0
DA:338,0
DA:342,0
DA:345,0
DA:346,0
DA:395,5
DA:396,3
DA:397,3
DA:399,3
DA:400,1
DA:403,2
DA:405,2
DA:406,2
DA:408,2
DA:409,2
DA:411,2
DA:412,1
DA:414,1
DA:415,1
DA:417,1
DA:421,1
DA:425,2
DA:426,1
DA:429,1
DA:441,1
DA:443,0
DA:444,0
DA:468,5
DA:469,2
DA:470,2
DA:472,2
DA:473,2
DA:475,3
DA:477,1
DA:478,3
DA:479,3
DA:482,1
DA:484,0
DA:517,5
DA:518,4
DA:519,4
DA:520,4
DA:522,4
DA:523,1
DA:526,3
DA:527,3
DA:528,3
DA:530,3
DA:531,1
DA:534,2
DA:535,2
DA:536,2
DA:538,2
DA:539,2
DA:540,1
DA:541,1
DA:543,1
DA:544,1
DA:547,2
DA:555,2
DA:557,0
DA:558,0
DA:604,5
DA:605,2
DA:606,2
DA:607,2
DA:608,2
DA:610,2
DA:611,1
DA:614,1
DA:615,1
DA:616,1
DA:617,1
DA:618,1
DA:619,1
DA:621,0
DA:625,1
DA:632,1
DA:635,0
DA:660,5
DA:661,2
DA:662,2
DA:663,2
DA:665,2
DA:666,2
DA:667,1
DA:670,1
DA:671,1
DA:673,0
DA:674,0
DA:680,5
LF:182
LH:124
BRDA:7,0,0,0
BRDA:7,0,1,5
BRDA:14,1,0,0
BRDA:14,1,1,0
BRDA:93,2,0,1
BRDA:93,2,1,1
BRDA:167,3,0,0
BRDA:167,3,1,0
BRDA:167,4,0,0
BRDA:167,4,1,0
BRDA:167,4,2,0
BRDA:167,4,3,0
BRDA:167,4,4,0
BRDA:167,4,5,0
BRDA:167,4,6,0
BRDA:167,4,7,0
BRDA:167,4,8,0
BRDA:173,5,0,0
BRDA:173,5,1,0
BRDA:173,6,0,0
BRDA:173,6,1,0
BRDA:211,7,0,0
BRDA:211,7,1,0
BRDA:214,8,0,0
BRDA:214,8,1,0
BRDA:249,9,0,1
BRDA:249,9,1,1
BRDA:316,10,0,0
BRDA:316,10,1,0
BRDA:317,11,0,0
BRDA:317,11,1,0
BRDA:321,12,0,0
BRDA:321,12,1,0
BRDA:325,13,0,0
BRDA:325,13,1,0
BRDA:325,14,0,0
BRDA:325,14,1,0
BRDA:399,15,0,1
BRDA:399,15,1,2
BRDA:399,16,0,3
BRDA:399,16,1,3
BRDA:399,16,2,2
BRDA:399,16,3,2
BRDA:399,16,4,2
BRDA:399,16,5,2
BRDA:414,17,0,0
BRDA:414,17,1,1
BRDA:415,18,0,0
BRDA:415,18,1,1
BRDA:417,19,0,1
BRDA:417,19,1,0
BRDA:418,20,0,1
BRDA:418,20,1,1
BRDA:418,20,2,0
BRDA:418,20,3,0
BRDA:425,21,0,1
BRDA:425,21,1,1
BRDA:435,22,0,1
BRDA:435,22,1,0
BRDA:473,23,0,1
BRDA:473,23,1,1
BRDA:522,24,0,1
BRDA:522,24,1,3
BRDA:530,25,0,1
BRDA:530,25,1,2
BRDA:539,26,0,1
BRDA:539,26,1,1
BRDA:610,27,0,1
BRDA:610,27,1,1
BRDA:617,28,0,1
BRDA:617,28,1,0
BRDA:618,29,0,1
BRDA:618,29,1,0
BRDA:666,30,0,1
BRDA:666,30,1,1
BRF:75
BRH:35
end_of_record
TN:
SF:routes/weather-crossing.routes.js
FNF:0
FNH:0
DA:1,5
DA:2,5
DA:3,5
DA:36,5
DA:57,5
DA:78,5
DA:108,5
DA:129,5
DA:131,5
LF:9
LH:9
BRF:0
BRH:0
end_of_record
